<?xml version="1.0" encoding="utf-8"?>
<coverage line-rate="0.7909" branch-rate="0.6178" version="1.9" timestamp="1777133940" lines-covered="1952" lines-valid="2468" branches-covered="451" branches-valid="730">
  <sources>
    <source>F:\Development\openresto\OpenRestoApi\</source>
  </sources>
  <packages>
    <package name="OpenRestoApi" line-rate="0.7909" branch-rate="0.6178" complexity="1023">
      <classes>
        <class name="Program" filename="Program.cs" line-rate="0.8371999999999999" branch-rate="0.6666" complexity="73">
          <methods>
            <method name="&lt;Main&gt;$" signature="(System.String[])" line-rate="0.8402" branch-rate="0.6714" complexity="70">
              <lines>
                <line number="16" hits="8" branch="False" />
                <line number="19" hits="8" branch="True" condition-coverage="100% (2/2)">
                  <conditions>
                    <condition number="53" type="jump" coverage="100%" />
                  </conditions>
                </line>
                <line number="22" hits="8" branch="False" />
                <line number="23" hits="8" branch="False" />
                <line number="24" hits="8" branch="False" />
                <line number="25" hits="8" branch="False" />
                <line number="26" hits="8" branch="False" />
                <line number="27" hits="16" branch="False" />
                <line number="30" hits="8" branch="False" />
                <line number="31" hits="0" branch="False" />
                <line number="32" hits="0" branch="False" />
                <line number="33" hits="8" branch="False" />
                <line number="35" hits="8" branch="False" />
                <line number="37" hits="8" branch="False" />
                <line number="39" hits="8" branch="False" />
                <line number="40" hits="8" branch="False" />
                <line number="41" hits="8" branch="True" condition-coverage="100% (2/2)">
                  <conditions>
                    <condition number="19" type="jump" coverage="100%" />
                  </conditions>
                </line>
                <line number="42" hits="8" branch="False" />
                <line number="43" hits="8" branch="False" />
                <line number="44" hits="8" branch="False" />
                <line number="45" hits="8" branch="False" />
                <line number="46" hits="8" branch="False" />
                <line number="47" hits="8" branch="True" condition-coverage="50% (1/2)">
                  <conditions>
                    <condition number="19" type="jump" coverage="50%" />
                  </conditions>
                </line>
                <line number="48" hits="8" branch="False" />
                <line number="49" hits="8" branch="False" />
                <line number="50" hits="8" branch="False" />
                <line number="51" hits="8" branch="False" />
                <line number="52" hits="8" branch="False" />
                <line number="53" hits="8" branch="False" />
                <line number="54" hits="8" branch="False" />
                <line number="55" hits="0" branch="False" />
                <line number="56" hits="0" branch="False" />
                <line number="57" hits="0" branch="False" />
                <line number="58" hits="0" branch="False" />
                <line number="59" hits="0" branch="False" />
                <line number="60" hits="0" branch="False" />
                <line number="61" hits="16" branch="False" />
                <line number="62" hits="16" branch="False" />
                <line number="64" hits="8" branch="False" />
                <line number="65" hits="8" branch="True" condition-coverage="50% (1/2)">
                  <conditions>
                    <condition number="280" type="jump" coverage="50%" />
                  </conditions>
                </line>
                <line number="66" hits="8" branch="True" condition-coverage="50% (1/2)">
                  <conditions>
                    <condition number="297" type="jump" coverage="50%" />
                  </conditions>
                </line>
                <line number="67" hits="8" branch="True" condition-coverage="50% (1/2)">
                  <conditions>
                    <condition number="315" type="jump" coverage="50%" />
                  </conditions>
                </line>
                <line number="69" hits="8" branch="False" />
                <line number="70" hits="8" branch="False" />
                <line number="71" hits="8" branch="False" />
                <line number="72" hits="8" branch="False" />
                <line number="73" hits="8" branch="True" condition-coverage="100% (2/2)">
                  <conditions>
                    <condition number="26" type="jump" coverage="100%" />
                  </conditions>
                </line>
                <line number="74" hits="8" branch="False" />
                <line number="75" hits="8" branch="False" />
                <line number="76" hits="8" branch="False" />
                <line number="77" hits="8" branch="False" />
                <line number="78" hits="16" branch="False" />
                <line number="79" hits="8" branch="False" />
                <line number="80" hits="8" branch="True" condition-coverage="100% (2/2)">
                  <conditions>
                    <condition number="69" type="jump" coverage="100%" />
                  </conditions>
                </line>
                <line number="81" hits="8" branch="False" />
                <line number="82" hits="8" branch="False" />
                <line number="83" hits="8" branch="False" />
                <line number="84" hits="8" branch="False" />
                <line number="85" hits="16" branch="False" />
                <line number="86" hits="8" branch="False" />
                <line number="87" hits="8" branch="True" condition-coverage="100% (2/2)">
                  <conditions>
                    <condition number="107" type="jump" coverage="100%" />
                  </conditions>
                </line>
                <line number="88" hits="207" branch="True" condition-coverage="83.33% (5/6)">
                  <conditions>
                    <condition number="12" type="jump" coverage="50%" />
                    <condition number="24" type="jump" coverage="100%" />
                    <condition number="39" type="jump" coverage="100%" />
                  </conditions>
                </line>
                <line number="89" hits="207" branch="False" />
                <line number="90" hits="215" branch="False" />
                <line number="91" hits="215" branch="False" />
                <line number="92" hits="215" branch="False" />
                <line number="93" hits="215" branch="False" />
                <line number="94" hits="215" branch="False" />
                <line number="95" hits="215" branch="False" />
                <line number="96" hits="215" branch="False" />
                <line number="97" hits="16" branch="False" />
                <line number="99" hits="8" branch="True" condition-coverage="50% (2/4)">
                  <conditions>
                    <condition number="383" type="jump" coverage="50%" />
                    <condition number="397" type="jump" coverage="50%" />
                  </conditions>
                </line>
                <line number="100" hits="8" branch="False" />
                <line number="101" hits="8" branch="False" />
                <line number="103" hits="8" branch="False" />
                <line number="104" hits="8" branch="False" />
                <line number="105" hits="8" branch="False" />
                <line number="106" hits="8" branch="False" />
                <line number="107" hits="8" branch="True" condition-coverage="50% (2/4)">
                  <conditions>
                    <condition number="74" type="jump" coverage="50%" />
                    <condition number="119" type="jump" coverage="50%" />
                  </conditions>
                </line>
                <line number="108" hits="8" branch="False" />
                <line number="109" hits="8" branch="False" />
                <line number="110" hits="8" branch="False" />
                <line number="111" hits="8" branch="False" />
                <line number="112" hits="8" branch="False" />
                <line number="113" hits="8" branch="False" />
                <line number="114" hits="8" branch="False" />
                <line number="115" hits="8" branch="False" />
                <line number="116" hits="8" branch="False" />
                <line number="117" hits="8" branch="False" />
                <line number="118" hits="8" branch="False" />
                <line number="119" hits="8" branch="False" />
                <line number="120" hits="8" branch="False" />
                <line number="121" hits="8" branch="False" />
                <line number="122" hits="8" branch="False" />
                <line number="123" hits="199" branch="False" />
                <line number="124" hits="199" branch="True" condition-coverage="75% (3/4)">
                  <conditions>
                    <condition number="12" type="jump" coverage="50%" />
                    <condition number="42" type="jump" coverage="100%" />
                  </conditions>
                </line>
                <line number="125" hits="1" branch="False" />
                <line number="126" hits="1" branch="False" />
                <line number="127" hits="1" branch="False" />
                <line number="128" hits="199" branch="False" />
                <line number="129" hits="199" branch="False" />
                <line number="130" hits="8" branch="False" />
                <line number="131" hits="16" branch="False" />
                <line number="133" hits="8" branch="False" />
                <line number="135" hits="8" branch="False" />
                <line number="138" hits="8" branch="False" />
                <line number="139" hits="8" branch="False" />
                <line number="141" hits="8" branch="False" />
                <line number="142" hits="8" branch="False" />
                <line number="143" hits="8" branch="False" />
                <line number="144" hits="8" branch="False" />
                <line number="145" hits="8" branch="False" />
                <line number="146" hits="8" branch="False" />
                <line number="147" hits="8" branch="False" />
                <line number="148" hits="8" branch="False" />
                <line number="149" hits="8" branch="False" />
                <line number="150" hits="8" branch="False" />
                <line number="152" hits="8" branch="False" />
                <line number="153" hits="8" branch="False" />
                <line number="154" hits="8" branch="False" />
                <line number="155" hits="8" branch="True" condition-coverage="0% (0/2)">
                  <conditions>
                    <condition number="6" type="jump" coverage="0%" />
                  </conditions>
                </line>
                <line number="156" hits="8" branch="False" />
                <line number="158" hits="8" branch="True" condition-coverage="100% (2/2)">
                  <conditions>
                    <condition number="826" type="jump" coverage="100%" />
                  </conditions>
                </line>
                <line number="159" hits="8" branch="False" />
                <line number="161" hits="8" branch="True" condition-coverage="100% (2/2)">
                  <conditions>
                    <condition number="857" type="jump" coverage="100%" />
                  </conditions>
                </line>
                <line number="162" hits="8" branch="False" />
                <line number="163" hits="8" branch="True" condition-coverage="50% (1/2)">
                  <conditions>
                    <condition number="876" type="jump" coverage="50%" />
                  </conditions>
                </line>
                <line number="164" hits="8" branch="False" />
                <line number="165" hits="8" branch="False" />
                <line number="167" hits="8" branch="False" />
                <line number="168" hits="194" branch="False" />
                <line number="169" hits="194" branch="False" />
                <line number="170" hits="194" branch="False" />
                <line number="171" hits="194" branch="False" />
                <line number="172" hits="388" branch="False" />
                <line number="173" hits="194" branch="False" />
                <line number="174" hits="388" branch="False" />
                <line number="175" hits="194" branch="False" />
                <line number="176" hits="194" branch="False" />
                <line number="177" hits="202" branch="False" />
                <line number="178" hits="8" branch="False" />
                <line number="179" hits="0" branch="False" />
                <line number="180" hits="0" branch="False" />
                <line number="181" hits="0" branch="False" />
                <line number="182" hits="0" branch="False" />
                <line number="183" hits="8" branch="False" />
                <line number="186" hits="8" branch="False" />
                <line number="188" hits="8" branch="False" />
                <line number="190" hits="8" branch="True" condition-coverage="50% (1/2)">
                  <conditions>
                    <condition number="1024" type="jump" coverage="50%" />
                  </conditions>
                </line>
                <line number="191" hits="0" branch="False" />
                <line number="192" hits="0" branch="False" />
                <line number="193" hits="0" branch="False" />
                <line number="195" hits="8" branch="False" />
                <line number="197" hits="8" branch="False" />
                <line number="199" hits="8" branch="False" />
                <line number="200" hits="8" branch="False" />
                <line number="202" hits="8" branch="False" />
                <line number="205" hits="8" branch="False" />
                <line number="206" hits="8" branch="False" />
                <line number="207" hits="8" branch="False" />
                <line number="208" hits="8" branch="False" />
                <line number="210" hits="8" branch="False" />
                <line number="211" hits="8" branch="False" />
                <line number="212" hits="8" branch="False" />
                <line number="215" hits="8" branch="False" />
                <line number="216" hits="8" branch="True" condition-coverage="50% (1/2)">
                  <conditions>
                    <condition number="1225" type="jump" coverage="50%" />
                  </conditions>
                </line>
                <line number="217" hits="0" branch="False" />
                <line number="218" hits="0" branch="False" />
                <line number="219" hits="0" branch="False" />
                <line number="220" hits="0" branch="True" condition-coverage="0% (0/2)">
                  <conditions>
                    <condition number="1293" type="jump" coverage="0%" />
                  </conditions>
                </line>
                <line number="221" hits="0" branch="False" />
                <line number="222" hits="0" branch="False" />
                <line number="223" hits="0" branch="False" />
                <line number="224" hits="0" branch="False" />
                <line number="225" hits="8" branch="True" condition-coverage="100% (2/2)">
                  <conditions>
                    <condition number="1340" type="jump" coverage="100%" />
                  </conditions>
                </line>
                <line number="226" hits="8" branch="False" />
                <line number="227" hits="8" branch="False" />
                <line number="228" hits="8" branch="False" />
                <line number="230" hits="8" branch="True" condition-coverage="100% (2/2)">
                  <conditions>
                    <condition number="1381" type="jump" coverage="100%" />
                  </conditions>
                </line>
                <line number="231" hits="8" branch="False" />
                <line number="232" hits="8" branch="False" />
                <line number="233" hits="8" branch="False" />
                <line number="234" hits="8" branch="False" />
                <line number="235" hits="8" branch="True" condition-coverage="100% (2/2)">
                  <conditions>
                    <condition number="1438" type="jump" coverage="100%" />
                  </conditions>
                </line>
                <line number="236" hits="8" branch="False" />
                <line number="237" hits="8" branch="False" />
                <line number="238" hits="8" branch="False" />
                <line number="239" hits="8" branch="True" condition-coverage="50% (1/2)">
                  <conditions>
                    <condition number="1493" type="jump" coverage="50%" />
                  </conditions>
                </line>
                <line number="240" hits="0" branch="False" />
                <line number="242" hits="0" branch="False" />
                <line number="243" hits="0" branch="False" />
                <line number="244" hits="0" branch="False" />
                <line number="245" hits="0" branch="False" />
                <line number="246" hits="0" branch="False" />
                <line number="247" hits="0" branch="False" />
                <line number="248" hits="0" branch="False" />
                <line number="249" hits="0" branch="False" />
                <line number="250" hits="0" branch="False" />
                <line number="251" hits="0" branch="False" />
                <line number="252" hits="0" branch="False" />
                <line number="253" hits="8" branch="False" />
                <line number="254" hits="8" branch="False" />
                <line number="256" hits="8" branch="False" />
                <line number="257" hits="8" branch="False" />
                <line number="258" hits="8" branch="False" />
                <line number="260" hits="16" branch="True" condition-coverage="100% (2/2)">
                  <conditions>
                    <condition number="2404" type="jump" coverage="100%" />
                  </conditions>
                </line>
                <line number="261" hits="8" branch="False" />
                <line number="263" hits="8" branch="False" />
                <line number="264" hits="8" branch="False" />
                <line number="266" hits="8" branch="False" />
                <line number="267" hits="8" branch="False" />
                <line number="269" hits="8" branch="False" />
                <line number="270" hits="8" branch="False" />
                <line number="271" hits="8" branch="False" />
                <line number="272" hits="8" branch="False" />
                <line number="273" hits="8" branch="False" />
                <line number="274" hits="8" branch="False" />
                <line number="275" hits="8" branch="False" />
                <line number="276" hits="8" branch="False" />
                <line number="277" hits="8" branch="False" />
                <line number="278" hits="8" branch="False" />
                <line number="279" hits="8" branch="False" />
                <line number="280" hits="8" branch="False" />
                <line number="281" hits="8" branch="False" />
                <line number="302" hits="8" branch="False" />
                <line number="303" hits="8" branch="False" />
                <line number="304" hits="8" branch="False" />
                <line number="305" hits="8" branch="False" />
                <line number="306" hits="8" branch="False" />
                <line number="308" hits="8" branch="False" />
                <line number="309" hits="8" branch="False" />
                <line number="310" hits="8" branch="False" />
                <line number="311" hits="8" branch="False" />
                <line number="313" hits="8" branch="False" />
                <line number="314" hits="8" branch="False" />
                <line number="315" hits="8" branch="False" />
                <line number="316" hits="8" branch="False" />
                <line number="317" hits="8" branch="False" />
                <line number="318" hits="8" branch="False" />
                <line number="319" hits="8" branch="False" />
                <line number="320" hits="8" branch="False" />
                <line number="321" hits="8" branch="False" />
                <line number="322" hits="8" branch="False" />
                <line number="323" hits="8" branch="False" />
                <line number="325" hits="8" branch="False" />
                <line number="326" hits="8" branch="False" />
                <line number="327" hits="8" branch="False" />
                <line number="328" hits="8" branch="False" />
                <line number="329" hits="8" branch="False" />
                <line number="330" hits="8" branch="False" />
                <line number="331" hits="8" branch="False" />
                <line number="332" hits="8" branch="False" />
                <line number="334" hits="8" branch="False" />
                <line number="336" hits="8" branch="True" condition-coverage="100% (2/2)">
                  <conditions>
                    <condition number="2043" type="jump" coverage="100%" />
                  </conditions>
                </line>
                <line number="337" hits="8" branch="False" />
                <line number="338" hits="8" branch="True" condition-coverage="50% (1/2)">
                  <conditions>
                    <condition number="2071" type="jump" coverage="50%" />
                  </conditions>
                </line>
                <line number="339" hits="8" branch="True" condition-coverage="50% (1/2)">
                  <conditions>
                    <condition number="2103" type="jump" coverage="50%" />
                  </conditions>
                </line>
                <line number="340" hits="8" branch="False" />
                <line number="341" hits="8" branch="False" />
                <line number="342" hits="8" branch="False" />
                <line number="343" hits="8" branch="False" />
                <line number="344" hits="8" branch="False" />
                <line number="345" hits="8" branch="False" />
                <line number="346" hits="8" branch="False" />
                <line number="347" hits="8" branch="False" />
                <line number="348" hits="8" branch="False" />
                <line number="349" hits="8" branch="False" />
                <line number="350" hits="8" branch="False" />
                <line number="351" hits="8" branch="False" />
                <line number="352" hits="8" branch="False" />
                <line number="353" hits="8" branch="False" />
                <line number="355" hits="8" branch="False" />
                <line number="356" hits="8" branch="False" />
                <line number="358" hits="0" branch="False" />
                <line number="359" hits="0" branch="False" />
                <line number="360" hits="0" branch="False" />
                <line number="361" hits="0" branch="True" condition-coverage="0% (0/2)">
                  <conditions>
                    <condition number="2368" type="jump" coverage="0%" />
                  </conditions>
                </line>
                <line number="362" hits="0" branch="False" />
                <line number="363" hits="0" branch="False" />
                <line number="366" hits="0" branch="False" />
                <line number="367" hits="0" branch="False" />
                <line number="368" hits="0" branch="False" />
                <line number="370" hits="8" branch="True" condition-coverage="50% (1/2)">
                  <conditions>
                    <condition number="2418" type="jump" coverage="50%" />
                  </conditions>
                </line>
                <line number="371" hits="0" branch="False" />
                <line number="372" hits="0" branch="False" />
                <line number="374" hits="8" branch="False" />
                <line number="376" hits="8" branch="False" />
                <line number="378" hits="8" branch="False" />
              </lines>
            </method>
            <method name="&lt;&lt;Main&gt;$&gt;g__ColumnExists|0_20" signature="(System.String,System.String,Program/&lt;&gt;c__DisplayClass0_2&amp;)" line-rate="1" branch-rate="1" complexity="1">
              <lines>
                <line number="284" hits="72" branch="False" />
                <line number="285" hits="72" branch="False" />
                <line number="286" hits="72" branch="False" />
                <line number="287" hits="72" branch="False" />
                <line number="288" hits="72" branch="False" />
                <line number="289" hits="72" branch="False" />
                <line number="290" hits="72" branch="False" />
              </lines>
            </method>
            <method name="&lt;&lt;Main&gt;$&gt;g__AddColumnIfMissing|0_21" signature="(System.String,System.String,System.String,Program/&lt;&gt;c__DisplayClass0_2&amp;)" line-rate="0.5" branch-rate="0.5" complexity="2">
              <lines>
                <line number="293" hits="72" branch="False" />
                <line number="294" hits="72" branch="True" condition-coverage="50% (1/2)">
                  <conditions>
                    <condition number="14" type="jump" coverage="50%" />
                  </conditions>
                </line>
                <line number="295" hits="0" branch="False" />
                <line number="297" hits="0" branch="False" />
                <line number="299" hits="0" branch="False" />
                <line number="300" hits="72" branch="False" />
              </lines>
            </method>
          </methods>
          <lines>
            <line number="16" hits="8" branch="False" />
            <line number="19" hits="8" branch="True" condition-coverage="100% (2/2)">
              <conditions>
                <condition number="53" type="jump" coverage="100%" />
              </conditions>
            </line>
            <line number="22" hits="8" branch="False" />
            <line number="23" hits="8" branch="False" />
            <line number="24" hits="8" branch="False" />
            <line number="25" hits="8" branch="False" />
            <line number="26" hits="8" branch="False" />
            <line number="27" hits="16" branch="False" />
            <line number="30" hits="8" branch="False" />
            <line number="31" hits="0" branch="False" />
            <line number="32" hits="0" branch="False" />
            <line number="33" hits="8" branch="False" />
            <line number="35" hits="8" branch="False" />
            <line number="37" hits="8" branch="False" />
            <line number="39" hits="8" branch="False" />
            <line number="40" hits="8" branch="False" />
            <line number="41" hits="8" branch="True" condition-coverage="100% (2/2)">
              <conditions>
                <condition number="19" type="jump" coverage="100%" />
              </conditions>
            </line>
            <line number="42" hits="8" branch="False" />
            <line number="43" hits="8" branch="False" />
            <line number="44" hits="8" branch="False" />
            <line number="45" hits="8" branch="False" />
            <line number="46" hits="8" branch="False" />
            <line number="47" hits="8" branch="True" condition-coverage="50% (1/2)">
              <conditions>
                <condition number="19" type="jump" coverage="50%" />
              </conditions>
            </line>
            <line number="48" hits="8" branch="False" />
            <line number="49" hits="8" branch="False" />
            <line number="50" hits="8" branch="False" />
            <line number="51" hits="8" branch="False" />
            <line number="52" hits="8" branch="False" />
            <line number="53" hits="8" branch="False" />
            <line number="54" hits="8" branch="False" />
            <line number="55" hits="0" branch="False" />
            <line number="56" hits="0" branch="False" />
            <line number="57" hits="0" branch="False" />
            <line number="58" hits="0" branch="False" />
            <line number="59" hits="0" branch="False" />
            <line number="60" hits="0" branch="False" />
            <line number="61" hits="16" branch="False" />
            <line number="62" hits="16" branch="False" />
            <line number="64" hits="8" branch="False" />
            <line number="65" hits="8" branch="True" condition-coverage="50% (1/2)">
              <conditions>
                <condition number="280" type="jump" coverage="50%" />
              </conditions>
            </line>
            <line number="66" hits="8" branch="True" condition-coverage="50% (1/2)">
              <conditions>
                <condition number="297" type="jump" coverage="50%" />
              </conditions>
            </line>
            <line number="67" hits="8" branch="True" condition-coverage="50% (1/2)">
              <conditions>
                <condition number="315" type="jump" coverage="50%" />
              </conditions>
            </line>
            <line number="69" hits="8" branch="False" />
            <line number="70" hits="8" branch="False" />
            <line number="71" hits="8" branch="False" />
            <line number="72" hits="8" branch="False" />
            <line number="73" hits="8" branch="True" condition-coverage="100% (2/2)">
              <conditions>
                <condition number="26" type="jump" coverage="100%" />
              </conditions>
            </line>
            <line number="74" hits="8" branch="False" />
            <line number="75" hits="8" branch="False" />
            <line number="76" hits="8" branch="False" />
            <line number="77" hits="8" branch="False" />
            <line number="78" hits="16" branch="False" />
            <line number="79" hits="8" branch="False" />
            <line number="80" hits="8" branch="True" condition-coverage="100% (2/2)">
              <conditions>
                <condition number="69" type="jump" coverage="100%" />
              </conditions>
            </line>
            <line number="81" hits="8" branch="False" />
            <line number="82" hits="8" branch="False" />
            <line number="83" hits="8" branch="False" />
            <line number="84" hits="8" branch="False" />
            <line number="85" hits="16" branch="False" />
            <line number="86" hits="8" branch="False" />
            <line number="87" hits="8" branch="True" condition-coverage="100% (2/2)">
              <conditions>
                <condition number="107" type="jump" coverage="100%" />
              </conditions>
            </line>
            <line number="88" hits="207" branch="True" condition-coverage="83.33% (5/6)">
              <conditions>
                <condition number="12" type="jump" coverage="50%" />
                <condition number="24" type="jump" coverage="100%" />
                <condition number="39" type="jump" coverage="100%" />
              </conditions>
            </line>
            <line number="89" hits="207" branch="False" />
            <line number="90" hits="215" branch="False" />
            <line number="91" hits="215" branch="False" />
            <line number="92" hits="215" branch="False" />
            <line number="93" hits="215" branch="False" />
            <line number="94" hits="215" branch="False" />
            <line number="95" hits="215" branch="False" />
            <line number="96" hits="215" branch="False" />
            <line number="97" hits="16" branch="False" />
            <line number="99" hits="8" branch="True" condition-coverage="50% (2/4)">
              <conditions>
                <condition number="383" type="jump" coverage="50%" />
                <condition number="397" type="jump" coverage="50%" />
              </conditions>
            </line>
            <line number="100" hits="8" branch="False" />
            <line number="101" hits="8" branch="False" />
            <line number="103" hits="8" branch="False" />
            <line number="104" hits="8" branch="False" />
            <line number="105" hits="8" branch="False" />
            <line number="106" hits="8" branch="False" />
            <line number="107" hits="8" branch="True" condition-coverage="50% (2/4)">
              <conditions>
                <condition number="74" type="jump" coverage="50%" />
                <condition number="119" type="jump" coverage="50%" />
              </conditions>
            </line>
            <line number="108" hits="8" branch="False" />
            <line number="109" hits="8" branch="False" />
            <line number="110" hits="8" branch="False" />
            <line number="111" hits="8" branch="False" />
            <line number="112" hits="8" branch="False" />
            <line number="113" hits="8" branch="False" />
            <line number="114" hits="8" branch="False" />
            <line number="115" hits="8" branch="False" />
            <line number="116" hits="8" branch="False" />
            <line number="117" hits="8" branch="False" />
            <line number="118" hits="8" branch="False" />
            <line number="119" hits="8" branch="False" />
            <line number="120" hits="8" branch="False" />
            <line number="121" hits="8" branch="False" />
            <line number="122" hits="8" branch="False" />
            <line number="123" hits="199" branch="False" />
            <line number="124" hits="199" branch="True" condition-coverage="75% (3/4)">
              <conditions>
                <condition number="12" type="jump" coverage="50%" />
                <condition number="42" type="jump" coverage="100%" />
              </conditions>
            </line>
            <line number="125" hits="1" branch="False" />
            <line number="126" hits="1" branch="False" />
            <line number="127" hits="1" branch="False" />
            <line number="128" hits="199" branch="False" />
            <line number="129" hits="199" branch="False" />
            <line number="130" hits="8" branch="False" />
            <line number="131" hits="16" branch="False" />
            <line number="133" hits="8" branch="False" />
            <line number="135" hits="8" branch="False" />
            <line number="138" hits="8" branch="False" />
            <line number="139" hits="8" branch="False" />
            <line number="141" hits="8" branch="False" />
            <line number="142" hits="8" branch="False" />
            <line number="143" hits="8" branch="False" />
            <line number="144" hits="8" branch="False" />
            <line number="145" hits="8" branch="False" />
            <line number="146" hits="8" branch="False" />
            <line number="147" hits="8" branch="False" />
            <line number="148" hits="8" branch="False" />
            <line number="149" hits="8" branch="False" />
            <line number="150" hits="8" branch="False" />
            <line number="152" hits="8" branch="False" />
            <line number="153" hits="8" branch="False" />
            <line number="154" hits="8" branch="False" />
            <line number="155" hits="8" branch="True" condition-coverage="0% (0/2)">
              <conditions>
                <condition number="6" type="jump" coverage="0%" />
              </conditions>
            </line>
            <line number="156" hits="8" branch="False" />
            <line number="158" hits="8" branch="True" condition-coverage="100% (2/2)">
              <conditions>
                <condition number="826" type="jump" coverage="100%" />
              </conditions>
            </line>
            <line number="159" hits="8" branch="False" />
            <line number="161" hits="8" branch="True" condition-coverage="100% (2/2)">
              <conditions>
                <condition number="857" type="jump" coverage="100%" />
              </conditions>
            </line>
            <line number="162" hits="8" branch="False" />
            <line number="163" hits="8" branch="True" condition-coverage="50% (1/2)">
              <conditions>
                <condition number="876" type="jump" coverage="50%" />
              </conditions>
            </line>
            <line number="164" hits="8" branch="False" />
            <line number="165" hits="8" branch="False" />
            <line number="167" hits="8" branch="False" />
            <line number="168" hits="194" branch="False" />
            <line number="169" hits="194" branch="False" />
            <line number="170" hits="194" branch="False" />
            <line number="171" hits="194" branch="False" />
            <line number="172" hits="388" branch="False" />
            <line number="173" hits="194" branch="False" />
            <line number="174" hits="388" branch="False" />
            <line number="175" hits="194" branch="False" />
            <line number="176" hits="194" branch="False" />
            <line number="177" hits="202" branch="False" />
            <line number="178" hits="8" branch="False" />
            <line number="179" hits="0" branch="False" />
            <line number="180" hits="0" branch="False" />
            <line number="181" hits="0" branch="False" />
            <line number="182" hits="0" branch="False" />
            <line number="183" hits="8" branch="False" />
            <line number="186" hits="8" branch="False" />
            <line number="188" hits="8" branch="False" />
            <line number="190" hits="8" branch="True" condition-coverage="50% (1/2)">
              <conditions>
                <condition number="1024" type="jump" coverage="50%" />
              </conditions>
            </line>
            <line number="191" hits="0" branch="False" />
            <line number="192" hits="0" branch="False" />
            <line number="193" hits="0" branch="False" />
            <line number="195" hits="8" branch="False" />
            <line number="197" hits="8" branch="False" />
            <line number="199" hits="8" branch="False" />
            <line number="200" hits="8" branch="False" />
            <line number="202" hits="8" branch="False" />
            <line number="205" hits="8" branch="False" />
            <line number="206" hits="8" branch="False" />
            <line number="207" hits="8" branch="False" />
            <line number="208" hits="8" branch="False" />
            <line number="210" hits="8" branch="False" />
            <line number="211" hits="8" branch="False" />
            <line number="212" hits="8" branch="False" />
            <line number="215" hits="8" branch="False" />
            <line number="216" hits="8" branch="True" condition-coverage="50% (1/2)">
              <conditions>
                <condition number="1225" type="jump" coverage="50%" />
              </conditions>
            </line>
            <line number="217" hits="0" branch="False" />
            <line number="218" hits="0" branch="False" />
            <line number="219" hits="0" branch="False" />
            <line number="220" hits="0" branch="True" condition-coverage="0% (0/2)">
              <conditions>
                <condition number="1293" type="jump" coverage="0%" />
              </conditions>
            </line>
            <line number="221" hits="0" branch="False" />
            <line number="222" hits="0" branch="False" />
            <line number="223" hits="0" branch="False" />
            <line number="224" hits="0" branch="False" />
            <line number="225" hits="8" branch="True" condition-coverage="100% (2/2)">
              <conditions>
                <condition number="1340" type="jump" coverage="100%" />
              </conditions>
            </line>
            <line number="226" hits="8" branch="False" />
            <line number="227" hits="8" branch="False" />
            <line number="228" hits="8" branch="False" />
            <line number="230" hits="8" branch="True" condition-coverage="100% (2/2)">
              <conditions>
                <condition number="1381" type="jump" coverage="100%" />
              </conditions>
            </line>
            <line number="231" hits="8" branch="False" />
            <line number="232" hits="8" branch="False" />
            <line number="233" hits="8" branch="False" />
            <line number="234" hits="8" branch="False" />
            <line number="235" hits="8" branch="True" condition-coverage="100% (2/2)">
              <conditions>
                <condition number="1438" type="jump" coverage="100%" />
              </conditions>
            </line>
            <line number="236" hits="8" branch="False" />
            <line number="237" hits="8" branch="False" />
            <line number="238" hits="8" branch="False" />
            <line number="239" hits="8" branch="True" condition-coverage="50% (1/2)">
              <conditions>
                <condition number="1493" type="jump" coverage="50%" />
              </conditions>
            </line>
            <line number="240" hits="0" branch="False" />
            <line number="242" hits="0" branch="False" />
            <line number="243" hits="0" branch="False" />
            <line number="244" hits="0" branch="False" />
            <line number="245" hits="0" branch="False" />
            <line number="246" hits="0" branch="False" />
            <line number="247" hits="0" branch="False" />
            <line number="248" hits="0" branch="False" />
            <line number="249" hits="0" branch="False" />
            <line number="250" hits="0" branch="False" />
            <line number="251" hits="0" branch="False" />
            <line number="252" hits="0" branch="False" />
            <line number="253" hits="8" branch="False" />
            <line number="254" hits="8" branch="False" />
            <line number="256" hits="8" branch="False" />
            <line number="257" hits="8" branch="False" />
            <line number="258" hits="8" branch="False" />
            <line number="260" hits="16" branch="True" condition-coverage="100% (2/2)">
              <conditions>
                <condition number="2404" type="jump" coverage="100%" />
              </conditions>
            </line>
            <line number="261" hits="8" branch="False" />
            <line number="263" hits="8" branch="False" />
            <line number="264" hits="8" branch="False" />
            <line number="266" hits="8" branch="False" />
            <line number="267" hits="8" branch="False" />
            <line number="269" hits="8" branch="False" />
            <line number="270" hits="8" branch="False" />
            <line number="271" hits="8" branch="False" />
            <line number="272" hits="8" branch="False" />
            <line number="273" hits="8" branch="False" />
            <line number="274" hits="8" branch="False" />
            <line number="275" hits="8" branch="False" />
            <line number="276" hits="8" branch="False" />
            <line number="277" hits="8" branch="False" />
            <line number="278" hits="8" branch="False" />
            <line number="279" hits="8" branch="False" />
            <line number="280" hits="8" branch="False" />
            <line number="281" hits="8" branch="False" />
            <line number="302" hits="8" branch="False" />
            <line number="303" hits="8" branch="False" />
            <line number="304" hits="8" branch="False" />
            <line number="305" hits="8" branch="False" />
            <line number="306" hits="8" branch="False" />
            <line number="308" hits="8" branch="False" />
            <line number="309" hits="8" branch="False" />
            <line number="310" hits="8" branch="False" />
            <line number="311" hits="8" branch="False" />
            <line number="313" hits="8" branch="False" />
            <line number="314" hits="8" branch="False" />
            <line number="315" hits="8" branch="False" />
            <line number="316" hits="8" branch="False" />
            <line number="317" hits="8" branch="False" />
            <line number="318" hits="8" branch="False" />
            <line number="319" hits="8" branch="False" />
            <line number="320" hits="8" branch="False" />
            <line number="321" hits="8" branch="False" />
            <line number="322" hits="8" branch="False" />
            <line number="323" hits="8" branch="False" />
            <line number="325" hits="8" branch="False" />
            <line number="326" hits="8" branch="False" />
            <line number="327" hits="8" branch="False" />
            <line number="328" hits="8" branch="False" />
            <line number="329" hits="8" branch="False" />
            <line number="330" hits="8" branch="False" />
            <line number="331" hits="8" branch="False" />
            <line number="332" hits="8" branch="False" />
            <line number="334" hits="8" branch="False" />
            <line number="336" hits="8" branch="True" condition-coverage="100% (2/2)">
              <conditions>
                <condition number="2043" type="jump" coverage="100%" />
              </conditions>
            </line>
            <line number="337" hits="8" branch="False" />
            <line number="338" hits="8" branch="True" condition-coverage="50% (1/2)">
              <conditions>
                <condition number="2071" type="jump" coverage="50%" />
              </conditions>
            </line>
            <line number="339" hits="8" branch="True" condition-coverage="50% (1/2)">
              <conditions>
                <condition number="2103" type="jump" coverage="50%" />
              </conditions>
            </line>
            <line number="340" hits="8" branch="False" />
            <line number="341" hits="8" branch="False" />
            <line number="342" hits="8" branch="False" />
            <line number="343" hits="8" branch="False" />
            <line number="344" hits="8" branch="False" />
            <line number="345" hits="8" branch="False" />
            <line number="346" hits="8" branch="False" />
            <line number="347" hits="8" branch="False" />
            <line number="348" hits="8" branch="False" />
            <line number="349" hits="8" branch="False" />
            <line number="350" hits="8" branch="False" />
            <line number="351" hits="8" branch="False" />
            <line number="352" hits="8" branch="False" />
            <line number="353" hits="8" branch="False" />
            <line number="355" hits="8" branch="False" />
            <line number="356" hits="8" branch="False" />
            <line number="358" hits="0" branch="False" />
            <line number="359" hits="0" branch="False" />
            <line number="360" hits="0" branch="False" />
            <line number="361" hits="0" branch="True" condition-coverage="0% (0/2)">
              <conditions>
                <condition number="2368" type="jump" coverage="0%" />
              </conditions>
            </line>
            <line number="362" hits="0" branch="False" />
            <line number="363" hits="0" branch="False" />
            <line number="366" hits="0" branch="False" />
            <line number="367" hits="0" branch="False" />
            <line number="368" hits="0" branch="False" />
            <line number="370" hits="8" branch="True" condition-coverage="50% (1/2)">
              <conditions>
                <condition number="2418" type="jump" coverage="50%" />
              </conditions>
            </line>
            <line number="371" hits="0" branch="False" />
            <line number="372" hits="0" branch="False" />
            <line number="374" hits="8" branch="False" />
            <line number="376" hits="8" branch="False" />
            <line number="378" hits="8" branch="False" />
            <line number="284" hits="72" branch="False" />
            <line number="285" hits="72" branch="False" />
            <line number="286" hits="72" branch="False" />
            <line number="287" hits="72" branch="False" />
            <line number="288" hits="72" branch="False" />
            <line number="289" hits="72" branch="False" />
            <line number="290" hits="72" branch="False" />
            <line number="293" hits="72" branch="False" />
            <line number="294" hits="72" branch="True" condition-coverage="50% (1/2)">
              <conditions>
                <condition number="14" type="jump" coverage="50%" />
              </conditions>
            </line>
            <line number="295" hits="0" branch="False" />
            <line number="297" hits="0" branch="False" />
            <line number="299" hits="0" branch="False" />
            <line number="300" hits="72" branch="False" />
          </lines>
        </class>
        <class name="Microsoft.AspNetCore.OpenApi.Generated.&lt;OpenApiXmlCommentSupport_generated&gt;F0CBD1E1AD562150CECB3A6787BE378115E6FE9ADEE3A039D1E1343CE1A3C2F6E__XmlComment" filename="obj\Debug\net10.0\Microsoft.AspNetCore.OpenApi.SourceGenerators\Microsoft.AspNetCore.OpenApi.SourceGenerators.XmlCommentGenerator\OpenApiXmlCommentSupport.generated.cs" line-rate="0" branch-rate="1" complexity="10">
          <methods>
            <method name="get_Summary" signature="()" line-rate="0" branch-rate="1" complexity="1">
              <lines>
                <line number="47" hits="0" branch="False" />
              </lines>
            </method>
            <method name="get_Description" signature="()" line-rate="0" branch-rate="1" complexity="1">
              <lines>
                <line number="48" hits="0" branch="False" />
              </lines>
            </method>
            <method name="get_Remarks" signature="()" line-rate="0" branch-rate="1" complexity="1">
              <lines>
                <line number="49" hits="0" branch="False" />
              </lines>
            </method>
            <method name="get_Returns" signature="()" line-rate="0" branch-rate="1" complexity="1">
              <lines>
                <line number="50" hits="0" branch="False" />
              </lines>
            </method>
            <method name="get_Value" signature="()" line-rate="0" branch-rate="1" complexity="1">
              <lines>
                <line number="51" hits="0" branch="False" />
              </lines>
            </method>
            <method name="get_Deprecated" signature="()" line-rate="0" branch-rate="1" complexity="1">
              <lines>
                <line number="52" hits="0" branch="False" />
              </lines>
            </method>
            <method name="get_Examples" signature="()" line-rate="0" branch-rate="1" complexity="1">
              <lines>
                <line number="53" hits="0" branch="False" />
              </lines>
            </method>
            <method name="get_Parameters" signature="()" line-rate="0" branch-rate="1" complexity="1">
              <lines>
                <line number="54" hits="0" branch="False" />
              </lines>
            </method>
            <method name="get_Responses" signature="()" line-rate="0" branch-rate="1" complexity="1">
              <lines>
                <line number="55" hits="0" branch="False" />
              </lines>
            </method>
            <method name=".ctor" signature="(System.String,System.String,System.String,System.String,System.String,System.Boolean,System.Collections.Generic.List`1&lt;System.String&gt;,System.Collections.Generic.List`1&lt;Microsoft.AspNetCore.OpenApi.Generated.&lt;OpenApiXmlCommentSupport_generated&gt;F0CBD1E1AD562150CECB3A6787BE378115E6FE9ADEE3A039D1E1343CE1A3C2F6E__XmlParameterComment&gt;,System.Collections.Generic.List`1&lt;Microsoft.AspNetCore.OpenApi.Generated.&lt;OpenApiXmlCommentSupport_generated&gt;F0CBD1E1AD562150CECB3A6787BE378115E6FE9ADEE3A039D1E1343CE1A3C2F6E__XmlResponseComment&gt;)" line-rate="0" branch-rate="1" complexity="1">
              <lines>
                <line number="46" hits="0" branch="False" />
              </lines>
            </method>
          </methods>
          <lines>
            <line number="47" hits="0" branch="False" />
            <line number="48" hits="0" branch="False" />
            <line number="49" hits="0" branch="False" />
            <line number="50" hits="0" branch="False" />
            <line number="51" hits="0" branch="False" />
            <line number="52" hits="0" branch="False" />
            <line number="53" hits="0" branch="False" />
            <line number="54" hits="0" branch="False" />
            <line number="55" hits="0" branch="False" />
            <line number="46" hits="0" branch="False" />
          </lines>
        </class>
        <class name="Microsoft.AspNetCore.OpenApi.Generated.&lt;OpenApiXmlCommentSupport_generated&gt;F0CBD1E1AD562150CECB3A6787BE378115E6FE9ADEE3A039D1E1343CE1A3C2F6E__XmlParameterComment" filename="obj\Debug\net10.0\Microsoft.AspNetCore.OpenApi.SourceGenerators\Microsoft.AspNetCore.OpenApi.SourceGenerators.XmlCommentGenerator\OpenApiXmlCommentSupport.generated.cs" line-rate="0" branch-rate="1" complexity="1">
          <methods>
            <method name="get_Name" signature="()" line-rate="0" branch-rate="1" complexity="1">
              <lines>
                <line number="58" hits="0" branch="False" />
              </lines>
            </method>
          </methods>
          <lines>
            <line number="58" hits="0" branch="False" />
          </lines>
        </class>
        <class name="Microsoft.AspNetCore.OpenApi.Generated.&lt;OpenApiXmlCommentSupport_generated&gt;F0CBD1E1AD562150CECB3A6787BE378115E6FE9ADEE3A039D1E1343CE1A3C2F6E__XmlResponseComment" filename="obj\Debug\net10.0\Microsoft.AspNetCore.OpenApi.SourceGenerators\Microsoft.AspNetCore.OpenApi.SourceGenerators.XmlCommentGenerator\OpenApiXmlCommentSupport.generated.cs" line-rate="0" branch-rate="1" complexity="1">
          <methods>
            <method name="get_Code" signature="()" line-rate="0" branch-rate="1" complexity="1">
              <lines>
                <line number="61" hits="0" branch="False" />
              </lines>
            </method>
          </methods>
          <lines>
            <line number="61" hits="0" branch="False" />
          </lines>
        </class>
        <class name="Microsoft.AspNetCore.OpenApi.Generated.&lt;OpenApiXmlCommentSupport_generated&gt;F0CBD1E1AD562150CECB3A6787BE378115E6FE9ADEE3A039D1E1343CE1A3C2F6E__XmlCommentCache" filename="obj\Debug\net10.0\Microsoft.AspNetCore.OpenApi.SourceGenerators\Microsoft.AspNetCore.OpenApi.SourceGenerators.XmlCommentGenerator\OpenApiXmlCommentSupport.generated.cs" line-rate="0" branch-rate="0" complexity="3">
          <methods>
            <method name="get_Cache" signature="()" line-rate="0" branch-rate="0" complexity="2">
              <lines>
                <line number="67" hits="0" branch="True" condition-coverage="0% (0/2)">
                  <conditions>
                    <condition number="6" type="jump" coverage="0%" />
                  </conditions>
                </line>
              </lines>
            </method>
            <method name="GenerateCacheEntries" signature="()" line-rate="0" branch-rate="1" complexity="1">
              <lines>
                <line number="70" hits="0" branch="False" />
                <line number="71" hits="0" branch="False" />
                <line number="73" hits="0" branch="False" />
                <line number="74" hits="0" branch="False" />
                <line number="75" hits="0" branch="False" />
                <line number="76" hits="0" branch="False" />
                <line number="77" hits="0" branch="False" />
                <line number="78" hits="0" branch="False" />
                <line number="79" hits="0" branch="False" />
                <line number="80" hits="0" branch="False" />
                <line number="81" hits="0" branch="False" />
                <line number="82" hits="0" branch="False" />
                <line number="83" hits="0" branch="False" />
                <line number="84" hits="0" branch="False" />
                <line number="85" hits="0" branch="False" />
                <line number="86" hits="0" branch="False" />
                <line number="87" hits="0" branch="False" />
                <line number="88" hits="0" branch="False" />
                <line number="89" hits="0" branch="False" />
                <line number="90" hits="0" branch="False" />
                <line number="91" hits="0" branch="False" />
                <line number="92" hits="0" branch="False" />
                <line number="93" hits="0" branch="False" />
                <line number="94" hits="0" branch="False" />
                <line number="95" hits="0" branch="False" />
                <line number="96" hits="0" branch="False" />
                <line number="97" hits="0" branch="False" />
                <line number="98" hits="0" branch="False" />
                <line number="99" hits="0" branch="False" />
                <line number="100" hits="0" branch="False" />
                <line number="101" hits="0" branch="False" />
                <line number="102" hits="0" branch="False" />
                <line number="103" hits="0" branch="False" />
                <line number="104" hits="0" branch="False" />
                <line number="105" hits="0" branch="False" />
                <line number="107" hits="0" branch="False" />
                <line number="108" hits="0" branch="False" />
              </lines>
            </method>
          </methods>
          <lines>
            <line number="67" hits="0" branch="True" condition-coverage="0% (0/2)">
              <conditions>
                <condition number="6" type="jump" coverage="0%" />
              </conditions>
            </line>
            <line number="70" hits="0" branch="False" />
            <line number="71" hits="0" branch="False" />
            <line number="73" hits="0" branch="False" />
            <line number="74" hits="0" branch="False" />
            <line number="75" hits="0" branch="False" />
            <line number="76" hits="0" branch="False" />
            <line number="77" hits="0" branch="False" />
            <line number="78" hits="0" branch="False" />
            <line number="79" hits="0" branch="False" />
            <line number="80" hits="0" branch="False" />
            <line number="81" hits="0" branch="False" />
            <line number="82" hits="0" branch="False" />
            <line number="83" hits="0" branch="False" />
            <line number="84" hits="0" branch="False" />
            <line number="85" hits="0" branch="False" />
            <line number="86" hits="0" branch="False" />
            <line number="87" hits="0" branch="False" />
            <line number="88" hits="0" branch="False" />
            <line number="89" hits="0" branch="False" />
            <line number="90" hits="0" branch="False" />
            <line number="91" hits="0" branch="False" />
            <line number="92" hits="0" branch="False" />
            <line number="93" hits="0" branch="False" />
            <line number="94" hits="0" branch="False" />
            <line number="95" hits="0" branch="False" />
            <line number="96" hits="0" branch="False" />
            <line number="97" hits="0" branch="False" />
            <line number="98" hits="0" branch="False" />
            <line number="99" hits="0" branch="False" />
            <line number="100" hits="0" branch="False" />
            <line number="101" hits="0" branch="False" />
            <line number="102" hits="0" branch="False" />
            <line number="103" hits="0" branch="False" />
            <line number="104" hits="0" branch="False" />
            <line number="105" hits="0" branch="False" />
            <line number="107" hits="0" branch="False" />
            <line number="108" hits="0" branch="False" />
          </lines>
        </class>
        <class name="Microsoft.AspNetCore.OpenApi.Generated.&lt;OpenApiXmlCommentSupport_generated&gt;F0CBD1E1AD562150CECB3A6787BE378115E6FE9ADEE3A039D1E1343CE1A3C2F6E__DocumentationCommentIdHelper" filename="obj\Debug\net10.0\Microsoft.AspNetCore.OpenApi.SourceGenerators\Microsoft.AspNetCore.OpenApi.SourceGenerators.XmlCommentGenerator\OpenApiXmlCommentSupport.generated.cs" line-rate="0" branch-rate="0" complexity="68">
          <methods>
            <method name="CreateDocumentationId" signature="(System.Type)" line-rate="0" branch-rate="0" complexity="2">
              <lines>
                <line number="119" hits="0" branch="False" />
                <line number="120" hits="0" branch="True" condition-coverage="0% (0/2)">
                  <conditions>
                    <condition number="10" type="jump" coverage="0%" />
                  </conditions>
                </line>
                <line number="121" hits="0" branch="False" />
                <line number="122" hits="0" branch="False" />
                <line number="125" hits="0" branch="False" />
                <line number="126" hits="0" branch="False" />
              </lines>
            </method>
            <method name="CreateDocumentationId" signature="(System.Reflection.PropertyInfo)" line-rate="0" branch-rate="0" complexity="10">
              <lines>
                <line number="133" hits="0" branch="False" />
                <line number="134" hits="0" branch="True" condition-coverage="0% (0/2)">
                  <conditions>
                    <condition number="10" type="jump" coverage="0%" />
                  </conditions>
                </line>
                <line number="135" hits="0" branch="False" />
                <line number="136" hits="0" branch="False" />
                <line number="139" hits="0" branch="False" />
                <line number="140" hits="0" branch="False" />
                <line number="142" hits="0" branch="True" condition-coverage="0% (0/2)">
                  <conditions>
                    <condition number="56" type="jump" coverage="0%" />
                  </conditions>
                </line>
                <line number="143" hits="0" branch="False" />
                <line number="144" hits="0" branch="False" />
                <line number="145" hits="0" branch="False" />
                <line number="147" hits="0" branch="False" />
                <line number="148" hits="0" branch="False" />
                <line number="151" hits="0" branch="False" />
                <line number="152" hits="0" branch="True" condition-coverage="0% (0/2)">
                  <conditions>
                    <condition number="118" type="jump" coverage="0%" />
                  </conditions>
                </line>
                <line number="153" hits="0" branch="False" />
                <line number="154" hits="0" branch="False" />
                <line number="155" hits="0" branch="True" condition-coverage="0% (0/2)">
                  <conditions>
                    <condition number="199" type="jump" coverage="0%" />
                  </conditions>
                </line>
                <line number="156" hits="0" branch="False" />
                <line number="157" hits="0" branch="True" condition-coverage="0% (0/2)">
                  <conditions>
                    <condition number="145" type="jump" coverage="0%" />
                  </conditions>
                </line>
                <line number="158" hits="0" branch="False" />
                <line number="159" hits="0" branch="False" />
                <line number="160" hits="0" branch="False" />
                <line number="162" hits="0" branch="False" />
                <line number="163" hits="0" branch="False" />
                <line number="164" hits="0" branch="False" />
                <line number="165" hits="0" branch="False" />
                <line number="167" hits="0" branch="False" />
                <line number="168" hits="0" branch="False" />
              </lines>
            </method>
            <method name="CreateDocumentationId" signature="(System.Type,System.String)" line-rate="0" branch-rate="0" complexity="4">
              <lines>
                <line number="175" hits="0" branch="False" />
                <line number="176" hits="0" branch="True" condition-coverage="0% (0/2)">
                  <conditions>
                    <condition number="10" type="jump" coverage="0%" />
                  </conditions>
                </line>
                <line number="177" hits="0" branch="False" />
                <line number="178" hits="0" branch="False" />
                <line number="180" hits="0" branch="True" condition-coverage="0% (0/2)">
                  <conditions>
                    <condition number="32" type="jump" coverage="0%" />
                  </conditions>
                </line>
                <line number="181" hits="0" branch="False" />
                <line number="182" hits="0" branch="False" />
                <line number="185" hits="0" branch="False" />
                <line number="186" hits="0" branch="False" />
                <line number="187" hits="0" branch="False" />
                <line number="188" hits="0" branch="False" />
                <line number="189" hits="0" branch="False" />
                <line number="191" hits="0" branch="False" />
                <line number="192" hits="0" branch="False" />
              </lines>
            </method>
            <method name="CreateDocumentationId" signature="(System.Reflection.MethodInfo)" line-rate="0" branch-rate="0" complexity="18">
              <lines>
                <line number="201" hits="0" branch="False" />
                <line number="202" hits="0" branch="True" condition-coverage="0% (0/2)">
                  <conditions>
                    <condition number="10" type="jump" coverage="0%" />
                  </conditions>
                </line>
                <line number="203" hits="0" branch="False" />
                <line number="204" hits="0" branch="False" />
                <line number="207" hits="0" branch="False" />
                <line number="208" hits="0" branch="False" />
                <line number="211" hits="0" branch="True" condition-coverage="0% (0/2)">
                  <conditions>
                    <condition number="56" type="jump" coverage="0%" />
                  </conditions>
                </line>
                <line number="212" hits="0" branch="False" />
                <line number="213" hits="0" branch="False" />
                <line number="214" hits="0" branch="False" />
                <line number="216" hits="0" branch="False" />
                <line number="219" hits="0" branch="True" condition-coverage="0% (0/2)">
                  <conditions>
                    <condition number="99" type="jump" coverage="0%" />
                  </conditions>
                </line>
                <line number="220" hits="0" branch="False" />
                <line number="221" hits="0" branch="True" condition-coverage="0% (0/2)">
                  <conditions>
                    <condition number="109" type="jump" coverage="0%" />
                  </conditions>
                </line>
                <line number="222" hits="0" branch="False" />
                <line number="224" hits="0" branch="False" />
                <line number="225" hits="0" branch="False" />
                <line number="226" hits="0" branch="True" condition-coverage="0% (0/2)">
                  <conditions>
                    <condition number="156" type="jump" coverage="0%" />
                  </conditions>
                </line>
                <line number="227" hits="0" branch="False" />
                <line number="228" hits="0" branch="False" />
                <line number="229" hits="0" branch="False" />
                <line number="230" hits="0" branch="False" />
                <line number="231" hits="0" branch="False" />
                <line number="234" hits="0" branch="False" />
                <line number="235" hits="0" branch="True" condition-coverage="0% (0/2)">
                  <conditions>
                    <condition number="219" type="jump" coverage="0%" />
                  </conditions>
                </line>
                <line number="236" hits="0" branch="False" />
                <line number="237" hits="0" branch="False" />
                <line number="238" hits="0" branch="True" condition-coverage="0% (0/2)">
                  <conditions>
                    <condition number="300" type="jump" coverage="0%" />
                  </conditions>
                </line>
                <line number="239" hits="0" branch="False" />
                <line number="240" hits="0" branch="True" condition-coverage="0% (0/2)">
                  <conditions>
                    <condition number="246" type="jump" coverage="0%" />
                  </conditions>
                </line>
                <line number="241" hits="0" branch="False" />
                <line number="242" hits="0" branch="False" />
                <line number="243" hits="0" branch="False" />
                <line number="246" hits="0" branch="False" />
                <line number="247" hits="0" branch="False" />
                <line number="248" hits="0" branch="False" />
                <line number="249" hits="0" branch="False" />
                <line number="252" hits="0" branch="True" condition-coverage="0% (0/2)">
                  <conditions>
                    <condition number="337" type="jump" coverage="0%" />
                  </conditions>
                </line>
                <line number="253" hits="0" branch="False" />
                <line number="254" hits="0" branch="False" />
                <line number="256" hits="0" branch="False" />
                <line number="257" hits="0" branch="False" />
                <line number="259" hits="0" branch="False" />
                <line number="260" hits="0" branch="False" />
              </lines>
            </method>
            <method name="GetTypeDocId" signature="(System.Type,System.Boolean,System.Boolean)" line-rate="0" branch-rate="0" complexity="28">
              <lines>
                <line number="271" hits="0" branch="False" />
                <line number="272" hits="0" branch="True" condition-coverage="0% (0/2)">
                  <conditions>
                    <condition number="9" type="jump" coverage="0%" />
                  </conditions>
                </line>
                <line number="273" hits="0" branch="False" />
                <line number="275" hits="0" branch="True" condition-coverage="0% (0/2)">
                  <conditions>
                    <condition number="26" type="jump" coverage="0%" />
                  </conditions>
                </line>
                <line number="276" hits="0" branch="False" />
                <line number="277" hits="0" branch="False" />
                <line number="279" hits="0" branch="True" condition-coverage="0% (0/2)">
                  <conditions>
                    <condition number="75" type="jump" coverage="0%" />
                  </conditions>
                </line>
                <line number="280" hits="0" branch="False" />
                <line number="281" hits="0" branch="False" />
                <line number="284" hits="0" branch="False" />
                <line number="285" hits="0" branch="False" />
                <line number="289" hits="0" branch="True" condition-coverage="0% (0/2)">
                  <conditions>
                    <condition number="131" type="jump" coverage="0%" />
                  </conditions>
                </line>
                <line number="290" hits="0" branch="False" />
                <line number="291" hits="0" branch="False" />
                <line number="292" hits="0" branch="True" condition-coverage="0% (0/2)">
                  <conditions>
                    <condition number="153" type="jump" coverage="0%" />
                  </conditions>
                </line>
                <line number="294" hits="0" branch="False" />
                <line number="297" hits="0" branch="True" condition-coverage="0% (0/2)">
                  <conditions>
                    <condition number="271" type="jump" coverage="0%" />
                  </conditions>
                </line>
                <line number="298" hits="0" branch="False" />
                <line number="299" hits="0" branch="False" />
                <line number="300" hits="0" branch="True" condition-coverage="0% (0/2)">
                  <conditions>
                    <condition number="206" type="jump" coverage="0%" />
                  </conditions>
                </line>
                <line number="301" hits="0" branch="False" />
                <line number="302" hits="0" branch="False" />
                <line number="303" hits="0" branch="False" />
                <line number="304" hits="0" branch="True" condition-coverage="0% (0/2)">
                  <conditions>
                    <condition number="232" type="jump" coverage="0%" />
                  </conditions>
                </line>
                <line number="305" hits="0" branch="False" />
                <line number="306" hits="0" branch="False" />
                <line number="309" hits="0" branch="False" />
                <line number="310" hits="0" branch="False" />
                <line number="311" hits="0" branch="False" />
                <line number="312" hits="0" branch="False" />
                <line number="314" hits="0" branch="True" condition-coverage="0% (0/2)">
                  <conditions>
                    <condition number="281" type="jump" coverage="0%" />
                  </conditions>
                </line>
                <line number="315" hits="0" branch="False" />
                <line number="316" hits="0" branch="False" />
                <line number="317" hits="0" branch="False" />
                <line number="318" hits="0" branch="False" />
                <line number="319" hits="0" branch="False" />
                <line number="321" hits="0" branch="True" condition-coverage="0% (0/4)">
                  <conditions>
                    <condition number="332" type="jump" coverage="0%" />
                    <condition number="350" type="jump" coverage="0%" />
                  </conditions>
                </line>
                <line number="322" hits="0" branch="False" />
                <line number="323" hits="0" branch="False" />
                <line number="324" hits="0" branch="False" />
                <line number="326" hits="0" branch="True" condition-coverage="0% (0/2)">
                  <conditions>
                    <condition number="439" type="jump" coverage="0%" />
                  </conditions>
                </line>
                <line number="327" hits="0" branch="False" />
                <line number="328" hits="0" branch="True" condition-coverage="0% (0/2)">
                  <conditions>
                    <condition number="386" type="jump" coverage="0%" />
                  </conditions>
                </line>
                <line number="329" hits="0" branch="False" />
                <line number="330" hits="0" branch="False" />
                <line number="331" hits="0" branch="False" />
                <line number="333" hits="0" branch="False" />
                <line number="334" hits="0" branch="False" />
                <line number="336" hits="0" branch="False" />
                <line number="337" hits="0" branch="False" />
                <line number="339" hits="0" branch="False" />
                <line number="343" hits="0" branch="True" condition-coverage="0% (0/2)">
                  <conditions>
                    <condition number="469" type="jump" coverage="0%" />
                  </conditions>
                </line>
                <line number="344" hits="0" branch="False" />
              </lines>
            </method>
            <method name="NormalizeDocId" signature="(System.String)" line-rate="0" branch-rate="0" complexity="6">
              <lines>
                <line number="353" hits="0" branch="False" />
                <line number="355" hits="0" branch="False" />
                <line number="356" hits="0" branch="True" condition-coverage="0% (0/2)">
                  <conditions>
                    <condition number="16" type="jump" coverage="0%" />
                  </conditions>
                </line>
                <line number="357" hits="0" branch="False" />
                <line number="359" hits="0" branch="False" />
                <line number="364" hits="0" branch="True" condition-coverage="0% (0/4)">
                  <conditions>
                    <condition number="34" type="jump" coverage="0%" />
                    <condition number="52" type="jump" coverage="0%" />
                  </conditions>
                </line>
                <line number="365" hits="0" branch="False" />
                <line number="366" hits="0" branch="False" />
                <line number="370" hits="0" branch="False" />
                <line number="371" hits="0" branch="False" />
              </lines>
            </method>
          </methods>
          <lines>
            <line number="119" hits="0" branch="False" />
            <line number="120" hits="0" branch="True" condition-coverage="0% (0/2)">
              <conditions>
                <condition number="10" type="jump" coverage="0%" />
              </conditions>
            </line>
            <line number="121" hits="0" branch="False" />
            <line number="122" hits="0" branch="False" />
            <line number="125" hits="0" branch="False" />
            <line number="126" hits="0" branch="False" />
            <line number="133" hits="0" branch="False" />
            <line number="134" hits="0" branch="True" condition-coverage="0% (0/2)">
              <conditions>
                <condition number="10" type="jump" coverage="0%" />
              </conditions>
            </line>
            <line number="135" hits="0" branch="False" />
            <line number="136" hits="0" branch="False" />
            <line number="139" hits="0" branch="False" />
            <line number="140" hits="0" branch="False" />
            <line number="142" hits="0" branch="True" condition-coverage="0% (0/2)">
              <conditions>
                <condition number="56" type="jump" coverage="0%" />
              </conditions>
            </line>
            <line number="143" hits="0" branch="False" />
            <line number="144" hits="0" branch="False" />
            <line number="145" hits="0" branch="False" />
            <line number="147" hits="0" branch="False" />
            <line number="148" hits="0" branch="False" />
            <line number="151" hits="0" branch="False" />
            <line number="152" hits="0" branch="True" condition-coverage="0% (0/2)">
              <conditions>
                <condition number="118" type="jump" coverage="0%" />
              </conditions>
            </line>
            <line number="153" hits="0" branch="False" />
[...]
            <method name="get_EnableSsl" signature="()" line-rate="1" branch-rate="1" complexity="1">
              <lines>
                <line number="68" hits="15" branch="False" />
              </lines>
            </method>
            <method name="get_FromName" signature="()" line-rate="1" branch-rate="1" complexity="1">
              <lines>
                <line number="69" hits="11" branch="False" />
              </lines>
            </method>
            <method name="get_FromEmail" signature="()" line-rate="1" branch-rate="1" complexity="1">
              <lines>
                <line number="70" hits="12" branch="False" />
              </lines>
            </method>
          </methods>
          <lines>
            <line number="64" hits="16" branch="False" />
            <line number="65" hits="16" branch="False" />
            <line number="66" hits="16" branch="False" />
            <line number="67" hits="12" branch="False" />
            <line number="68" hits="15" branch="False" />
            <line number="69" hits="11" branch="False" />
            <line number="70" hits="12" branch="False" />
          </lines>
        </class>
        <class name="OpenRestoApi.Controllers.EmailSettingsResponse" filename="Controllers\EmailSettingsController.cs" line-rate="1" branch-rate="1" complexity="8">
          <methods>
            <method name="get_Host" signature="()" line-rate="1" branch-rate="1" complexity="1">
              <lines>
                <line number="75" hits="5" branch="False" />
              </lines>
            </method>
            <method name="get_Port" signature="()" line-rate="1" branch-rate="1" complexity="1">
              <lines>
                <line number="76" hits="5" branch="False" />
              </lines>
            </method>
            <method name="get_Username" signature="()" line-rate="1" branch-rate="1" complexity="1">
              <lines>
                <line number="77" hits="5" branch="False" />
              </lines>
            </method>
            <method name="get_Password" signature="()" line-rate="1" branch-rate="1" complexity="1">
              <lines>
                <line number="78" hits="5" branch="False" />
              </lines>
            </method>
            <method name="get_EnableSsl" signature="()" line-rate="1" branch-rate="1" complexity="1">
              <lines>
                <line number="79" hits="5" branch="False" />
              </lines>
            </method>
            <method name="get_FromName" signature="()" line-rate="1" branch-rate="1" complexity="1">
              <lines>
                <line number="80" hits="3" branch="False" />
              </lines>
            </method>
            <method name="get_FromEmail" signature="()" line-rate="1" branch-rate="1" complexity="1">
              <lines>
                <line number="81" hits="3" branch="False" />
              </lines>
            </method>
            <method name="get_IsConfigured" signature="()" line-rate="1" branch-rate="1" complexity="1">
              <lines>
                <line number="82" hits="3" branch="False" />
              </lines>
            </method>
          </methods>
          <lines>
            <line number="75" hits="5" branch="False" />
            <line number="76" hits="5" branch="False" />
            <line number="77" hits="5" branch="False" />
            <line number="78" hits="5" branch="False" />
            <line number="79" hits="5" branch="False" />
            <line number="80" hits="3" branch="False" />
            <line number="81" hits="3" branch="False" />
            <line number="82" hits="3" branch="False" />
          </lines>
        </class>
        <class name="OpenRestoApi.Controllers.HoldsController" filename="Controllers\HoldsController.cs" line-rate="0.9166" branch-rate="0.75" complexity="6">
          <methods>
            <method name="PlaceHold" signature="(OpenRestoApi.Core.Application.DTOs.PlaceHoldRequest)" line-rate="0.8887999999999999" branch-rate="0.75" complexity="4">
              <lines>
                <line number="21" hits="11" branch="False" />
                <line number="22" hits="11" branch="True" condition-coverage="50% (1/2)">
                  <conditions>
                    <condition number="17" type="jump" coverage="50%" />
                  </conditions>
                </line>
                <line number="23" hits="0" branch="False" />
                <line number="24" hits="0" branch="False" />
                <line number="27" hits="11" branch="False" />
                <line number="28" hits="11" branch="False" />
                <line number="29" hits="11" branch="False" />
                <line number="30" hits="11" branch="False" />
                <line number="31" hits="11" branch="False" />
                <line number="33" hits="11" branch="True" condition-coverage="100% (2/2)">
                  <conditions>
                    <condition number="80" type="jump" coverage="100%" />
                  </conditions>
                </line>
                <line number="34" hits="1" branch="False" />
                <line number="35" hits="1" branch="False" />
                <line number="38" hits="10" branch="False" />
                <line number="39" hits="10" branch="False" />
                <line number="40" hits="10" branch="False" />
                <line number="41" hits="10" branch="False" />
                <line number="42" hits="10" branch="False" />
                <line number="43" hits="11" branch="False" />
              </lines>
            </method>
            <method name="ReleaseHold" signature="(System.String)" line-rate="1" branch-rate="1" complexity="1">
              <lines>
                <line number="51" hits="4" branch="False" />
                <line number="52" hits="4" branch="False" />
                <line number="53" hits="4" branch="False" />
                <line number="54" hits="4" branch="False" />
              </lines>
            </method>
            <method name=".ctor" signature="(OpenRestoApi.Core.Application.Interfaces.IHoldService)" line-rate="1" branch-rate="1" complexity="1">
              <lines>
                <line number="11" hits="16" branch="False" />
                <line number="13" hits="16" branch="False" />
              </lines>
            </method>
          </methods>
          <lines>
            <line number="21" hits="11" branch="False" />
            <line number="22" hits="11" branch="True" condition-coverage="50% (1/2)">
              <conditions>
                <condition number="17" type="jump" coverage="50%" />
              </conditions>
            </line>
            <line number="23" hits="0" branch="False" />
            <line number="24" hits="0" branch="False" />
            <line number="27" hits="11" branch="False" />
            <line number="28" hits="11" branch="False" />
            <line number="29" hits="11" branch="False" />
            <line number="30" hits="11" branch="False" />
            <line number="31" hits="11" branch="False" />
            <line number="33" hits="11" branch="True" condition-coverage="100% (2/2)">
              <conditions>
                <condition number="80" type="jump" coverage="100%" />
              </conditions>
            </line>
            <line number="34" hits="1" branch="False" />
            <line number="35" hits="1" branch="False" />
            <line number="38" hits="10" branch="False" />
            <line number="39" hits="10" branch="False" />
            <line number="40" hits="10" branch="False" />
            <line number="41" hits="10" branch="False" />
            <line number="42" hits="10" branch="False" />
            <line number="43" hits="11" branch="False" />
            <line number="51" hits="4" branch="False" />
            <line number="52" hits="4" branch="False" />
            <line number="53" hits="4" branch="False" />
            <line number="54" hits="4" branch="False" />
            <line number="11" hits="16" branch="False" />
            <line number="13" hits="16" branch="False" />
          </lines>
        </class>
        <class name="OpenRestoApi.Controllers.RestaurantsController" filename="Controllers\RestaurantsController.cs" line-rate="1" branch-rate="1" complexity="1">
          <methods>
            <method name=".ctor" signature="(OpenRestoApi.Core.Application.Services.RestaurantManagementService)" line-rate="1" branch-rate="1" complexity="1">
              <lines>
                <line number="12" hits="18" branch="False" />
                <line number="14" hits="18" branch="False" />
              </lines>
            </method>
          </methods>
          <lines>
            <line number="12" hits="18" branch="False" />
            <line number="14" hits="18" branch="False" />
          </lines>
        </class>
        <class name="OpenRestoApi.Controllers.RestaurantsController/&lt;AddSection&gt;d__6" filename="Controllers\RestaurantsController.cs" line-rate="1" branch-rate="0.5" complexity="2">
          <methods>
            <method name="MoveNext" signature="()" line-rate="1" branch-rate="0.5" complexity="2">
              <lines>
                <line number="48" hits="2" branch="False" />
                <line number="49" hits="2" branch="False" />
                <line number="50" hits="2" branch="True" condition-coverage="50% (1/2)">
                  <conditions>
                    <condition number="168" type="jump" coverage="50%" />
                  </conditions>
                </line>
                <line number="51" hits="2" branch="False" />
              </lines>
            </method>
          </methods>
          <lines>
            <line number="48" hits="2" branch="False" />
            <line number="49" hits="2" branch="False" />
            <line number="50" hits="2" branch="True" condition-coverage="50% (1/2)">
              <conditions>
                <condition number="168" type="jump" coverage="50%" />
              </conditions>
            </line>
            <line number="51" hits="2" branch="False" />
          </lines>
        </class>
        <class name="OpenRestoApi.Controllers.RestaurantsController/&lt;AddTable&gt;d__9" filename="Controllers\RestaurantsController.cs" line-rate="1" branch-rate="0.5" complexity="2">
          <methods>
            <method name="MoveNext" signature="()" line-rate="1" branch-rate="0.5" complexity="2">
              <lines>
                <line number="71" hits="2" branch="False" />
                <line number="72" hits="2" branch="False" />
                <line number="73" hits="2" branch="True" condition-coverage="50% (1/2)">
                  <conditions>
                    <condition number="185" type="jump" coverage="50%" />
                  </conditions>
                </line>
                <line number="74" hits="2" branch="False" />
              </lines>
            </method>
          </methods>
          <lines>
            <line number="71" hits="2" branch="False" />
            <line number="72" hits="2" branch="False" />
            <line number="73" hits="2" branch="True" condition-coverage="50% (1/2)">
              <conditions>
                <condition number="185" type="jump" coverage="50%" />
              </conditions>
            </line>
            <line number="74" hits="2" branch="False" />
          </lines>
        </class>
        <class name="OpenRestoApi.Controllers.RestaurantsController/&lt;DeleteSection&gt;d__8" filename="Controllers\RestaurantsController.cs" line-rate="1" branch-rate="1" complexity="2">
          <methods>
            <method name="MoveNext" signature="()" line-rate="1" branch-rate="1" complexity="2">
              <lines>
                <line number="64" hits="2" branch="True" condition-coverage="100% (2/2)">
                  <conditions>
                    <condition number="143" type="jump" coverage="100%" />
                  </conditions>
                </line>
              </lines>
            </method>
          </methods>
          <lines>
            <line number="64" hits="2" branch="True" condition-coverage="100% (2/2)">
              <conditions>
                <condition number="143" type="jump" coverage="100%" />
              </conditions>
            </line>
          </lines>
        </class>
        <class name="OpenRestoApi.Controllers.RestaurantsController/&lt;DeleteTable&gt;d__11" filename="Controllers\RestaurantsController.cs" line-rate="1" branch-rate="1" complexity="2">
          <methods>
            <method name="MoveNext" signature="()" line-rate="1" branch-rate="1" complexity="2">
              <lines>
                <line number="87" hits="2" branch="True" condition-coverage="100% (2/2)">
                  <conditions>
                    <condition number="143" type="jump" coverage="100%" />
                  </conditions>
                </line>
              </lines>
            </method>
          </methods>
          <lines>
            <line number="87" hits="2" branch="True" condition-coverage="100% (2/2)">
              <conditions>
                <condition number="143" type="jump" coverage="100%" />
              </conditions>
            </line>
          </lines>
        </class>
        <class name="OpenRestoApi.Controllers.RestaurantsController/&lt;Get&gt;d__2" filename="Controllers\RestaurantsController.cs" line-rate="1" branch-rate="1" complexity="1">
          <methods>
            <method name="MoveNext" signature="()" line-rate="1" branch-rate="1" complexity="1">
              <lines>
                <line number="18" hits="2" branch="False" />
              </lines>
            </method>
          </methods>
          <lines>
            <line number="18" hits="2" branch="False" />
          </lines>
        </class>
        <class name="OpenRestoApi.Controllers.RestaurantsController/&lt;Get&gt;d__3" filename="Controllers\RestaurantsController.cs" line-rate="1" branch-rate="1" complexity="2">
          <methods>
            <method name="MoveNext" signature="()" line-rate="1" branch-rate="1" complexity="2">
              <lines>
                <line number="22" hits="2" branch="False" />
                <line number="23" hits="2" branch="False" />
                <line number="24" hits="2" branch="True" condition-coverage="100% (2/2)">
                  <conditions>
                    <condition number="157" type="jump" coverage="100%" />
                  </conditions>
                </line>
                <line number="25" hits="2" branch="False" />
              </lines>
            </method>
          </methods>
          <lines>
            <line number="22" hits="2" branch="False" />
            <line number="23" hits="2" branch="False" />
            <line number="24" hits="2" branch="True" condition-coverage="100% (2/2)">
              <conditions>
                <condition number="157" type="jump" coverage="100%" />
              </conditions>
            </line>
            <line number="25" hits="2" branch="False" />
          </lines>
        </class>
        <class name="OpenRestoApi.Controllers.RestaurantsController/&lt;Post&gt;d__4" filename="Controllers\RestaurantsController.cs" line-rate="1" branch-rate="1" complexity="1">
          <methods>
            <method name="MoveNext" signature="()" line-rate="1" branch-rate="1" complexity="1">
              <lines>
                <line number="30" hits="1" branch="False" />
                <line number="31" hits="1" branch="False" />
                <line number="32" hits="1" branch="False" />
                <line number="33" hits="1" branch="False" />
              </lines>
            </method>
          </methods>
          <lines>
            <line number="30" hits="1" branch="False" />
            <line number="31" hits="1" branch="False" />
            <line number="32" hits="1" branch="False" />
            <line number="33" hits="1" branch="False" />
          </lines>
        </class>
        <class name="OpenRestoApi.Controllers.RestaurantsController/&lt;Put&gt;d__5" filename="Controllers\RestaurantsController.cs" line-rate="1" branch-rate="0.5" complexity="2">
          <methods>
            <method name="MoveNext" signature="()" line-rate="1" branch-rate="0.5" complexity="2">
              <lines>
                <line number="38" hits="1" branch="False" />
                <line number="39" hits="1" branch="False" />
                <line number="40" hits="1" branch="True" condition-coverage="50% (1/2)">
                  <conditions>
                    <condition number="163" type="jump" coverage="50%" />
                  </conditions>
                </line>
                <line number="41" hits="1" branch="False" />
              </lines>
            </method>
          </methods>
          <lines>
            <line number="38" hits="1" branch="False" />
            <line number="39" hits="1" branch="False" />
            <line number="40" hits="1" branch="True" condition-coverage="50% (1/2)">
              <conditions>
                <condition number="163" type="jump" coverage="50%" />
              </conditions>
            </line>
            <line number="41" hits="1" branch="False" />
          </lines>
        </class>
        <class name="OpenRestoApi.Controllers.RestaurantsController/&lt;UpdateSection&gt;d__7" filename="Controllers\RestaurantsController.cs" line-rate="1" branch-rate="1" complexity="2">
          <methods>
            <method name="MoveNext" signature="()" line-rate="1" branch-rate="1" complexity="2">
              <lines>
                <line number="56" hits="2" branch="False" />
                <line number="57" hits="2" branch="False" />
                <line number="58" hits="2" branch="True" condition-coverage="100% (2/2)">
                  <conditions>
                    <condition number="174" type="jump" coverage="100%" />
                  </conditions>
                </line>
                <line number="59" hits="2" branch="False" />
              </lines>
            </method>
          </methods>
          <lines>
            <line number="56" hits="2" branch="False" />
            <line number="57" hits="2" branch="False" />
            <line number="58" hits="2" branch="True" condition-coverage="100% (2/2)">
              <conditions>
                <condition number="174" type="jump" coverage="100%" />
              </conditions>
            </line>
            <line number="59" hits="2" branch="False" />
          </lines>
        </class>
        <class name="OpenRestoApi.Controllers.RestaurantsController/&lt;UpdateTable&gt;d__10" filename="Controllers\RestaurantsController.cs" line-rate="1" branch-rate="1" complexity="2">
          <methods>
            <method name="MoveNext" signature="()" line-rate="1" branch-rate="1" complexity="2">
              <lines>
                <line number="79" hits="2" branch="False" />
                <line number="80" hits="2" branch="False" />
                <line number="81" hits="2" branch="True" condition-coverage="100% (2/2)">
                  <conditions>
                    <condition number="185" type="jump" coverage="100%" />
                  </conditions>
                </line>
                <line number="82" hits="2" branch="False" />
              </lines>
            </method>
          </methods>
          <lines>
            <line number="79" hits="2" branch="False" />
            <line number="80" hits="2" branch="False" />
            <line number="81" hits="2" branch="True" condition-coverage="100% (2/2)">
              <conditions>
                <condition number="185" type="jump" coverage="100%" />
              </conditions>
            </line>
            <line number="82" hits="2" branch="False" />
          </lines>
        </class>
      </classes>
    </package>
  </packages>
</coverage>