{"F:\\Development\\openresto\\openresto-frontend\\api\\admin.ts": {"path":"F:\\Development\\openresto\\openresto-frontend\\api\\admin.ts","statementMap":{"0":{"start":{"line":55,"column":2},"end":{"line":62,"column":3}},"1":{"start":{"line":56,"column":16},"end":{"line":56,"column":44}},"2":{"start":{"line":57,"column":4},"end":{"line":57,"column":61}},"3":{"start":{"line":57,"column":17},"end":{"line":57,"column":61}},"4":{"start":{"line":58,"column":4},"end":{"line":58,"column":28}},"5":{"start":{"line":60,"column":4},"end":{"line":60,"column":50}},"6":{"start":{"line":61,"column":4},"end":{"line":61,"column":16}},"7":{"start":{"line":74,"column":2},"end":{"line":86,"column":3}},"8":{"start":{"line":75,"column":19},"end":{"line":75,"column":40}},"9":{"start":{"line":76,"column":4},"end":{"line":76,"column":79}},"10":{"start":{"line":76,"column":30},"end":{"line":76,"column":79}},"11":{"start":{"line":77,"column":4},"end":{"line":77,"column":39}},"12":{"start":{"line":77,"column":14},"end":{"line":77,"column":39}},"13":{"start":{"line":78,"column":4},"end":{"line":78,"column":58}},"14":{"start":{"line":78,"column":29},"end":{"line":78,"column":58}},"15":{"start":{"line":79,"column":18},"end":{"line":79,"column":55}},"16":{"start":{"line":80,"column":16},"end":{"line":80,"column":52}},"17":{"start":{"line":81,"column":4},"end":{"line":81,"column":67}},"18":{"start":{"line":81,"column":17},"end":{"line":81,"column":67}},"19":{"start":{"line":82,"column":4},"end":{"line":82,"column":28}},"20":{"start":{"line":84,"column":4},"end":{"line":84,"column":50}},"21":{"start":{"line":85,"column":4},"end":{"line":85,"column":14}},"22":{"start":{"line":90,"column":2},"end":{"line":97,"column":3}},"23":{"start":{"line":91,"column":16},"end":{"line":91,"column":50}},"24":{"start":{"line":92,"column":4},"end":{"line":92,"column":29}},"25":{"start":{"line":92,"column":17},"end":{"line":92,"column":29}},"26":{"start":{"line":93,"column":4},"end":{"line":93,"column":28}},"27":{"start":{"line":95,"column":4},"end":{"line":95,"column":49}},"28":{"start":{"line":96,"column":4},"end":{"line":96,"column":16}},"29":{"start":{"line":103,"column":14},"end":{"line":103,"column":48}},"30":{"start":{"line":105,"column":2},"end":{"line":108,"column":3}},"31":{"start":{"line":106,"column":17},"end":{"line":106,"column":51}},"32":{"start":{"line":106,"column":47},"end":{"line":106,"column":49}},"33":{"start":{"line":107,"column":4},"end":{"line":107,"column":82}},"34":{"start":{"line":110,"column":2},"end":{"line":110,"column":59}},"35":{"start":{"line":110,"column":15},"end":{"line":110,"column":59}},"36":{"start":{"line":111,"column":2},"end":{"line":111,"column":26}},"37":{"start":{"line":118,"column":2},"end":{"line":125,"column":3}},"38":{"start":{"line":119,"column":16},"end":{"line":119,"column":57}},"39":{"start":{"line":120,"column":4},"end":{"line":120,"column":61}},"40":{"start":{"line":120,"column":17},"end":{"line":120,"column":61}},"41":{"start":{"line":121,"column":4},"end":{"line":121,"column":28}},"42":{"start":{"line":123,"column":4},"end":{"line":123,"column":52}},"43":{"start":{"line":124,"column":4},"end":{"line":124,"column":16}},"44":{"start":{"line":132,"column":2},"end":{"line":139,"column":3}},"45":{"start":{"line":133,"column":16},"end":{"line":133,"column":71}},"46":{"start":{"line":134,"column":4},"end":{"line":134,"column":61}},"47":{"start":{"line":134,"column":17},"end":{"line":134,"column":61}},"48":{"start":{"line":135,"column":4},"end":{"line":135,"column":28}},"49":{"start":{"line":137,"column":4},"end":{"line":137,"column":52}},"50":{"start":{"line":138,"column":4},"end":{"line":138,"column":16}},"51":{"start":{"line":143,"column":2},"end":{"line":149,"column":3}},"52":{"start":{"line":144,"column":16},"end":{"line":144,"column":50}},"53":{"start":{"line":145,"column":4},"end":{"line":145,"column":18}},"54":{"start":{"line":147,"column":4},"end":{"line":147,"column":52}},"55":{"start":{"line":148,"column":4},"end":{"line":148,"column":17}},"56":{"start":{"line":153,"column":2},"end":{"line":159,"column":3}},"57":{"start":{"line":154,"column":16},"end":{"line":154,"column":56}},"58":{"start":{"line":155,"column":4},"end":{"line":155,"column":18}},"59":{"start":{"line":157,"column":4},"end":{"line":157,"column":51}},"60":{"start":{"line":158,"column":4},"end":{"line":158,"column":17}},"61":{"start":{"line":167,"column":2},"end":{"line":174,"column":3}},"62":{"start":{"line":168,"column":16},"end":{"line":168,"column":53}},"63":{"start":{"line":169,"column":4},"end":{"line":169,"column":64}},"64":{"start":{"line":169,"column":17},"end":{"line":169,"column":64}},"65":{"start":{"line":170,"column":4},"end":{"line":170,"column":28}},"66":{"start":{"line":172,"column":4},"end":{"line":172,"column":55}},"67":{"start":{"line":173,"column":4},"end":{"line":173,"column":16}},"68":{"start":{"line":178,"column":2},"end":{"line":184,"column":3}},"69":{"start":{"line":179,"column":16},"end":{"line":179,"column":53}},"70":{"start":{"line":180,"column":4},"end":{"line":180,"column":18}},"71":{"start":{"line":182,"column":4},"end":{"line":182,"column":55}},"72":{"start":{"line":183,"column":4},"end":{"line":183,"column":17}},"73":{"start":{"line":196,"column":2},"end":{"line":203,"column":3}},"74":{"start":{"line":197,"column":16},"end":{"line":197,"column":70}},"75":{"start":{"line":198,"column":4},"end":{"line":198,"column":27}},"76":{"start":{"line":198,"column":17},"end":{"line":198,"column":27}},"77":{"start":{"line":199,"column":4},"end":{"line":199,"column":28}},"78":{"start":{"line":201,"column":4},"end":{"line":201,"column":48}},"79":{"start":{"line":202,"column":4},"end":{"line":202,"column":14}},"80":{"start":{"line":220,"column":2},"end":{"line":233,"column":3}},"81":{"start":{"line":221,"column":16},"end":{"line":221,"column":50}},"82":{"start":{"line":222,"column":4},"end":{"line":222,"column":35}},"83":{"start":{"line":222,"column":17},"end":{"line":222,"column":35}},"84":{"start":{"line":223,"column":4},"end":{"line":223,"column":28}},"85":{"start":{"line":225,"column":4},"end":{"line":232,"column":6}},"86":{"start":{"line":239,"column":2},"end":{"line":244,"column":3}},"87":{"start":{"line":240,"column":16},"end":{"line":240,"column":57}},"88":{"start":{"line":241,"column":4},"end":{"line":241,"column":28}},"89":{"start":{"line":243,"column":4},"end":{"line":243,"column":16}},"90":{"start":{"line":248,"column":2},"end":{"line":254,"column":3}},"91":{"start":{"line":249,"column":16},"end":{"line":249,"column":56}},"92":{"start":{"line":250,"column":17},"end":{"line":250,"column":33}},"93":{"start":{"line":251,"column":4},"end":{"line":251,"column":49}},"94":{"start":{"line":253,"column":4},"end":{"line":253,"column":52}},"95":{"start":{"line":269,"column":2},"end":{"line":278,"column":3}},"96":{"start":{"line":270,"column":16},"end":{"line":270,"column":42}},"97":{"start":{"line":271,"column":4},"end":{"line":274,"column":5}},"98":{"start":{"line":272,"column":18},"end":{"line":272,"column":52}},"99":{"start":{"line":272,"column":47},"end":{"line":272,"column":51}},"100":{"start":{"line":273,"column":6},"end":{"line":273,"column":60}},"101":{"start":{"line":275,"column":4},"end":{"line":275,"column":28}},"102":{"start":{"line":277,"column":4},"end":{"line":277,"column":16}}},"fnMap":{"0":{"name":"getAdminOverview","decl":{"start":{"line":54,"column":22},"end":{"line":54,"column":38}},"loc":{"start":{"line":54,"column":75},"end":{"line":63,"column":1}},"line":54},"1":{"name":"getAdminBookings","decl":{"start":{"line":69,"column":22},"end":{"line":69,"column":38}},"loc":{"start":{"line":73,"column":31},"end":{"line":87,"column":1}},"line":73},"2":{"name":"getAdminBooking","decl":{"start":{"line":89,"column":22},"end":{"line":89,"column":37}},"loc":{"start":{"line":89,"column":84},"end":{"line":98,"column":1}},"line":89},"3":{"name":"adminCreateBooking","decl":{"start":{"line":100,"column":22},"end":{"line":100,"column":40}},"loc":{"start":{"line":102,"column":36},"end":{"line":112,"column":1}},"line":102},"4":{"name":"(anonymous_4)","decl":{"start":{"line":106,"column":40},"end":{"line":106,"column":41}},"loc":{"start":{"line":106,"column":47},"end":{"line":106,"column":49}},"line":106},"5":{"name":"adminUpdateBooking","decl":{"start":{"line":114,"column":22},"end":{"line":114,"column":40}},"loc":{"start":{"line":117,"column":36},"end":{"line":126,"column":1}},"line":117},"6":{"name":"adminExtendBooking","decl":{"start":{"line":128,"column":22},"end":{"line":128,"column":40}},"loc":{"start":{"line":131,"column":39},"end":{"line":140,"column":1}},"line":131},"7":{"name":"adminDeleteBooking","decl":{"start":{"line":142,"column":22},"end":{"line":142,"column":40}},"loc":{"start":{"line":142,"column":71},"end":{"line":150,"column":1}},"line":142},"8":{"name":"adminPurgeBooking","decl":{"start":{"line":152,"column":22},"end":{"line":152,"column":39}},"loc":{"start":{"line":152,"column":70},"end":{"line":160,"column":1}},"line":152},"9":{"name":"adminCreateRestaurant","decl":{"start":{"line":164,"column":22},"end":{"line":164,"column":43}},"loc":{"start":{"line":166,"column":66},"end":{"line":175,"column":1}},"line":166},"10":{"name":"adminDeleteRestaurant","decl":{"start":{"line":177,"column":22},"end":{"line":177,"column":43}},"loc":{"start":{"line":177,"column":74},"end":{"line":185,"column":1}},"line":177},"11":{"name":"adminGetTables","decl":{"start":{"line":195,"column":22},"end":{"line":195,"column":36}},"loc":{"start":{"line":195,"column":89},"end":{"line":204,"column":1}},"line":195},"12":{"name":"getEmailSettings","decl":{"start":{"line":219,"column":22},"end":{"line":219,"column":38}},"loc":{"start":{"line":219,"column":68},"end":{"line":234,"column":1}},"line":219},"13":{"name":"saveEmailSettings","decl":{"start":{"line":236,"column":22},"end":{"line":236,"column":39}},"loc":{"start":{"line":238,"column":39},"end":{"line":245,"column":1}},"line":238},"14":{"name":"testEmailConnection","decl":{"start":{"line":247,"column":22},"end":{"line":247,"column":41}},"loc":{"start":{"line":247,"column":87},"end":{"line":255,"column":1}},"line":247},"15":{"name":"saveBrandSettings","decl":{"start":{"line":266,"column":22},"end":{"line":266,"column":39}},"loc":{"start":{"line":268,"column":39},"end":{"line":279,"column":1}},"line":268},"16":{"name":"(anonymous_16)","decl":{"start":{"line":272,"column":41},"end":{"line":272,"column":42}},"loc":{"start":{"line":272,"column":47},"end":{"line":272,"column":51}},"line":272}},"branchMap":{"0":{"loc":{"start":{"line":57,"column":4},"end":{"line":57,"column":61}},"type":"if","locations":[{"start":{"line":57,"column":4},"end":{"line":57,"column":61}},{"start":{},"end":{}}],"line":57},"1":{"loc":{"start":{"line":72,"column":2},"end":{"line":72,"column":40}},"type":"default-arg","locations":[{"start":{"line":72,"column":32},"end":{"line":72,"column":40}}],"line":72},"2":{"loc":{"start":{"line":76,"column":4},"end":{"line":76,"column":79}},"type":"if","locations":[{"start":{"line":76,"column":4},"end":{"line":76,"column":79}},{"start":{},"end":{}}],"line":76},"3":{"loc":{"start":{"line":77,"column":4},"end":{"line":77,"column":39}},"type":"if","locations":[{"start":{"line":77,"column":4},"end":{"line":77,"column":39}},{"start":{},"end":{}}],"line":77},"4":{"loc":{"start":{"line":78,"column":4},"end":{"line":78,"column":58}},"type":"if","locations":[{"start":{"line":78,"column":4},"end":{"line":78,"column":58}},{"start":{},"end":{}}],"line":78},"5":{"loc":{"start":{"line":79,"column":18},"end":{"line":79,"column":55}},"type":"cond-expr","locations":[{"start":{"line":79,"column":38},"end":{"line":79,"column":50}},{"start":{"line":79,"column":53},"end":{"line":79,"column":55}}],"line":79},"6":{"loc":{"start":{"line":81,"column":4},"end":{"line":81,"column":67}},"type":"if","locations":[{"start":{"line":81,"column":4},"end":{"line":81,"column":67}},{"start":{},"end":{}}],"line":81},"7":{"loc":{"start":{"line":92,"column":4},"end":{"line":92,"column":29}},"type":"if","locations":[{"start":{"line":92,"column":4},"end":{"line":92,"column":29}},{"start":{},"end":{}}],"line":92},"8":{"loc":{"start":{"line":105,"column":2},"end":{"line":108,"column":3}},"type":"if","locations":[{"start":{"line":105,"column":2},"end":{"line":108,"column":3}},{"start":{},"end":{}}],"line":105},"9":{"loc":{"start":{"line":107,"column":20},"end":{"line":107,"column":80}},"type":"binary-expr","locations":[{"start":{"line":107,"column":20},"end":{"line":107,"column":32}},{"start":{"line":107,"column":36},"end":{"line":107,"column":80}}],"line":107},"10":{"loc":{"start":{"line":110,"column":2},"end":{"line":110,"column":59}},"type":"if","locations":[{"start":{"line":110,"column":2},"end":{"line":110,"column":59}},{"start":{},"end":{}}],"line":110},"11":{"loc":{"start":{"line":120,"column":4},"end":{"line":120,"column":61}},"type":"if","locations":[{"start":{"line":120,"column":4},"end":{"line":120,"column":61}},{"start":{},"end":{}}],"line":120},"12":{"loc":{"start":{"line":134,"column":4},"end":{"line":134,"column":61}},"type":"if","locations":[{"start":{"line":134,"column":4},"end":{"line":134,"column":61}},{"start":{},"end":{}}],"line":134},"13":{"loc":{"start":{"line":169,"column":4},"end":{"line":169,"column":64}},"type":"if","locations":[{"start":{"line":169,"column":4},"end":{"line":169,"column":64}},{"start":{},"end":{}}],"line":169},"14":{"loc":{"start":{"line":198,"column":4},"end":{"line":198,"column":27}},"type":"if","locations":[{"start":{"line":198,"column":4},"end":{"line":198,"column":27}},{"start":{},"end":{}}],"line":198},"15":{"loc":{"start":{"line":222,"column":4},"end":{"line":222,"column":35}},"type":"if","locations":[{"start":{"line":222,"column":4},"end":{"line":222,"column":35}},{"start":{},"end":{}}],"line":222},"16":{"loc":{"start":{"line":271,"column":4},"end":{"line":274,"column":5}},"type":"if","locations":[{"start":{"line":271,"column":4},"end":{"line":274,"column":5}},{"start":{},"end":{}}],"line":271},"17":{"loc":{"start":{"line":273,"column":24},"end":{"line":273,"column":57}},"type":"binary-expr","locations":[{"start":{"line":273,"column":24},"end":{"line":273,"column":36}},{"start":{"line":273,"column":40},"end":{"line":273,"column":57}}],"line":273}},"s":{"0":3,"1":3,"2":2,"3":1,"4":1,"5":2,"6":2,"7":5,"8":5,"9":5,"10":2,"11":5,"12":1,"13":5,"14":1,"15":5,"16":5,"17":4,"18":1,"19":3,"20":2,"21":2,"22":3,"23":3,"24":2,"25":1,"26":1,"27":1,"28":1,"29":4,"30":4,"31":2,"32":1,"33":2,"34":2,"35":1,"36":1,"37":2,"38":2,"39":2,"40":1,"41":1,"42":1,"43":1,"44":2,"45":2,"46":2,"47":1,"48":1,"49":1,"50":1,"51":3,"52":3,"53":2,"54":1,"55":1,"56":3,"57":3,"58":2,"59":1,"60":1,"61":2,"62":2,"63":2,"64":1,"65":1,"66":1,"67":1,"68":2,"69":2,"70":2,"71":0,"72":0,"73":3,"74":3,"75":2,"76":1,"77":1,"78":1,"79":1,"80":2,"81":2,"82":2,"83":1,"84":1,"85":1,"86":2,"87":2,"88":1,"89":1,"90":3,"91":3,"92":2,"93":2,"94":1,"95":4,"96":4,"97":3,"98":2,"99":1,"100":2,"101":1,"102":1},"f":{"0":3,"1":5,"2":3,"3":4,"4":1,"5":2,"6":2,"7":3,"8":3,"9":2,"10":2,"11":3,"12":2,"13":2,"14":3,"15":4,"16":1},"b":{"0":[1,1],"1":[4],"2":[2,3],"3":[1,4],"4":[1,4],"5":[2,3],"6":[1,3],"7":[1,1],"8":[2,2],"9":[2,1],"10":[1,1],"11":[1,1],"12":[1,1],"13":[1,1],"14":[1,1],"15":[1,1],"16":[2,1],"17":[2,1]},"_coverageSchema":"1a1c01bbd47fc00a2c39e90264f33305004495a9","hash":"d382bbcf2e0cdd1cc2db3df704fd47728edb16e2"}
,"F:\\Development\\openresto\\openresto-frontend\\api\\auth.ts": {"path":"F:\\Development\\openresto\\openresto-frontend\\api\\auth.ts","statementMap":{"0":{"start":{"line":6,"column":2},"end":{"line":13,"column":3}},"1":{"start":{"line":7,"column":16},"end":{"line":7,"column":68}},"2":{"start":{"line":8,"column":4},"end":{"line":8,"column":29}},"3":{"start":{"line":8,"column":17},"end":{"line":8,"column":29}},"4":{"start":{"line":9,"column":4},"end":{"line":9,"column":28}},"5":{"start":{"line":11,"column":4},"end":{"line":11,"column":39}},"6":{"start":{"line":12,"column":4},"end":{"line":12,"column":16}},"7":{"start":{"line":17,"column":2},"end":{"line":21,"column":3}},"8":{"start":{"line":18,"column":4},"end":{"line":18,"column":37}},"9":{"start":{"line":27,"column":2},"end":{"line":33,"column":3}},"10":{"start":{"line":28,"column":16},"end":{"line":28,"column":43}},"11":{"start":{"line":29,"column":4},"end":{"line":29,"column":29}},"12":{"start":{"line":29,"column":17},"end":{"line":29,"column":29}},"13":{"start":{"line":30,"column":4},"end":{"line":30,"column":28}},"14":{"start":{"line":32,"column":4},"end":{"line":32,"column":16}},"15":{"start":{"line":42,"column":2},"end":{"line":48,"column":3}},"16":{"start":{"line":43,"column":16},"end":{"line":43,"column":91}},"17":{"start":{"line":44,"column":17},"end":{"line":44,"column":51}},"18":{"start":{"line":44,"column":47},"end":{"line":44,"column":49}},"19":{"start":{"line":45,"column":4},"end":{"line":45,"column":91}},"20":{"start":{"line":47,"column":4},"end":{"line":47,"column":52}},"21":{"start":{"line":59,"column":2},"end":{"line":65,"column":3}},"22":{"start":{"line":60,"column":16},"end":{"line":60,"column":69}},"23":{"start":{"line":61,"column":4},"end":{"line":61,"column":29}},"24":{"start":{"line":61,"column":17},"end":{"line":61,"column":29}},"25":{"start":{"line":62,"column":4},"end":{"line":62,"column":28}},"26":{"start":{"line":64,"column":4},"end":{"line":64,"column":16}},"27":{"start":{"line":72,"column":2},"end":{"line":78,"column":3}},"28":{"start":{"line":73,"column":16},"end":{"line":73,"column":73}},"29":{"start":{"line":74,"column":17},"end":{"line":74,"column":51}},"30":{"start":{"line":74,"column":47},"end":{"line":74,"column":49}},"31":{"start":{"line":75,"column":4},"end":{"line":75,"column":83}},"32":{"start":{"line":77,"column":4},"end":{"line":77,"column":52}},"33":{"start":{"line":86,"column":2},"end":{"line":92,"column":3}},"34":{"start":{"line":87,"column":16},"end":{"line":87,"column":71}},"35":{"start":{"line":88,"column":4},"end":{"line":88,"column":29}},"36":{"start":{"line":88,"column":17},"end":{"line":88,"column":29}},"37":{"start":{"line":89,"column":4},"end":{"line":89,"column":28}},"38":{"start":{"line":91,"column":4},"end":{"line":91,"column":16}},"39":{"start":{"line":100,"column":2},"end":{"line":106,"column":3}},"40":{"start":{"line":101,"column":16},"end":{"line":101,"column":85}},"41":{"start":{"line":102,"column":17},"end":{"line":102,"column":51}},"42":{"start":{"line":102,"column":47},"end":{"line":102,"column":49}},"43":{"start":{"line":103,"column":4},"end":{"line":103,"column":83}},"44":{"start":{"line":105,"column":4},"end":{"line":105,"column":52}}},"fnMap":{"0":{"name":"login","decl":{"start":{"line":5,"column":22},"end":{"line":5,"column":27}},"loc":{"start":{"line":5,"column":98},"end":{"line":14,"column":1}},"line":5},"1":{"name":"logout","decl":{"start":{"line":16,"column":22},"end":{"line":16,"column":28}},"loc":{"start":{"line":16,"column":46},"end":{"line":22,"column":1}},"line":16},"2":{"name":"checkSession","decl":{"start":{"line":26,"column":22},"end":{"line":26,"column":34}},"loc":{"start":{"line":26,"column":72},"end":{"line":34,"column":1}},"line":26},"3":{"name":"changePassword","decl":{"start":{"line":38,"column":22},"end":{"line":38,"column":36}},"loc":{"start":{"line":41,"column":45},"end":{"line":49,"column":1}},"line":41},"4":{"name":"(anonymous_4)","decl":{"start":{"line":44,"column":40},"end":{"line":44,"column":41}},"loc":{"start":{"line":44,"column":47},"end":{"line":44,"column":49}},"line":44},"5":{"name":"getPvqStatus","decl":{"start":{"line":58,"column":22},"end":{"line":58,"column":34}},"loc":{"start":{"line":58,"column":64},"end":{"line":66,"column":1}},"line":58},"6":{"name":"setupPvq","decl":{"start":{"line":68,"column":22},"end":{"line":68,"column":30}},"loc":{"start":{"line":71,"column":45},"end":{"line":79,"column":1}},"line":71},"7":{"name":"(anonymous_7)","decl":{"start":{"line":74,"column":40},"end":{"line":74,"column":41}},"loc":{"start":{"line":74,"column":47},"end":{"line":74,"column":49}},"line":74},"8":{"name":"verifyPvq","decl":{"start":{"line":82,"column":22},"end":{"line":82,"column":31}},"loc":{"start":{"line":85,"column":42},"end":{"line":93,"column":1}},"line":85},"9":{"name":"resetPassword","decl":{"start":{"line":96,"column":22},"end":{"line":96,"column":35}},"loc":{"start":{"line":99,"column":45},"end":{"line":107,"column":1}},"line":99},"10":{"name":"(anonymous_10)","decl":{"start":{"line":102,"column":40},"end":{"line":102,"column":41}},"loc":{"start":{"line":102,"column":47},"end":{"line":102,"column":49}},"line":102}},"branchMap":{"0":{"loc":{"start":{"line":8,"column":4},"end":{"line":8,"column":29}},"type":"if","locations":[{"start":{"line":8,"column":4},"end":{"line":8,"column":29}},{"start":{},"end":{}}],"line":8},"1":{"loc":{"start":{"line":29,"column":4},"end":{"line":29,"column":29}},"type":"if","locations":[{"start":{"line":29,"column":4},"end":{"line":29,"column":29}},{"start":{},"end":{}}],"line":29},"2":{"loc":{"start":{"line":45,"column":34},"end":{"line":45,"column":88}},"type":"binary-expr","locations":[{"start":{"line":45,"column":34},"end":{"line":45,"column":46}},{"start":{"line":45,"column":51},"end":{"line":45,"column":87}}],"line":45},"3":{"loc":{"start":{"line":45,"column":51},"end":{"line":45,"column":87}},"type":"cond-expr","locations":[{"start":{"line":45,"column":60},"end":{"line":45,"column":67}},{"start":{"line":45,"column":70},"end":{"line":45,"column":87}}],"line":45},"4":{"loc":{"start":{"line":61,"column":4},"end":{"line":61,"column":29}},"type":"if","locations":[{"start":{"line":61,"column":4},"end":{"line":61,"column":29}},{"start":{},"end":{}}],"line":61},"5":{"loc":{"start":{"line":75,"column":34},"end":{"line":75,"column":80}},"type":"binary-expr","locations":[{"start":{"line":75,"column":34},"end":{"line":75,"column":46}},{"start":{"line":75,"column":51},"end":{"line":75,"column":79}}],"line":75},"6":{"loc":{"start":{"line":75,"column":51},"end":{"line":75,"column":79}},"type":"cond-expr","locations":[{"start":{"line":75,"column":60},"end":{"line":75,"column":67}},{"start":{"line":75,"column":70},"end":{"line":75,"column":79}}],"line":75},"7":{"loc":{"start":{"line":88,"column":4},"end":{"line":88,"column":29}},"type":"if","locations":[{"start":{"line":88,"column":4},"end":{"line":88,"column":29}},{"start":{},"end":{}}],"line":88},"8":{"loc":{"start":{"line":103,"column":34},"end":{"line":103,"column":80}},"type":"binary-expr","locations":[{"start":{"line":103,"column":34},"end":{"line":103,"column":46}},{"start":{"line":103,"column":51},"end":{"line":103,"column":79}}],"line":103},"9":{"loc":{"start":{"line":103,"column":51},"end":{"line":103,"column":79}},"type":"cond-expr","locations":[{"start":{"line":103,"column":60},"end":{"line":103,"column":67}},{"start":{"line":103,"column":70},"end":{"line":103,"column":79}}],"line":103}},"s":{"0":3,"1":3,"2":2,"3":1,"4":1,"5":1,"6":1,"7":2,"8":2,"9":3,"10":3,"11":2,"12":1,"13":1,"14":1,"15":3,"16":3,"17":2,"18":0,"19":2,"20":1,"21":2,"22":2,"23":2,"24":1,"25":1,"26":0,"27":2,"28":2,"29":1,"30":0,"31":1,"32":1,"33":2,"34":2,"35":2,"36":1,"37":1,"38":0,"39":3,"40":3,"41":2,"42":0,"43":2,"44":1},"f":{"0":3,"1":2,"2":3,"3":3,"4":0,"5":2,"6":2,"7":0,"8":2,"9":3,"10":0},"b":{"0":[1,1],"1":[1,1],"2":[2,0],"3":[0,0],"4":[1,1],"5":[1,0],"6":[0,0],"7":[1,1],"8":[2,0],"9":[0,0]},"_coverageSchema":"1a1c01bbd47fc00a2c39e90264f33305004495a9","hash":"7c5d715485ce2565692c2fc284017b29c5747561"}
,"F:\\Development\\openresto\\openresto-frontend\\api\\bookings.ts": {"path":"F:\\Development\\openresto\\openresto-frontend\\api\\bookings.ts","statementMap":{"0":{"start":{"line":28,"column":14},"end":{"line":28,"column":46}},"1":{"start":{"line":30,"column":2},"end":{"line":33,"column":3}},"2":{"start":{"line":31,"column":17},"end":{"line":31,"column":51}},"3":{"start":{"line":31,"column":47},"end":{"line":31,"column":49}},"4":{"start":{"line":32,"column":4},"end":{"line":32,"column":74}},"5":{"start":{"line":35,"column":2},"end":{"line":35,"column":59}},"6":{"start":{"line":35,"column":15},"end":{"line":35,"column":59}},"7":{"start":{"line":36,"column":2},"end":{"line":36,"column":26}},"8":{"start":{"line":40,"column":2},"end":{"line":47,"column":3}},"9":{"start":{"line":41,"column":16},"end":{"line":41,"column":44}},"10":{"start":{"line":42,"column":4},"end":{"line":42,"column":60}},"11":{"start":{"line":42,"column":17},"end":{"line":42,"column":60}},"12":{"start":{"line":43,"column":4},"end":{"line":43,"column":28}},"13":{"start":{"line":45,"column":4},"end":{"line":45,"column":48}},"14":{"start":{"line":46,"column":4},"end":{"line":46,"column":16}},"15":{"start":{"line":54,"column":2},"end":{"line":61,"column":3}},"16":{"start":{"line":55,"column":16},"end":{"line":55,"column":91}},"17":{"start":{"line":56,"column":4},"end":{"line":56,"column":60}},"18":{"start":{"line":56,"column":17},"end":{"line":56,"column":60}},"19":{"start":{"line":57,"column":4},"end":{"line":57,"column":28}},"20":{"start":{"line":59,"column":4},"end":{"line":59,"column":49}},"21":{"start":{"line":60,"column":4},"end":{"line":60,"column":16}},"22":{"start":{"line":65,"column":2},"end":{"line":72,"column":3}},"23":{"start":{"line":66,"column":16},"end":{"line":66,"column":65}},"24":{"start":{"line":67,"column":4},"end":{"line":67,"column":61}},"25":{"start":{"line":67,"column":17},"end":{"line":67,"column":61}},"26":{"start":{"line":68,"column":4},"end":{"line":68,"column":28}},"27":{"start":{"line":70,"column":4},"end":{"line":70,"column":57}},"28":{"start":{"line":71,"column":4},"end":{"line":71,"column":14}},"29":{"start":{"line":76,"column":2},"end":{"line":82,"column":3}},"30":{"start":{"line":77,"column":16},"end":{"line":77,"column":44}},"31":{"start":{"line":78,"column":4},"end":{"line":78,"column":18}},"32":{"start":{"line":80,"column":4},"end":{"line":80,"column":47}},"33":{"start":{"line":81,"column":4},"end":{"line":81,"column":17}}},"fnMap":{"0":{"name":"createBooking","decl":{"start":{"line":27,"column":22},"end":{"line":27,"column":35}},"loc":{"start":{"line":27,"column":93},"end":{"line":37,"column":1}},"line":27},"1":{"name":"(anonymous_1)","decl":{"start":{"line":31,"column":40},"end":{"line":31,"column":41}},"loc":{"start":{"line":31,"column":47},"end":{"line":31,"column":49}},"line":31},"2":{"name":"getBookingById","decl":{"start":{"line":39,"column":22},"end":{"line":39,"column":36}},"loc":{"start":{"line":39,"column":77},"end":{"line":48,"column":1}},"line":39},"3":{"name":"getBookingByRef","decl":{"start":{"line":50,"column":22},"end":{"line":50,"column":37}},"loc":{"start":{"line":53,"column":30},"end":{"line":62,"column":1}},"line":53},"4":{"name":"getBookingsByRestaurant","decl":{"start":{"line":64,"column":22},"end":{"line":64,"column":45}},"loc":{"start":{"line":64,"column":91},"end":{"line":73,"column":1}},"line":64},"5":{"name":"deleteBooking","decl":{"start":{"line":75,"column":22},"end":{"line":75,"column":35}},"loc":{"start":{"line":75,"column":66},"end":{"line":83,"column":1}},"line":75}},"branchMap":{"0":{"loc":{"start":{"line":30,"column":2},"end":{"line":33,"column":3}},"type":"if","locations":[{"start":{"line":30,"column":2},"end":{"line":33,"column":3}},{"start":{},"end":{}}],"line":30},"1":{"loc":{"start":{"line":32,"column":20},"end":{"line":32,"column":72}},"type":"binary-expr","locations":[{"start":{"line":32,"column":20},"end":{"line":32,"column":32}},{"start":{"line":32,"column":36},"end":{"line":32,"column":72}}],"line":32},"2":{"loc":{"start":{"line":35,"column":2},"end":{"line":35,"column":59}},"type":"if","locations":[{"start":{"line":35,"column":2},"end":{"line":35,"column":59}},{"start":{},"end":{}}],"line":35},"3":{"loc":{"start":{"line":42,"column":4},"end":{"line":42,"column":60}},"type":"if","locations":[{"start":{"line":42,"column":4},"end":{"line":42,"column":60}},{"start":{},"end":{}}],"line":42},"4":{"loc":{"start":{"line":56,"column":4},"end":{"line":56,"column":60}},"type":"if","locations":[{"start":{"line":56,"column":4},"end":{"line":56,"column":60}},{"start":{},"end":{}}],"line":56},"5":{"loc":{"start":{"line":67,"column":4},"end":{"line":67,"column":61}},"type":"if","locations":[{"start":{"line":67,"column":4},"end":{"line":67,"column":61}},{"start":{},"end":{}}],"line":67}},"s":{"0":4,"1":4,"2":2,"3":1,"4":2,"5":2,"6":1,"7":1,"8":3,"9":3,"10":2,"11":1,"12":1,"13":2,"14":2,"15":3,"16":3,"17":2,"18":1,"19":1,"20":2,"21":2,"22":3,"23":3,"24":2,"25":1,"26":1,"27":2,"28":2,"29":3,"30":3,"31":2,"32":1,"33":1},"f":{"0":4,"1":1,"2":3,"3":3,"4":3,"5":3},"b":{"0":[2,2],"1":[2,1],"2":[1,1],"3":[1,1],"4":[1,1],"5":[1,1]},"_coverageSchema":"1a1c01bbd47fc00a2c39e90264f33305004495a9","hash":"c0317e5f31a244cc45d8b741f2f8a13abfb48d75"}
,"F:\\Development\\openresto\\openresto-frontend\\api\\client.ts": {"path":"F:\\Development\\openresto\\openresto-frontend\\api\\client.ts","statementMap":{"0":{"start":{"line":8,"column":16},"end":{"line":8,"column":47}},"1":{"start":{"line":11,"column":15},"end":{"line":11,"column":48}},"2":{"start":{"line":12,"column":2},"end":{"line":12,"column":34}},"3":{"start":{"line":12,"column":13},"end":{"line":12,"column":34}},"4":{"start":{"line":13,"column":2},"end":{"line":13,"column":73}},"5":{"start":{"line":36,"column":42},"end":{"line":36,"column":61}},"6":{"start":{"line":39,"column":2},"end":{"line":42,"column":3}},"7":{"start":{"line":40,"column":4},"end":{"line":40,"column":49}},"8":{"start":{"line":41,"column":4},"end":{"line":41,"column":40}},"9":{"start":{"line":44,"column":2},"end":{"line":49,"column":5}},"10":{"start":{"line":53,"column":19},"end":{"line":53,"column":82}},"11":{"start":{"line":53,"column":60},"end":{"line":53,"column":82}},"12":{"start":{"line":56,"column":20},"end":{"line":57,"column":38}},"13":{"start":{"line":57,"column":2},"end":{"line":57,"column":38}},"14":{"start":{"line":60,"column":19},"end":{"line":61,"column":37}},"15":{"start":{"line":61,"column":2},"end":{"line":61,"column":37}},"16":{"start":{"line":64,"column":21},"end":{"line":65,"column":39}},"17":{"start":{"line":65,"column":2},"end":{"line":65,"column":39}},"18":{"start":{"line":68,"column":19},"end":{"line":68,"column":85}},"19":{"start":{"line":68,"column":60},"end":{"line":68,"column":85}}},"fnMap":{"0":{"name":"buildUrl","decl":{"start":{"line":10,"column":16},"end":{"line":10,"column":24}},"loc":{"start":{"line":10,"column":47},"end":{"line":14,"column":1}},"line":10},"1":{"name":"api","decl":{"start":{"line":31,"column":22},"end":{"line":31,"column":25}},"loc":{"start":{"line":35,"column":21},"end":{"line":50,"column":1}},"line":35},"2":{"name":"(anonymous_2)","decl":{"start":{"line":53,"column":19},"end":{"line":53,"column":20}},"loc":{"start":{"line":53,"column":60},"end":{"line":53,"column":82}},"line":53},"3":{"name":"(anonymous_3)","decl":{"start":{"line":56,"column":20},"end":{"line":56,"column":21}},"loc":{"start":{"line":57,"column":2},"end":{"line":57,"column":38}},"line":57},"4":{"name":"(anonymous_4)","decl":{"start":{"line":60,"column":19},"end":{"line":60,"column":20}},"loc":{"start":{"line":61,"column":2},"end":{"line":61,"column":37}},"line":61},"5":{"name":"(anonymous_5)","decl":{"start":{"line":64,"column":21},"end":{"line":64,"column":22}},"loc":{"start":{"line":65,"column":2},"end":{"line":65,"column":39}},"line":65},"6":{"name":"(anonymous_6)","decl":{"start":{"line":68,"column":19},"end":{"line":68,"column":20}},"loc":{"start":{"line":68,"column":60},"end":{"line":68,"column":85}},"line":68}},"branchMap":{"0":{"loc":{"start":{"line":11,"column":15},"end":{"line":11,"column":48}},"type":"binary-expr","locations":[{"start":{"line":11,"column":15},"end":{"line":11,"column":42}},{"start":{"line":11,"column":46},"end":{"line":11,"column":48}}],"line":11},"1":{"loc":{"start":{"line":12,"column":2},"end":{"line":12,"column":34}},"type":"if","locations":[{"start":{"line":12,"column":2},"end":{"line":12,"column":34}},{"start":{},"end":{}}],"line":12},"2":{"loc":{"start":{"line":13,"column":9},"end":{"line":13,"column":72}},"type":"cond-expr","locations":[{"start":{"line":13,"column":33},"end":{"line":13,"column":49}},{"start":{"line":13,"column":52},"end":{"line":13,"column":72}}],"line":13},"3":{"loc":{"start":{"line":34,"column":2},"end":{"line":34,"column":27}},"type":"default-arg","locations":[{"start":{"line":34,"column":25},"end":{"line":34,"column":27}}],"line":34},"4":{"loc":{"start":{"line":39,"column":2},"end":{"line":42,"column":3}},"type":"if","locations":[{"start":{"line":39,"column":2},"end":{"line":42,"column":3}},{"start":{},"end":{}}],"line":39},"5":{"loc":{"start":{"line":48,"column":17},"end":{"line":48,"column":46}},"type":"binary-expr","locations":[{"start":{"line":48,"column":17},"end":{"line":48,"column":33}},{"start":{"line":48,"column":37},"end":{"line":48,"column":46}}],"line":48}},"s":{"0":7,"1":116,"2":116,"3":116,"4":0,"5":115,"6":115,"7":49,"8":49,"9":115,"10":7,"11":39,"12":7,"13":44,"14":7,"15":7,"16":7,"17":2,"18":7,"19":19},"f":{"0":116,"1":115,"2":39,"3":44,"4":7,"5":2,"6":19},"b":{"0":[116,116],"1":[116,0],"2":[0,0],"3":[58],"4":[49,66],"5":[115,112]},"_coverageSchema":"1a1c01bbd47fc00a2c39e90264f33305004495a9","hash":"e64144ee76fa1b294d8f3b1bc169a1988963b275"}
,"F:\\Development\\openresto\\openresto-frontend\\api\\holds.ts": {"path":"F:\\Development\\openresto\\openresto-frontend\\api\\holds.ts","statementMap":{"0":{"start":{"line":21,"column":2},"end":{"line":29,"column":3}},"1":{"start":{"line":22,"column":16},"end":{"line":22,"column":45}},"2":{"start":{"line":23,"column":4},"end":{"line":23,"column":40}},"3":{"start":{"line":23,"column":28},"end":{"line":23,"column":40}},"4":{"start":{"line":24,"column":4},"end":{"line":24,"column":57}},"5":{"start":{"line":24,"column":17},"end":{"line":24,"column":57}},"6":{"start":{"line":25,"column":4},"end":{"line":25,"column":28}},"7":{"start":{"line":27,"column":4},"end":{"line":27,"column":44}},"8":{"start":{"line":28,"column":4},"end":{"line":28,"column":16}},"9":{"start":{"line":37,"column":2},"end":{"line":41,"column":3}},"10":{"start":{"line":38,"column":4},"end":{"line":38,"column":34}}},"fnMap":{"0":{"name":"createHold","decl":{"start":{"line":20,"column":22},"end":{"line":20,"column":32}},"loc":{"start":{"line":20,"column":85},"end":{"line":30,"column":1}},"line":20},"1":{"name":"releaseHold","decl":{"start":{"line":36,"column":22},"end":{"line":36,"column":33}},"loc":{"start":{"line":36,"column":65},"end":{"line":42,"column":1}},"line":36}},"branchMap":{"0":{"loc":{"start":{"line":23,"column":4},"end":{"line":23,"column":40}},"type":"if","locations":[{"start":{"line":23,"column":4},"end":{"line":23,"column":40}},{"start":{},"end":{}}],"line":23},"1":{"loc":{"start":{"line":24,"column":4},"end":{"line":24,"column":57}},"type":"if","locations":[{"start":{"line":24,"column":4},"end":{"line":24,"column":57}},{"start":{},"end":{}}],"line":24}},"s":{"0":4,"1":4,"2":3,"3":1,"4":2,"5":1,"6":1,"7":2,"8":2,"9":2,"10":2},"f":{"0":4,"1":2},"b":{"0":[1,2],"1":[1,1]},"_coverageSchema":"1a1c01bbd47fc00a2c39e90264f33305004495a9","hash":"959c0a497078384fddb88b4a812f092fbb59995a"}
,"F:\\Development\\openresto\\openresto-frontend\\api\\restaurants.ts": {"path":"F:\\Development\\openresto\\openresto-frontend\\api\\restaurants.ts","statementMap":{"0":{"start":{"line":26,"column":2},"end":{"line":33,"column":3}},"1":{"start":{"line":27,"column":16},"end":{"line":27,"column":41}},"2":{"start":{"line":28,"column":4},"end":{"line":28,"column":64}},"3":{"start":{"line":28,"column":17},"end":{"line":28,"column":64}},"4":{"start":{"line":29,"column":4},"end":{"line":29,"column":28}},"5":{"start":{"line":31,"column":4},"end":{"line":31,"column":50}},"6":{"start":{"line":32,"column":4},"end":{"line":32,"column":14}},"7":{"start":{"line":37,"column":2},"end":{"line":44,"column":3}},"8":{"start":{"line":38,"column":16},"end":{"line":38,"column":47}},"9":{"start":{"line":39,"column":4},"end":{"line":39,"column":63}},"10":{"start":{"line":39,"column":17},"end":{"line":39,"column":63}},"11":{"start":{"line":40,"column":4},"end":{"line":40,"column":28}},"12":{"start":{"line":42,"column":4},"end":{"line":42,"column":53}},"13":{"start":{"line":43,"column":4},"end":{"line":43,"column":16}},"14":{"start":{"line":51,"column":2},"end":{"line":58,"column":3}},"15":{"start":{"line":52,"column":16},"end":{"line":52,"column":53}},"16":{"start":{"line":53,"column":4},"end":{"line":53,"column":64}},"17":{"start":{"line":53,"column":17},"end":{"line":53,"column":64}},"18":{"start":{"line":54,"column":4},"end":{"line":54,"column":28}},"19":{"start":{"line":56,"column":4},"end":{"line":56,"column":50}},"20":{"start":{"line":57,"column":4},"end":{"line":57,"column":16}},"21":{"start":{"line":64,"column":2},"end":{"line":71,"column":3}},"22":{"start":{"line":65,"column":16},"end":{"line":65,"column":77}},"23":{"start":{"line":66,"column":4},"end":{"line":66,"column":58}},"24":{"start":{"line":66,"column":17},"end":{"line":66,"column":58}},"25":{"start":{"line":67,"column":4},"end":{"line":67,"column":28}},"26":{"start":{"line":69,"column":4},"end":{"line":69,"column":44}},"27":{"start":{"line":70,"column":4},"end":{"line":70,"column":16}},"28":{"start":{"line":79,"column":2},"end":{"line":86,"column":3}},"29":{"start":{"line":80,"column":16},"end":{"line":80,"column":89}},"30":{"start":{"line":81,"column":4},"end":{"line":81,"column":61}},"31":{"start":{"line":81,"column":17},"end":{"line":81,"column":61}},"32":{"start":{"line":82,"column":4},"end":{"line":82,"column":28}},"33":{"start":{"line":84,"column":4},"end":{"line":84,"column":47}},"34":{"start":{"line":85,"column":4},"end":{"line":85,"column":16}},"35":{"start":{"line":90,"column":2},"end":{"line":96,"column":3}},"36":{"start":{"line":91,"column":16},"end":{"line":91,"column":79}},"37":{"start":{"line":92,"column":4},"end":{"line":92,"column":18}},"38":{"start":{"line":94,"column":4},"end":{"line":94,"column":47}},"39":{"start":{"line":95,"column":4},"end":{"line":95,"column":17}},"40":{"start":{"line":106,"column":2},"end":{"line":113,"column":3}},"41":{"start":{"line":107,"column":16},"end":{"line":107,"column":93}},"42":{"start":{"line":108,"column":4},"end":{"line":108,"column":56}},"43":{"start":{"line":108,"column":17},"end":{"line":108,"column":56}},"44":{"start":{"line":109,"column":4},"end":{"line":109,"column":28}},"45":{"start":{"line":111,"column":4},"end":{"line":111,"column":42}},"46":{"start":{"line":112,"column":4},"end":{"line":112,"column":16}},"47":{"start":{"line":122,"column":2},"end":{"line":132,"column":3}},"48":{"start":{"line":123,"column":16},"end":{"line":126,"column":5}},"49":{"start":{"line":127,"column":4},"end":{"line":127,"column":59}},"50":{"start":{"line":127,"column":17},"end":{"line":127,"column":59}},"51":{"start":{"line":128,"column":4},"end":{"line":128,"column":28}},"52":{"start":{"line":130,"column":4},"end":{"line":130,"column":45}},"53":{"start":{"line":131,"column":4},"end":{"line":131,"column":16}},"54":{"start":{"line":140,"column":2},"end":{"line":146,"column":3}},"55":{"start":{"line":141,"column":16},"end":{"line":141,"column":97}},"56":{"start":{"line":142,"column":4},"end":{"line":142,"column":18}},"57":{"start":{"line":144,"column":4},"end":{"line":144,"column":45}},"58":{"start":{"line":145,"column":4},"end":{"line":145,"column":17}}},"fnMap":{"0":{"name":"fetchRestaurants","decl":{"start":{"line":25,"column":22},"end":{"line":25,"column":38}},"loc":{"start":{"line":25,"column":67},"end":{"line":34,"column":1}},"line":25},"1":{"name":"fetchRestaurantById","decl":{"start":{"line":36,"column":22},"end":{"line":36,"column":41}},"loc":{"start":{"line":36,"column":85},"end":{"line":45,"column":1}},"line":36},"2":{"name":"updateRestaurant","decl":{"start":{"line":47,"column":22},"end":{"line":47,"column":38}},"loc":{"start":{"line":50,"column":33},"end":{"line":59,"column":1}},"line":50},"3":{"name":"addSection","decl":{"start":{"line":63,"column":22},"end":{"line":63,"column":32}},"loc":{"start":{"line":63,"column":97},"end":{"line":72,"column":1}},"line":63},"4":{"name":"updateSection","decl":{"start":{"line":74,"column":22},"end":{"line":74,"column":35}},"loc":{"start":{"line":78,"column":30},"end":{"line":87,"column":1}},"line":78},"5":{"name":"deleteSection","decl":{"start":{"line":89,"column":22},"end":{"line":89,"column":35}},"loc":{"start":{"line":89,"column":95},"end":{"line":97,"column":1}},"line":89},"6":{"name":"addTable","decl":{"start":{"line":101,"column":22},"end":{"line":101,"column":30}},"loc":{"start":{"line":105,"column":28},"end":{"line":114,"column":1}},"line":105},"7":{"name":"updateTable","decl":{"start":{"line":116,"column":22},"end":{"line":116,"column":33}},"loc":{"start":{"line":121,"column":28},"end":{"line":133,"column":1}},"line":121},"8":{"name":"deleteTable","decl":{"start":{"line":135,"column":22},"end":{"line":135,"column":33}},"loc":{"start":{"line":139,"column":20},"end":{"line":147,"column":1}},"line":139}},"branchMap":{"0":{"loc":{"start":{"line":28,"column":4},"end":{"line":28,"column":64}},"type":"if","locations":[{"start":{"line":28,"column":4},"end":{"line":28,"column":64}},{"start":{},"end":{}}],"line":28},"1":{"loc":{"start":{"line":39,"column":4},"end":{"line":39,"column":63}},"type":"if","locations":[{"start":{"line":39,"column":4},"end":{"line":39,"column":63}},{"start":{},"end":{}}],"line":39},"2":{"loc":{"start":{"line":53,"column":4},"end":{"line":53,"column":64}},"type":"if","locations":[{"start":{"line":53,"column":4},"end":{"line":53,"column":64}},{"start":{},"end":{}}],"line":53},"3":{"loc":{"start":{"line":66,"column":4},"end":{"line":66,"column":58}},"type":"if","locations":[{"start":{"line":66,"column":4},"end":{"line":66,"column":58}},{"start":{},"end":{}}],"line":66},"4":{"loc":{"start":{"line":81,"column":4},"end":{"line":81,"column":61}},"type":"if","locations":[{"start":{"line":81,"column":4},"end":{"line":81,"column":61}},{"start":{},"end":{}}],"line":81},"5":{"loc":{"start":{"line":108,"column":4},"end":{"line":108,"column":56}},"type":"if","locations":[{"start":{"line":108,"column":4},"end":{"line":108,"column":56}},{"start":{},"end":{}}],"line":108},"6":{"loc":{"start":{"line":127,"column":4},"end":{"line":127,"column":59}},"type":"if","locations":[{"start":{"line":127,"column":4},"end":{"line":127,"column":59}},{"start":{},"end":{}}],"line":127}},"s":{"0":3,"1":3,"2":2,"3":1,"4":1,"5":2,"6":2,"7":3,"8":3,"9":2,"10":1,"11":1,"12":2,"13":2,"14":2,"15":2,"16":2,"17":1,"18":1,"19":1,"20":1,"21":2,"22":2,"23":2,"24":1,"25":1,"26":1,"27":1,"28":2,"29":2,"30":2,"31":1,"32":1,"33":1,"34":1,"35":3,"36":3,"37":2,"38":1,"39":1,"40":2,"41":2,"42":2,"43":1,"44":1,"45":1,"46":1,"47":3,"48":3,"49":2,"50":1,"51":1,"52":2,"53":2,"54":3,"55":3,"56":2,"57":1,"58":1},"f":{"0":3,"1":3,"2":2,"3":2,"4":2,"5":3,"6":2,"7":3,"8":3},"b":{"0":[1,1],"1":[1,1],"2":[1,1],"3":[1,1],"4":[1,1],"5":[1,1],"6":[1,1]},"_coverageSchema":"1a1c01bbd47fc00a2c39e90264f33305004495a9","hash":"093907316bc91d091fef4ce7b4b38e6e6d6a242e"}
,"F:\\Development\\openresto\\openresto-frontend\\components\\themed-text.tsx": {"path":"F:\\Development\\openresto\\openresto-frontend\\components\\themed-text.tsx","statementMap":{"0":{"start":{"line":18,"column":16},"end":{"line":18,"column":77}},"1":{"start":{"line":20,"column":2},"end":{"line":33,"column":4}},"2":{"start":{"line":36,"column":15},"end":{"line":60,"column":2}}},"fnMap":{"0":{"name":"ThemedText","decl":{"start":{"line":11,"column":16},"end":{"line":11,"column":26}},"loc":{"start":{"line":17,"column":20},"end":{"line":34,"column":1}},"line":17}},"branchMap":{"0":{"loc":{"start":{"line":15,"column":2},"end":{"line":15,"column":18}},"type":"default-arg","locations":[{"start":{"line":15,"column":9},"end":{"line":15,"column":18}}],"line":15},"1":{"loc":{"start":{"line":24,"column":8},"end":{"line":24,"column":55}},"type":"cond-expr","locations":[{"start":{"line":24,"column":29},"end":{"line":24,"column":43}},{"start":{"line":24,"column":46},"end":{"line":24,"column":55}}],"line":24},"2":{"loc":{"start":{"line":25,"column":8},"end":{"line":25,"column":51}},"type":"cond-expr","locations":[{"start":{"line":25,"column":27},"end":{"line":25,"column":39}},{"start":{"line":25,"column":42},"end":{"line":25,"column":51}}],"line":25},"3":{"loc":{"start":{"line":26,"column":8},"end":{"line":26,"column":71}},"type":"cond-expr","locations":[{"start":{"line":26,"column":37},"end":{"line":26,"column":59}},{"start":{"line":26,"column":62},"end":{"line":26,"column":71}}],"line":26},"4":{"loc":{"start":{"line":27,"column":8},"end":{"line":27,"column":57}},"type":"cond-expr","locations":[{"start":{"line":27,"column":30},"end":{"line":27,"column":45}},{"start":{"line":27,"column":48},"end":{"line":27,"column":57}}],"line":27},"5":{"loc":{"start":{"line":28,"column":8},"end":{"line":28,"column":49}},"type":"cond-expr","locations":[{"start":{"line":28,"column":26},"end":{"line":28,"column":37}},{"start":{"line":28,"column":40},"end":{"line":28,"column":49}}],"line":28}},"s":{"0":66,"1":66,"2":2},"f":{"0":66},"b":{"0":[66],"1":[66,0],"2":[0,66],"3":[0,66],"4":[0,66],"5":[0,66]},"_coverageSchema":"1a1c01bbd47fc00a2c39e90264f33305004495a9","hash":"4d1bfeba0e755f276111448105ae42275700c976"}
,"F:\\Development\\openresto\\openresto-frontend\\components\\booking\\useTableHold.ts": {"path":"F:\\Development\\openresto\\openresto-frontend\\components\\booking\\useTableHold.ts","statementMap":{"0":{"start":{"line":6,"column":25},"end":{"line":6,"column":29}},"1":{"start":{"line":32,"column":26},"end":{"line":32,"column":61}},"2":{"start":{"line":33,"column":38},"end":{"line":33,"column":66}},"3":{"start":{"line":34,"column":40},"end":{"line":34,"column":51}},"4":{"start":{"line":36,"column":24},"end":{"line":36,"column":74}},"5":{"start":{"line":37,"column":24},"end":{"line":37,"column":51}},"6":{"start":{"line":38,"column":25},"end":{"line":38,"column":76}},"7":{"start":{"line":41,"column":4},"end":{"line":44,"column":5}},"8":{"start":{"line":42,"column":6},"end":{"line":42,"column":44}},"9":{"start":{"line":43,"column":6},"end":{"line":43,"column":36}},"10":{"start":{"line":48,"column":4},"end":{"line":48,"column":21}},"11":{"start":{"line":49,"column":19},"end":{"line":58,"column":5}},"12":{"start":{"line":50,"column":19},"end":{"line":50,"column":95}},"13":{"start":{"line":51,"column":6},"end":{"line":51,"column":27}},"14":{"start":{"line":52,"column":6},"end":{"line":57,"column":7}},"15":{"start":{"line":53,"column":8},"end":{"line":53,"column":25}},"16":{"start":{"line":54,"column":8},"end":{"line":54,"column":33}},"17":{"start":{"line":55,"column":8},"end":{"line":55,"column":22}},"18":{"start":{"line":56,"column":8},"end":{"line":56,"column":37}},"19":{"start":{"line":59,"column":4},"end":{"line":59,"column":13}},"20":{"start":{"line":60,"column":4},"end":{"line":60,"column":55}},"21":{"start":{"line":64,"column":4},"end":{"line":67,"column":5}},"22":{"start":{"line":65,"column":6},"end":{"line":65,"column":41}},"23":{"start":{"line":66,"column":6},"end":{"line":66,"column":35}},"24":{"start":{"line":68,"column":4},"end":{"line":68,"column":18}},"25":{"start":{"line":69,"column":4},"end":{"line":69,"column":26}},"26":{"start":{"line":70,"column":4},"end":{"line":70,"column":21}},"27":{"start":{"line":74,"column":2},"end":{"line":118,"column":28}},"28":{"start":{"line":75,"column":4},"end":{"line":78,"column":5}},"29":{"start":{"line":76,"column":6},"end":{"line":76,"column":28}},"30":{"start":{"line":77,"column":6},"end":{"line":77,"column":13}},"31":{"start":{"line":80,"column":4},"end":{"line":82,"column":5}},"32":{"start":{"line":81,"column":6},"end":{"line":81,"column":13}},"33":{"start":{"line":84,"column":4},"end":{"line":86,"column":5}},"34":{"start":{"line":85,"column":6},"end":{"line":85,"column":42}},"35":{"start":{"line":87,"column":4},"end":{"line":87,"column":29}},"36":{"start":{"line":89,"column":4},"end":{"line":110,"column":25}},"37":{"start":{"line":90,"column":6},"end":{"line":90,"column":27}},"38":{"start":{"line":92,"column":24},"end":{"line":92,"column":93}},"39":{"start":{"line":92,"column":45},"end":{"line":92,"column":83}},"40":{"start":{"line":92,"column":66},"end":{"line":92,"column":82}},"41":{"start":{"line":93,"column":22},"end":{"line":93,"column":66}},"42":{"start":{"line":95,"column":21},"end":{"line":100,"column":8}},"43":{"start":{"line":102,"column":6},"end":{"line":109,"column":7}},"44":{"start":{"line":103,"column":8},"end":{"line":103,"column":46}},"45":{"start":{"line":104,"column":8},"end":{"line":104,"column":24}},"46":{"start":{"line":105,"column":8},"end":{"line":105,"column":30}},"47":{"start":{"line":106,"column":8},"end":{"line":106,"column":41}},"48":{"start":{"line":108,"column":8},"end":{"line":108,"column":37}},"49":{"start":{"line":112,"column":4},"end":{"line":116,"column":6}},"50":{"start":{"line":113,"column":6},"end":{"line":115,"column":7}},"51":{"start":{"line":114,"column":8},"end":{"line":114,"column":44}},"52":{"start":{"line":121,"column":2},"end":{"line":131,"column":9}},"53":{"start":{"line":122,"column":4},"end":{"line":130,"column":6}},"54":{"start":{"line":123,"column":6},"end":{"line":125,"column":7}},"55":{"start":{"line":124,"column":8},"end":{"line":124,"column":44}},"56":{"start":{"line":126,"column":6},"end":{"line":126,"column":23}},"57":{"start":{"line":127,"column":6},"end":{"line":129,"column":7}},"58":{"start":{"line":128,"column":8},"end":{"line":128,"column":43}},"59":{"start":{"line":133,"column":2},"end":{"line":140,"column":4}}},"fnMap":{"0":{"name":"useTableHold","decl":{"start":{"line":25,"column":16},"end":{"line":25,"column":28}},"loc":{"start":{"line":31,"column":43},"end":{"line":141,"column":1}},"line":31},"1":{"name":"clearCountdown","decl":{"start":{"line":40,"column":11},"end":{"line":40,"column":25}},"loc":{"start":{"line":40,"column":28},"end":{"line":45,"column":3}},"line":40},"2":{"name":"startCountdown","decl":{"start":{"line":47,"column":11},"end":{"line":47,"column":25}},"loc":{"start":{"line":47,"column":45},"end":{"line":61,"column":3}},"line":47},"3":{"name":"(anonymous_3)","decl":{"start":{"line":49,"column":19},"end":{"line":49,"column":20}},"loc":{"start":{"line":49,"column":25},"end":{"line":58,"column":5}},"line":49},"4":{"name":"releaseCurrentHold","decl":{"start":{"line":63,"column":11},"end":{"line":63,"column":29}},"loc":{"start":{"line":63,"column":32},"end":{"line":71,"column":3}},"line":63},"5":{"name":"(anonymous_5)","decl":{"start":{"line":74,"column":12},"end":{"line":74,"column":13}},"loc":{"start":{"line":74,"column":18},"end":{"line":118,"column":3}},"line":74},"6":{"name":"(anonymous_6)","decl":{"start":{"line":89,"column":39},"end":{"line":89,"column":40}},"loc":{"start":{"line":89,"column":51},"end":{"line":110,"column":5}},"line":89},"7":{"name":"(anonymous_7)","decl":{"start":{"line":92,"column":38},"end":{"line":92,"column":39}},"loc":{"start":{"line":92,"column":45},"end":{"line":92,"column":83}},"line":92},"8":{"name":"(anonymous_8)","decl":{"start":{"line":92,"column":59},"end":{"line":92,"column":60}},"loc":{"start":{"line":92,"column":66},"end":{"line":92,"column":82}},"line":92},"9":{"name":"(anonymous_9)","decl":{"start":{"line":112,"column":11},"end":{"line":112,"column":12}},"loc":{"start":{"line":112,"column":17},"end":{"line":116,"column":5}},"line":112},"10":{"name":"(anonymous_10)","decl":{"start":{"line":121,"column":12},"end":{"line":121,"column":13}},"loc":{"start":{"line":121,"column":18},"end":{"line":131,"column":3}},"line":121},"11":{"name":"(anonymous_11)","decl":{"start":{"line":122,"column":11},"end":{"line":122,"column":12}},"loc":{"start":{"line":122,"column":17},"end":{"line":130,"column":5}},"line":122}},"branchMap":{"0":{"loc":{"start":{"line":41,"column":4},"end":{"line":44,"column":5}},"type":"if","locations":[{"start":{"line":41,"column":4},"end":{"line":44,"column":5}},{"start":{},"end":{}}],"line":41},"1":{"loc":{"start":{"line":52,"column":6},"end":{"line":57,"column":7}},"type":"if","locations":[{"start":{"line":52,"column":6},"end":{"line":57,"column":7}},{"start":{},"end":{}}],"line":52},"2":{"loc":{"start":{"line":64,"column":4},"end":{"line":67,"column":5}},"type":"if","locations":[{"start":{"line":64,"column":4},"end":{"line":67,"column":5}},{"start":{},"end":{}}],"line":64},"3":{"loc":{"start":{"line":75,"column":4},"end":{"line":78,"column":5}},"type":"if","locations":[{"start":{"line":75,"column":4},"end":{"line":78,"column":5}},{"start":{},"end":{}}],"line":75},"4":{"loc":{"start":{"line":75,"column":8},"end":{"line":75,"column":34}},"type":"binary-expr","locations":[{"start":{"line":75,"column":8},"end":{"line":75,"column":16}},{"start":{"line":75,"column":20},"end":{"line":75,"column":25}},{"start":{"line":75,"column":29},"end":{"line":75,"column":34}}],"line":75},"5":{"loc":{"start":{"line":80,"column":4},"end":{"line":82,"column":5}},"type":"if","locations":[{"start":{"line":80,"column":4},"end":{"line":82,"column":5}},{"start":{},"end":{}}],"line":80},"6":{"loc":{"start":{"line":80,"column":8},"end":{"line":80,"column":37}},"type":"binary-expr","locations":[{"start":{"line":80,"column":8},"end":{"line":80,"column":12}},{"start":{"line":80,"column":16},"end":{"line":80,"column":37}}],"line":80},"7":{"loc":{"start":{"line":84,"column":4},"end":{"line":86,"column":5}},"type":"if","locations":[{"start":{"line":84,"column":4},"end":{"line":86,"column":5}},{"start":{},"end":{}}],"line":84},"8":{"loc":{"start":{"line":92,"column":24},"end":{"line":92,"column":93}},"type":"binary-expr","locations":[{"start":{"line":92,"column":24},"end":{"line":92,"column":88}},{"start":{"line":92,"column":92},"end":{"line":92,"column":93}}],"line":92},"9":{"loc":{"start":{"line":102,"column":6},"end":{"line":109,"column":7}},"type":"if","locations":[{"start":{"line":102,"column":6},"end":{"line":109,"column":7}},{"start":{"line":107,"column":13},"end":{"line":109,"column":7}}],"line":102},"10":{"loc":{"start":{"line":113,"column":6},"end":{"line":115,"column":7}},"type":"if","locations":[{"start":{"line":113,"column":6},"end":{"line":115,"column":7}},{"start":{},"end":{}}],"line":113},"11":{"loc":{"start":{"line":123,"column":6},"end":{"line":125,"column":7}},"type":"if","locations":[{"start":{"line":123,"column":6},"end":{"line":125,"column":7}},{"start":{},"end":{}}],"line":123},"12":{"loc":{"start":{"line":127,"column":6},"end":{"line":129,"column":7}},"type":"if","locations":[{"start":{"line":127,"column":6},"end":{"line":129,"column":7}},{"start":{},"end":{}}],"line":127}},"s":{"0":1,"1":19,"2":19,"3":19,"4":19,"5":19,"6":19,"7":18,"8":4,"9":4,"10":4,"11":4,"12":5,"13":5,"14":5,"15":1,"16":1,"17":1,"18":1,"19":4,"20":4,"21":6,"22":1,"23":1,"24":6,"25":6,"26":6,"27":19,"28":7,"29":2,"30":2,"31":5,"32":0,"33":5,"34":0,"35":5,"36":5,"37":5,"38":5,"39":5,"40":5,"41":5,"42":5,"43":5,"44":4,"45":4,"46":4,"47":4,"48":1,"49":5,"50":5,"51":5,"52":19,"53":7,"54":7,"55":5,"56":7,"57":7,"58":2,"59":19},"f":{"0":19,"1":18,"2":4,"3":5,"4":6,"5":7,"6":5,"7":5,"8":5,"9":5,"10":7,"11":7},"b":{"0":[4,14],"1":[1,4],"2":[1,5],"3":[2,5],"4":[7,5,5],"5":[0,5],"6":[5,0],"7":[0,5],"8":[5,0],"9":[4,1],"10":[5,0],"11":[5,2],"12":[2,5]},"_coverageSchema":"1a1c01bbd47fc00a2c39e90264f33305004495a9","hash":"994a549c8dfeb3964ffb8ba6b596d93114a516ea"}
,"F:\\Development\\openresto\\openresto-frontend\\components\\common\\ConfirmModal.tsx": {"path":"F:\\Development\\openresto\\openresto-frontend\\components\\common\\ConfirmModal.tsx","statementMap":{"0":{"start":{"line":27,"column":17},"end":{"line":27,"column":44}},"1":{"start":{"line":28,"column":17},"end":{"line":28,"column":47}},"2":{"start":{"line":29,"column":22},"end":{"line":29,"column":75}},"3":{"start":{"line":30,"column":21},"end":{"line":30,"column":54}},"4":{"start":{"line":32,"column":2},"end":{"line":59,"column":4}},"5":{"start":{"line":62,"column":15},"end":{"line":118,"column":2}}},"fnMap":{"0":{"name":"ConfirmModal","decl":{"start":{"line":17,"column":24},"end":{"line":17,"column":36}},"loc":{"start":{"line":26,"column":22},"end":{"line":60,"column":1}},"line":26},"1":{"name":"(anonymous_1)","decl":{"start":{"line":37,"column":19},"end":{"line":37,"column":20}},"loc":{"start":{"line":37,"column":25},"end":{"line":37,"column":27}},"line":37}},"branchMap":{"0":{"loc":{"start":{"line":19,"column":2},"end":{"line":19,"column":19}},"type":"default-arg","locations":[{"start":{"line":19,"column":10},"end":{"line":19,"column":19}}],"line":19},"1":{"loc":{"start":{"line":21,"column":2},"end":{"line":21,"column":26}},"type":"default-arg","locations":[{"start":{"line":21,"column":17},"end":{"line":21,"column":26}}],"line":21},"2":{"loc":{"start":{"line":22,"column":2},"end":{"line":22,"column":24}},"type":"default-arg","locations":[{"start":{"line":22,"column":16},"end":{"line":22,"column":24}}],"line":22},"3":{"loc":{"start":{"line":23,"column":2},"end":{"line":23,"column":21}},"type":"default-arg","locations":[{"start":{"line":23,"column":16},"end":{"line":23,"column":21}}],"line":23},"4":{"loc":{"start":{"line":28,"column":17},"end":{"line":28,"column":47}},"type":"cond-expr","locations":[{"start":{"line":28,"column":26},"end":{"line":28,"column":35}},{"start":{"line":28,"column":38},"end":{"line":28,"column":47}}],"line":28},"5":{"loc":{"start":{"line":29,"column":22},"end":{"line":29,"column":75}},"type":"cond-expr","locations":[{"start":{"line":29,"column":31},"end":{"line":29,"column":54}},{"start":{"line":29,"column":57},"end":{"line":29,"column":75}}],"line":29},"6":{"loc":{"start":{"line":30,"column":21},"end":{"line":30,"column":54}},"type":"cond-expr","locations":[{"start":{"line":30,"column":30},"end":{"line":30,"column":40}},{"start":{"line":30,"column":43},"end":{"line":30,"column":54}}],"line":30},"7":{"loc":{"start":{"line":49,"column":35},"end":{"line":49,"column":70}},"type":"cond-expr","locations":[{"start":{"line":49,"column":49},"end":{"line":49,"column":58}},{"start":{"line":49,"column":61},"end":{"line":49,"column":70}}],"line":49}},"s":{"0":6,"1":6,"2":6,"3":6,"4":6,"5":1},"f":{"0":6,"1":0},"b":{"0":[4],"1":[4],"2":[4],"3":[6],"4":[0,6],"5":[0,6],"6":[0,6],"7":[0,6]},"_coverageSchema":"1a1c01bbd47fc00a2c39e90264f33305004495a9","hash":"6b2506b7e7a524041be594361ae94c919bf89a31"}
,"F:\\Development\\openresto\\openresto-frontend\\components\\restaurant\\RestaurantCard.tsx": {"path":"F:\\Development\\openresto\\openresto-frontend\\components\\restaurant\\RestaurantCard.tsx","statementMap":{"0":{"start":{"line":10,"column":17},"end":{"line":10,"column":44}},"1":{"start":{"line":11,"column":21},"end":{"line":11,"column":54}},"2":{"start":{"line":13,"column":22},"end":{"line":13,"column":86}},"3":{"start":{"line":13,"column":61},"end":{"line":13,"column":82}},"4":{"start":{"line":14,"column":21},"end":{"line":17,"column":3}},"5":{"start":{"line":15,"column":16},"end":{"line":15,"column":63}},"6":{"start":{"line":15,"column":48},"end":{"line":15,"column":59}},"7":{"start":{"line":20,"column":15},"end":{"line":20,"column":45}},"8":{"start":{"line":21,"column":14},"end":{"line":21,"column":63}},"9":{"start":{"line":22,"column":19},"end":{"line":22,"column":77}},"10":{"start":{"line":23,"column":17},"end":{"line":23,"column":62}},"11":{"start":{"line":24,"column":20},"end":{"line":24,"column":65}},"12":{"start":{"line":25,"column":18},"end":{"line":25,"column":57}},"13":{"start":{"line":27,"column":17},"end":{"line":27,"column":47}},"14":{"start":{"line":28,"column":22},"end":{"line":28,"column":76}},"15":{"start":{"line":32,"column":4},"end":{"line":36,"column":10}},"16":{"start":{"line":38,"column":2},"end":{"line":114,"column":4}},"17":{"start":{"line":41,"column":26},"end":{"line":47,"column":9}},"18":{"start":{"line":117,"column":15},"end":{"line":202,"column":2}}},"fnMap":{"0":{"name":"RestaurantCard","decl":{"start":{"line":9,"column":24},"end":{"line":9,"column":38}},"loc":{"start":{"line":9,"column":86},"end":{"line":115,"column":1}},"line":9},"1":{"name":"(anonymous_1)","decl":{"start":{"line":13,"column":49},"end":{"line":13,"column":50}},"loc":{"start":{"line":13,"column":61},"end":{"line":13,"column":82}},"line":13},"2":{"name":"(anonymous_2)","decl":{"start":{"line":15,"column":4},"end":{"line":15,"column":5}},"loc":{"start":{"line":15,"column":16},"end":{"line":15,"column":63}},"line":15},"3":{"name":"(anonymous_3)","decl":{"start":{"line":15,"column":38},"end":{"line":15,"column":39}},"loc":{"start":{"line":15,"column":48},"end":{"line":15,"column":59}},"line":15},"4":{"name":"(anonymous_4)","decl":{"start":{"line":41,"column":15},"end":{"line":41,"column":16}},"loc":{"start":{"line":41,"column":26},"end":{"line":47,"column":9}},"line":41}},"branchMap":{"0":{"loc":{"start":{"line":11,"column":21},"end":{"line":11,"column":54}},"type":"cond-expr","locations":[{"start":{"line":11,"column":30},"end":{"line":11,"column":40}},{"start":{"line":11,"column":43},"end":{"line":11,"column":54}}],"line":11},"1":{"loc":{"start":{"line":22,"column":19},"end":{"line":22,"column":77}},"type":"cond-expr","locations":[{"start":{"line":22,"column":28},"end":{"line":22,"column":51}},{"start":{"line":22,"column":54},"end":{"line":22,"column":77}}],"line":22},"2":{"loc":{"start":{"line":23,"column":37},"end":{"line":23,"column":59}},"type":"cond-expr","locations":[{"start":{"line":23,"column":46},"end":{"line":23,"column":51}},{"start":{"line":23,"column":54},"end":{"line":23,"column":59}}],"line":23},"3":{"loc":{"start":{"line":24,"column":40},"end":{"line":24,"column":62}},"type":"cond-expr","locations":[{"start":{"line":24,"column":49},"end":{"line":24,"column":54}},{"start":{"line":24,"column":57},"end":{"line":24,"column":62}}],"line":24},"4":{"loc":{"start":{"line":27,"column":17},"end":{"line":27,"column":47}},"type":"cond-expr","locations":[{"start":{"line":27,"column":26},"end":{"line":27,"column":35}},{"start":{"line":27,"column":38},"end":{"line":27,"column":47}}],"line":27},"5":{"loc":{"start":{"line":28,"column":22},"end":{"line":28,"column":76}},"type":"cond-expr","locations":[{"start":{"line":28,"column":31},"end":{"line":28,"column":55}},{"start":{"line":28,"column":58},"end":{"line":28,"column":76}}],"line":28},"6":{"loc":{"start":{"line":32,"column":4},"end":{"line":36,"column":10}},"type":"cond-expr","locations":[{"start":{"line":33,"column":8},"end":{"line":35,"column":91}},{"start":{"line":36,"column":8},"end":{"line":36,"column":10}}],"line":32},"7":{"loc":{"start":{"line":33,"column":8},"end":{"line":35,"column":91}},"type":"cond-expr","locations":[{"start":{"line":34,"column":11},"end":{"line":34,"column":95}},{"start":{"line":35,"column":11},"end":{"line":35,"column":90}}],"line":33},"8":{"loc":{"start":{"line":45,"column":10},"end":{"line":45,"column":55}},"type":"binary-expr","locations":[{"start":{"line":45,"column":10},"end":{"line":45,"column":32}},{"start":{"line":45,"column":36},"end":{"line":45,"column":55}}],"line":45},"9":{"loc":{"start":{"line":65,"column":13},"end":{"line":77,"column":20}},"type":"cond-expr","locations":[{"start":{"line":66,"column":14},"end":{"line":76,"column":21}},{"start":{"line":77,"column":16},"end":{"line":77,"column":20}}],"line":65},"10":{"loc":{"start":{"line":84,"column":37},"end":{"line":84,"column":91}},"type":"cond-expr","locations":[{"start":{"line":84,"column":46},"end":{"line":84,"column":70}},{"start":{"line":84,"column":73},"end":{"line":84,"column":91}}],"line":84},"11":{"loc":{"start":{"line":89,"column":33},"end":{"line":89,"column":71}},"type":"cond-expr","locations":[{"start":{"line":89,"column":53},"end":{"line":89,"column":60}},{"start":{"line":89,"column":63},"end":{"line":89,"column":71}}],"line":89},"12":{"loc":{"start":{"line":95,"column":37},"end":{"line":95,"column":91}},"type":"cond-expr","locations":[{"start":{"line":95,"column":46},"end":{"line":95,"column":70}},{"start":{"line":95,"column":73},"end":{"line":95,"column":91}}],"line":95}},"s":{"0":7,"1":7,"2":7,"3":13,"4":7,"5":13,"6":19,"7":7,"8":7,"9":7,"10":7,"11":7,"12":7,"13":7,"14":7,"15":7,"16":7,"17":7,"18":1},"f":{"0":7,"1":13,"2":13,"3":19,"4":7},"b":{"0":[0,7],"1":[0,7],"2":[0,7],"3":[0,7],"4":[0,7],"5":[0,7],"6":[0,7],"7":[0,0],"8":[7,0],"9":[7,0],"10":[0,7],"11":[1,6],"12":[0,7]},"_coverageSchema":"1a1c01bbd47fc00a2c39e90264f33305004495a9","hash":"cc192f03d8e165732164803454f756c3b8c888d3"}
,"F:\\Development\\openresto\\openresto-frontend\\constants\\colors.ts": {"path":"F:\\Development\\openresto\\openresto-frontend\\constants\\colors.ts","statementMap":{"0":{"start":{"line":2,"column":23},"end":{"line":2,"column":32}},"1":{"start":{"line":4,"column":28},"end":{"line":4,"column":37}},"2":{"start":{"line":6,"column":27},"end":{"line":6,"column":36}},"3":{"start":{"line":8,"column":26},"end":{"line":8,"column":35}}},"fnMap":{},"branchMap":{},"s":{"0":2,"1":2,"2":2,"3":2},"f":{},"b":{},"_coverageSchema":"1a1c01bbd47fc00a2c39e90264f33305004495a9","hash":"8992d039b0926989a5a102281e236962b65ec399"}
,"F:\\Development\\openresto\\openresto-frontend\\constants\\theme.ts": {"path":"F:\\Development\\openresto\\openresto-frontend\\constants\\theme.ts","statementMap":{"0":{"start":{"line":8,"column":23},"end":{"line":8,"column":32}},"1":{"start":{"line":9,"column":22},"end":{"line":9,"column":28}},"2":{"start":{"line":11,"column":22},"end":{"line":28,"column":1}},"3":{"start":{"line":30,"column":21},"end":{"line":53,"column":2}}},"fnMap":{},"branchMap":{},"s":{"0":2,"1":2,"2":2,"3":2},"f":{},"b":{},"_coverageSchema":"1a1c01bbd47fc00a2c39e90264f33305004495a9","hash":"2b50632ed787b8cad094c9821e22a0970c9a580a"}
,"F:\\Development\\openresto\\openresto-frontend\\context\\BrandContext.tsx": {"path":"F:\\Development\\openresto\\openresto-frontend\\context\\BrandContext.tsx","statementMap":{"0":{"start":{"line":3,"column":16},"end":{"line":3,"column":47}},"1":{"start":{"line":6,"column":15},"end":{"line":6,"column":48}},"2":{"start":{"line":7,"column":2},"end":{"line":7,"column":34}},"3":{"start":{"line":7,"column":13},"end":{"line":7,"column":34}},"4":{"start":{"line":8,"column":2},"end":{"line":8,"column":73}},"5":{"start":{"line":18,"column":29},"end":{"line":21,"column":1}},"6":{"start":{"line":23,"column":21},"end":{"line":23,"column":56}},"7":{"start":{"line":26,"column":28},"end":{"line":26,"column":58}},"8":{"start":{"line":28,"column":2},"end":{"line":42,"column":9}},"9":{"start":{"line":29,"column":4},"end":{"line":41,"column":23}},"10":{"start":{"line":30,"column":22},"end":{"line":30,"column":48}},"11":{"start":{"line":32,"column":8},"end":{"line":39,"column":9}},"12":{"start":{"line":33,"column":10},"end":{"line":38,"column":13}},"13":{"start":{"line":44,"column":2},"end":{"line":44,"column":81}},"14":{"start":{"line":48,"column":2},"end":{"line":48,"column":34}}},"fnMap":{"0":{"name":"buildEndpoint","decl":{"start":{"line":5,"column":9},"end":{"line":5,"column":22}},"loc":{"start":{"line":5,"column":45},"end":{"line":9,"column":1}},"line":5},"1":{"name":"BrandProvider","decl":{"start":{"line":25,"column":16},"end":{"line":25,"column":29}},"loc":{"start":{"line":25,"column":75},"end":{"line":45,"column":1}},"line":25},"2":{"name":"(anonymous_2)","decl":{"start":{"line":28,"column":12},"end":{"line":28,"column":13}},"loc":{"start":{"line":28,"column":18},"end":{"line":42,"column":3}},"line":28},"3":{"name":"(anonymous_3)","decl":{"start":{"line":30,"column":12},"end":{"line":30,"column":13}},"loc":{"start":{"line":30,"column":22},"end":{"line":30,"column":48}},"line":30},"4":{"name":"(anonymous_4)","decl":{"start":{"line":31,"column":12},"end":{"line":31,"column":13}},"loc":{"start":{"line":31,"column":22},"end":{"line":40,"column":7}},"line":31},"5":{"name":"(anonymous_5)","decl":{"start":{"line":41,"column":13},"end":{"line":41,"column":14}},"loc":{"start":{"line":41,"column":19},"end":{"line":41,"column":21}},"line":41},"6":{"name":"useBrand","decl":{"start":{"line":47,"column":16},"end":{"line":47,"column":24}},"loc":{"start":{"line":47,"column":34},"end":{"line":49,"column":1}},"line":47}},"branchMap":{"0":{"loc":{"start":{"line":6,"column":15},"end":{"line":6,"column":48}},"type":"binary-expr","locations":[{"start":{"line":6,"column":15},"end":{"line":6,"column":42}},{"start":{"line":6,"column":46},"end":{"line":6,"column":48}}],"line":6},"1":{"loc":{"start":{"line":7,"column":2},"end":{"line":7,"column":34}},"type":"if","locations":[{"start":{"line":7,"column":2},"end":{"line":7,"column":34}},{"start":{},"end":{}}],"line":7},"2":{"loc":{"start":{"line":8,"column":9},"end":{"line":8,"column":72}},"type":"cond-expr","locations":[{"start":{"line":8,"column":33},"end":{"line":8,"column":49}},{"start":{"line":8,"column":52},"end":{"line":8,"column":72}}],"line":8},"3":{"loc":{"start":{"line":30,"column":22},"end":{"line":30,"column":48}},"type":"cond-expr","locations":[{"start":{"line":30,"column":31},"end":{"line":30,"column":41}},{"start":{"line":30,"column":44},"end":{"line":30,"column":48}}],"line":30},"4":{"loc":{"start":{"line":32,"column":8},"end":{"line":39,"column":9}},"type":"if","locations":[{"start":{"line":32,"column":8},"end":{"line":39,"column":9}},{"start":{},"end":{}}],"line":32},"5":{"loc":{"start":{"line":34,"column":21},"end":{"line":34,"column":58}},"type":"binary-expr","locations":[{"start":{"line":34,"column":21},"end":{"line":34,"column":33}},{"start":{"line":34,"column":37},"end":{"line":34,"column":58}}],"line":34},"6":{"loc":{"start":{"line":35,"column":26},"end":{"line":35,"column":73}},"type":"binary-expr","locations":[{"start":{"line":35,"column":26},"end":{"line":35,"column":43}},{"start":{"line":35,"column":47},"end":{"line":35,"column":73}}],"line":35},"7":{"loc":{"start":{"line":36,"column":25},"end":{"line":36,"column":54}},"type":"binary-expr","locations":[{"start":{"line":36,"column":25},"end":{"line":36,"column":41}},{"start":{"line":36,"column":45},"end":{"line":36,"column":54}}],"line":36},"8":{"loc":{"start":{"line":37,"column":21},"end":{"line":37,"column":46}},"type":"binary-expr","locations":[{"start":{"line":37,"column":21},"end":{"line":37,"column":33}},{"start":{"line":37,"column":37},"end":{"line":37,"column":46}}],"line":37}},"s":{"0":1,"1":5,"2":5,"3":5,"4":0,"5":1,"6":1,"7":7,"8":7,"9":5,"10":3,"11":3,"12":2,"13":7,"14":7},"f":{"0":5,"1":7,"2":5,"3":3,"4":3,"5":1,"6":7},"b":{"0":[5,5],"1":[5,0],"2":[0,0],"3":[2,1],"4":[2,1],"5":[2,1],"6":[2,1],"7":[2,1],"8":[2,1]},"_coverageSchema":"1a1c01bbd47fc00a2c39e90264f33305004495a9","hash":"6f18e688f565e9506da8d1efbd953c7815b0362b"}
,"F:\\Development\\openresto\\openresto-frontend\\hooks\\use-theme-color.ts": {"path":"F:\\Development\\openresto\\openresto-frontend\\hooks\\use-theme-color.ts","statementMap":{"0":{"start":{"line":13,"column":16},"end":{"line":13,"column":43}},"1":{"start":{"line":14,"column":25},"end":{"line":14,"column":37}},"2":{"start":{"line":16,"column":2},"end":{"line":20,"column":3}},"3":{"start":{"line":17,"column":4},"end":{"line":17,"column":26}},"4":{"start":{"line":19,"column":4},"end":{"line":19,"column":36}}},"fnMap":{"0":{"name":"useThemeColor","decl":{"start":{"line":9,"column":16},"end":{"line":9,"column":29}},"loc":{"start":{"line":12,"column":2},"end":{"line":21,"column":1}},"line":12}},"branchMap":{"0":{"loc":{"start":{"line":13,"column":16},"end":{"line":13,"column":43}},"type":"binary-expr","locations":[{"start":{"line":13,"column":16},"end":{"line":13,"column":32}},{"start":{"line":13,"column":36},"end":{"line":13,"column":43}}],"line":13},"1":{"loc":{"start":{"line":16,"column":2},"end":{"line":20,"column":3}},"type":"if","locations":[{"start":{"line":16,"column":2},"end":{"line":20,"column":3}},{"start":{"line":18,"column":9},"end":{"line":20,"column":3}}],"line":16}},"s":{"0":66,"1":66,"2":66,"3":0,"4":66},"f":{"0":66},"b":{"0":[66,0],"1":[0,66]},"_coverageSchema":"1a1c01bbd47fc00a2c39e90264f33305004495a9","hash":"cd17ba1e8c468da68faeb629bcbee5f1f8f78421"}
,"F:\\Development\\openresto\\openresto-frontend\\utils\\bookingCache.ts": {"path":"F:\\Development\\openresto\\openresto-frontend\\utils\\bookingCache.ts","statementMap":{"0":{"start":{"line":17,"column":2},"end":{"line":23,"column":3}},"1":{"start":{"line":18,"column":16},"end":{"line":18,"column":48}},"2":{"start":{"line":19,"column":4},"end":{"line":19,"column":27}},"3":{"start":{"line":19,"column":17},"end":{"line":19,"column":27}},"4":{"start":{"line":20,"column":4},"end":{"line":20,"column":28}},"5":{"start":{"line":22,"column":4},"end":{"line":22,"column":14}}},"fnMap":{"0":{"name":"fetchCachedBookings","decl":{"start":{"line":16,"column":22},"end":{"line":16,"column":41}},"loc":{"start":{"line":16,"column":70},"end":{"line":24,"column":1}},"line":16}},"branchMap":{"0":{"loc":{"start":{"line":19,"column":4},"end":{"line":19,"column":27}},"type":"if","locations":[{"start":{"line":19,"column":4},"end":{"line":19,"column":27}},{"start":{},"end":{}}],"line":19}},"s":{"0":3,"1":3,"2":2,"3":1,"4":1,"5":1},"f":{"0":3},"b":{"0":[1,1]},"_coverageSchema":"1a1c01bbd47fc00a2c39e90264f33305004495a9","hash":"4f928b7bac6af4f6af69775cdde33c391871b1a4"}
}
