{"F:\\Development\\openresto\\openresto-frontend\\api\\admin.ts": {"path":"F:\\Development\\openresto\\openresto-frontend\\api\\admin.ts","statementMap":{"0":{"start":{"line":53,"column":2},"end":{"line":60,"column":3}},"1":{"start":{"line":54,"column":16},"end":{"line":54,"column":44}},"2":{"start":{"line":55,"column":4},"end":{"line":55,"column":61}},"3":{"start":{"line":55,"column":17},"end":{"line":55,"column":61}},"4":{"start":{"line":56,"column":4},"end":{"line":56,"column":28}},"5":{"start":{"line":58,"column":4},"end":{"line":58,"column":50}},"6":{"start":{"line":59,"column":4},"end":{"line":59,"column":16}},"7":{"start":{"line":72,"column":2},"end":{"line":84,"column":3}},"8":{"start":{"line":73,"column":19},"end":{"line":73,"column":40}},"9":{"start":{"line":74,"column":4},"end":{"line":74,"column":79}},"10":{"start":{"line":74,"column":30},"end":{"line":74,"column":79}},"11":{"start":{"line":75,"column":4},"end":{"line":75,"column":39}},"12":{"start":{"line":75,"column":14},"end":{"line":75,"column":39}},"13":{"start":{"line":76,"column":4},"end":{"line":76,"column":58}},"14":{"start":{"line":76,"column":29},"end":{"line":76,"column":58}},"15":{"start":{"line":77,"column":18},"end":{"line":77,"column":55}},"16":{"start":{"line":78,"column":16},"end":{"line":78,"column":52}},"17":{"start":{"line":79,"column":4},"end":{"line":79,"column":67}},"18":{"start":{"line":79,"column":17},"end":{"line":79,"column":67}},"19":{"start":{"line":80,"column":4},"end":{"line":80,"column":28}},"20":{"start":{"line":82,"column":4},"end":{"line":82,"column":50}},"21":{"start":{"line":83,"column":4},"end":{"line":83,"column":14}},"22":{"start":{"line":88,"column":2},"end":{"line":95,"column":3}},"23":{"start":{"line":89,"column":16},"end":{"line":89,"column":50}},"24":{"start":{"line":90,"column":4},"end":{"line":90,"column":29}},"25":{"start":{"line":90,"column":17},"end":{"line":90,"column":29}},"26":{"start":{"line":91,"column":4},"end":{"line":91,"column":28}},"27":{"start":{"line":93,"column":4},"end":{"line":93,"column":49}},"28":{"start":{"line":94,"column":4},"end":{"line":94,"column":16}},"29":{"start":{"line":101,"column":14},"end":{"line":101,"column":48}},"30":{"start":{"line":103,"column":2},"end":{"line":106,"column":3}},"31":{"start":{"line":104,"column":17},"end":{"line":104,"column":51}},"32":{"start":{"line":104,"column":47},"end":{"line":104,"column":49}},"33":{"start":{"line":105,"column":4},"end":{"line":105,"column":82}},"34":{"start":{"line":108,"column":2},"end":{"line":108,"column":59}},"35":{"start":{"line":108,"column":15},"end":{"line":108,"column":59}},"36":{"start":{"line":109,"column":2},"end":{"line":109,"column":26}},"37":{"start":{"line":116,"column":2},"end":{"line":123,"column":3}},"38":{"start":{"line":117,"column":16},"end":{"line":117,"column":57}},"39":{"start":{"line":118,"column":4},"end":{"line":118,"column":61}},"40":{"start":{"line":118,"column":17},"end":{"line":118,"column":61}},"41":{"start":{"line":119,"column":4},"end":{"line":119,"column":28}},"42":{"start":{"line":121,"column":4},"end":{"line":121,"column":52}},"43":{"start":{"line":122,"column":4},"end":{"line":122,"column":16}},"44":{"start":{"line":130,"column":2},"end":{"line":137,"column":3}},"45":{"start":{"line":131,"column":16},"end":{"line":131,"column":71}},"46":{"start":{"line":132,"column":4},"end":{"line":132,"column":61}},"47":{"start":{"line":132,"column":17},"end":{"line":132,"column":61}},"48":{"start":{"line":133,"column":4},"end":{"line":133,"column":28}},"49":{"start":{"line":135,"column":4},"end":{"line":135,"column":52}},"50":{"start":{"line":136,"column":4},"end":{"line":136,"column":16}},"51":{"start":{"line":141,"column":2},"end":{"line":147,"column":3}},"52":{"start":{"line":142,"column":16},"end":{"line":142,"column":50}},"53":{"start":{"line":143,"column":4},"end":{"line":143,"column":18}},"54":{"start":{"line":145,"column":4},"end":{"line":145,"column":52}},"55":{"start":{"line":146,"column":4},"end":{"line":146,"column":17}},"56":{"start":{"line":151,"column":2},"end":{"line":157,"column":3}},"57":{"start":{"line":152,"column":16},"end":{"line":152,"column":56}},"58":{"start":{"line":153,"column":4},"end":{"line":153,"column":18}},"59":{"start":{"line":155,"column":4},"end":{"line":155,"column":51}},"60":{"start":{"line":156,"column":4},"end":{"line":156,"column":17}},"61":{"start":{"line":165,"column":2},"end":{"line":171,"column":3}},"62":{"start":{"line":166,"column":16},"end":{"line":166,"column":83}},"63":{"start":{"line":167,"column":17},"end":{"line":167,"column":33}},"64":{"start":{"line":168,"column":4},"end":{"line":168,"column":49}},"65":{"start":{"line":170,"column":4},"end":{"line":170,"column":52}},"66":{"start":{"line":175,"column":2},"end":{"line":185,"column":3}},"67":{"start":{"line":176,"column":16},"end":{"line":176,"column":59}},"68":{"start":{"line":177,"column":4},"end":{"line":180,"column":5}},"69":{"start":{"line":178,"column":19},"end":{"line":178,"column":53}},"70":{"start":{"line":178,"column":49},"end":{"line":178,"column":51}},"71":{"start":{"line":179,"column":6},"end":{"line":179,"column":67}},"72":{"start":{"line":181,"column":4},"end":{"line":181,"column":16}},"73":{"start":{"line":183,"column":4},"end":{"line":183,"column":53}},"74":{"start":{"line":184,"column":4},"end":{"line":184,"column":14}},"75":{"start":{"line":202,"column":2},"end":{"line":212,"column":3}},"76":{"start":{"line":203,"column":16},"end":{"line":203,"column":55}},"77":{"start":{"line":204,"column":4},"end":{"line":207,"column":5}},"78":{"start":{"line":205,"column":19},"end":{"line":205,"column":53}},"79":{"start":{"line":205,"column":49},"end":{"line":205,"column":51}},"80":{"start":{"line":206,"column":6},"end":{"line":206,"column":66}},"81":{"start":{"line":208,"column":4},"end":{"line":208,"column":28}},"82":{"start":{"line":210,"column":4},"end":{"line":210,"column":56}},"83":{"start":{"line":211,"column":4},"end":{"line":211,"column":14}},"84":{"start":{"line":218,"column":2},"end":{"line":225,"column":3}},"85":{"start":{"line":219,"column":16},"end":{"line":219,"column":53}},"86":{"start":{"line":220,"column":4},"end":{"line":220,"column":64}},"87":{"start":{"line":220,"column":17},"end":{"line":220,"column":64}},"88":{"start":{"line":221,"column":4},"end":{"line":221,"column":28}},"89":{"start":{"line":223,"column":4},"end":{"line":223,"column":55}},"90":{"start":{"line":224,"column":4},"end":{"line":224,"column":16}},"91":{"start":{"line":229,"column":2},"end":{"line":235,"column":3}},"92":{"start":{"line":230,"column":16},"end":{"line":230,"column":53}},"93":{"start":{"line":231,"column":4},"end":{"line":231,"column":18}},"94":{"start":{"line":233,"column":4},"end":{"line":233,"column":55}},"95":{"start":{"line":234,"column":4},"end":{"line":234,"column":17}},"96":{"start":{"line":245,"column":2},"end":{"line":252,"column":3}},"97":{"start":{"line":246,"column":16},"end":{"line":246,"column":70}},"98":{"start":{"line":247,"column":4},"end":{"line":247,"column":27}},"99":{"start":{"line":247,"column":17},"end":{"line":247,"column":27}},"100":{"start":{"line":248,"column":4},"end":{"line":248,"column":28}},"101":{"start":{"line":250,"column":4},"end":{"line":250,"column":48}},"102":{"start":{"line":251,"column":4},"end":{"line":251,"column":14}},"103":{"start":{"line":256,"column":2},"end":{"line":263,"column":3}},"104":{"start":{"line":257,"column":16},"end":{"line":257,"column":47}},"105":{"start":{"line":258,"column":4},"end":{"line":258,"column":27}},"106":{"start":{"line":258,"column":17},"end":{"line":258,"column":27}},"107":{"start":{"line":259,"column":4},"end":{"line":259,"column":28}},"108":{"start":{"line":261,"column":4},"end":{"line":261,"column":53}},"109":{"start":{"line":262,"column":4},"end":{"line":262,"column":14}},"110":{"start":{"line":269,"column":2},"end":{"line":276,"column":3}},"111":{"start":{"line":270,"column":16},"end":{"line":270,"column":72}},"112":{"start":{"line":271,"column":4},"end":{"line":271,"column":27}},"113":{"start":{"line":271,"column":17},"end":{"line":271,"column":27}},"114":{"start":{"line":272,"column":4},"end":{"line":272,"column":28}},"115":{"start":{"line":274,"column":4},"end":{"line":274,"column":50}},"116":{"start":{"line":275,"column":4},"end":{"line":275,"column":14}},"117":{"start":{"line":291,"column":2},"end":{"line":304,"column":3}},"118":{"start":{"line":292,"column":16},"end":{"line":292,"column":50}},"119":{"start":{"line":293,"column":4},"end":{"line":293,"column":35}},"120":{"start":{"line":293,"column":17},"end":{"line":293,"column":35}},"121":{"start":{"line":294,"column":4},"end":{"line":294,"column":28}},"122":{"start":{"line":296,"column":4},"end":{"line":303,"column":6}},"123":{"start":{"line":310,"column":2},"end":{"line":315,"column":3}},"124":{"start":{"line":311,"column":16},"end":{"line":311,"column":57}},"125":{"start":{"line":312,"column":4},"end":{"line":312,"column":28}},"126":{"start":{"line":314,"column":4},"end":{"line":314,"column":16}},"127":{"start":{"line":319,"column":2},"end":{"line":325,"column":3}},"128":{"start":{"line":320,"column":16},"end":{"line":320,"column":56}},"129":{"start":{"line":321,"column":17},"end":{"line":321,"column":33}},"130":{"start":{"line":322,"column":4},"end":{"line":322,"column":49}},"131":{"start":{"line":324,"column":4},"end":{"line":324,"column":52}},"132":{"start":{"line":338,"column":2},"end":{"line":347,"column":3}},"133":{"start":{"line":339,"column":16},"end":{"line":339,"column":42}},"134":{"start":{"line":340,"column":4},"end":{"line":343,"column":5}},"135":{"start":{"line":341,"column":18},"end":{"line":341,"column":52}},"136":{"start":{"line":341,"column":47},"end":{"line":341,"column":51}},"137":{"start":{"line":342,"column":6},"end":{"line":342,"column":60}},"138":{"start":{"line":344,"column":4},"end":{"line":344,"column":28}},"139":{"start":{"line":346,"column":4},"end":{"line":346,"column":16}}},"fnMap":{"0":{"name":"getAdminOverview","decl":{"start":{"line":52,"column":22},"end":{"line":52,"column":38}},"loc":{"start":{"line":52,"column":75},"end":{"line":61,"column":1}},"line":52},"1":{"name":"getAdminBookings","decl":{"start":{"line":67,"column":22},"end":{"line":67,"column":38}},"loc":{"start":{"line":71,"column":31},"end":{"line":85,"column":1}},"line":71},"2":{"name":"getAdminBooking","decl":{"start":{"line":87,"column":22},"end":{"line":87,"column":37}},"loc":{"start":{"line":87,"column":84},"end":{"line":96,"column":1}},"line":87},"3":{"name":"adminCreateBooking","decl":{"start":{"line":98,"column":22},"end":{"line":98,"column":40}},"loc":{"start":{"line":100,"column":36},"end":{"line":110,"column":1}},"line":100},"4":{"name":"(anonymous_4)","decl":{"start":{"line":104,"column":40},"end":{"line":104,"column":41}},"loc":{"start":{"line":104,"column":47},"end":{"line":104,"column":49}},"line":104},"5":{"name":"adminUpdateBooking","decl":{"start":{"line":112,"column":22},"end":{"line":112,"column":40}},"loc":{"start":{"line":115,"column":36},"end":{"line":124,"column":1}},"line":115},"6":{"name":"adminExtendBooking","decl":{"start":{"line":126,"column":22},"end":{"line":126,"column":40}},"loc":{"start":{"line":129,"column":39},"end":{"line":138,"column":1}},"line":129},"7":{"name":"adminDeleteBooking","decl":{"start":{"line":140,"column":22},"end":{"line":140,"column":40}},"loc":{"start":{"line":140,"column":71},"end":{"line":148,"column":1}},"line":140},"8":{"name":"adminPurgeBooking","decl":{"start":{"line":150,"column":22},"end":{"line":150,"column":39}},"loc":{"start":{"line":150,"column":70},"end":{"line":158,"column":1}},"line":150},"9":{"name":"sendBookingEmail","decl":{"start":{"line":160,"column":22},"end":{"line":160,"column":38}},"loc":{"start":{"line":164,"column":45},"end":{"line":172,"column":1}},"line":164},"10":{"name":"adminRestoreBooking","decl":{"start":{"line":174,"column":22},"end":{"line":174,"column":41}},"loc":{"start":{"line":174,"column":72},"end":{"line":186,"column":1}},"line":174},"11":{"name":"(anonymous_11)","decl":{"start":{"line":178,"column":42},"end":{"line":178,"column":43}},"loc":{"start":{"line":178,"column":49},"end":{"line":178,"column":51}},"line":178},"12":{"name":"adminUpdateBookingFull","decl":{"start":{"line":198,"column":22},"end":{"line":198,"column":44}},"loc":{"start":{"line":201,"column":36},"end":{"line":213,"column":1}},"line":201},"13":{"name":"(anonymous_13)","decl":{"start":{"line":205,"column":42},"end":{"line":205,"column":43}},"loc":{"start":{"line":205,"column":49},"end":{"line":205,"column":51}},"line":205},"14":{"name":"adminCreateRestaurant","decl":{"start":{"line":215,"column":22},"end":{"line":215,"column":43}},"loc":{"start":{"line":217,"column":66},"end":{"line":226,"column":1}},"line":217},"15":{"name":"adminDeleteRestaurant","decl":{"start":{"line":228,"column":22},"end":{"line":228,"column":43}},"loc":{"start":{"line":228,"column":74},"end":{"line":236,"column":1}},"line":228},"16":{"name":"adminGetTables","decl":{"start":{"line":244,"column":22},"end":{"line":244,"column":36}},"loc":{"start":{"line":244,"column":89},"end":{"line":253,"column":1}},"line":244},"17":{"name":"adminGetRestaurants","decl":{"start":{"line":255,"column":22},"end":{"line":255,"column":41}},"loc":{"start":{"line":255,"column":85},"end":{"line":264,"column":1}},"line":255},"18":{"name":"adminGetSections","decl":{"start":{"line":266,"column":22},"end":{"line":266,"column":38}},"loc":{"start":{"line":268,"column":43},"end":{"line":277,"column":1}},"line":268},"19":{"name":"getEmailSettings","decl":{"start":{"line":290,"column":22},"end":{"line":290,"column":38}},"loc":{"start":{"line":290,"column":68},"end":{"line":305,"column":1}},"line":290},"20":{"name":"saveEmailSettings","decl":{"start":{"line":307,"column":22},"end":{"line":307,"column":39}},"loc":{"start":{"line":309,"column":39},"end":{"line":316,"column":1}},"line":309},"21":{"name":"testEmailConnection","decl":{"start":{"line":318,"column":22},"end":{"line":318,"column":41}},"loc":{"start":{"line":318,"column":87},"end":{"line":326,"column":1}},"line":318},"22":{"name":"saveBrandSettings","decl":{"start":{"line":335,"column":22},"end":{"line":335,"column":39}},"loc":{"start":{"line":337,"column":39},"end":{"line":348,"column":1}},"line":337},"23":{"name":"(anonymous_23)","decl":{"start":{"line":341,"column":41},"end":{"line":341,"column":42}},"loc":{"start":{"line":341,"column":47},"end":{"line":341,"column":51}},"line":341}},"branchMap":{"0":{"loc":{"start":{"line":55,"column":4},"end":{"line":55,"column":61}},"type":"if","locations":[{"start":{"line":55,"column":4},"end":{"line":55,"column":61}},{"start":{},"end":{}}],"line":55},"1":{"loc":{"start":{"line":70,"column":2},"end":{"line":70,"column":40}},"type":"default-arg","locations":[{"start":{"line":70,"column":32},"end":{"line":70,"column":40}}],"line":70},"2":{"loc":{"start":{"line":74,"column":4},"end":{"line":74,"column":79}},"type":"if","locations":[{"start":{"line":74,"column":4},"end":{"line":74,"column":79}},{"start":{},"end":{}}],"line":74},"3":{"loc":{"start":{"line":75,"column":4},"end":{"line":75,"column":39}},"type":"if","locations":[{"start":{"line":75,"column":4},"end":{"line":75,"column":39}},{"start":{},"end":{}}],"line":75},"4":{"loc":{"start":{"line":76,"column":4},"end":{"line":76,"column":58}},"type":"if","locations":[{"start":{"line":76,"column":4},"end":{"line":76,"column":58}},{"start":{},"end":{}}],"line":76},"5":{"loc":{"start":{"line":77,"column":18},"end":{"line":77,"column":55}},"type":"cond-expr","locations":[{"start":{"line":77,"column":38},"end":{"line":77,"column":50}},{"start":{"line":77,"column":53},"end":{"line":77,"column":55}}],"line":77},"6":{"loc":{"start":{"line":79,"column":4},"end":{"line":79,"column":67}},"type":"if","locations":[{"start":{"line":79,"column":4},"end":{"line":79,"column":67}},{"start":{},"end":{}}],"line":79},"7":{"loc":{"start":{"line":90,"column":4},"end":{"line":90,"column":29}},"type":"if","locations":[{"start":{"line":90,"column":4},"end":{"line":90,"column":29}},{"start":{},"end":{}}],"line":90},"8":{"loc":{"start":{"line":103,"column":2},"end":{"line":106,"column":3}},"type":"if","locations":[{"start":{"line":103,"column":2},"end":{"line":106,"column":3}},{"start":{},"end":{}}],"line":103},"9":{"loc":{"start":{"line":105,"column":20},"end":{"line":105,"column":80}},"type":"binary-expr","locations":[{"start":{"line":105,"column":20},"end":{"line":105,"column":32}},{"start":{"line":105,"column":36},"end":{"line":105,"column":80}}],"line":105},"10":{"loc":{"start":{"line":108,"column":2},"end":{"line":108,"column":59}},"type":"if","locations":[{"start":{"line":108,"column":2},"end":{"line":108,"column":59}},{"start":{},"end":{}}],"line":108},"11":{"loc":{"start":{"line":118,"column":4},"end":{"line":118,"column":61}},"type":"if","locations":[{"start":{"line":118,"column":4},"end":{"line":118,"column":61}},{"start":{},"end":{}}],"line":118},"12":{"loc":{"start":{"line":132,"column":4},"end":{"line":132,"column":61}},"type":"if","locations":[{"start":{"line":132,"column":4},"end":{"line":132,"column":61}},{"start":{},"end":{}}],"line":132},"13":{"loc":{"start":{"line":177,"column":4},"end":{"line":180,"column":5}},"type":"if","locations":[{"start":{"line":177,"column":4},"end":{"line":180,"column":5}},{"start":{},"end":{}}],"line":177},"14":{"loc":{"start":{"line":179,"column":22},"end":{"line":179,"column":65}},"type":"binary-expr","locations":[{"start":{"line":179,"column":22},"end":{"line":179,"column":34}},{"start":{"line":179,"column":38},"end":{"line":179,"column":65}}],"line":179},"15":{"loc":{"start":{"line":204,"column":4},"end":{"line":207,"column":5}},"type":"if","locations":[{"start":{"line":204,"column":4},"end":{"line":207,"column":5}},{"start":{},"end":{}}],"line":204},"16":{"loc":{"start":{"line":206,"column":22},"end":{"line":206,"column":64}},"type":"binary-expr","locations":[{"start":{"line":206,"column":22},"end":{"line":206,"column":34}},{"start":{"line":206,"column":38},"end":{"line":206,"column":64}}],"line":206},"17":{"loc":{"start":{"line":220,"column":4},"end":{"line":220,"column":64}},"type":"if","locations":[{"start":{"line":220,"column":4},"end":{"line":220,"column":64}},{"start":{},"end":{}}],"line":220},"18":{"loc":{"start":{"line":247,"column":4},"end":{"line":247,"column":27}},"type":"if","locations":[{"start":{"line":247,"column":4},"end":{"line":247,"column":27}},{"start":{},"end":{}}],"line":247},"19":{"loc":{"start":{"line":258,"column":4},"end":{"line":258,"column":27}},"type":"if","locations":[{"start":{"line":258,"column":4},"end":{"line":258,"column":27}},{"start":{},"end":{}}],"line":258},"20":{"loc":{"start":{"line":271,"column":4},"end":{"line":271,"column":27}},"type":"if","locations":[{"start":{"line":271,"column":4},"end":{"line":271,"column":27}},{"start":{},"end":{}}],"line":271},"21":{"loc":{"start":{"line":293,"column":4},"end":{"line":293,"column":35}},"type":"if","locations":[{"start":{"line":293,"column":4},"end":{"line":293,"column":35}},{"start":{},"end":{}}],"line":293},"22":{"loc":{"start":{"line":340,"column":4},"end":{"line":343,"column":5}},"type":"if","locations":[{"start":{"line":340,"column":4},"end":{"line":343,"column":5}},{"start":{},"end":{}}],"line":340},"23":{"loc":{"start":{"line":342,"column":24},"end":{"line":342,"column":57}},"type":"binary-expr","locations":[{"start":{"line":342,"column":24},"end":{"line":342,"column":36}},{"start":{"line":342,"column":40},"end":{"line":342,"column":57}}],"line":342}},"s":{"0":3,"1":3,"2":2,"3":1,"4":1,"5":2,"6":2,"7":5,"8":5,"9":5,"10":2,"11":5,"12":1,"13":5,"14":1,"15":5,"16":5,"17":4,"18":1,"19":3,"20":2,"21":2,"22":3,"23":3,"24":2,"25":1,"26":1,"27":1,"28":1,"29":4,"30":4,"31":2,"32":1,"33":2,"34":2,"35":1,"36":1,"37":2,"38":2,"39":2,"40":1,"41":1,"42":1,"43":1,"44":2,"45":2,"46":2,"47":1,"48":1,"49":1,"50":1,"51":3,"52":3,"53":2,"54":1,"55":1,"56":3,"57":3,"58":2,"59":1,"60":1,"61":0,"62":0,"63":0,"64":0,"65":0,"66":8,"67":8,"68":7,"69":5,"70":2,"71":5,"72":2,"73":6,"74":6,"75":6,"76":6,"77":5,"78":3,"79":1,"80":3,"81":2,"82":4,"83":4,"84":2,"85":2,"86":2,"87":1,"88":1,"89":1,"90":1,"91":2,"92":2,"93":2,"94":0,"95":0,"96":3,"97":3,"98":2,"99":1,"100":1,"101":1,"102":1,"103":4,"104":4,"105":3,"106":1,"107":2,"108":1,"109":1,"110":4,"111":4,"112":4,"113":2,"114":2,"115":0,"116":0,"117":2,"118":2,"119":2,"120":1,"121":1,"122":1,"123":2,"124":2,"125":1,"126":1,"127":3,"128":3,"129":2,"130":2,"131":1,"132":4,"133":4,"134":3,"135":2,"136":1,"137":2,"138":1,"139":1},"f":{"0":3,"1":5,"2":3,"3":4,"4":1,"5":2,"6":2,"7":3,"8":3,"9":0,"10":8,"11":2,"12":6,"13":1,"14":2,"15":2,"16":3,"17":4,"18":4,"19":2,"20":2,"21":3,"22":4,"23":1},"b":{"0":[1,1],"1":[4],"2":[2,3],"3":[1,4],"4":[1,4],"5":[2,3],"6":[1,3],"7":[1,1],"8":[2,2],"9":[2,1],"10":[1,1],"11":[1,1],"12":[1,1],"13":[5,2],"14":[5,2],"15":[3,2],"16":[3,1],"17":[1,1],"18":[1,1],"19":[1,2],"20":[2,2],"21":[1,1],"22":[2,1],"23":[2,1]},"_coverageSchema":"1a1c01bbd47fc00a2c39e90264f33305004495a9","hash":"c45ab4e087639aa95709a5780dfcdd7c6293d0b6"}
,"F:\\Development\\openresto\\openresto-frontend\\api\\auth.ts": {"path":"F:\\Development\\openresto\\openresto-frontend\\api\\auth.ts","statementMap":{"0":{"start":{"line":4,"column":2},"end":{"line":11,"column":3}},"1":{"start":{"line":5,"column":16},"end":{"line":5,"column":68}},"2":{"start":{"line":6,"column":4},"end":{"line":6,"column":29}},"3":{"start":{"line":6,"column":17},"end":{"line":6,"column":29}},"4":{"start":{"line":7,"column":4},"end":{"line":7,"column":28}},"5":{"start":{"line":9,"column":4},"end":{"line":9,"column":39}},"6":{"start":{"line":10,"column":4},"end":{"line":10,"column":16}},"7":{"start":{"line":15,"column":2},"end":{"line":19,"column":3}},"8":{"start":{"line":16,"column":4},"end":{"line":16,"column":37}},"9":{"start":{"line":25,"column":2},"end":{"line":31,"column":3}},"10":{"start":{"line":26,"column":16},"end":{"line":26,"column":43}},"11":{"start":{"line":27,"column":4},"end":{"line":27,"column":29}},"12":{"start":{"line":27,"column":17},"end":{"line":27,"column":29}},"13":{"start":{"line":28,"column":4},"end":{"line":28,"column":28}},"14":{"start":{"line":30,"column":4},"end":{"line":30,"column":16}},"15":{"start":{"line":40,"column":2},"end":{"line":46,"column":3}},"16":{"start":{"line":41,"column":16},"end":{"line":41,"column":91}},"17":{"start":{"line":42,"column":17},"end":{"line":42,"column":51}},"18":{"start":{"line":42,"column":47},"end":{"line":42,"column":49}},"19":{"start":{"line":43,"column":4},"end":{"line":43,"column":91}},"20":{"start":{"line":45,"column":4},"end":{"line":45,"column":52}},"21":{"start":{"line":57,"column":2},"end":{"line":63,"column":3}},"22":{"start":{"line":58,"column":16},"end":{"line":58,"column":69}},"23":{"start":{"line":59,"column":4},"end":{"line":59,"column":29}},"24":{"start":{"line":59,"column":17},"end":{"line":59,"column":29}},"25":{"start":{"line":60,"column":4},"end":{"line":60,"column":28}},"26":{"start":{"line":62,"column":4},"end":{"line":62,"column":16}},"27":{"start":{"line":70,"column":2},"end":{"line":76,"column":3}},"28":{"start":{"line":71,"column":16},"end":{"line":71,"column":73}},"29":{"start":{"line":72,"column":17},"end":{"line":72,"column":51}},"30":{"start":{"line":72,"column":47},"end":{"line":72,"column":49}},"31":{"start":{"line":73,"column":4},"end":{"line":73,"column":83}},"32":{"start":{"line":75,"column":4},"end":{"line":75,"column":52}},"33":{"start":{"line":84,"column":2},"end":{"line":90,"column":3}},"34":{"start":{"line":85,"column":16},"end":{"line":85,"column":71}},"35":{"start":{"line":86,"column":4},"end":{"line":86,"column":29}},"36":{"start":{"line":86,"column":17},"end":{"line":86,"column":29}},"37":{"start":{"line":87,"column":4},"end":{"line":87,"column":28}},"38":{"start":{"line":89,"column":4},"end":{"line":89,"column":16}},"39":{"start":{"line":98,"column":2},"end":{"line":104,"column":3}},"40":{"start":{"line":99,"column":16},"end":{"line":99,"column":85}},"41":{"start":{"line":100,"column":17},"end":{"line":100,"column":51}},"42":{"start":{"line":100,"column":47},"end":{"line":100,"column":49}},"43":{"start":{"line":101,"column":4},"end":{"line":101,"column":83}},"44":{"start":{"line":103,"column":4},"end":{"line":103,"column":52}}},"fnMap":{"0":{"name":"login","decl":{"start":{"line":3,"column":22},"end":{"line":3,"column":27}},"loc":{"start":{"line":3,"column":98},"end":{"line":12,"column":1}},"line":3},"1":{"name":"logout","decl":{"start":{"line":14,"column":22},"end":{"line":14,"column":28}},"loc":{"start":{"line":14,"column":46},"end":{"line":20,"column":1}},"line":14},"2":{"name":"checkSession","decl":{"start":{"line":24,"column":22},"end":{"line":24,"column":34}},"loc":{"start":{"line":24,"column":72},"end":{"line":32,"column":1}},"line":24},"3":{"name":"changePassword","decl":{"start":{"line":36,"column":22},"end":{"line":36,"column":36}},"loc":{"start":{"line":39,"column":45},"end":{"line":47,"column":1}},"line":39},"4":{"name":"(anonymous_4)","decl":{"start":{"line":42,"column":40},"end":{"line":42,"column":41}},"loc":{"start":{"line":42,"column":47},"end":{"line":42,"column":49}},"line":42},"5":{"name":"getPvqStatus","decl":{"start":{"line":56,"column":22},"end":{"line":56,"column":34}},"loc":{"start":{"line":56,"column":64},"end":{"line":64,"column":1}},"line":56},"6":{"name":"setupPvq","decl":{"start":{"line":66,"column":22},"end":{"line":66,"column":30}},"loc":{"start":{"line":69,"column":45},"end":{"line":77,"column":1}},"line":69},"7":{"name":"(anonymous_7)","decl":{"start":{"line":72,"column":40},"end":{"line":72,"column":41}},"loc":{"start":{"line":72,"column":47},"end":{"line":72,"column":49}},"line":72},"8":{"name":"verifyPvq","decl":{"start":{"line":80,"column":22},"end":{"line":80,"column":31}},"loc":{"start":{"line":83,"column":42},"end":{"line":91,"column":1}},"line":83},"9":{"name":"resetPassword","decl":{"start":{"line":94,"column":22},"end":{"line":94,"column":35}},"loc":{"start":{"line":97,"column":45},"end":{"line":105,"column":1}},"line":97},"10":{"name":"(anonymous_10)","decl":{"start":{"line":100,"column":40},"end":{"line":100,"column":41}},"loc":{"start":{"line":100,"column":47},"end":{"line":100,"column":49}},"line":100}},"branchMap":{"0":{"loc":{"start":{"line":6,"column":4},"end":{"line":6,"column":29}},"type":"if","locations":[{"start":{"line":6,"column":4},"end":{"line":6,"column":29}},{"start":{},"end":{}}],"line":6},"1":{"loc":{"start":{"line":27,"column":4},"end":{"line":27,"column":29}},"type":"if","locations":[{"start":{"line":27,"column":4},"end":{"line":27,"column":29}},{"start":{},"end":{}}],"line":27},"2":{"loc":{"start":{"line":43,"column":34},"end":{"line":43,"column":88}},"type":"binary-expr","locations":[{"start":{"line":43,"column":34},"end":{"line":43,"column":46}},{"start":{"line":43,"column":51},"end":{"line":43,"column":87}}],"line":43},"3":{"loc":{"start":{"line":43,"column":51},"end":{"line":43,"column":87}},"type":"cond-expr","locations":[{"start":{"line":43,"column":60},"end":{"line":43,"column":67}},{"start":{"line":43,"column":70},"end":{"line":43,"column":87}}],"line":43},"4":{"loc":{"start":{"line":59,"column":4},"end":{"line":59,"column":29}},"type":"if","locations":[{"start":{"line":59,"column":4},"end":{"line":59,"column":29}},{"start":{},"end":{}}],"line":59},"5":{"loc":{"start":{"line":73,"column":34},"end":{"line":73,"column":80}},"type":"binary-expr","locations":[{"start":{"line":73,"column":34},"end":{"line":73,"column":46}},{"start":{"line":73,"column":51},"end":{"line":73,"column":79}}],"line":73},"6":{"loc":{"start":{"line":73,"column":51},"end":{"line":73,"column":79}},"type":"cond-expr","locations":[{"start":{"line":73,"column":60},"end":{"line":73,"column":67}},{"start":{"line":73,"column":70},"end":{"line":73,"column":79}}],"line":73},"7":{"loc":{"start":{"line":86,"column":4},"end":{"line":86,"column":29}},"type":"if","locations":[{"start":{"line":86,"column":4},"end":{"line":86,"column":29}},{"start":{},"end":{}}],"line":86},"8":{"loc":{"start":{"line":101,"column":34},"end":{"line":101,"column":80}},"type":"binary-expr","locations":[{"start":{"line":101,"column":34},"end":{"line":101,"column":46}},{"start":{"line":101,"column":51},"end":{"line":101,"column":79}}],"line":101},"9":{"loc":{"start":{"line":101,"column":51},"end":{"line":101,"column":79}},"type":"cond-expr","locations":[{"start":{"line":101,"column":60},"end":{"line":101,"column":67}},{"start":{"line":101,"column":70},"end":{"line":101,"column":79}}],"line":101}},"s":{"0":3,"1":3,"2":2,"3":1,"4":1,"5":1,"6":1,"7":2,"8":2,"9":3,"10":3,"11":2,"12":1,"13":1,"14":1,"15":3,"16":3,"17":2,"18":0,"19":2,"20":1,"21":2,"22":2,"23":2,"24":1,"25":1,"26":0,"27":2,"28":2,"29":1,"30":0,"31":1,"32":1,"33":2,"34":2,"35":2,"36":1,"37":1,"38":0,"39":3,"40":3,"41":2,"42":0,"43":2,"44":1},"f":{"0":3,"1":2,"2":3,"3":3,"4":0,"5":2,"6":2,"7":0,"8":2,"9":3,"10":0},"b":{"0":[1,1],"1":[1,1],"2":[2,0],"3":[0,0],"4":[1,1],"5":[1,0],"6":[0,0],"7":[1,1],"8":[2,0],"9":[0,0]},"_coverageSchema":"1a1c01bbd47fc00a2c39e90264f33305004495a9","hash":"693c7b8d006a809dc1b7c7798285df0108a35918"}
,"F:\\Development\\openresto\\openresto-frontend\\api\\bookings.ts": {"path":"F:\\Development\\openresto\\openresto-frontend\\api\\bookings.ts","statementMap":{"0":{"start":{"line":33,"column":2},"end":{"line":48,"column":4}},"1":{"start":{"line":52,"column":14},"end":{"line":52,"column":46}},"2":{"start":{"line":54,"column":2},"end":{"line":57,"column":3}},"3":{"start":{"line":55,"column":17},"end":{"line":55,"column":51}},"4":{"start":{"line":55,"column":47},"end":{"line":55,"column":49}},"5":{"start":{"line":56,"column":4},"end":{"line":56,"column":74}},"6":{"start":{"line":59,"column":2},"end":{"line":59,"column":59}},"7":{"start":{"line":59,"column":15},"end":{"line":59,"column":59}},"8":{"start":{"line":60,"column":2},"end":{"line":60,"column":44}},"9":{"start":{"line":64,"column":2},"end":{"line":71,"column":3}},"10":{"start":{"line":65,"column":16},"end":{"line":65,"column":44}},"11":{"start":{"line":66,"column":4},"end":{"line":66,"column":60}},"12":{"start":{"line":66,"column":17},"end":{"line":66,"column":60}},"13":{"start":{"line":67,"column":4},"end":{"line":67,"column":46}},"14":{"start":{"line":69,"column":4},"end":{"line":69,"column":48}},"15":{"start":{"line":70,"column":4},"end":{"line":70,"column":16}},"16":{"start":{"line":78,"column":2},"end":{"line":85,"column":3}},"17":{"start":{"line":79,"column":16},"end":{"line":79,"column":91}},"18":{"start":{"line":80,"column":4},"end":{"line":80,"column":60}},"19":{"start":{"line":80,"column":17},"end":{"line":80,"column":60}},"20":{"start":{"line":81,"column":4},"end":{"line":81,"column":46}},"21":{"start":{"line":83,"column":4},"end":{"line":83,"column":49}},"22":{"start":{"line":84,"column":4},"end":{"line":84,"column":16}},"23":{"start":{"line":89,"column":2},"end":{"line":97,"column":3}},"24":{"start":{"line":90,"column":16},"end":{"line":90,"column":65}},"25":{"start":{"line":91,"column":4},"end":{"line":91,"column":61}},"26":{"start":{"line":91,"column":17},"end":{"line":91,"column":61}},"27":{"start":{"line":92,"column":44},"end":{"line":92,"column":60}},"28":{"start":{"line":93,"column":4},"end":{"line":93,"column":38}},"29":{"start":{"line":95,"column":4},"end":{"line":95,"column":57}},"30":{"start":{"line":96,"column":4},"end":{"line":96,"column":14}},"31":{"start":{"line":101,"column":2},"end":{"line":107,"column":3}},"32":{"start":{"line":102,"column":16},"end":{"line":102,"column":44}},"33":{"start":{"line":103,"column":4},"end":{"line":103,"column":18}},"34":{"start":{"line":105,"column":4},"end":{"line":105,"column":47}},"35":{"start":{"line":106,"column":4},"end":{"line":106,"column":17}},"36":{"start":{"line":111,"column":2},"end":{"line":117,"column":3}},"37":{"start":{"line":112,"column":16},"end":{"line":112,"column":91}},"38":{"start":{"line":113,"column":4},"end":{"line":113,"column":18}},"39":{"start":{"line":115,"column":4},"end":{"line":115,"column":52}},"40":{"start":{"line":116,"column":4},"end":{"line":116,"column":17}}},"fnMap":{"0":{"name":"normalizeBooking","decl":{"start":{"line":32,"column":9},"end":{"line":32,"column":25}},"loc":{"start":{"line":32,"column":68},"end":{"line":49,"column":1}},"line":32},"1":{"name":"createBooking","decl":{"start":{"line":51,"column":22},"end":{"line":51,"column":35}},"loc":{"start":{"line":51,"column":93},"end":{"line":61,"column":1}},"line":51},"2":{"name":"(anonymous_2)","decl":{"start":{"line":55,"column":40},"end":{"line":55,"column":41}},"loc":{"start":{"line":55,"column":47},"end":{"line":55,"column":49}},"line":55},"3":{"name":"getBookingById","decl":{"start":{"line":63,"column":22},"end":{"line":63,"column":36}},"loc":{"start":{"line":63,"column":77},"end":{"line":72,"column":1}},"line":63},"4":{"name":"getBookingByRef","decl":{"start":{"line":74,"column":22},"end":{"line":74,"column":37}},"loc":{"start":{"line":77,"column":30},"end":{"line":86,"column":1}},"line":77},"5":{"name":"getBookingsByRestaurant","decl":{"start":{"line":88,"column":22},"end":{"line":88,"column":45}},"loc":{"start":{"line":88,"column":91},"end":{"line":98,"column":1}},"line":88},"6":{"name":"deleteBooking","decl":{"start":{"line":100,"column":22},"end":{"line":100,"column":35}},"loc":{"start":{"line":100,"column":66},"end":{"line":108,"column":1}},"line":100},"7":{"name":"cancelBookingByRef","decl":{"start":{"line":110,"column":22},"end":{"line":110,"column":40}},"loc":{"start":{"line":110,"column":94},"end":{"line":118,"column":1}},"line":110}},"branchMap":{"0":{"loc":{"start":{"line":34,"column":9},"end":{"line":34,"column":25}},"type":"binary-expr","locations":[{"start":{"line":34,"column":9},"end":{"line":34,"column":15}},{"start":{"line":34,"column":19},"end":{"line":34,"column":25}}],"line":34},"1":{"loc":{"start":{"line":35,"column":14},"end":{"line":35,"column":40}},"type":"binary-expr","locations":[{"start":{"line":35,"column":14},"end":{"line":35,"column":25}},{"start":{"line":35,"column":29},"end":{"line":35,"column":40}}],"line":35},"2":{"loc":{"start":{"line":36,"column":16},"end":{"line":36,"column":46}},"type":"binary-expr","locations":[{"start":{"line":36,"column":16},"end":{"line":36,"column":29}},{"start":{"line":36,"column":33},"end":{"line":36,"column":46}}],"line":36},"3":{"loc":{"start":{"line":37,"column":19},"end":{"line":37,"column":55}},"type":"binary-expr","locations":[{"start":{"line":37,"column":19},"end":{"line":37,"column":35}},{"start":{"line":37,"column":39},"end":{"line":37,"column":55}}],"line":37},"4":{"loc":{"start":{"line":38,"column":11},"end":{"line":38,"column":31}},"type":"binary-expr","locations":[{"start":{"line":38,"column":11},"end":{"line":38,"column":19}},{"start":{"line":38,"column":23},"end":{"line":38,"column":31}}],"line":38},"5":{"loc":{"start":{"line":39,"column":20},"end":{"line":39,"column":58}},"type":"binary-expr","locations":[{"start":{"line":39,"column":20},"end":{"line":39,"column":37}},{"start":{"line":39,"column":41},"end":{"line":39,"column":58}}],"line":39},"6":{"loc":{"start":{"line":40,"column":12},"end":{"line":40,"column":34}},"type":"binary-expr","locations":[{"start":{"line":40,"column":12},"end":{"line":40,"column":21}},{"start":{"line":40,"column":25},"end":{"line":40,"column":34}}],"line":40},"7":{"loc":{"start":{"line":41,"column":13},"end":{"line":41,"column":46}},"type":"binary-expr","locations":[{"start":{"line":41,"column":13},"end":{"line":41,"column":23}},{"start":{"line":41,"column":27},"end":{"line":41,"column":37}},{"start":{"line":41,"column":41},"end":{"line":41,"column":46}}],"line":41},"8":{"loc":{"start":{"line":42,"column":22},"end":{"line":42,"column":64}},"type":"binary-expr","locations":[{"start":{"line":42,"column":22},"end":{"line":42,"column":41}},{"start":{"line":42,"column":45},"end":{"line":42,"column":64}}],"line":42},"9":{"loc":{"start":{"line":43,"column":17},"end":{"line":43,"column":49}},"type":"binary-expr","locations":[{"start":{"line":43,"column":17},"end":{"line":43,"column":31}},{"start":{"line":43,"column":35},"end":{"line":43,"column":49}}],"line":43},"10":{"loc":{"start":{"line":44,"column":16},"end":{"line":44,"column":46}},"type":"binary-expr","locations":[{"start":{"line":44,"column":16},"end":{"line":44,"column":29}},{"start":{"line":44,"column":33},"end":{"line":44,"column":46}}],"line":44},"11":{"loc":{"start":{"line":45,"column":18},"end":{"line":45,"column":52}},"type":"binary-expr","locations":[{"start":{"line":45,"column":18},"end":{"line":45,"column":33}},{"start":{"line":45,"column":37},"end":{"line":45,"column":52}}],"line":45},"12":{"loc":{"start":{"line":46,"column":17},"end":{"line":46,"column":49}},"type":"binary-expr","locations":[{"start":{"line":46,"column":17},"end":{"line":46,"column":31}},{"start":{"line":46,"column":35},"end":{"line":46,"column":49}}],"line":46},"13":{"loc":{"start":{"line":47,"column":18},"end":{"line":47,"column":52}},"type":"binary-expr","locations":[{"start":{"line":47,"column":18},"end":{"line":47,"column":33}},{"start":{"line":47,"column":37},"end":{"line":47,"column":52}}],"line":47},"14":{"loc":{"start":{"line":54,"column":2},"end":{"line":57,"column":3}},"type":"if","locations":[{"start":{"line":54,"column":2},"end":{"line":57,"column":3}},{"start":{},"end":{}}],"line":54},"15":{"loc":{"start":{"line":56,"column":20},"end":{"line":56,"column":72}},"type":"binary-expr","locations":[{"start":{"line":56,"column":20},"end":{"line":56,"column":32}},{"start":{"line":56,"column":36},"end":{"line":56,"column":72}}],"line":56},"16":{"loc":{"start":{"line":59,"column":2},"end":{"line":59,"column":59}},"type":"if","locations":[{"start":{"line":59,"column":2},"end":{"line":59,"column":59}},{"start":{},"end":{}}],"line":59},"17":{"loc":{"start":{"line":66,"column":4},"end":{"line":66,"column":60}},"type":"if","locations":[{"start":{"line":66,"column":4},"end":{"line":66,"column":60}},{"start":{},"end":{}}],"line":66},"18":{"loc":{"start":{"line":80,"column":4},"end":{"line":80,"column":60}},"type":"if","locations":[{"start":{"line":80,"column":4},"end":{"line":80,"column":60}},{"start":{},"end":{}}],"line":80},"19":{"loc":{"start":{"line":91,"column":4},"end":{"line":91,"column":61}},"type":"if","locations":[{"start":{"line":91,"column":4},"end":{"line":91,"column":61}},{"start":{},"end":{}}],"line":91}},"s":{"0":5,"1":4,"2":4,"3":2,"4":1,"5":2,"6":2,"7":1,"8":1,"9":3,"10":3,"11":2,"12":1,"13":1,"14":2,"15":2,"16":3,"17":3,"18":2,"19":1,"20":1,"21":2,"22":2,"23":3,"24":3,"25":2,"26":1,"27":1,"28":1,"29":2,"30":2,"31":3,"32":3,"33":2,"34":1,"35":1,"36":0,"37":0,"38":0,"39":0,"40":0},"f":{"0":5,"1":4,"2":1,"3":3,"4":3,"5":3,"6":3,"7":0},"b":{"0":[5,0],"1":[5,4],"2":[5,4],"3":[5,4],"4":[5,4],"5":[5,2],"6":[5,3],"7":[5,4,4],"8":[5,5],"9":[5,3],"10":[5,5],"11":[5,5],"12":[5,5],"13":[5,5],"14":[2,2],"15":[2,1],"16":[1,1],"17":[1,1],"18":[1,1],"19":[1,1]},"_coverageSchema":"1a1c01bbd47fc00a2c39e90264f33305004495a9","hash":"0551ed8aa15d31efaf88b21a975c73bc7df603cf"}
,"F:\\Development\\openresto\\openresto-frontend\\api\\client.ts": {"path":"F:\\Development\\openresto\\openresto-frontend\\api\\client.ts","statementMap":{"0":{"start":{"line":2,"column":18},"end":{"line":2,"column":49}},"1":{"start":{"line":3,"column":15},"end":{"line":3,"column":48}},"2":{"start":{"line":4,"column":2},"end":{"line":4,"column":34}},"3":{"start":{"line":4,"column":13},"end":{"line":4,"column":34}},"4":{"start":{"line":7,"column":17},"end":{"line":13,"column":6}},"5":{"start":{"line":8,"column":4},"end":{"line":12,"column":5}},"6":{"start":{"line":9,"column":6},"end":{"line":9,"column":27}},"7":{"start":{"line":11,"column":6},"end":{"line":11,"column":18}},"8":{"start":{"line":15,"column":17},"end":{"line":15,"column":92}},"9":{"start":{"line":17,"column":2},"end":{"line":17,"column":58}},"10":{"start":{"line":33,"column":42},"end":{"line":33,"column":61}},"11":{"start":{"line":36,"column":2},"end":{"line":39,"column":3}},"12":{"start":{"line":37,"column":4},"end":{"line":37,"column":49}},"13":{"start":{"line":38,"column":4},"end":{"line":38,"column":40}},"14":{"start":{"line":41,"column":2},"end":{"line":46,"column":5}},"15":{"start":{"line":49,"column":19},"end":{"line":49,"column":82}},"16":{"start":{"line":49,"column":60},"end":{"line":49,"column":82}},"17":{"start":{"line":51,"column":20},"end":{"line":52,"column":38}},"18":{"start":{"line":52,"column":2},"end":{"line":52,"column":38}},"19":{"start":{"line":54,"column":19},"end":{"line":55,"column":37}},"20":{"start":{"line":55,"column":2},"end":{"line":55,"column":37}},"21":{"start":{"line":57,"column":21},"end":{"line":58,"column":39}},"22":{"start":{"line":58,"column":2},"end":{"line":58,"column":39}},"23":{"start":{"line":60,"column":19},"end":{"line":60,"column":85}},"24":{"start":{"line":60,"column":60},"end":{"line":60,"column":85}}},"fnMap":{"0":{"name":"buildUrl","decl":{"start":{"line":1,"column":16},"end":{"line":1,"column":24}},"loc":{"start":{"line":1,"column":47},"end":{"line":18,"column":1}},"line":1},"1":{"name":"(anonymous_1)","decl":{"start":{"line":7,"column":18},"end":{"line":7,"column":19}},"loc":{"start":{"line":7,"column":24},"end":{"line":13,"column":3}},"line":7},"2":{"name":"api","decl":{"start":{"line":28,"column":22},"end":{"line":28,"column":25}},"loc":{"start":{"line":32,"column":21},"end":{"line":47,"column":1}},"line":32},"3":{"name":"(anonymous_3)","decl":{"start":{"line":49,"column":19},"end":{"line":49,"column":20}},"loc":{"start":{"line":49,"column":60},"end":{"line":49,"column":82}},"line":49},"4":{"name":"(anonymous_4)","decl":{"start":{"line":51,"column":20},"end":{"line":51,"column":21}},"loc":{"start":{"line":52,"column":2},"end":{"line":52,"column":38}},"line":52},"5":{"name":"(anonymous_5)","decl":{"start":{"line":54,"column":19},"end":{"line":54,"column":20}},"loc":{"start":{"line":55,"column":2},"end":{"line":55,"column":37}},"line":55},"6":{"name":"(anonymous_6)","decl":{"start":{"line":57,"column":21},"end":{"line":57,"column":22}},"loc":{"start":{"line":58,"column":2},"end":{"line":58,"column":39}},"line":58},"7":{"name":"(anonymous_7)","decl":{"start":{"line":60,"column":19},"end":{"line":60,"column":20}},"loc":{"start":{"line":60,"column":60},"end":{"line":60,"column":85}},"line":60}},"branchMap":{"0":{"loc":{"start":{"line":3,"column":15},"end":{"line":3,"column":48}},"type":"binary-expr","locations":[{"start":{"line":3,"column":15},"end":{"line":3,"column":42}},{"start":{"line":3,"column":46},"end":{"line":3,"column":48}}],"line":3},"1":{"loc":{"start":{"line":4,"column":2},"end":{"line":4,"column":34}},"type":"if","locations":[{"start":{"line":4,"column":2},"end":{"line":4,"column":34}},{"start":{},"end":{}}],"line":4},"2":{"loc":{"start":{"line":15,"column":17},"end":{"line":15,"column":92}},"type":"cond-expr","locations":[{"start":{"line":15,"column":26},"end":{"line":15,"column":68}},{"start":{"line":15,"column":71},"end":{"line":15,"column":92}}],"line":15},"3":{"loc":{"start":{"line":17,"column":9},"end":{"line":17,"column":57}},"type":"cond-expr","locations":[{"start":{"line":17,"column":18},"end":{"line":17,"column":34}},{"start":{"line":17,"column":37},"end":{"line":17,"column":57}}],"line":17},"4":{"loc":{"start":{"line":31,"column":2},"end":{"line":31,"column":27}},"type":"default-arg","locations":[{"start":{"line":31,"column":25},"end":{"line":31,"column":27}}],"line":31},"5":{"loc":{"start":{"line":36,"column":2},"end":{"line":39,"column":3}},"type":"if","locations":[{"start":{"line":36,"column":2},"end":{"line":39,"column":3}},{"start":{},"end":{}}],"line":36},"6":{"loc":{"start":{"line":45,"column":17},"end":{"line":45,"column":46}},"type":"binary-expr","locations":[{"start":{"line":45,"column":17},"end":{"line":45,"column":33}},{"start":{"line":45,"column":37},"end":{"line":45,"column":46}}],"line":45}},"s":{"0":142,"1":142,"2":142,"3":134,"4":8,"5":8,"6":8,"7":5,"8":8,"9":8,"10":138,"11":138,"12":55,"13":55,"14":138,"15":14,"16":47,"17":14,"18":52,"19":14,"20":13,"21":14,"22":2,"23":14,"24":19},"f":{"0":142,"1":8,"2":138,"3":47,"4":52,"5":13,"6":2,"7":19},"b":{"0":[142,133],"1":[134,8],"2":[3,5],"3":[1,7],"4":[66],"5":[55,83],"6":[138,135]},"_coverageSchema":"1a1c01bbd47fc00a2c39e90264f33305004495a9","hash":"8bb25e6607de918c89c3c0872aa6b8fd5d6ea331"}
,"F:\\Development\\openresto\\openresto-frontend\\api\\holds.ts": {"path":"F:\\Development\\openresto\\openresto-frontend\\api\\holds.ts","statementMap":{"0":{"start":{"line":17,"column":2},"end":{"line":25,"column":3}},"1":{"start":{"line":18,"column":16},"end":{"line":18,"column":45}},"2":{"start":{"line":19,"column":4},"end":{"line":19,"column":40}},"3":{"start":{"line":19,"column":28},"end":{"line":19,"column":40}},"4":{"start":{"line":20,"column":4},"end":{"line":20,"column":57}},"5":{"start":{"line":20,"column":17},"end":{"line":20,"column":57}},"6":{"start":{"line":21,"column":4},"end":{"line":21,"column":28}},"7":{"start":{"line":23,"column":4},"end":{"line":23,"column":44}},"8":{"start":{"line":24,"column":4},"end":{"line":24,"column":16}},"9":{"start":{"line":29,"column":2},"end":{"line":33,"column":3}},"10":{"start":{"line":30,"column":4},"end":{"line":30,"column":34}}},"fnMap":{"0":{"name":"createHold","decl":{"start":{"line":16,"column":22},"end":{"line":16,"column":32}},"loc":{"start":{"line":16,"column":85},"end":{"line":26,"column":1}},"line":16},"1":{"name":"releaseHold","decl":{"start":{"line":28,"column":22},"end":{"line":28,"column":33}},"loc":{"start":{"line":28,"column":65},"end":{"line":34,"column":1}},"line":28}},"branchMap":{"0":{"loc":{"start":{"line":19,"column":4},"end":{"line":19,"column":40}},"type":"if","locations":[{"start":{"line":19,"column":4},"end":{"line":19,"column":40}},{"start":{},"end":{}}],"line":19},"1":{"loc":{"start":{"line":20,"column":4},"end":{"line":20,"column":57}},"type":"if","locations":[{"start":{"line":20,"column":4},"end":{"line":20,"column":57}},{"start":{},"end":{}}],"line":20}},"s":{"0":4,"1":4,"2":3,"3":1,"4":2,"5":1,"6":1,"7":2,"8":2,"9":2,"10":2},"f":{"0":4,"1":2},"b":{"0":[1,2],"1":[1,1]},"_coverageSchema":"1a1c01bbd47fc00a2c39e90264f33305004495a9","hash":"d3d1f2c137245bc1f9b1ec103b0fe7d1d003e12d"}
,"F:\\Development\\openresto\\openresto-frontend\\api\\restaurants.ts": {"path":"F:\\Development\\openresto\\openresto-frontend\\api\\restaurants.ts","statementMap":{"0":{"start":{"line":27,"column":2},"end":{"line":34,"column":3}},"1":{"start":{"line":28,"column":16},"end":{"line":28,"column":41}},"2":{"start":{"line":29,"column":4},"end":{"line":29,"column":64}},"3":{"start":{"line":29,"column":17},"end":{"line":29,"column":64}},"4":{"start":{"line":30,"column":4},"end":{"line":30,"column":28}},"5":{"start":{"line":32,"column":4},"end":{"line":32,"column":50}},"6":{"start":{"line":33,"column":4},"end":{"line":33,"column":14}},"7":{"start":{"line":38,"column":2},"end":{"line":45,"column":3}},"8":{"start":{"line":39,"column":16},"end":{"line":39,"column":47}},"9":{"start":{"line":40,"column":4},"end":{"line":40,"column":63}},"10":{"start":{"line":40,"column":17},"end":{"line":40,"column":63}},"11":{"start":{"line":41,"column":4},"end":{"line":41,"column":28}},"12":{"start":{"line":43,"column":4},"end":{"line":43,"column":53}},"13":{"start":{"line":44,"column":4},"end":{"line":44,"column":16}},"14":{"start":{"line":59,"column":2},"end":{"line":66,"column":3}},"15":{"start":{"line":60,"column":16},"end":{"line":60,"column":53}},"16":{"start":{"line":61,"column":4},"end":{"line":61,"column":64}},"17":{"start":{"line":61,"column":17},"end":{"line":61,"column":64}},"18":{"start":{"line":62,"column":4},"end":{"line":62,"column":28}},"19":{"start":{"line":64,"column":4},"end":{"line":64,"column":50}},"20":{"start":{"line":65,"column":4},"end":{"line":65,"column":16}},"21":{"start":{"line":70,"column":2},"end":{"line":77,"column":3}},"22":{"start":{"line":71,"column":16},"end":{"line":71,"column":77}},"23":{"start":{"line":72,"column":4},"end":{"line":72,"column":58}},"24":{"start":{"line":72,"column":17},"end":{"line":72,"column":58}},"25":{"start":{"line":73,"column":4},"end":{"line":73,"column":28}},"26":{"start":{"line":75,"column":4},"end":{"line":75,"column":44}},"27":{"start":{"line":76,"column":4},"end":{"line":76,"column":16}},"28":{"start":{"line":85,"column":2},"end":{"line":92,"column":3}},"29":{"start":{"line":86,"column":16},"end":{"line":86,"column":89}},"30":{"start":{"line":87,"column":4},"end":{"line":87,"column":61}},"31":{"start":{"line":87,"column":17},"end":{"line":87,"column":61}},"32":{"start":{"line":88,"column":4},"end":{"line":88,"column":28}},"33":{"start":{"line":90,"column":4},"end":{"line":90,"column":47}},"34":{"start":{"line":91,"column":4},"end":{"line":91,"column":16}},"35":{"start":{"line":96,"column":2},"end":{"line":102,"column":3}},"36":{"start":{"line":97,"column":16},"end":{"line":97,"column":79}},"37":{"start":{"line":98,"column":4},"end":{"line":98,"column":18}},"38":{"start":{"line":100,"column":4},"end":{"line":100,"column":47}},"39":{"start":{"line":101,"column":4},"end":{"line":101,"column":17}},"40":{"start":{"line":110,"column":2},"end":{"line":117,"column":3}},"41":{"start":{"line":111,"column":16},"end":{"line":111,"column":93}},"42":{"start":{"line":112,"column":4},"end":{"line":112,"column":56}},"43":{"start":{"line":112,"column":17},"end":{"line":112,"column":56}},"44":{"start":{"line":113,"column":4},"end":{"line":113,"column":28}},"45":{"start":{"line":115,"column":4},"end":{"line":115,"column":42}},"46":{"start":{"line":116,"column":4},"end":{"line":116,"column":16}},"47":{"start":{"line":126,"column":2},"end":{"line":136,"column":3}},"48":{"start":{"line":127,"column":16},"end":{"line":130,"column":5}},"49":{"start":{"line":131,"column":4},"end":{"line":131,"column":59}},"50":{"start":{"line":131,"column":17},"end":{"line":131,"column":59}},"51":{"start":{"line":132,"column":4},"end":{"line":132,"column":28}},"52":{"start":{"line":134,"column":4},"end":{"line":134,"column":45}},"53":{"start":{"line":135,"column":4},"end":{"line":135,"column":16}},"54":{"start":{"line":144,"column":2},"end":{"line":150,"column":3}},"55":{"start":{"line":145,"column":16},"end":{"line":145,"column":97}},"56":{"start":{"line":146,"column":4},"end":{"line":146,"column":18}},"57":{"start":{"line":148,"column":4},"end":{"line":148,"column":45}},"58":{"start":{"line":149,"column":4},"end":{"line":149,"column":17}}},"fnMap":{"0":{"name":"fetchRestaurants","decl":{"start":{"line":26,"column":22},"end":{"line":26,"column":38}},"loc":{"start":{"line":26,"column":67},"end":{"line":35,"column":1}},"line":26},"1":{"name":"fetchRestaurantById","decl":{"start":{"line":37,"column":22},"end":{"line":37,"column":41}},"loc":{"start":{"line":37,"column":85},"end":{"line":46,"column":1}},"line":37},"2":{"name":"updateRestaurant","decl":{"start":{"line":48,"column":22},"end":{"line":48,"column":38}},"loc":{"start":{"line":58,"column":33},"end":{"line":67,"column":1}},"line":58},"3":{"name":"addSection","decl":{"start":{"line":69,"column":22},"end":{"line":69,"column":32}},"loc":{"start":{"line":69,"column":97},"end":{"line":78,"column":1}},"line":69},"4":{"name":"updateSection","decl":{"start":{"line":80,"column":22},"end":{"line":80,"column":35}},"loc":{"start":{"line":84,"column":30},"end":{"line":93,"column":1}},"line":84},"5":{"name":"deleteSection","decl":{"start":{"line":95,"column":22},"end":{"line":95,"column":35}},"loc":{"start":{"line":95,"column":95},"end":{"line":103,"column":1}},"line":95},"6":{"name":"addTable","decl":{"start":{"line":105,"column":22},"end":{"line":105,"column":30}},"loc":{"start":{"line":109,"column":28},"end":{"line":118,"column":1}},"line":109},"7":{"name":"updateTable","decl":{"start":{"line":120,"column":22},"end":{"line":120,"column":33}},"loc":{"start":{"line":125,"column":28},"end":{"line":137,"column":1}},"line":125},"8":{"name":"deleteTable","decl":{"start":{"line":139,"column":22},"end":{"line":139,"column":33}},"loc":{"start":{"line":143,"column":20},"end":{"line":151,"column":1}},"line":143}},"branchMap":{"0":{"loc":{"start":{"line":29,"column":4},"end":{"line":29,"column":64}},"type":"if","locations":[{"start":{"line":29,"column":4},"end":{"line":29,"column":64}},{"start":{},"end":{}}],"line":29},"1":{"loc":{"start":{"line":40,"column":4},"end":{"line":40,"column":63}},"type":"if","locations":[{"start":{"line":40,"column":4},"end":{"line":40,"column":63}},{"start":{},"end":{}}],"line":40},"2":{"loc":{"start":{"line":61,"column":4},"end":{"line":61,"column":64}},"type":"if","locations":[{"start":{"line":61,"column":4},"end":{"line":61,"column":64}},{"start":{},"end":{}}],"line":61},"3":{"loc":{"start":{"line":72,"column":4},"end":{"line":72,"column":58}},"type":"if","locations":[{"start":{"line":72,"column":4},"end":{"line":72,"column":58}},{"start":{},"end":{}}],"line":72},"4":{"loc":{"start":{"line":87,"column":4},"end":{"line":87,"column":61}},"type":"if","locations":[{"start":{"line":87,"column":4},"end":{"line":87,"column":61}},{"start":{},"end":{}}],"line":87},"5":{"loc":{"start":{"line":112,"column":4},"end":{"line":112,"column":56}},"type":"if","locations":[{"start":{"line":112,"column":4},"end":{"line":112,"column":56}},{"start":{},"end":{}}],"line":112},"6":{"loc":{"start":{"line":131,"column":4},"end":{"line":131,"column":59}},"type":"if","locations":[{"start":{"line":131,"column":4},"end":{"line":131,"column":59}},{"start":{},"end":{}}],"line":131}},"s":{"0":3,"1":3,"2":2,"3":1,"4":1,"5":2,"6":2,"7":3,"8":3,"9":2,"10":1,"11":1,"12":2,"13":2,"14":2,"15":2,"16":2,"17":1,"18":1,"19":1,"20":1,"21":2,"22":2,"23":2,"24":1,"25":1,"26":1,"27":1,"28":2,"29":2,"30":2,"31":1,"32":1,"33":1,"34":1,"35":3,"36":3,"37":2,"38":1,"39":1,"40":2,"41":2,"42":2,"43":1,"44":1,"45":1,"46":1,"47":3,"48":3,"49":2,"50":1,"51":1,"52":2,"53":2,"54":3,"55":3,"56":2,"57":1,"58":1},"f":{"0":3,"1":3,"2":2,"3":2,"4":2,"5":3,"6":2,"7":3,"8":3},"b":{"0":[1,1],"1":[1,1],"2":[1,1],"3":[1,1],"4":[1,1],"5":[1,1],"6":[1,1]},"_coverageSchema":"1a1c01bbd47fc00a2c39e90264f33305004495a9","hash":"f84f601503d13890b2263929c67f5a7cf77a2c84"}
,"F:\\Development\\openresto\\openresto-frontend\\app\\+html.tsx": {"path":"F:\\Development\\openresto\\openresto-frontend\\app\\+html.tsx","statementMap":{"0":{"start":{"line":5,"column":2},"end":{"line":38,"column":4}}},"fnMap":{"0":{"name":"Root","decl":{"start":{"line":4,"column":24},"end":{"line":4,"column":28}},"loc":{"start":{"line":4,"column":62},"end":{"line":39,"column":1}},"line":4}},"branchMap":{},"s":{"0":0},"f":{"0":0},"b":{}}
,"F:\\Development\\openresto\\openresto-frontend\\app\\_layout.tsx": {"path":"F:\\Development\\openresto\\openresto-frontend\\app\\_layout.tsx","statementMap":{"0":{"start":{"line":15,"column":0},"end":{"line":32,"column":1}},"1":{"start":{"line":16,"column":2},"end":{"line":31,"column":12}},"2":{"start":{"line":17,"column":18},"end":{"line":17,"column":57}},"3":{"start":{"line":19,"column":4},"end":{"line":23,"column":5}},"4":{"start":{"line":20,"column":6},"end":{"line":20,"column":21}},"5":{"start":{"line":22,"column":6},"end":{"line":22,"column":94}},"6":{"start":{"line":24,"column":15},"end":{"line":24,"column":56}},"7":{"start":{"line":25,"column":4},"end":{"line":25,"column":48}},"8":{"start":{"line":26,"column":4},"end":{"line":26,"column":56}},"9":{"start":{"line":27,"column":4},"end":{"line":30,"column":5}},"10":{"start":{"line":28,"column":6},"end":{"line":28,"column":42}},"11":{"start":{"line":29,"column":6},"end":{"line":29,"column":47}},"12":{"start":{"line":35,"column":26},"end":{"line":35,"column":36}},"13":{"start":{"line":36,"column":16},"end":{"line":36,"column":26}},"14":{"start":{"line":37,"column":19},"end":{"line":37,"column":32}},"15":{"start":{"line":38,"column":19},"end":{"line":38,"column":32}},"16":{"start":{"line":40,"column":2},"end":{"line":68,"column":42}},"17":{"start":{"line":41,"column":4},"end":{"line":41,"column":38}},"18":{"start":{"line":41,"column":31},"end":{"line":41,"column":38}},"19":{"start":{"line":44,"column":24},"end":{"line":46,"column":5}},"20":{"start":{"line":45,"column":6},"end":{"line":45,"column":75}},"21":{"start":{"line":50,"column":27},"end":{"line":50,"column":69}},"22":{"start":{"line":50,"column":50},"end":{"line":50,"column":68}},"23":{"start":{"line":51,"column":27},"end":{"line":51,"column":44}},"24":{"start":{"line":53,"column":4},"end":{"line":67,"column":5}},"25":{"start":{"line":54,"column":6},"end":{"line":54,"column":20}},"26":{"start":{"line":55,"column":11},"end":{"line":67,"column":5}},"27":{"start":{"line":56,"column":6},"end":{"line":56,"column":37}},"28":{"start":{"line":57,"column":11},"end":{"line":67,"column":5}},"29":{"start":{"line":58,"column":6},"end":{"line":58,"column":37}},"30":{"start":{"line":59,"column":11},"end":{"line":67,"column":5}},"31":{"start":{"line":60,"column":6},"end":{"line":60,"column":39}},"32":{"start":{"line":61,"column":11},"end":{"line":67,"column":5}},"33":{"start":{"line":62,"column":6},"end":{"line":62,"column":40}},"34":{"start":{"line":65,"column":28},"end":{"line":65,"column":92}},"35":{"start":{"line":66,"column":6},"end":{"line":66,"column":33}},"36":{"start":{"line":70,"column":2},"end":{"line":73,"column":9}},"37":{"start":{"line":71,"column":4},"end":{"line":71,"column":73}},"38":{"start":{"line":71,"column":66},"end":{"line":71,"column":73}},"39":{"start":{"line":72,"column":4},"end":{"line":72,"column":63}},"40":{"start":{"line":75,"column":2},"end":{"line":84,"column":4}},"41":{"start":{"line":88,"column":2},"end":{"line":94,"column":4}}},"fnMap":{"0":{"name":"AppWithTheme","decl":{"start":{"line":34,"column":9},"end":{"line":34,"column":21}},"loc":{"start":{"line":34,"column":24},"end":{"line":85,"column":1}},"line":34},"1":{"name":"(anonymous_1)","decl":{"start":{"line":40,"column":12},"end":{"line":40,"column":13}},"loc":{"start":{"line":40,"column":18},"end":{"line":68,"column":3}},"line":40},"2":{"name":"(anonymous_2)","decl":{"start":{"line":44,"column":24},"end":{"line":44,"column":25}},"loc":{"start":{"line":44,"column":43},"end":{"line":46,"column":5}},"line":44},"3":{"name":"(anonymous_3)","decl":{"start":{"line":50,"column":43},"end":{"line":50,"column":44}},"loc":{"start":{"line":50,"column":50},"end":{"line":50,"column":68}},"line":50},"4":{"name":"(anonymous_4)","decl":{"start":{"line":70,"column":12},"end":{"line":70,"column":13}},"loc":{"start":{"line":70,"column":18},"end":{"line":73,"column":3}},"line":70},"5":{"name":"(anonymous_5)","decl":{"start":{"line":72,"column":53},"end":{"line":72,"column":54}},"loc":{"start":{"line":72,"column":59},"end":{"line":72,"column":61}},"line":72},"6":{"name":"RootLayout","decl":{"start":{"line":87,"column":24},"end":{"line":87,"column":34}},"loc":{"start":{"line":87,"column":37},"end":{"line":95,"column":1}},"line":87}},"branchMap":{"0":{"loc":{"start":{"line":15,"column":0},"end":{"line":32,"column":1}},"type":"if","locations":[{"start":{"line":15,"column":0},"end":{"line":32,"column":1}},{"start":{},"end":{}}],"line":15},"1":{"loc":{"start":{"line":15,"column":4},"end":{"line":15,"column":60}},"type":"binary-expr","locations":[{"start":{"line":15,"column":4},"end":{"line":15,"column":25}},{"start":{"line":15,"column":29},"end":{"line":15,"column":60}}],"line":15},"2":{"loc":{"start":{"line":19,"column":4},"end":{"line":23,"column":5}},"type":"if","locations":[{"start":{"line":19,"column":4},"end":{"line":23,"column":5}},{"start":{"line":21,"column":11},"end":{"line":23,"column":5}}],"line":19},"3":{"loc":{"start":{"line":19,"column":8},"end":{"line":19,"column":45}},"type":"binary-expr","locations":[{"start":{"line":19,"column":8},"end":{"line":19,"column":25}},{"start":{"line":19,"column":29},"end":{"line":19,"column":45}}],"line":19},"4":{"loc":{"start":{"line":22,"column":15},"end":{"line":22,"column":93}},"type":"cond-expr","locations":[{"start":{"line":22,"column":77},"end":{"line":22,"column":83}},{"start":{"line":22,"column":86},"end":{"line":22,"column":93}}],"line":22},"5":{"loc":{"start":{"line":24,"column":15},"end":{"line":24,"column":56}},"type":"cond-expr","locations":[{"start":{"line":24,"column":35},"end":{"line":24,"column":44}},{"start":{"line":24,"column":47},"end":{"line":24,"column":56}}],"line":24},"6":{"loc":{"start":{"line":27,"column":4},"end":{"line":30,"column":5}},"type":"if","locations":[{"start":{"line":27,"column":4},"end":{"line":30,"column":5}},{"start":{},"end":{}}],"line":27},"7":{"loc":{"start":{"line":41,"column":4},"end":{"line":41,"column":38}},"type":"if","locations":[{"start":{"line":41,"column":4},"end":{"line":41,"column":38}},{"start":{},"end":{}}],"line":41},"8":{"loc":{"start":{"line":45,"column":23},"end":{"line":45,"column":74}},"type":"cond-expr","locations":[{"start":{"line":45,"column":30},"end":{"line":45,"column":58}},{"start":{"line":45,"column":61},"end":{"line":45,"column":74}}],"line":45},"9":{"loc":{"start":{"line":53,"column":4},"end":{"line":67,"column":5}},"type":"if","locations":[{"start":{"line":53,"column":4},"end":{"line":67,"column":5}},{"start":{"line":55,"column":11},"end":{"line":67,"column":5}}],"line":53},"10":{"loc":{"start":{"line":53,"column":8},"end":{"line":53,"column":65}},"type":"binary-expr","locations":[{"start":{"line":53,"column":8},"end":{"line":53,"column":23}},{"start":{"line":53,"column":27},"end":{"line":53,"column":65}}],"line":53},"11":{"loc":{"start":{"line":55,"column":11},"end":{"line":67,"column":5}},"type":"if","locations":[{"start":{"line":55,"column":11},"end":{"line":67,"column":5}},{"start":{"line":57,"column":11},"end":{"line":67,"column":5}}],"line":55},"12":{"loc":{"start":{"line":57,"column":11},"end":{"line":67,"column":5}},"type":"if","locations":[{"start":{"line":57,"column":11},"end":{"line":67,"column":5}},{"start":{"line":59,"column":11},"end":{"line":67,"column":5}}],"line":57},"13":{"loc":{"start":{"line":59,"column":11},"end":{"line":67,"column":5}},"type":"if","locations":[{"start":{"line":59,"column":11},"end":{"line":67,"column":5}},{"start":{"line":61,"column":11},"end":{"line":67,"column":5}}],"line":59},"14":{"loc":{"start":{"line":61,"column":11},"end":{"line":67,"column":5}},"type":"if","locations":[{"start":{"line":61,"column":11},"end":{"line":67,"column":5}},{"start":{"line":63,"column":11},"end":{"line":67,"column":5}}],"line":61},"15":{"loc":{"start":{"line":71,"column":4},"end":{"line":71,"column":73}},"type":"if","locations":[{"start":{"line":71,"column":4},"end":{"line":71,"column":73}},{"start":{},"end":{}}],"line":71},"16":{"loc":{"start":{"line":71,"column":8},"end":{"line":71,"column":64}},"type":"binary-expr","locations":[{"start":{"line":71,"column":8},"end":{"line":71,"column":29}},{"start":{"line":71,"column":33},"end":{"line":71,"column":64}}],"line":71},"17":{"loc":{"start":{"line":76,"column":26},"end":{"line":76,"column":75}},"type":"cond-expr","locations":[{"start":{"line":76,"column":51},"end":{"line":76,"column":60}},{"start":{"line":76,"column":63},"end":{"line":76,"column":75}}],"line":76}},"s":{"0":0,"1":0,"2":0,"3":0,"4":0,"5":0,"6":0,"7":0,"8":0,"9":0,"10":0,"11":0,"12":0,"13":0,"14":0,"15":0,"16":0,"17":0,"18":0,"19":0,"20":0,"21":0,"22":0,"23":0,"24":0,"25":0,"26":0,"27":0,"28":0,"29":0,"30":0,"31":0,"32":0,"33":0,"34":0,"35":0,"36":0,"37":0,"38":0,"39":0,"40":0,"41":0},"f":{"0":0,"1":0,"2":0,"3":0,"4":0,"5":0,"6":0},"b":{"0":[0,0],"1":[0,0],"2":[0,0],"3":[0,0],"4":[0,0],"5":[0,0],"6":[0,0],"7":[0,0],"8":[0,0],"9":[0,0],"10":[0,0],"11":[0,0],"12":[0,0],"13":[0,0],"14":[0,0],"15":[0,0],"16":[0,0],"17":[0,0]}}
,"F:\\Development\\openresto\\openresto-frontend\\app\\index.tsx": {"path":"F:\\Development\\openresto\\openresto-frontend\\app\\index.tsx","statementMap":{"0":{"start":{"line":16,"column":40},"end":{"line":16,"column":69}},"1":{"start":{"line":17,"column":32},"end":{"line":17,"column":46}},"2":{"start":{"line":18,"column":20},"end":{"line":18,"column":41}},"3":{"start":{"line":19,"column":17},"end":{"line":19,"column":44}},"4":{"start":{"line":20,"column":17},"end":{"line":20,"column":39}},"5":{"start":{"line":21,"column":16},"end":{"line":21,"column":26}},"6":{"start":{"line":23,"column":2},"end":{"line":30,"column":9}},"7":{"start":{"line":25,"column":19},"end":{"line":25,"column":43}},"8":{"start":{"line":26,"column":6},"end":{"line":26,"column":27}},"9":{"start":{"line":27,"column":6},"end":{"line":27,"column":24}},"10":{"start":{"line":29,"column":4},"end":{"line":29,"column":22}},"11":{"start":{"line":32,"column":2},"end":{"line":34,"column":3}},"12":{"start":{"line":33,"column":4},"end":{"line":33,"column":29}},"13":{"start":{"line":36,"column":21},"end":{"line":36,"column":61}},"14":{"start":{"line":39,"column":4},"end":{"line":43,"column":9}},"15":{"start":{"line":45,"column":2},"end":{"line":99,"column":4}},"16":{"start":{"line":84,"column":14},"end":{"line":93,"column":21}},"17":{"start":{"line":102,"column":15},"end":{"line":164,"column":2}}},"fnMap":{"0":{"name":"HomeScreen","decl":{"start":{"line":15,"column":24},"end":{"line":15,"column":34}},"loc":{"start":{"line":15,"column":37},"end":{"line":100,"column":1}},"line":15},"1":{"name":"(anonymous_1)","decl":{"start":{"line":23,"column":12},"end":{"line":23,"column":13}},"loc":{"start":{"line":23,"column":18},"end":{"line":30,"column":3}},"line":23},"2":{"name":"loadRestaurants","decl":{"start":{"line":24,"column":19},"end":{"line":24,"column":34}},"loc":{"start":{"line":24,"column":37},"end":{"line":28,"column":5}},"line":24},"3":{"name":"(anonymous_3)","decl":{"start":{"line":83,"column":29},"end":{"line":83,"column":30}},"loc":{"start":{"line":84,"column":14},"end":{"line":93,"column":21}},"line":84}},"branchMap":{"0":{"loc":{"start":{"line":32,"column":2},"end":{"line":34,"column":3}},"type":"if","locations":[{"start":{"line":32,"column":2},"end":{"line":34,"column":3}},{"start":{},"end":{}}],"line":32},"1":{"loc":{"start":{"line":36,"column":21},"end":{"line":36,"column":61}},"type":"cond-expr","locations":[{"start":{"line":36,"column":37},"end":{"line":36,"column":38}},{"start":{"line":36,"column":41},"end":{"line":36,"column":61}}],"line":36},"2":{"loc":{"start":{"line":36,"column":41},"end":{"line":36,"column":61}},"type":"cond-expr","locations":[{"start":{"line":36,"column":56},"end":{"line":36,"column":57}},{"start":{"line":36,"column":60},"end":{"line":36,"column":61}}],"line":36},"3":{"loc":{"start":{"line":39,"column":4},"end":{"line":43,"column":9}},"type":"cond-expr","locations":[{"start":{"line":40,"column":8},"end":{"line":40,"column":14}},{"start":{"line":41,"column":8},"end":{"line":43,"column":9}}],"line":39},"4":{"loc":{"start":{"line":42,"column":41},"end":{"line":42,"column":65}},"type":"cond-expr","locations":[{"start":{"line":42,"column":58},"end":{"line":42,"column":60}},{"start":{"line":42,"column":63},"end":{"line":42,"column":65}}],"line":42},"5":{"loc":{"start":{"line":47,"column":7},"end":{"line":47,"column":90}},"type":"binary-expr","locations":[{"start":{"line":47,"column":7},"end":{"line":47,"column":28}},{"start":{"line":47,"column":32},"end":{"line":47,"column":90}}],"line":47},"6":{"loc":{"start":{"line":56,"column":12},"end":{"line":61,"column":55}},"type":"cond-expr","locations":[{"start":{"line":57,"column":17},"end":{"line":60,"column":24}},{"start":{"line":61,"column":16},"end":{"line":61,"column":55}}],"line":56},"7":{"loc":{"start":{"line":79,"column":48},"end":{"line":79,"column":83}},"type":"cond-expr","locations":[{"start":{"line":79,"column":75},"end":{"line":79,"column":78}},{"start":{"line":79,"column":81},"end":{"line":79,"column":83}}],"line":79},"8":{"loc":{"start":{"line":82,"column":44},"end":{"line":82,"column":68}},"type":"cond-expr","locations":[{"start":{"line":82,"column":61},"end":{"line":82,"column":63}},{"start":{"line":82,"column":66},"end":{"line":82,"column":68}}],"line":82}},"s":{"0":6,"1":6,"2":6,"3":6,"4":6,"5":6,"6":6,"7":3,"8":3,"9":3,"10":3,"11":6,"12":3,"13":3,"14":3,"15":3,"16":4,"17":1},"f":{"0":6,"1":3,"2":3,"3":4},"b":{"0":[3,3],"1":[0,3],"2":[3,0],"3":[0,3],"4":[3,0],"5":[3,3],"6":[0,3],"7":[3,0],"8":[3,0]},"_coverageSchema":"1a1c01bbd47fc00a2c39e90264f33305004495a9","hash":"c038857935aa99b60d3aa71f4b281be6906f3609"}
,"F:\\Development\\openresto\\openresto-frontend\\app\\(admin)\\_layout.tsx": {"path":"F:\\Development\\openresto\\openresto-frontend\\app\\(admin)\\_layout.tsx","statementMap":{"0":{"start":{"line":13,"column":18},"end":{"line":13,"column":21}},"1":{"start":{"line":16,"column":2},"end":{"line":25,"column":4}},"2":{"start":{"line":29,"column":20},"end":{"line":29,"column":41}},"3":{"start":{"line":31,"column":2},"end":{"line":31,"column":77}},"4":{"start":{"line":31,"column":50},"end":{"line":31,"column":77}},"5":{"start":{"line":33,"column":2},"end":{"line":33,"column":30}},"6":{"start":{"line":37,"column":17},"end":{"line":37,"column":28}},"7":{"start":{"line":38,"column":19},"end":{"line":38,"column":32}},"8":{"start":{"line":39,"column":19},"end":{"line":39,"column":32}},"9":{"start":{"line":40,"column":16},"end":{"line":40,"column":26}},"10":{"start":{"line":41,"column":36},"end":{"line":43,"column":3}},"11":{"start":{"line":45,"column":2},"end":{"line":64,"column":42}},"12":{"start":{"line":46,"column":4},"end":{"line":46,"column":38}},"13":{"start":{"line":46,"column":31},"end":{"line":46,"column":38}},"14":{"start":{"line":48,"column":24},"end":{"line":50,"column":5}},"15":{"start":{"line":49,"column":6},"end":{"line":49,"column":52}},"16":{"start":{"line":52,"column":17},"end":{"line":52,"column":46}},"17":{"start":{"line":53,"column":4},"end":{"line":63,"column":5}},"18":{"start":{"line":54,"column":6},"end":{"line":54,"column":31}},"19":{"start":{"line":55,"column":11},"end":{"line":63,"column":5}},"20":{"start":{"line":56,"column":6},"end":{"line":56,"column":30}},"21":{"start":{"line":57,"column":11},"end":{"line":63,"column":5}},"22":{"start":{"line":58,"column":6},"end":{"line":60,"column":35}},"23":{"start":{"line":58,"column":26},"end":{"line":58,"column":53}},"24":{"start":{"line":59,"column":11},"end":{"line":60,"column":35}},"25":{"start":{"line":59,"column":44},"end":{"line":59,"column":74}},"26":{"start":{"line":60,"column":11},"end":{"line":60,"column":35}},"27":{"start":{"line":61,"column":11},"end":{"line":63,"column":5}},"28":{"start":{"line":62,"column":6},"end":{"line":62,"column":33}},"29":{"start":{"line":66,"column":2},"end":{"line":84,"column":17}},"30":{"start":{"line":67,"column":26},"end":{"line":67,"column":61}},"31":{"start":{"line":68,"column":4},"end":{"line":71,"column":5}},"32":{"start":{"line":69,"column":6},"end":{"line":69,"column":36}},"33":{"start":{"line":70,"column":6},"end":{"line":70,"column":13}},"34":{"start":{"line":73,"column":4},"end":{"line":73,"column":46}},"35":{"start":{"line":73,"column":39},"end":{"line":73,"column":46}},"36":{"start":{"line":75,"column":4},"end":{"line":82,"column":7}},"37":{"start":{"line":76,"column":6},"end":{"line":81,"column":7}},"38":{"start":{"line":77,"column":8},"end":{"line":77,"column":38}},"39":{"start":{"line":79,"column":8},"end":{"line":79,"column":40}},"40":{"start":{"line":80,"column":8},"end":{"line":80,"column":41}},"41":{"start":{"line":86,"column":2},"end":{"line":86,"column":84}},"42":{"start":{"line":86,"column":31},"end":{"line":86,"column":84}},"43":{"start":{"line":88,"column":2},"end":{"line":108,"column":3}},"44":{"start":{"line":89,"column":26},"end":{"line":89,"column":61}},"45":{"start":{"line":90,"column":4},"end":{"line":96,"column":5}},"46":{"start":{"line":91,"column":6},"end":{"line":95,"column":8}},"47":{"start":{"line":98,"column":4},"end":{"line":98,"column":51}},"48":{"start":{"line":98,"column":39},"end":{"line":98,"column":51}},"49":{"start":{"line":100,"column":4},"end":{"line":107,"column":6}},"50":{"start":{"line":110,"column":2},"end":{"line":113,"column":3}},"51":{"start":{"line":111,"column":26},"end":{"line":111,"column":61}},"52":{"start":{"line":112,"column":4},"end":{"line":112,"column":36}},"53":{"start":{"line":112,"column":24},"end":{"line":112,"column":36}},"54":{"start":{"line":115,"column":2},"end":{"line":123,"column":4}},"55":{"start":{"line":126,"column":15},"end":{"line":145,"column":2}}},"fnMap":{"0":{"name":"DesktopOnlyWall","decl":{"start":{"line":15,"column":9},"end":{"line":15,"column":24}},"loc":{"start":{"line":15,"column":27},"end":{"line":26,"column":1}},"line":15},"1":{"name":"AdminLayout","decl":{"start":{"line":28,"column":24},"end":{"line":28,"column":35}},"loc":{"start":{"line":28,"column":38},"end":{"line":34,"column":1}},"line":28},"2":{"name":"AdminLayoutInner","decl":{"start":{"line":36,"column":9},"end":{"line":36,"column":25}},"loc":{"start":{"line":36,"column":28},"end":{"line":124,"column":1}},"line":36},"3":{"name":"(anonymous_3)","decl":{"start":{"line":45,"column":12},"end":{"line":45,"column":13}},"loc":{"start":{"line":45,"column":18},"end":{"line":64,"column":3}},"line":45},"4":{"name":"(anonymous_4)","decl":{"start":{"line":48,"column":24},"end":{"line":48,"column":25}},"loc":{"start":{"line":48,"column":42},"end":{"line":50,"column":5}},"line":48},"5":{"name":"(anonymous_5)","decl":{"start":{"line":66,"column":12},"end":{"line":66,"column":13}},"loc":{"start":{"line":66,"column":18},"end":{"line":84,"column":3}},"line":66},"6":{"name":"(anonymous_6)","decl":{"start":{"line":75,"column":24},"end":{"line":75,"column":25}},"loc":{"start":{"line":75,"column":37},"end":{"line":82,"column":5}},"line":75}},"branchMap":{"0":{"loc":{"start":{"line":31,"column":2},"end":{"line":31,"column":77}},"type":"if","locations":[{"start":{"line":31,"column":2},"end":{"line":31,"column":77}},{"start":{},"end":{}}],"line":31},"1":{"loc":{"start":{"line":31,"column":6},"end":{"line":31,"column":48}},"type":"binary-expr","locations":[{"start":{"line":31,"column":6},"end":{"line":31,"column":27}},{"start":{"line":31,"column":31},"end":{"line":31,"column":48}}],"line":31},"2":{"loc":{"start":{"line":46,"column":4},"end":{"line":46,"column":38}},"type":"if","locations":[{"start":{"line":46,"column":4},"end":{"line":46,"column":38}},{"start":{},"end":{}}],"line":46},"3":{"loc":{"start":{"line":53,"column":4},"end":{"line":63,"column":5}},"type":"if","locations":[{"start":{"line":53,"column":4},"end":{"line":63,"column":5}},{"start":{"line":55,"column":11},"end":{"line":63,"column":5}}],"line":53},"4":{"loc":{"start":{"line":55,"column":11},"end":{"line":63,"column":5}},"type":"if","locations":[{"start":{"line":55,"column":11},"end":{"line":63,"column":5}},{"start":{"line":57,"column":11},"end":{"line":63,"column":5}}],"line":55},"5":{"loc":{"start":{"line":57,"column":11},"end":{"line":63,"column":5}},"type":"if","locations":[{"start":{"line":57,"column":11},"end":{"line":63,"column":5}},{"start":{"line":61,"column":11},"end":{"line":63,"column":5}}],"line":57},"6":{"loc":{"start":{"line":58,"column":6},"end":{"line":60,"column":35}},"type":"if","locations":[{"start":{"line":58,"column":6},"end":{"line":60,"column":35}},{"start":{"line":59,"column":11},"end":{"line":60,"column":35}}],"line":58},"7":{"loc":{"start":{"line":59,"column":11},"end":{"line":60,"column":35}},"type":"if","locations":[{"start":{"line":59,"column":11},"end":{"line":60,"column":35}},{"start":{"line":60,"column":11},"end":{"line":60,"column":35}}],"line":59},"8":{"loc":{"start":{"line":59,"column":15},"end":{"line":59,"column":42}},"type":"binary-expr","locations":[{"start":{"line":59,"column":15},"end":{"line":59,"column":19}},{"start":{"line":59,"column":23},"end":{"line":59,"column":42}}],"line":59},"9":{"loc":{"start":{"line":61,"column":11},"end":{"line":63,"column":5}},"type":"if","locations":[{"start":{"line":61,"column":11},"end":{"line":63,"column":5}},{"start":{},"end":{}}],"line":61},"10":{"loc":{"start":{"line":68,"column":4},"end":{"line":71,"column":5}},"type":"if","locations":[{"start":{"line":68,"column":4},"end":{"line":71,"column":5}},{"start":{},"end":{}}],"line":68},"11":{"loc":{"start":{"line":73,"column":4},"end":{"line":73,"column":46}},"type":"if","locations":[{"start":{"line":73,"column":4},"end":{"line":73,"column":46}},{"start":{},"end":{}}],"line":73},"12":{"loc":{"start":{"line":76,"column":6},"end":{"line":81,"column":7}},"type":"if","locations":[{"start":{"line":76,"column":6},"end":{"line":81,"column":7}},{"start":{"line":78,"column":13},"end":{"line":81,"column":7}}],"line":76},"13":{"loc":{"start":{"line":86,"column":2},"end":{"line":86,"column":84}},"type":"if","locations":[{"start":{"line":86,"column":2},"end":{"line":86,"column":84}},{"start":{},"end":{}}],"line":86},"14":{"loc":{"start":{"line":88,"column":2},"end":{"line":108,"column":3}},"type":"if","locations":[{"start":{"line":88,"column":2},"end":{"line":108,"column":3}},{"start":{},"end":{}}],"line":88},"15":{"loc":{"start":{"line":90,"column":4},"end":{"line":96,"column":5}},"type":"if","locations":[{"start":{"line":90,"column":4},"end":{"line":96,"column":5}},{"start":{},"end":{}}],"line":90},"16":{"loc":{"start":{"line":98,"column":4},"end":{"line":98,"column":51}},"type":"if","locations":[{"start":{"line":98,"column":4},"end":{"line":98,"column":51}},{"start":{},"end":{}}],"line":98},"17":{"loc":{"start":{"line":110,"column":2},"end":{"line":113,"column":3}},"type":"if","locations":[{"start":{"line":110,"column":2},"end":{"line":113,"column":3}},{"start":{},"end":{}}],"line":110},"18":{"loc":{"start":{"line":112,"column":4},"end":{"line":112,"column":36}},"type":"if","locations":[{"start":{"line":112,"column":4},"end":{"line":112,"column":36}},{"start":{},"end":{}}],"line":112}},"s":{"0":0,"1":0,"2":0,"3":0,"4":0,"5":0,"6":0,"7":0,"8":0,"9":0,"10":0,"11":0,"12":0,"13":0,"14":0,"15":0,"16":0,"17":0,"18":0,"19":0,"20":0,"21":0,"22":0,"23":0,"24":0,"25":0,"26":0,"27":0,"28":0,"29":0,"30":0,"31":0,"32":0,"33":0,"34":0,"35":0,"36":0,"37":0,"38":0,"39":0,"40":0,"41":0,"42":0,"43":0,"44":0,"45":0,"46":0,"47":0,"48":0,"49":0,"50":0,"51":0,"52":0,"53":0,"54":0,"55":0},"f":{"0":0,"1":0,"2":0,"3":0,"4":0,"5":0,"6":0},"b":{"0":[0,0],"1":[0,0],"2":[0,0],"3":[0,0],"4":[0,0],"5":[0,0],"6":[0,0],"7":[0,0],"8":[0,0],"9":[0,0],"10":[0,0],"11":[0,0],"12":[0,0],"13":[0,0],"14":[0,0],"15":[0,0],"16":[0,0],"17":[0,0],"18":[0,0]}}
[...]
{"start":{"line":60,"column":8},"end":{"line":60,"column":51}},"29":{"start":{"line":65,"column":24},"end":{"line":68,"column":3}},"30":{"start":{"line":66,"column":4},"end":{"line":66,"column":29}},"31":{"start":{"line":67,"column":4},"end":{"line":67,"column":23}},"32":{"start":{"line":70,"column":17},"end":{"line":70,"column":79}},"33":{"start":{"line":70,"column":23},"end":{"line":70,"column":79}},"34":{"start":{"line":72,"column":2},"end":{"line":76,"column":4}},"35":{"start":{"line":80,"column":2},"end":{"line":80,"column":34}}},"fnMap":{"0":{"name":"(anonymous_0)","decl":{"start":{"line":17,"column":17},"end":{"line":17,"column":18}},"loc":{"start":{"line":17,"column":23},"end":{"line":17,"column":25}},"line":17},"1":{"name":"(anonymous_1)","decl":{"start":{"line":18,"column":10},"end":{"line":18,"column":11}},"loc":{"start":{"line":18,"column":16},"end":{"line":18,"column":18}},"line":18},"2":{"name":"readStorage","decl":{"start":{"line":23,"column":9},"end":{"line":23,"column":20}},"loc":{"start":{"line":23,"column":40},"end":{"line":26,"column":1}},"line":23},"3":{"name":"writeStorage","decl":{"start":{"line":28,"column":9},"end":{"line":28,"column":21}},"loc":{"start":{"line":28,"column":45},"end":{"line":32,"column":1}},"line":28},"4":{"name":"getSystemScheme","decl":{"start":{"line":34,"column":9},"end":{"line":34,"column":24}},"loc":{"start":{"line":34,"column":40},"end":{"line":37,"column":1}},"line":34},"5":{"name":"applyTheme","decl":{"start":{"line":39,"column":9},"end":{"line":39,"column":19}},"loc":{"start":{"line":39,"column":41},"end":{"line":47,"column":1}},"line":39},"6":{"name":"AppThemeProvider","decl":{"start":{"line":49,"column":16},"end":{"line":49,"column":32}},"loc":{"start":{"line":49,"column":72},"end":{"line":77,"column":1}},"line":49},"7":{"name":"(anonymous_7)","decl":{"start":{"line":50,"column":69},"end":{"line":50,"column":70}},"loc":{"start":{"line":50,"column":75},"end":{"line":50,"column":88}},"line":50},"8":{"name":"(anonymous_8)","decl":{"start":{"line":55,"column":18},"end":{"line":55,"column":19}},"loc":{"start":{"line":55,"column":24},"end":{"line":63,"column":3}},"line":55},"9":{"name":"(anonymous_9)","decl":{"start":{"line":59,"column":28},"end":{"line":59,"column":29}},"loc":{"start":{"line":59,"column":34},"end":{"line":61,"column":7}},"line":59},"10":{"name":"(anonymous_10)","decl":{"start":{"line":65,"column":24},"end":{"line":65,"column":25}},"loc":{"start":{"line":65,"column":51},"end":{"line":68,"column":3}},"line":65},"11":{"name":"(anonymous_11)","decl":{"start":{"line":70,"column":17},"end":{"line":70,"column":18}},"loc":{"start":{"line":70,"column":23},"end":{"line":70,"column":79}},"line":70},"12":{"name":"useTheme","decl":{"start":{"line":79,"column":16},"end":{"line":79,"column":24}},"loc":{"start":{"line":79,"column":27},"end":{"line":81,"column":1}},"line":79}},"branchMap":{"0":{"loc":{"start":{"line":24,"column":2},"end":{"line":24,"column":84}},"type":"if","locations":[{"start":{"line":24,"column":2},"end":{"line":24,"column":84}},{"start":{},"end":{}}],"line":24},"1":{"loc":{"start":{"line":24,"column":6},"end":{"line":24,"column":66}},"type":"binary-expr","locations":[{"start":{"line":24,"column":6},"end":{"line":24,"column":27}},{"start":{"line":24,"column":31},"end":{"line":24,"column":66}}],"line":24},"2":{"loc":{"start":{"line":25,"column":9},"end":{"line":25,"column":75}},"type":"binary-expr","locations":[{"start":{"line":25,"column":10},"end":{"line":25,"column":62}},{"start":{"line":25,"column":67},"end":{"line":25,"column":75}}],"line":25},"3":{"loc":{"start":{"line":29,"column":2},"end":{"line":29,"column":75}},"type":"if","locations":[{"start":{"line":29,"column":2},"end":{"line":29,"column":75}},{"start":{},"end":{}}],"line":29},"4":{"loc":{"start":{"line":29,"column":6},"end":{"line":29,"column":66}},"type":"binary-expr","locations":[{"start":{"line":29,"column":6},"end":{"line":29,"column":27}},{"start":{"line":29,"column":31},"end":{"line":29,"column":66}}],"line":29},"5":{"loc":{"start":{"line":30,"column":2},"end":{"line":31,"column":47}},"type":"if","locations":[{"start":{"line":30,"column":2},"end":{"line":31,"column":47}},{"start":{"line":31,"column":7},"end":{"line":31,"column":47}}],"line":30},"6":{"loc":{"start":{"line":35,"column":2},"end":{"line":35,"column":76}},"type":"if","locations":[{"start":{"line":35,"column":2},"end":{"line":35,"column":76}},{"start":{},"end":{}}],"line":35},"7":{"loc":{"start":{"line":35,"column":6},"end":{"line":35,"column":60}},"type":"binary-expr","locations":[{"start":{"line":35,"column":6},"end":{"line":35,"column":27}},{"start":{"line":35,"column":31},"end":{"line":35,"column":60}}],"line":35},"8":{"loc":{"start":{"line":36,"column":9},"end":{"line":36,"column":87}},"type":"cond-expr","locations":[{"start":{"line":36,"column":71},"end":{"line":36,"column":77}},{"start":{"line":36,"column":80},"end":{"line":36,"column":87}}],"line":36},"9":{"loc":{"start":{"line":40,"column":2},"end":{"line":40,"column":71}},"type":"if","locations":[{"start":{"line":40,"column":2},"end":{"line":40,"column":71}},{"start":{},"end":{}}],"line":40},"10":{"loc":{"start":{"line":40,"column":6},"end":{"line":40,"column":62}},"type":"binary-expr","locations":[{"start":{"line":40,"column":6},"end":{"line":40,"column":27}},{"start":{"line":40,"column":31},"end":{"line":40,"column":62}}],"line":40},"11":{"loc":{"start":{"line":41,"column":13},"end":{"line":41,"column":54}},"type":"cond-expr","locations":[{"start":{"line":41,"column":33},"end":{"line":41,"column":42}},{"start":{"line":41,"column":45},"end":{"line":41,"column":54}}],"line":41},"12":{"loc":{"start":{"line":52,"column":35},"end":{"line":52,"column":86}},"type":"cond-expr","locations":[{"start":{"line":52,"column":61},"end":{"line":52,"column":73}},{"start":{"line":52,"column":76},"end":{"line":52,"column":86}}],"line":52},"13":{"loc":{"start":{"line":58,"column":4},"end":{"line":62,"column":5}},"type":"if","locations":[{"start":{"line":58,"column":4},"end":{"line":62,"column":5}},{"start":{},"end":{}}],"line":58},"14":{"loc":{"start":{"line":70,"column":37},"end":{"line":70,"column":78}},"type":"cond-expr","locations":[{"start":{"line":70,"column":62},"end":{"line":70,"column":69}},{"start":{"line":70,"column":72},"end":{"line":70,"column":78}}],"line":70}},"s":{"0":8,"1":8,"2":33,"3":29,"4":4,"5":2,"6":0,"7":2,"8":0,"9":2,"10":33,"11":29,"12":4,"13":35,"14":29,"15":6,"16":6,"17":6,"18":6,"19":6,"20":35,"21":33,"22":35,"23":35,"24":35,"25":35,"26":35,"27":13,"28":13,"29":35,"30":2,"31":2,"32":35,"33":1,"34":35,"35":9},"f":{"0":0,"1":0,"2":33,"3":2,"4":33,"5":35,"6":35,"7":33,"8":35,"9":13,"10":2,"11":1,"12":9},"b":{"0":[29,4],"1":[33,4],"2":[4,4],"3":[0,2],"4":[2,2],"5":[0,2],"6":[29,4],"7":[33,4],"8":[4,0],"9":[29,6],"10":[35,6],"11":[4,2],"12":[33,2],"13":[13,22],"14":[1,0]},"_coverageSchema":"1a1c01bbd47fc00a2c39e90264f33305004495a9","hash":"97a31e5adc4f16ad3c50e9610a043727ce2cf756"}
,"F:\\Development\\openresto\\openresto-frontend\\hooks\\use-color-scheme.ts": {"path":"F:\\Development\\openresto\\openresto-frontend\\hooks\\use-color-scheme.ts","statementMap":{},"fnMap":{},"branchMap":{},"s":{},"f":{},"b":{},"_coverageSchema":"1a1c01bbd47fc00a2c39e90264f33305004495a9","hash":"947a5b49bd3d5263be878f903605f57d3a7e5355"}
,"F:\\Development\\openresto\\openresto-frontend\\hooks\\use-color-scheme.web.ts": {"path":"F:\\Development\\openresto\\openresto-frontend\\hooks\\use-color-scheme.web.ts","statementMap":{"0":{"start":{"line":4,"column":26},"end":{"line":4,"column":36}},"1":{"start":{"line":5,"column":2},"end":{"line":5,"column":21}}},"fnMap":{"0":{"name":"useColorScheme","decl":{"start":{"line":3,"column":16},"end":{"line":3,"column":30}},"loc":{"start":{"line":3,"column":33},"end":{"line":6,"column":1}},"line":3}},"branchMap":{},"s":{"0":1,"1":1},"f":{"0":1},"b":{},"_coverageSchema":"1a1c01bbd47fc00a2c39e90264f33305004495a9","hash":"52e662958c2daa9d329a273528c88a119fe74b36"}
,"F:\\Development\\openresto\\openresto-frontend\\utils\\bookingCache.ts": {"path":"F:\\Development\\openresto\\openresto-frontend\\utils\\bookingCache.ts","statementMap":{"0":{"start":{"line":17,"column":2},"end":{"line":23,"column":3}},"1":{"start":{"line":18,"column":16},"end":{"line":18,"column":48}},"2":{"start":{"line":19,"column":4},"end":{"line":19,"column":27}},"3":{"start":{"line":19,"column":17},"end":{"line":19,"column":27}},"4":{"start":{"line":20,"column":4},"end":{"line":20,"column":28}},"5":{"start":{"line":22,"column":4},"end":{"line":22,"column":14}}},"fnMap":{"0":{"name":"fetchCachedBookings","decl":{"start":{"line":16,"column":22},"end":{"line":16,"column":41}},"loc":{"start":{"line":16,"column":70},"end":{"line":24,"column":1}},"line":16}},"branchMap":{"0":{"loc":{"start":{"line":19,"column":4},"end":{"line":19,"column":27}},"type":"if","locations":[{"start":{"line":19,"column":4},"end":{"line":19,"column":27}},{"start":{},"end":{}}],"line":19}},"s":{"0":3,"1":3,"2":2,"3":1,"4":1,"5":1},"f":{"0":3},"b":{"0":[1,1]},"_coverageSchema":"1a1c01bbd47fc00a2c39e90264f33305004495a9","hash":"4f928b7bac6af4f6af69775cdde33c391871b1a4"}
,"F:\\Development\\openresto\\openresto-frontend\\utils\\calendar.ts": {"path":"F:\\Development\\openresto\\openresto-frontend\\utils\\calendar.ts","statementMap":{"0":{"start":{"line":2,"column":15},"end":{"line":2,"column":33}},"1":{"start":{"line":3,"column":16},"end":{"line":3,"column":60}},"2":{"start":{"line":4,"column":14},"end":{"line":4,"column":53}},"3":{"start":{"line":5,"column":16},"end":{"line":5,"column":56}},"4":{"start":{"line":6,"column":18},"end":{"line":6,"column":60}},"5":{"start":{"line":7,"column":18},"end":{"line":7,"column":60}},"6":{"start":{"line":8,"column":2},"end":{"line":8,"column":63}},"7":{"start":{"line":13,"column":16},"end":{"line":13,"column":46}},"8":{"start":{"line":14,"column":2},"end":{"line":14,"column":38}},"9":{"start":{"line":14,"column":26},"end":{"line":14,"column":38}},"10":{"start":{"line":16,"column":15},"end":{"line":16,"column":17}},"11":{"start":{"line":17,"column":18},"end":{"line":17,"column":19}},"12":{"start":{"line":18,"column":14},"end":{"line":18,"column":16}},"13":{"start":{"line":20,"column":2},"end":{"line":30,"column":3}},"14":{"start":{"line":21,"column":20},"end":{"line":21,"column":57}},"15":{"start":{"line":22,"column":4},"end":{"line":29,"column":5}},"16":{"start":{"line":23,"column":6},"end":{"line":23,"column":55}},"17":{"start":{"line":24,"column":6},"end":{"line":24,"column":19}},"18":{"start":{"line":25,"column":6},"end":{"line":25,"column":26}},"19":{"start":{"line":27,"column":6},"end":{"line":27,"column":20}},"20":{"start":{"line":28,"column":6},"end":{"line":28,"column":27}},"21":{"start":{"line":31,"column":2},"end":{"line":31,"column":62}},"22":{"start":{"line":31,"column":13},"end":{"line":31,"column":62}},"23":{"start":{"line":32,"column":2},"end":{"line":32,"column":16}},"24":{"start":{"line":37,"column":2},"end":{"line":37,"column":100}},"25":{"start":{"line":50,"column":20},"end":{"line":50,"column":40}},"26":{"start":{"line":51,"column":18},"end":{"line":51,"column":64}},"27":{"start":{"line":52,"column":14},"end":{"line":52,"column":24}},"28":{"start":{"line":54,"column":16},"end":{"line":54,"column":56}},"29":{"start":{"line":56,"column":17},"end":{"line":56,"column":77}},"30":{"start":{"line":57,"column":27},"end":{"line":63,"column":19}},"31":{"start":{"line":65,"column":27},"end":{"line":65,"column":54}},"32":{"start":{"line":66,"column":19},"end":{"line":66,"column":42}},"33":{"start":{"line":70,"column":4},"end":{"line":74,"column":47}},"34":{"start":{"line":78,"column":4},"end":{"line":83,"column":47}},"35":{"start":{"line":86,"column":22},"end":{"line":114,"column":3}},"36":{"start":{"line":87,"column":18},"end":{"line":105,"column":19}},"37":{"start":{"line":107,"column":17},"end":{"line":107,"column":75}},"38":{"start":{"line":108,"column":16},"end":{"line":108,"column":41}},"39":{"start":{"line":109,"column":14},"end":{"line":109,"column":41}},"40":{"start":{"line":110,"column":4},"end":{"line":110,"column":17}},"41":{"start":{"line":111,"column":4},"end":{"line":111,"column":55}},"42":{"start":{"line":112,"column":4},"end":{"line":112,"column":14}},"43":{"start":{"line":113,"column":4},"end":{"line":113,"column":29}},"44":{"start":{"line":116,"column":2},"end":{"line":116,"column":48}}},"fnMap":{"0":{"name":"fmtCal","decl":{"start":{"line":1,"column":16},"end":{"line":1,"column":22}},"loc":{"start":{"line":1,"column":40},"end":{"line":9,"column":1}},"line":1},"1":{"name":"foldLine","decl":{"start":{"line":12,"column":9},"end":{"line":12,"column":17}},"loc":{"start":{"line":12,"column":40},"end":{"line":33,"column":1}},"line":12},"2":{"name":"escapeIcal","decl":{"start":{"line":36,"column":9},"end":{"line":36,"column":19}},"loc":{"start":{"line":36,"column":41},"end":{"line":38,"column":1}},"line":36},"3":{"name":"buildCalendarUrls","decl":{"start":{"line":49,"column":16},"end":{"line":49,"column":33}},"loc":{"start":{"line":49,"column":56},"end":{"line":117,"column":1}},"line":49},"4":{"name":"(anonymous_4)","decl":{"start":{"line":86,"column":22},"end":{"line":86,"column":23}},"loc":{"start":{"line":86,"column":28},"end":{"line":114,"column":3}},"line":86}},"branchMap":{"0":{"loc":{"start":{"line":14,"column":2},"end":{"line":14,"column":38}},"type":"if","locations":[{"start":{"line":14,"column":2},"end":{"line":14,"column":38}},{"start":{},"end":{}}],"line":14},"1":{"loc":{"start":{"line":22,"column":4},"end":{"line":29,"column":5}},"type":"if","locations":[{"start":{"line":22,"column":4},"end":{"line":29,"column":5}},{"start":{"line":26,"column":11},"end":{"line":29,"column":5}}],"line":22},"2":{"loc":{"start":{"line":22,"column":31},"end":{"line":22,"column":54}},"type":"cond-expr","locations":[{"start":{"line":22,"column":47},"end":{"line":22,"column":49}},{"start":{"line":22,"column":52},"end":{"line":22,"column":54}}],"line":22},"3":{"loc":{"start":{"line":23,"column":17},"end":{"line":23,"column":45}},"type":"cond-expr","locations":[{"start":{"line":23,"column":33},"end":{"line":23,"column":35}},{"start":{"line":23,"column":38},"end":{"line":23,"column":45}}],"line":23},"4":{"loc":{"start":{"line":31,"column":2},"end":{"line":31,"column":62}},"type":"if","locations":[{"start":{"line":31,"column":2},"end":{"line":31,"column":62}},{"start":{},"end":{}}],"line":31},"5":{"loc":{"start":{"line":31,"column":24},"end":{"line":31,"column":52}},"type":"cond-expr","locations":[{"start":{"line":31,"column":40},"end":{"line":31,"column":42}},{"start":{"line":31,"column":45},"end":{"line":31,"column":52}}],"line":31},"6":{"loc":{"start":{"line":56,"column":17},"end":{"line":56,"column":77}},"type":"cond-expr","locations":[{"start":{"line":56,"column":49},"end":{"line":56,"column":72}},{"start":{"line":56,"column":75},"end":{"line":56,"column":77}}],"line":56},"7":{"loc":{"start":{"line":58,"column":4},"end":{"line":58,"column":51}},"type":"cond-expr","locations":[{"start":{"line":58,"column":13},"end":{"line":58,"column":46}},{"start":{"line":58,"column":49},"end":{"line":58,"column":51}}],"line":58},"8":{"loc":{"start":{"line":61,"column":4},"end":{"line":61,"column":72}},"type":"cond-expr","locations":[{"start":{"line":61,"column":30},"end":{"line":61,"column":67}},{"start":{"line":61,"column":70},"end":{"line":61,"column":72}}],"line":61},"9":{"loc":{"start":{"line":62,"column":4},"end":{"line":62,"column":69}},"type":"cond-expr","locations":[{"start":{"line":62,"column":28},"end":{"line":62,"column":64}},{"start":{"line":62,"column":67},"end":{"line":62,"column":69}}],"line":62},"10":{"loc":{"start":{"line":99,"column":10},"end":{"line":99,"column":62}},"type":"cond-expr","locations":[{"start":{"line":99,"column":21},"end":{"line":99,"column":57}},{"start":{"line":99,"column":60},"end":{"line":99,"column":62}}],"line":99}},"s":{"0":65,"1":65,"2":65,"3":65,"4":65,"5":65,"6":65,"7":15,"8":15,"9":14,"10":1,"11":1,"12":1,"13":1,"14":110,"15":110,"16":1,"17":1,"18":1,"19":109,"20":109,"21":1,"22":1,"23":1,"24":3,"25":16,"26":16,"27":16,"28":16,"29":16,"30":16,"31":16,"32":16,"33":16,"34":16,"35":16,"36":1,"37":1,"38":1,"39":1,"40":1,"41":1,"42":1,"43":1,"44":16},"f":{"0":65,"1":15,"2":3,"3":16,"4":1},"b":{"0":[14,1],"1":[1,109],"2":[76,34],"3":[1,0],"4":[1,0],"5":[0,1],"6":[16,0],"7":[3,13],"8":[14,2],"9":[12,4],"10":[1,0]},"_coverageSchema":"1a1c01bbd47fc00a2c39e90264f33305004495a9","hash":"6e4d50b36ce0ca4d6ce045b910609d99f5869809"}
,"F:\\Development\\openresto\\openresto-frontend\\utils\\colors.ts": {"path":"F:\\Development\\openresto\\openresto-frontend\\utils\\colors.ts","statementMap":{"0":{"start":{"line":2,"column":12},"end":{"line":2,"column":41}},"1":{"start":{"line":3,"column":12},"end":{"line":3,"column":41}},"2":{"start":{"line":4,"column":12},"end":{"line":4,"column":41}},"3":{"start":{"line":5,"column":2},"end":{"line":5,"column":41}}},"fnMap":{"0":{"name":"hexToRgba","decl":{"start":{"line":1,"column":16},"end":{"line":1,"column":25}},"loc":{"start":{"line":1,"column":62},"end":{"line":6,"column":1}},"line":1}},"branchMap":{},"s":{"0":73,"1":73,"2":73,"3":73},"f":{"0":73},"b":{},"_coverageSchema":"1a1c01bbd47fc00a2c39e90264f33305004495a9","hash":"99717d5692fdf5c250c5368ebd5e8d3a2a64fe6c"}
,"F:\\Development\\openresto\\openresto-frontend\\utils\\date.ts": {"path":"F:\\Development\\openresto\\openresto-frontend\\utils\\date.ts","statementMap":{"0":{"start":{"line":6,"column":2},"end":{"line":21,"column":3}},"1":{"start":{"line":7,"column":21},"end":{"line":7,"column":41}},"2":{"start":{"line":8,"column":15},"end":{"line":8,"column":32}},"3":{"start":{"line":12,"column":21},"end":{"line":12,"column":39}},"4":{"start":{"line":13,"column":22},"end":{"line":13,"column":72}},"5":{"start":{"line":14,"column":23},"end":{"line":14,"column":42}},"6":{"start":{"line":15,"column":17},"end":{"line":15,"column":58}},"7":{"start":{"line":17,"column":4},"end":{"line":17,"column":61}},"8":{"start":{"line":20,"column":4},"end":{"line":20,"column":56}},"9":{"start":{"line":28,"column":2},"end":{"line":42,"column":3}},"10":{"start":{"line":29,"column":17},"end":{"line":29,"column":37}},"11":{"start":{"line":30,"column":15},"end":{"line":30,"column":32}},"12":{"start":{"line":32,"column":20},"end":{"line":32,"column":82}},"13":{"start":{"line":33,"column":21},"end":{"line":33,"column":77}},"14":{"start":{"line":35,"column":4},"end":{"line":39,"column":6}},"15":{"start":{"line":41,"column":4},"end":{"line":41,"column":17}}},"fnMap":{"0":{"name":"convertLocalToUtc","decl":{"start":{"line":5,"column":16},"end":{"line":5,"column":33}},"loc":{"start":{"line":5,"column":88},"end":{"line":22,"column":1}},"line":5},"1":{"name":"isTodayInTimezone","decl":{"start":{"line":27,"column":16},"end":{"line":27,"column":33}},"loc":{"start":{"line":27,"column":81},"end":{"line":43,"column":1}},"line":27}},"branchMap":{"0":{"loc":{"start":{"line":8,"column":15},"end":{"line":8,"column":32}},"type":"binary-expr","locations":[{"start":{"line":8,"column":15},"end":{"line":8,"column":23}},{"start":{"line":8,"column":27},"end":{"line":8,"column":32}}],"line":8},"1":{"loc":{"start":{"line":30,"column":15},"end":{"line":30,"column":32}},"type":"binary-expr","locations":[{"start":{"line":30,"column":15},"end":{"line":30,"column":23}},{"start":{"line":30,"column":27},"end":{"line":30,"column":32}}],"line":30},"2":{"loc":{"start":{"line":36,"column":6},"end":{"line":38,"column":46}},"type":"binary-expr","locations":[{"start":{"line":36,"column":6},"end":{"line":36,"column":54}},{"start":{"line":37,"column":6},"end":{"line":37,"column":48}},{"start":{"line":38,"column":6},"end":{"line":38,"column":46}}],"line":36}},"s":{"0":8,"1":8,"2":8,"3":8,"4":8,"5":7,"6":7,"7":7,"8":1,"9":5,"10":5,"11":5,"12":5,"13":5,"14":5,"15":0},"f":{"0":8,"1":5},"b":{"0":[8,0],"1":[5,0],"2":[5,4,4]},"_coverageSchema":"1a1c01bbd47fc00a2c39e90264f33305004495a9","hash":"2bc2321a346eaf0aa4968c01a478663f6e2a29b0"}
}
