TN:
SF:app\_layout.tsx
FN:12,AppWithTheme
FN:27,usePWA
FN:28,(anonymous_2)
FN:62,(anonymous_3)
FN:69,RootLayout
FNF:5
FNH:0
FNDA:0,AppWithTheme
FNDA:0,usePWA
FNDA:0,(anonymous_2)
FNDA:0,(anonymous_3)
FNDA:0,RootLayout
DA:13,0
DA:14,0
DA:28,0
DA:29,0
DA:32,0
DA:33,0
DA:34,0
DA:35,0
DA:36,0
DA:40,0
DA:41,0
DA:42,0
DA:43,0
DA:44,0
DA:48,0
DA:49,0
DA:50,0
DA:51,0
DA:52,0
DA:54,0
DA:55,0
DA:56,0
DA:57,0
DA:61,0
DA:62,0
DA:70,0
DA:72,0
LF:27
LH:0
BRDA:15,0,0,0
BRDA:15,0,1,0
BRDA:29,1,0,0
BRDA:29,1,1,0
BRDA:32,2,0,0
BRDA:32,2,1,0
BRDA:40,3,0,0
BRDA:40,3,1,0
BRDA:48,4,0,0
BRDA:48,4,1,0
BRDA:61,5,0,0
BRDA:61,5,1,0
BRF:12
BRH:0
end_of_record
TN:
SF:app\index.tsx
FN:20,HomeScreen
FN:28,(anonymous_1)
FN:29,loadRestaurants
FN:81,(anonymous_3)
FNF:4
FNH:0
FNDA:0,HomeScreen
FNDA:0,(anonymous_1)
FNDA:0,loadRestaurants
FNDA:0,(anonymous_3)
DA:21,0
DA:22,0
DA:23,0
DA:24,0
DA:25,0
DA:26,0
DA:28,0
DA:30,0
DA:31,0
DA:32,0
DA:34,0
DA:37,0
DA:38,0
DA:40,0
DA:82,0
DA:94,0
LF:16
LH:0
BRDA:37,0,0,0
BRDA:37,0,1,0
BRDA:37,1,0,0
BRDA:37,1,1,0
BRDA:51,2,0,0
BRDA:51,2,1,0
BRDA:72,3,0,0
BRDA:72,3,1,0
BRDA:74,4,0,0
BRDA:74,4,1,0
BRDA:77,5,0,0
BRDA:77,5,1,0
BRDA:80,6,0,0
BRDA:80,6,1,0
BRDA:82,7,0,0
BRDA:82,7,1,0
BRF:16
BRH:0
end_of_record
TN:
SF:app\modal.tsx
FN:7,ModalScreen
FNF:1
FNH:0
FNDA:0,ModalScreen
DA:8,0
DA:18,0
LF:2
LH:0
BRF:0
BRH:0
end_of_record
TN:
SF:app\(admin)\_layout.tsx
FN:13,DesktopOnlyWall
FN:26,AdminLayout
FN:34,AdminLayoutInner
FN:41,(anonymous_3)
FN:50,(anonymous_4)
FNF:5
FNH:0
FNDA:0,DesktopOnlyWall
FNDA:0,AdminLayout
FNDA:0,AdminLayoutInner
FNDA:0,(anonymous_3)
FNDA:0,(anonymous_4)
DA:11,0
DA:14,0
DA:27,0
DA:29,0
DA:31,0
DA:35,0
DA:36,0
DA:37,0
DA:41,0
DA:42,0
DA:43,0
DA:44,0
DA:45,0
DA:48,0
DA:50,0
DA:51,0
DA:52,0
DA:54,0
DA:55,0
DA:61,0
DA:63,0
DA:64,0
DA:65,0
DA:66,0
DA:72,0
DA:82,0
DA:93,0
LF:27
LH:0
BRDA:29,0,0,0
BRDA:29,0,1,0
BRDA:29,1,0,0
BRDA:29,1,1,0
BRDA:43,2,0,0
BRDA:43,2,1,0
BRDA:48,3,0,0
BRDA:48,3,1,0
BRDA:51,4,0,0
BRDA:51,4,1,0
BRDA:61,5,0,0
BRDA:61,5,1,0
BRDA:63,6,0,0
BRDA:63,6,1,0
BRDA:65,7,0,0
BRDA:65,7,1,0
BRF:16
BRH:0
end_of_record
TN:
SF:app\(admin)\dashboard.tsx
FN:23,(anonymous_0)
FN:54,AdminDashboardScreen
FN:71,(anonymous_2)
FN:72,load
FN:86,(anonymous_4)
FN:94,(anonymous_5)
FN:101,(anonymous_6)
FN:105,(anonymous_7)
FN:107,(anonymous_8)
FN:109,(anonymous_9)
FN:113,(anonymous_10)
FN:121,(anonymous_11)
FN:122,(anonymous_12)
FN:172,(anonymous_13)
FN:183,(anonymous_14)
FN:206,(anonymous_15)
FN:246,(anonymous_16)
FN:270,(anonymous_17)
FN:273,(anonymous_18)
FN:274,(anonymous_19)
FN:328,(anonymous_20)
FN:342,(anonymous_21)
FN:343,(anonymous_22)
FN:353,(anonymous_23)
FNF:24
FNH:18
FNDA:28,(anonymous_0)
FNDA:4,AdminDashboardScreen
FNDA:2,(anonymous_2)
FNDA:2,load
FNDA:0,(anonymous_4)
FNDA:4,(anonymous_5)
FNDA:2,(anonymous_6)
FNDA:2,(anonymous_7)
FNDA:48,(anonymous_8)
FNDA:24,(anonymous_9)
FNDA:2,(anonymous_10)
FNDA:48,(anonymous_11)
FNDA:48,(anonymous_12)
FNDA:0,(anonymous_13)
FNDA:0,(anonymous_14)
FNDA:8,(anonymous_15)
FNDA:24,(anonymous_16)
FNDA:6,(anonymous_17)
FNDA:0,(anonymous_18)
FNDA:6,(anonymous_19)
FNDA:0,(anonymous_20)
FNDA:1,(anonymous_21)
FNDA:2,(anonymous_22)
FNDA:0,(anonymous_23)
DA:23,1
DA:24,28
DA:25,28
DA:26,28
DA:27,28
DA:30,1
DA:55,4
DA:56,4
DA:57,4
DA:58,4
DA:59,4
DA:60,4
DA:61,4
DA:62,4
DA:64,4
DA:65,4
DA:66,4
DA:67,4
DA:68,4
DA:69,4
DA:71,4
DA:73,2
DA:74,2
DA:75,2
DA:76,2
DA:77,2
DA:78,2
DA:79,2
DA:81,2
DA:83,2
DA:86,4
DA:87,0
DA:88,0
DA:89,0
DA:90,0
DA:91,0
DA:94,4
DA:95,4
DA:96,4
DA:99,4
DA:101,4
DA:102,2
DA:103,2
DA:105,4
DA:107,4
DA:108,48
DA:110,24
DA:111,24
DA:113,2
DA:114,48
DA:115,48
DA:116,48
DA:121,48
DA:122,48
DA:127,4
DA:158,4
DA:173,0
DA:183,0
DA:207,8
DA:247,24
DA:271,6
DA:273,0
DA:274,6
DA:328,0
DA:342,1
DA:344,2
DA:353,0
DA:382,1
LF:68
LH:58
BRDA:69,0,0,0
BRDA:69,0,1,4
BRDA:76,1,0,2
BRDA:76,1,1,0
BRDA:114,2,0,40
BRDA:114,2,1,8
BRDA:114,3,0,0
BRDA:114,3,1,8
BRDA:115,4,0,44
BRDA:115,4,1,4
BRDA:130,5,0,4
BRDA:130,5,1,2
BRDA:137,6,0,4
BRDA:137,6,1,2
BRDA:144,7,0,4
BRDA:144,7,1,2
BRDA:151,8,0,4
BRDA:151,8,1,2
BRDA:164,9,0,4
BRDA:164,9,1,2
BRDA:170,10,0,4
BRDA:170,10,1,0
BRDA:178,11,0,0
BRDA:178,11,1,0
BRDA:187,12,0,0
BRDA:187,12,1,0
BRDA:200,13,0,2
BRDA:200,13,1,2
BRDA:205,14,0,2
BRDA:205,14,1,0
BRDA:212,15,0,8
BRDA:212,15,1,0
BRDA:230,16,0,2
BRDA:230,16,1,0
BRDA:236,17,0,2
BRDA:236,17,1,0
BRDA:255,18,0,0
BRDA:255,18,1,24
BRDA:269,19,0,2
BRDA:269,19,1,0
BRDA:277,20,0,6
BRDA:277,20,1,2
BRDA:281,21,0,6
BRDA:281,21,1,4
BRDA:281,21,2,0
BRDA:291,22,0,2
BRDA:291,22,1,4
BRDA:298,23,0,2
BRDA:298,23,1,4
BRDA:302,24,0,6
BRDA:302,24,1,2
BRDA:308,25,0,2
BRDA:308,25,1,4
BRDA:317,26,0,2
BRDA:317,26,1,4
BRDA:333,27,0,1
BRDA:333,27,1,1
BRDA:348,28,0,2
BRDA:348,28,1,1
BRDA:368,29,0,0
BRDA:368,29,1,2
BRF:61
BRH:45
end_of_record
TN:
SF:app\(admin)\login.tsx
FN:16,AdminLoginScreen
FN:45,(anonymous_1)
FN:59,(anonymous_2)
FN:74,(anonymous_3)
FN:89,(anonymous_4)
FN:111,(anonymous_5)
FN:131,(anonymous_6)
FN:164,(anonymous_7)
FN:183,(anonymous_8)
FN:227,(anonymous_9)
FN:338,(anonymous_10)
FN:364,(anonymous_11)
FN:376,BackButton
FNF:13
FNH:0
FNDA:0,AdminLoginScreen
FNDA:0,(anonymous_1)
FNDA:0,(anonymous_2)
FNDA:0,(anonymous_3)
FNDA:0,(anonymous_4)
FNDA:0,(anonymous_5)
FNDA:0,(anonymous_6)
FNDA:0,(anonymous_7)
FNDA:0,(anonymous_8)
FNDA:0,(anonymous_9)
FNDA:0,(anonymous_10)
FNDA:0,(anonymous_11)
FNDA:0,BackButton
DA:17,0
DA:20,0
DA:21,0
DA:22,0
DA:23,0
DA:26,0
DA:27,0
DA:28,0
DA:29,0
DA:30,0
DA:31,0
DA:32,0
DA:33,0
DA:35,0
DA:37,0
DA:38,0
DA:39,0
DA:40,0
DA:41,0
DA:45,0
DA:46,0
DA:47,0
DA:48,0
DA:49,0
DA:50,0
DA:51,0
DA:53,0
DA:59,0
DA:60,0
DA:61,0
DA:62,0
DA:63,0
DA:64,0
DA:65,0
DA:66,0
DA:68,0
DA:69,0
DA:74,0
DA:75,0
DA:76,0
DA:77,0
DA:78,0
DA:79,0
DA:80,0
DA:81,0
DA:83,0
DA:84,0
DA:89,0
DA:90,0
DA:91,0
DA:92,0
DA:94,0
DA:95,0
DA:96,0
DA:98,0
DA:99,0
DA:100,0
DA:101,0
DA:102,0
DA:103,0
DA:104,0
DA:106,0
DA:111,0
DA:112,0
DA:113,0
DA:131,0
DA:165,0
DA:166,0
DA:167,0
DA:179,0
DA:180,0
DA:184,0
DA:185,0
DA:223,0
DA:224,0
DA:228,0
DA:229,0
DA:230,0
DA:278,0
DA:279,0
DA:328,0
DA:339,0
DA:340,0
DA:350,0
DA:364,0
DA:377,0
DA:378,0
DA:379,0
DA:387,0
LF:89
LH:0
BRDA:50,0,0,0
BRDA:50,0,1,0
BRDA:64,1,0,0
BRDA:64,1,1,0
BRDA:64,2,0,0
BRDA:64,2,1,0
BRDA:79,3,0,0
BRDA:79,3,1,0
BRDA:90,4,0,0
BRDA:90,4,1,0
BRDA:94,5,0,0
BRDA:94,5,1,0
BRDA:102,6,0,0
BRDA:102,6,1,0
BRDA:112,7,0,0
BRDA:112,7,1,0
BRDA:149,8,0,0
BRDA:149,8,1,0
BRDA:157,9,0,0
BRDA:157,9,1,0
BRDA:157,9,2,0
BRDA:160,10,0,0
BRDA:160,10,1,0
BRDA:179,11,0,0
BRDA:179,11,1,0
BRDA:205,12,0,0
BRDA:205,12,1,0
BRDA:213,13,0,0
BRDA:213,13,1,0
BRDA:216,14,0,0
BRDA:216,14,1,0
BRDA:223,15,0,0
BRDA:223,15,1,0
BRDA:260,16,0,0
BRDA:260,16,1,0
BRDA:268,17,0,0
BRDA:268,17,1,0
BRDA:271,18,0,0
BRDA:271,18,1,0
BRDA:278,19,0,0
BRDA:278,19,1,0
BRDA:309,20,0,0
BRDA:309,20,1,0
BRDA:317,21,0,0
BRDA:317,21,1,0
BRDA:320,22,0,0
BRDA:320,22,1,0
BRDA:363,23,0,0
BRDA:363,23,1,0
BRF:49
BRH:0
end_of_record
TN:
SF:app\(admin)\settings.tsx
FN:20,useConfirmLocal
FN:24,(anonymous_1)
FN:25,(anonymous_2)
FN:31,(anonymous_3)
FN:37,(anonymous_4)
FN:46,AdminSettingsScreen
FN:58,patchRestaurant
FN:59,(anonymous_7)
FN:59,(anonymous_8)
FN:62,(anonymous_9)
FN:63,(anonymous_10)
FN:94,(anonymous_11)
FN:99,(anonymous_12)
FN:99,(anonymous_13)
FN:100,(anonymous_14)
FNF:15
FNH:0
FNDA:0,useConfirmLocal
FNDA:0,(anonymous_1)
FNDA:0,(anonymous_2)
FNDA:0,(anonymous_3)
FNDA:0,(anonymous_4)
FNDA:0,AdminSettingsScreen
FNDA:0,patchRestaurant
FNDA:0,(anonymous_7)
FNDA:0,(anonymous_8)
FNDA:0,(anonymous_9)
FNDA:0,(anonymous_10)
FNDA:0,(anonymous_11)
FNDA:0,(anonymous_12)
FNDA:0,(anonymous_13)
FNDA:0,(anonymous_14)
DA:21,0
DA:22,0
DA:24,0
DA:25,0
DA:26,0
DA:27,0
DA:31,0
DA:32,0
DA:33,0
DA:34,0
DA:37,0
DA:38,0
DA:39,0
DA:40,0
DA:43,0
DA:47,0
DA:48,0
DA:49,0
DA:50,0
DA:51,0
DA:53,0
DA:54,0
DA:55,0
DA:56,0
DA:59,0
DA:62,0
DA:63,0
DA:64,0
DA:65,0
DA:69,0
DA:70,0
DA:77,0
DA:95,0
DA:99,0
DA:100,0
LF:35
LH:0
BRDA:59,0,0,0
BRDA:59,0,1,0
BRDA:69,1,0,0
BRDA:69,1,1,0
BRDA:84,2,0,0
BRDA:84,2,1,0
BRDA:99,3,0,0
BRDA:99,3,1,0
BRDA:108,4,0,0
BRDA:108,4,1,0
BRDA:147,5,0,0
BRDA:147,5,1,0
BRF:12
BRH:0
end_of_record
TN:
SF:app\(admin)\bookings\[id].tsx
FN:28,(anonymous_0)
FN:35,AdminBookingDetailScreen
FN:68,(anonymous_2)
FN:70,(anonymous_3)
FN:92,(anonymous_4)
FN:99,(anonymous_5)
FN:100,(anonymous_6)
FN:103,(anonymous_7)
FN:105,(anonymous_8)
FN:108,(anonymous_9)
FN:111,(anonymous_10)
FN:117,(anonymous_11)
FN:120,(anonymous_12)
FN:124,(anonymous_13)
FN:137,(anonymous_14)
FN:142,(anonymous_15)
FN:147,(anonymous_16)
FN:162,(anonymous_17)
FN:179,(anonymous_18)
FN:181,(anonymous_19)
FN:182,(anonymous_20)
FN:216,(anonymous_21)
FN:232,(anonymous_22)
FN:233,(anonymous_23)
FN:234,(anonymous_24)
FN:238,(anonymous_25)
FN:269,(anonymous_26)
FN:277,(anonymous_27)
FN:321,(anonymous_28)
FN:351,(anonymous_29)
FN:361,(anonymous_30)
FN:405,(anonymous_31)
FN:432,(anonymous_32)
FN:469,(anonymous_33)
FN:472,(anonymous_34)
FN:478,(anonymous_35)
FN:502,(anonymous_36)
FN:523,(anonymous_37)
FN:549,(anonymous_38)
FN:583,(anonymous_39)
FN:597,(anonymous_40)
FN:610,(anonymous_41)
FN:627,(anonymous_42)
FN:637,(anonymous_43)
FN:647,(anonymous_44)
FN:661,(anonymous_45)
FN:668,(anonymous_46)
FNF:47
FNH:0
FNDA:0,(anonymous_0)
FNDA:0,AdminBookingDetailScreen
FNDA:0,(anonymous_2)
FNDA:0,(anonymous_3)
FNDA:0,(anonymous_4)
FNDA:0,(anonymous_5)
FNDA:0,(anonymous_6)
FNDA:0,(anonymous_7)
FNDA:0,(anonymous_8)
FNDA:0,(anonymous_9)
FNDA:0,(anonymous_10)
FNDA:0,(anonymous_11)
FNDA:0,(anonymous_12)
FNDA:0,(anonymous_13)
FNDA:0,(anonymous_14)
FNDA:0,(anonymous_15)
FNDA:0,(anonymous_16)
FNDA:0,(anonymous_17)
FNDA:0,(anonymous_18)
FNDA:0,(anonymous_19)
FNDA:0,(anonymous_20)
FNDA:0,(anonymous_21)
FNDA:0,(anonymous_22)
FNDA:0,(anonymous_23)
FNDA:0,(anonymous_24)
FNDA:0,(anonymous_25)
FNDA:0,(anonymous_26)
FNDA:0,(anonymous_27)
FNDA:0,(anonymous_28)
FNDA:0,(anonymous_29)
FNDA:0,(anonymous_30)
FNDA:0,(anonymous_31)
FNDA:0,(anonymous_32)
FNDA:0,(anonymous_33)
FNDA:0,(anonymous_34)
FNDA:0,(anonymous_35)
FNDA:0,(anonymous_36)
FNDA:0,(anonymous_37)
FNDA:0,(anonymous_38)
FNDA:0,(anonymous_39)
FNDA:0,(anonymous_40)
FNDA:0,(anonymous_41)
FNDA:0,(anonymous_42)
FNDA:0,(anonymous_43)
FNDA:0,(anonymous_44)
FNDA:0,(anonymous_45)
FNDA:0,(anonymous_46)
DA:28,0
DA:29,0
DA:30,0
DA:31,0
DA:32,0
DA:36,0
DA:37,0
DA:38,0
DA:39,0
DA:40,0
DA:41,0
DA:42,0
DA:43,0
DA:44,0
DA:45,0
DA:46,0
DA:47,0
DA:48,0
DA:49,0
DA:50,0
DA:51,0
DA:52,0
DA:53,0
DA:54,0
DA:55,0
DA:56,0
DA:57,0
DA:58,0
DA:59,0
DA:60,0
DA:61,0
DA:62,0
DA:63,0
DA:64,0
DA:65,0
DA:66,0
DA:68,0
DA:69,0
DA:70,0
DA:71,0
DA:72,0
DA:73,0
DA:74,0
DA:75,0
DA:76,0
DA:77,0
DA:78,0
DA:81,0
DA:82,0
DA:83,0
DA:84,0
DA:85,0
DA:86,0
DA:88,0
DA:92,0
DA:93,0
DA:94,0
DA:97,0
DA:98,0
DA:99,0
DA:100,0
DA:103,0
DA:104,0
DA:105,0
DA:106,0
DA:108,0
DA:109,0
DA:110,0
DA:111,0
DA:112,0
DA:113,0
DA:114,0
DA:117,0
DA:118,0
DA:119,0
DA:120,0
DA:121,0
DA:124,0
DA:125,0
DA:126,0
DA:127,0
DA:128,0
DA:129,0
DA:130,0
DA:132,0
DA:133,0
DA:137,0
DA:138,0
DA:139,0
DA:140,0
DA:141,0
DA:142,0
DA:144,0
DA:147,0
DA:148,0
DA:149,0
DA:150,0
DA:151,0
DA:152,0
DA:153,0
DA:154,0
DA:156,0
DA:157,0
DA:159,0
DA:162,0
DA:163,0
DA:164,0
DA:165,0
DA:166,0
DA:167,0
DA:171,0
DA:172,0
DA:173,0
DA:176,0
DA:177,0
DA:179,0
DA:180,0
DA:181,0
DA:182,0
DA:184,0
DA:185,0
DA:188,0
DA:189,0
DA:190,0
DA:195,0
DA:197,0
DA:206,0
DA:207,0
DA:208,0
DA:210,0
DA:211,0
DA:213,0
DA:216,0
DA:217,0
DA:218,0
DA:219,0
DA:220,0
DA:221,0
DA:222,0
DA:223,0
DA:224,0
DA:226,0
DA:227,0
DA:228,0
DA:232,0
DA:233,0
DA:234,0
DA:238,0
DA:243,0
DA:244,0
DA:251,0
DA:252,0
DA:259,0
DA:260,0
DA:265,0
DA:266,0
DA:269,0
DA:270,0
DA:277,0
DA:278,0
DA:284,0
DA:288,0
DA:310,0
DA:311,0
DA:314,0
DA:315,0
DA:318,0
DA:321,0
DA:351,0
DA:362,0
DA:405,0
DA:432,0
DA:470,0
DA:472,0
DA:478,0
DA:502,0
DA:523,0
DA:550,0
DA:551,0
DA:552,0
DA:553,0
DA:554,0
DA:555,0
DA:556,0
DA:557,0
DA:558,0
DA:583,0
DA:597,0
DA:610,0
DA:627,0
DA:637,0
DA:648,0
DA:649,0
DA:651,0
DA:652,0
DA:653,0
DA:654,0
DA:655,0
DA:657,0
DA:658,0
DA:661,0
DA:668,0
DA:674,0
LF:203
LH:0
BRDA:69,0,0,0
BRDA:69,0,1,0
BRDA:72,1,0,0
BRDA:72,1,1,0
BRDA:74,2,0,0
BRDA:74,2,1,0
BRDA:75,3,0,0
BRDA:75,3,1,0
BRDA:93,4,0,0
BRDA:93,4,1,0
BRDA:93,5,0,0
BRDA:93,5,1,0
BRDA:104,6,0,0
BRDA:104,6,1,0
BRDA:106,7,0,0
BRDA:106,7,1,0
BRDA:113,8,0,0
BRDA:113,8,1,0
BRDA:114,9,0,0
BRDA:114,9,1,0
BRDA:121,10,0,0
BRDA:121,10,1,0
BRDA:125,11,0,0
BRDA:125,11,1,0
BRDA:129,12,0,0
BRDA:129,12,1,0
BRDA:138,13,0,0
BRDA:138,13,1,0
BRDA:141,14,0,0
BRDA:141,14,1,0
BRDA:142,15,0,0
BRDA:142,15,1,0
BRDA:148,16,0,0
BRDA:148,16,1,0
BRDA:156,17,0,0
BRDA:156,17,1,0
BRDA:163,18,0,0
BRDA:163,18,1,0
BRDA:165,19,0,0
BRDA:165,19,1,0
BRDA:165,20,0,0
BRDA:165,20,1,0
BRDA:171,21,0,0
BRDA:171,21,1,0
BRDA:171,22,0,0
BRDA:171,22,1,0
BRDA:184,23,0,0
BRDA:184,23,1,0
BRDA:184,24,0,0
BRDA:184,24,1,0
BRDA:188,25,0,0
BRDA:188,25,1,0
BRDA:198,26,0,0
BRDA:198,26,1,0
BRDA:199,27,0,0
BRDA:199,27,1,0
BRDA:200,28,0,0
BRDA:200,28,1,0
BRDA:203,29,0,0
BRDA:203,29,1,0
BRDA:204,30,0,0
BRDA:204,30,1,0
BRDA:210,31,0,0
BRDA:210,31,1,0
BRDA:218,32,0,0
BRDA:218,32,1,0
BRDA:220,33,0,0
BRDA:220,33,1,0
BRDA:221,34,0,0
BRDA:221,34,1,0
BRDA:235,35,0,0
BRDA:235,35,1,0
BRDA:239,36,0,0
BRDA:239,36,1,0
BRDA:243,37,0,0
BRDA:243,37,1,0
BRDA:251,38,0,0
BRDA:251,38,1,0
BRDA:260,39,0,0
BRDA:260,39,1,0
BRDA:284,40,0,0
BRDA:284,40,1,0
BRDA:289,41,0,0
BRDA:289,41,1,0
BRDA:304,42,0,0
BRDA:304,42,1,0
BRDA:310,43,0,0
BRDA:310,43,1,0
BRDA:314,44,0,0
BRDA:314,44,1,0
BRDA:329,45,0,0
BRDA:329,45,1,0
BRDA:337,46,0,0
BRDA:337,46,1,0
BRDA:354,47,0,0
BRDA:354,47,1,0
BRDA:355,48,0,0
BRDA:355,48,1,0
BRDA:363,49,0,0
BRDA:363,49,1,0
BRDA:369,50,0,0
BRDA:369,50,1,0
BRDA:369,50,2,0
BRDA:379,51,0,0
BRDA:379,51,1,0
BRDA:381,52,0,0
BRDA:381,52,1,0
BRDA:387,53,0,0
BRDA:387,53,1,0
BRDA:396,54,0,0
BRDA:396,54,1,0
BRDA:404,55,0,0
BRDA:404,55,1,0
BRDA:421,56,0,0
BRDA:421,56,1,0
BRDA:422,57,0,0
BRDA:422,57,1,0
BRDA:460,58,0,0
BRDA:460,58,1,0
BRDA:475,59,0,0
BRDA:475,59,1,0
BRDA:476,60,0,0
BRDA:476,60,1,0
BRDA:489,61,0,0
BRDA:489,61,1,0
BRDA:509,62,0,0
BRDA:509,62,1,0
BRDA:514,63,0,0
BRDA:514,63,1,0
BRDA:515,64,0,0
BRDA:515,64,1,0
BRDA:547,65,0,0
BRDA:547,65,1,0
BRDA:547,65,2,0
BRDA:547,65,3,0
BRDA:550,66,0,0
BRDA:550,66,1,0
BRDA:550,67,0,0
BRDA:550,67,1,0
BRDA:556,68,0,0
BRDA:556,68,1,0
BRDA:561,69,0,0
BRDA:561,69,1,0
BRDA:561,69,2,0
BRDA:565,70,0,0
BRDA:565,70,1,0
BRDA:568,71,0,0
BRDA:568,71,1,0
BRDA:570,72,0,0
BRDA:570,72,1,0
BRDA:580,73,0,0
BRDA:580,73,1,0
BRDA:582,74,0,0
BRDA:582,74,1,0
BRDA:588,75,0,0
BRDA:588,75,1,0
BRDA:594,76,0,0
BRDA:594,76,1,0
BRDA:596,77,0,0
BRDA:596,77,1,0
BRDA:602,78,0,0
BRDA:602,78,1,0
BRDA:609,79,0,0
BRDA:609,79,1,0
BRDA:648,80,0,0
BRDA:648,80,1,0
BRDA:654,81,0,0
BRDA:654,81,1,0
BRDA:667,82,0,0
BRDA:667,82,1,0
BRF:170
BRH:0
end_of_record
TN:
SF:app\(admin)\bookings\index.tsx
FN:32,fmtDate
FN:36,isoDate
FN:40,AdminBookingsScreen
FN:68,(anonymous_3)
FN:69,(anonymous_4)
FN:78,(anonymous_5)
FN:82,(anonymous_6)
FN:88,(anonymous_7)
FN:93,(anonymous_8)
FN:99,loadGrid
FN:110,(anonymous_10)
FN:115,(anonymous_11)
FN:123,(anonymous_12)
FN:127,(anonymous_13)
FN:154,(anonymous_14)
FN:165,(anonymous_15)
FN:192,(anonymous_16)
FN:196,(anonymous_17)
FN:218,(anonymous_18)
FN:248,(anonymous_19)
FN:252,(anonymous_20)
FN:265,(anonymous_21)
FN:297,(anonymous_22)
FN:330,(anonymous_23)
FN:338,(anonymous_24)
FN:393,(anonymous_25)
FN:403,(anonymous_26)
FN:418,(anonymous_27)
FN:422,(anonymous_28)
FN:466,(anonymous_29)
FN:471,(anonymous_30)
FN:471,(anonymous_31)
FN:473,(anonymous_32)
FNF:33
FNH:0
FNDA:0,fmtDate
FNDA:0,isoDate
FNDA:0,AdminBookingsScreen
FNDA:0,(anonymous_3)
FNDA:0,(anonymous_4)
FNDA:0,(anonymous_5)
FNDA:0,(anonymous_6)
FNDA:0,(anonymous_7)
FNDA:0,(anonymous_8)
FNDA:0,loadGrid
FNDA:0,(anonymous_10)
FNDA:0,(anonymous_11)
FNDA:0,(anonymous_12)
FNDA:0,(anonymous_13)
FNDA:0,(anonymous_14)
FNDA:0,(anonymous_15)
FNDA:0,(anonymous_16)
FNDA:0,(anonymous_17)
FNDA:0,(anonymous_18)
FNDA:0,(anonymous_19)
FNDA:0,(anonymous_20)
FNDA:0,(anonymous_21)
FNDA:0,(anonymous_22)
FNDA:0,(anonymous_23)
FNDA:0,(anonymous_24)
FNDA:0,(anonymous_25)
FNDA:0,(anonymous_26)
FNDA:0,(anonymous_27)
FNDA:0,(anonymous_28)
FNDA:0,(anonymous_29)
FNDA:0,(anonymous_30)
FNDA:0,(anonymous_31)
FNDA:0,(anonymous_32)
DA:33,0
DA:37,0
DA:41,0
DA:42,0
DA:43,0
DA:44,0
DA:45,0
DA:46,0
DA:49,0
DA:50,0
DA:51,0
DA:52,0
DA:54,0
DA:56,0
DA:57,0
DA:58,0
DA:59,0
DA:61,0
DA:62,0
DA:63,0
DA:64,0
DA:65,0
DA:68,0
DA:69,0
DA:70,0
DA:71,0
DA:72,0
DA:78,0
DA:79,0
DA:80,0
DA:81,0
DA:82,0
DA:83,0
DA:84,0
DA:85,0
DA:88,0
DA:89,0
DA:93,0
DA:94,0
DA:95,0
DA:96,0
DA:100,0
DA:101,0
DA:105,0
DA:106,0
DA:107,0
DA:110,0
DA:111,0
DA:112,0
DA:115,0
DA:116,0
DA:117,0
DA:118,0
DA:119,0
DA:122,0
DA:123,0
DA:126,0
DA:127,0
DA:130,0
DA:155,0
DA:165,0
DA:193,0
DA:197,0
DA:198,0
DA:218,0
DA:248,0
DA:253,0
DA:254,0
DA:265,0
DA:297,0
DA:331,0
DA:338,0
DA:394,0
DA:395,0
DA:404,0
DA:405,0
DA:419,0
DA:422,0
DA:467,0
DA:468,0
DA:469,0
DA:470,0
DA:471,0
DA:473,0
LF:84
LH:0
BRDA:63,0,0,0
BRDA:63,0,1,0
BRDA:71,1,0,0
BRDA:71,1,1,0
BRDA:79,2,0,0
BRDA:79,2,1,0
BRDA:83,3,0,0
BRDA:83,3,1,0
BRDA:94,4,0,0
BRDA:94,4,1,0
BRDA:96,5,0,0
BRDA:96,5,1,0
BRDA:112,6,0,0
BRDA:112,6,1,0
BRDA:119,7,0,0
BRDA:119,7,1,0
BRDA:136,8,0,0
BRDA:136,8,1,0
BRDA:138,9,0,0
BRDA:138,9,1,0
BRDA:140,10,0,0
BRDA:140,10,1,0
BRDA:145,11,0,0
BRDA:145,11,1,0
BRDA:153,12,0,0
BRDA:153,12,1,0
BRDA:160,13,0,0
BRDA:160,13,1,0
BRDA:169,14,0,0
BRDA:169,14,1,0
BRDA:180,15,0,0
BRDA:180,15,1,0
BRDA:195,16,0,0
BRDA:195,16,1,0
BRDA:198,17,0,0
BRDA:198,17,1,0
BRDA:204,18,0,0
BRDA:204,18,1,0
BRDA:214,19,0,0
BRDA:214,19,1,0
BRDA:217,20,0,0
BRDA:217,20,1,0
BRDA:223,21,0,0
BRDA:223,21,1,0
BRDA:227,22,0,0
BRDA:227,22,1,0
BRDA:233,23,0,0
BRDA:233,23,1,0
BRDA:241,24,0,0
BRDA:241,24,1,0
BRDA:243,25,0,0
BRDA:243,25,1,0
BRDA:243,26,0,0
BRDA:243,26,1,0
BRDA:254,27,0,0
BRDA:254,27,1,0
BRDA:259,28,0,0
BRDA:259,28,1,0
BRDA:280,29,0,0
BRDA:280,29,1,0
BRDA:290,30,0,0
BRDA:290,30,1,0
BRDA:301,31,0,0
BRDA:301,31,1,0
BRDA:308,32,0,0
BRDA:308,32,1,0
BRDA:335,33,0,0
BRDA:335,33,1,0
BRDA:359,34,0,0
BRDA:359,34,1,0
BRDA:372,35,0,0
BRDA:372,35,1,0
BRDA:378,36,0,0
BRDA:378,36,1,0
BRDA:379,37,0,0
BRDA:379,37,1,0
BRDA:381,38,0,0
BRDA:381,38,1,0
BRDA:400,39,0,0
BRDA:400,39,1,0
BRDA:462,40,0,0
BRDA:462,40,1,0
BRDA:467,41,0,0
BRDA:467,41,1,0
BRF:84
BRH:0
end_of_record
TN:
SF:app\(admin)\bookings\new.tsx
FN:17,todayDate
FN:20,nextSlotTime
FN:32,AdminNewBookingScreen
FN:48,(anonymous_3)
FN:52,(anonymous_4)
FN:53,(anonymous_5)
FN:69,(anonymous_6)
FN:71,(anonymous_7)
FN:74,(anonymous_8)
FN:76,(anonymous_9)
FN:82,(anonymous_10)
FN:84,(anonymous_11)
FN:91,(anonymous_12)
FN:95,(anonymous_13)
FN:125,(anonymous_14)
FN:126,(anonymous_15)
FN:127,(anonymous_16)
FN:131,(anonymous_17)
FN:146,(anonymous_18)
FN:183,(anonymous_19)
FN:210,(anonymous_20)
FNF:21
FNH:0
FNDA:0,todayDate
FNDA:0,nextSlotTime
FNDA:0,AdminNewBookingScreen
FNDA:0,(anonymous_3)
FNDA:0,(anonymous_4)
FNDA:0,(anonymous_5)
FNDA:0,(anonymous_6)
FNDA:0,(anonymous_7)
FNDA:0,(anonymous_8)
FNDA:0,(anonymous_9)
FNDA:0,(anonymous_10)
FNDA:0,(anonymous_11)
FNDA:0,(anonymous_12)
FNDA:0,(anonymous_13)
FNDA:0,(anonymous_14)
FNDA:0,(anonymous_15)
FNDA:0,(anonymous_16)
FNDA:0,(anonymous_17)
FNDA:0,(anonymous_18)
FNDA:0,(anonymous_19)
FNDA:0,(anonymous_20)
DA:18,0
DA:21,0
DA:22,0
DA:23,0
DA:24,0
DA:25,0
DA:26,0
DA:27,0
DA:28,0
DA:29,0
DA:33,0
DA:34,0
DA:35,0
DA:36,0
DA:37,0
DA:39,0
DA:40,0
DA:41,0
DA:42,0
DA:44,0
DA:45,0
DA:46,0
DA:47,0
DA:48,0
DA:49,0
DA:50,0
DA:52,0
DA:53,0
DA:54,0
DA:55,0
DA:56,0
DA:57,0
DA:58,0
DA:59,0
DA:60,0
DA:61,0
DA:62,0
DA:65,0
DA:69,0
DA:70,0
DA:71,0
DA:72,0
DA:74,0
DA:75,0
DA:76,0
DA:77,0
DA:78,0
DA:79,0
DA:82,0
DA:83,0
DA:84,0
DA:85,0
DA:89,0
DA:91,0
DA:92,0
DA:95,0
DA:96,0
DA:97,0
DA:100,0
DA:103,0
DA:104,0
DA:105,0
DA:106,0
DA:107,0
DA:115,0
DA:116,0
DA:119,0
DA:120,0
DA:121,0
DA:125,0
DA:126,0
DA:127,0
DA:131,0
DA:136,0
DA:137,0
DA:144,0
DA:146,0
DA:183,0
DA:210,0
DA:234,0
LF:80
LH:0
BRDA:20,0,0,0
BRDA:20,1,0,0
BRDA:24,2,0,0
BRDA:24,2,1,0
BRDA:24,3,0,0
BRDA:24,3,1,0
BRDA:24,4,0,0
BRDA:24,4,1,0
BRDA:25,5,0,0
BRDA:25,5,1,0
BRDA:28,6,0,0
BRDA:28,6,1,0
BRDA:28,7,0,0
BRDA:28,7,1,0
BRDA:55,8,0,0
BRDA:55,8,1,0
BRDA:60,9,0,0
BRDA:60,9,1,0
BRDA:70,10,0,0
BRDA:70,10,1,0
BRDA:72,11,0,0
BRDA:72,11,1,0
BRDA:89,12,0,0
BRDA:89,12,1,0
BRDA:89,12,2,0
BRDA:89,12,3,0
BRDA:89,12,4,0
BRDA:89,12,5,0
BRDA:92,13,0,0
BRDA:92,13,1,0
BRDA:96,14,0,0
BRDA:96,14,1,0
BRDA:96,15,0,0
BRDA:96,15,1,0
BRDA:100,16,0,0
BRDA:100,16,1,0
BRDA:115,17,0,0
BRDA:115,17,1,0
BRDA:119,18,0,0
BRDA:119,18,1,0
BRDA:128,19,0,0
BRDA:128,19,1,0
BRDA:132,20,0,0
BRDA:132,20,1,0
BRDA:136,21,0,0
BRDA:136,21,1,0
BRDA:156,22,0,0
BRDA:156,22,1,0
BRDA:199,23,0,0
BRDA:199,23,1,0
BRDA:200,24,0,0
BRDA:200,24,1,0
BRDA:227,25,0,0
BRDA:227,25,1,0
BRDA:228,26,0,0
BRDA:228,26,1,0
BRF:56
BRH:0
end_of_record
TN:
SF:app\(user)\_layout.tsx
FN:5,UserLayout
FNF:1
FNH:0
FNDA:0,UserLayout
DA:8,0
DA:9,0
DA:17,0
LF:3
LH:0
BRDA:8,0,0,0
BRDA:8,0,1,0
BRF:2
BRH:0
end_of_record
TN:
SF:app\(user)\lookup.tsx
FN:22,LookupScreen
FN:36,(anonymous_1)
FN:47,(anonymous_2)
FN:127,(anonymous_3)
FN:131,(anonymous_4)
FN:267,(anonymous_5)
FN:294,(anonymous_6)
FN:298,(anonymous_7)
FNF:8
FNH:0
FNDA:0,LookupScreen
FNDA:0,(anonymous_1)
FNDA:0,(anonymous_2)
FNDA:0,(anonymous_3)
FNDA:0,(anonymous_4)
FNDA:0,(anonymous_5)
FNDA:0,(anonymous_6)
FNDA:0,(anonymous_7)
DA:23,0
DA:24,0
DA:25,0
DA:26,0
DA:27,0
DA:28,0
DA:29,0
DA:30,0
DA:31,0
DA:32,0
DA:33,0
DA:34,0
DA:36,0
DA:37,0
DA:40,0
DA:41,0
DA:42,0
DA:43,0
DA:45,0
DA:47,0
DA:48,0
DA:49,0
DA:50,0
DA:51,0
DA:52,0
DA:53,0
DA:54,0
DA:55,0
DA:56,0
DA:57,0
DA:58,0
DA:60,0
DA:63,0
DA:128,0
DA:132,0
DA:133,0
DA:134,0
DA:135,0
DA:136,0
DA:137,0
DA:138,0
DA:139,0
DA:140,0
DA:141,0
DA:143,0
DA:268,0
DA:295,0
DA:299,0
DA:300,0
DA:301,0
DA:302,0
DA:303,0
DA:304,0
DA:305,0
DA:332,0
LF:55
LH:0
BRDA:32,0,0,0
BRDA:32,0,1,0
BRDA:34,1,0,0
BRDA:34,1,1,0
BRDA:43,2,0,0
BRDA:43,2,1,0
BRDA:45,3,0,0
BRDA:45,3,1,0
BRDA:50,4,0,0
BRDA:50,4,1,0
BRDA:50,5,0,0
BRDA:50,5,1,0
BRDA:56,6,0,0
BRDA:56,6,1,0
BRDA:77,7,0,0
BRDA:77,7,1,0
BRDA:79,8,0,0
BRDA:79,8,1,0
BRDA:100,9,0,0
BRDA:100,9,1,0
BRDA:104,10,0,0
BRDA:104,10,1,0
BRDA:104,10,2,0
BRDA:107,11,0,0
BRDA:107,11,1,0
BRDA:122,12,0,0
BRDA:122,12,1,0
BRDA:122,12,2,0
BRDA:139,13,0,0
BRDA:139,13,1,0
BRDA:150,14,0,0
BRDA:150,14,1,0
BRDA:156,15,0,0
BRDA:156,15,1,0
BRDA:167,16,0,0
BRDA:167,16,1,0
BRDA:168,17,0,0
BRDA:168,17,1,0
BRDA:168,17,2,0
BRDA:168,17,3,0
BRDA:173,18,0,0
BRDA:173,18,1,0
BRDA:184,19,0,0
BRDA:184,19,1,0
BRDA:184,19,2,0
BRDA:195,20,0,0
BRDA:195,20,1,0
BRDA:205,21,0,0
BRDA:205,21,1,0
BRDA:212,22,0,0
BRDA:212,22,1,0
BRDA:245,23,0,0
BRDA:245,23,1,0
BRDA:247,24,0,0
BRDA:247,24,1,0
BRDA:252,25,0,0
BRDA:252,25,1,0
BRDA:258,26,0,0
BRDA:258,26,1,0
BRDA:269,27,0,0
BRDA:269,27,1,0
BRDA:289,28,0,0
BRDA:289,28,1,0
BRDA:289,28,2,0
BRDA:312,29,0,0
BRDA:312,29,1,0
BRDA:318,30,0,0
BRDA:318,30,1,0
BRF:68
BRH:0
end_of_record
TN:
SF:app\(user)\search.tsx
FN:3,SearchRedirect
FNF:1
FNH:0
FNDA:0,SearchRedirect
DA:4,0
LF:1
LH:0
BRF:0
BRH:0
end_of_record
TN:
SF:app\(user)\book\[restaurantId].tsx
FN:12,BookScreen
FN:21,(anonymous_1)
FN:23,loadRestaurant
FN:32,(anonymous_3)
FN:44,(anonymous_4)
FN:44,(anonymous_5)
FN:99,(anonymous_6)
FNF:7
FNH:0
FNDA:0,BookScreen
FNDA:0,(anonymous_1)
FNDA:0,loadRestaurant
FNDA:0,(anonymous_3)
FNDA:0,(anonymous_4)
FNDA:0,(anonymous_5)
FNDA:0,(anonymous_6)
DA:13,0
DA:14,0
DA:15,0
DA:16,0
DA:17,0
DA:18,0
DA:19,0
DA:21,0
DA:22,0
DA:24,0
DA:25,0
DA:26,0
DA:28,0
DA:32,0
DA:33,0
DA:34,0
DA:36,0
DA:37,0
DA:44,0
DA:49,0
DA:50,0
DA:51,0
DA:52,0
DA:53,0
DA:54,0
DA:55,0
DA:58,0
DA:59,0
DA:63,0
DA:64,0
DA:71,0
DA:72,0
DA:79,0
DA:99,0
DA:107,0
LF:35
LH:0
BRDA:19,0,0,0
BRDA:19,0,1,0
BRDA:22,1,0,0
BRDA:22,1,1,0
BRDA:33,2,0,0
BRDA:33,2,1,0
BRDA:44,3,0,0
BRDA:44,3,1,0
BRDA:46,4,0,0
BRDA:46,4,1,0
BRDA:52,5,0,0
BRDA:52,5,1,0
BRDA:54,6,0,0
BRDA:54,6,1,0
BRDA:58,7,0,0
BRDA:58,7,1,0
BRDA:63,8,0,0
BRDA:63,8,1,0
BRDA:71,9,0,0
BRDA:71,9,1,0
BRDA:90,10,0,0
BRDA:90,10,1,0
BRDA:112,11,0,0
BRDA:112,11,1,0
BRF:24
BRH:0
end_of_record
TN:
SF:app\(user)\booking-confirmation\[bookingRef].tsx
FN:21,BookingConfirmationScreen
FN:38,(anonymous_1)
FN:40,load
FN:70,(anonymous_3)
FN:93,(anonymous_4)
FN:103,(anonymous_5)
FN:210,(anonymous_6)
FN:213,(anonymous_7)
FN:241,(anonymous_8)
FN:267,(anonymous_9)
FN:286,(anonymous_10)
FN:325,(anonymous_11)
FN:334,(anonymous_12)
FNF:13
FNH:0
FNDA:0,BookingConfirmationScreen
FNDA:0,(anonymous_1)
FNDA:0,load
FNDA:0,(anonymous_3)
FNDA:0,(anonymous_4)
FNDA:0,(anonymous_5)
FNDA:0,(anonymous_6)
FNDA:0,(anonymous_7)
FNDA:0,(anonymous_8)
FNDA:0,(anonymous_9)
FNDA:0,(anonymous_10)
FNDA:0,(anonymous_11)
FNDA:0,(anonymous_12)
DA:22,0
DA:23,0
DA:24,0
DA:25,0
DA:26,0
DA:27,0
DA:28,0
DA:29,0
DA:30,0
DA:31,0
DA:32,0
DA:33,0
DA:34,0
DA:35,0
DA:36,0
DA:38,0
DA:39,0
DA:41,0
DA:42,0
DA:45,0
DA:46,0
DA:47,0
DA:48,0
DA:50,0
DA:52,0
DA:55,0
DA:56,0
DA:63,0
DA:64,0
DA:70,0
DA:77,0
DA:78,0
DA:79,0
DA:80,0
DA:81,0
DA:83,0
DA:84,0
DA:93,0
DA:94,0
DA:99,0
DA:101,0
DA:103,0
DA:104,0
DA:120,0
DA:121,0
DA:122,0
DA:123,0
DA:124,0
DA:125,0
DA:126,0
DA:133,0
DA:172,0
DA:173,0
DA:176,0
DA:211,0
DA:212,0
DA:213,0
DA:242,0
DA:267,0
DA:286,0
DA:325,0
DA:334,0
DA:347,0
LF:63
LH:0
BRDA:29,0,0,0
BRDA:29,0,1,0
BRDA:33,1,0,0
BRDA:33,1,1,0
BRDA:39,2,0,0
BRDA:39,2,1,0
BRDA:41,3,0,0
BRDA:41,3,1,0
BRDA:42,4,0,0
BRDA:42,4,1,0
BRDA:43,5,0,0
BRDA:43,5,1,0
BRDA:46,6,0,0
BRDA:46,6,1,0
BRDA:55,7,0,0
BRDA:55,7,1,0
BRDA:63,8,0,0
BRDA:63,8,1,0
BRDA:77,9,0,0
BRDA:77,9,1,0
BRDA:80,10,0,0
BRDA:80,10,1,0
BRDA:81,11,0,0
BRDA:81,11,1,0
BRDA:87,12,0,0
BRDA:87,12,1,0
BRDA:88,13,0,0
BRDA:88,13,1,0
BRDA:113,14,0,0
BRDA:113,14,1,0
BRDA:135,15,0,0
BRDA:135,15,1,0
BRDA:157,16,0,0
BRDA:157,16,1,0
BRDA:159,17,0,0
BRDA:159,17,1,0
BRDA:164,18,0,0
BRDA:164,18,1,0
BRDA:172,19,0,0
BRDA:172,19,1,0
BRDA:189,20,0,0
BRDA:189,20,1,0
BRDA:202,21,0,0
BRDA:202,21,1,0
BRDA:207,22,0,0
BRDA:207,22,1,0
BRDA:217,23,0,0
BRDA:217,23,1,0
BRDA:219,24,0,0
BRDA:219,24,1,0
BRDA:221,25,0,0
BRDA:221,25,1,0
BRDA:222,26,0,0
BRDA:222,26,1,0
BRDA:232,27,0,0
BRDA:232,27,1,0
BRDA:238,28,0,0
BRDA:238,28,1,0
BRDA:243,29,0,0
BRDA:243,29,1,0
BRDA:256,30,0,0
BRDA:256,30,1,0
BRDA:257,31,0,0
BRDA:257,31,1,0
BRDA:265,32,0,0
BRDA:265,32,1,0
BRDA:284,33,0,0
BRDA:284,33,1,0
BRDA:303,34,0,0
BRDA:303,34,1,0
BRDA:322,35,0,0
BRDA:322,35,1,0
BRF:72
BRH:0
end_of_record
TN:
SF:app\(user)\restaurant\[id].tsx
FN:11,RestaurantScreen
FN:16,(anonymous_1)
FN:18,loadRestaurant
FNF:3
FNH:0
FNDA:0,RestaurantScreen
FNDA:0,(anonymous_1)
FNDA:0,loadRestaurant
DA:12,0
DA:13,0
DA:14,0
DA:16,0
DA:17,0
DA:19,0
DA:20,0
DA:21,0
DA:23,0
DA:27,0
DA:28,0
DA:35,0
DA:36,0
DA:43,0
DA:57,0
LF:15
LH:0
BRDA:17,0,0,0
BRDA:17,0,1,0
BRDA:27,1,0,0
BRDA:27,1,1,0
BRDA:35,2,0,0
BRDA:35,2,1,0
BRF:6
BRH:0
end_of_record
TN:
SF:components\external-link.tsx
FN:7,ExternalLink
FN:13,(anonymous_1)
FNF:2
FNH:0
FNDA:0,ExternalLink
FNDA:0,(anonymous_1)
DA:8,0
DA:14,0
DA:16,0
DA:18,0
LF:4
LH:0
BRDA:14,0,0,0
BRDA:14,0,1,0
BRF:2
BRH:0
end_of_record
TN:
SF:components\haptic-tab.tsx
FN:5,HapticTab
FN:9,(anonymous_1)
FNF:2
FNH:0
FNDA:0,HapticTab
FNDA:0,(anonymous_1)
DA:6,0
DA:10,0
DA:12,0
DA:14,0
LF:4
LH:0
BRDA:10,0,0,0
BRDA:10,0,1,0
BRF:2
BRH:0
end_of_record
TN:
SF:components\hello-wave.tsx
FN:3,HelloWave
FNF:1
FNH:0
FNDA:0,HelloWave
DA:4,0
LF:1
LH:0
BRF:0
BRH:0
end_of_record
TN:
SF:components\parallax-scroll-view.tsx
FN:21,ParallaxScrollView
FN:30,(anonymous_1)
FNF:2
FNH:0
FNDA:0,ParallaxScrollView
FNDA:0,(anonymous_1)
DA:14,0
DA:26,0
DA:27,0
DA:28,0
DA:29,0
DA:30,0
DA:31,0
DA:47,0
DA:67,0
LF:9
LH:0
BRDA:27,0,0,0
BRDA:27,0,1,0
BRF:2
BRH:0
end_of_record
TN:
SF:components\themed-text.tsx
FN:11,ThemedText
FNF:1
FNH:1
FNDA:147,ThemedText
DA:18,147
DA:19,147
DA:20,147
DA:22,147
DA:39,3
LF:5
LH:5
BRDA:15,0,0,147
BRDA:20,1,0,0
BRDA:20,1,1,147
BRDA:20,2,0,147
BRDA:20,2,1,0
BRDA:20,3,0,0
BRDA:20,3,1,147
BRDA:20,4,0,147
BRDA:20,4,1,0
BRDA:27,5,0,147
BRDA:27,5,1,0
BRDA:28,6,0,0
BRDA:28,6,1,147
BRDA:29,7,0,0
BRDA:29,7,1,147
BRDA:30,8,0,0
BRDA:30,8,1,147
BRDA:31,9,0,0
BRDA:31,9,1,147
BRF:19
BRH:10
end_of_record
TN:
SF:components\themed-view.tsx
FN:10,ThemedView
FNF:1
FNH:0
FNDA:0,ThemedView
DA:11,0
DA:12,0
DA:13,0
DA:15,0
LF:4
LH:0
BRDA:13,0,0,0
BRDA:13,0,1,0
BRDA:13,1,0,0
BRDA:13,1,1,0
BRDA:13,2,0,0
BRDA:13,2,1,0
BRDA:13,3,0,0
BRDA:13,3,1,0
BRF:8
BRH:0
end_of_record
TN:
SF:components\admin\bookings\AvailabilityGrid.tsx
FN:8,(anonymous_0)
FN:20,AvailabilityGrid
FN:39,bookingForCell
FN:40,(anonymous_3)
FN:85,(anonymous_4)
FN:107,(anonymous_5)
FN:129,(anonymous_6)
FN:163,(anonymous_7)
FN:186,(anonymous_8)
FNF:9
FNH:0
FNDA:0,(anonymous_0)
FNDA:0,AvailabilityGrid
FNDA:0,bookingForCell
FNDA:0,(anonymous_3)
FNDA:0,(anonymous_4)
FNDA:0,(anonymous_5)
FNDA:0,(anonymous_6)
FNDA:0,(anonymous_7)
FNDA:0,(anonymous_8)
DA:8,0
DA:9,0
DA:10,0
DA:11,0
DA:14,0
DA:15,0
DA:16,0
DA:17,0
DA:18,0
DA:31,0
DA:32,0
DA:33,0
DA:34,0
DA:35,0
DA:36,0
DA:37,0
DA:40,0
DA:43,0
DA:45,0
DA:46,0
DA:56,0
DA:86,0
DA:108,0
DA:130,0
DA:164,0
DA:165,0
DA:186,0
LF:27
LH:0
BRDA:10,0,0,0
BRDA:10,0,1,0
BRDA:10,1,0,0
BRDA:10,1,1,0
BRDA:33,2,0,0
BRDA:33,2,1,0
BRDA:34,3,0,0
BRDA:34,3,1,0
BRDA:35,4,0,0
BRDA:35,4,1,0
BRDA:36,5,0,0
BRDA:36,5,1,0
BRDA:40,6,0,0
BRDA:40,6,1,0
BRDA:45,7,0,0
BRDA:45,7,1,0
BRDA:155,8,0,0
BRDA:155,8,1,0
BRDA:178,9,0,0
BRDA:178,9,1,0
BRDA:186,10,0,0
BRDA:186,10,1,0
BRDA:189,11,0,0
BRDA:189,11,1,0
BRDA:205,12,0,0
BRDA:205,12,1,0
BRF:26
BRH:0
end_of_record
TN:
SF:components\admin\bookings\StatusBadge.tsx
FN:8,getStatus
FN:30,StatusBadge
FNF:2
FNH:0
FNDA:0,getStatus
FNDA:0,StatusBadge
DA:9,0
DA:10,0
DA:11,0
DA:12,0
DA:13,0
DA:14,0
DA:15,0
DA:16,0
DA:22,0
DA:31,0
DA:32,0
DA:34,0
DA:35,0
DA:38,0
DA:39,0
DA:40,0
DA:41,0
DA:42,0
DA:45,0
LF:19
LH:0
BRDA:12,0,0,0
BRDA:12,0,1,0
BRDA:13,1,0,0
BRDA:13,1,1,0
BRDA:14,2,0,0
BRDA:14,2,1,0
BRDA:15,3,0,0
BRDA:15,3,1,0
BRDA:34,4,0,0
BRDA:34,4,1,0
BRDA:34,5,0,0
BRDA:34,5,1,0
BRDA:35,6,0,0
BRDA:35,6,1,0
BRDA:35,7,0,0
BRDA:35,7,1,0
BRDA:38,8,0,0
BRDA:38,8,1,0
BRDA:39,9,0,0
BRDA:39,9,1,0
BRDA:40,10,0,0
BRDA:40,10,1,0
BRDA:41,11,0,0
BRDA:41,11,1,0
BRDA:42,12,0,0
BRDA:42,12,1,0
BRF:26
BRH:0
end_of_record
TN:
SF:components\admin\bookings\bookings.styles.ts
FNF:0
FNH:0
DA:4,0
LF:1
LH:0
BRF:0
BRH:0
end_of_record
TN:
SF:components\admin\settings\AddRow.tsx
FN:9,AddRow
FN:27,(anonymous_1)
FN:47,(anonymous_2)
FN:65,(anonymous_3)
FNF:4
FNH:0
FNDA:0,AddRow
FNDA:0,(anonymous_1)
FNDA:0,(anonymous_2)
FNDA:0,(anonymous_3)
DA:20,0
DA:21,0
DA:22,0
DA:23,0
DA:25,0
DA:26,0
DA:27,0
DA:34,0
DA:48,0
DA:49,0
DA:50,0
DA:51,0
DA:52,0
DA:53,0
DA:54,0
DA:66,0
DA:67,0
DA:68,0
LF:18
LH:0
BRDA:25,0,0,0
BRDA:25,0,1,0
BRDA:36,1,0,0
BRDA:36,1,1,0
BRDA:37,2,0,0
BRDA:37,2,1,0
BRDA:48,3,0,0
BRDA:48,3,1,0
BRDA:50,4,0,0
BRDA:50,4,1,0
BRDA:56,5,0,0
BRDA:56,5,1,0
BRDA:60,6,0,0
BRDA:60,6,1,0
BRF:14
BRH:0
end_of_record
TN:
SF:components\admin\settings\BrandSettingsCard.tsx
FN:14,BrandSettingsCard
FN:32,(anonymous_1)
FN:38,(anonymous_2)
FN:42,(anonymous_3)
FN:53,(anonymous_4)
FN:64,(anonymous_5)
FN:92,(anonymous_6)
FN:92,(anonymous_7)
FN:115,(anonymous_8)
FN:118,(anonymous_9)
FN:185,(anonymous_10)
FNF:11
FNH:0
FNDA:0,BrandSettingsCard
FNDA:0,(anonymous_1)
FNDA:0,(anonymous_2)
FNDA:0,(anonymous_3)
FNDA:0,(anonymous_4)
FNDA:0,(anonymous_5)
FNDA:0,(anonymous_6)
FNDA:0,(anonymous_7)
FNDA:0,(anonymous_8)
FNDA:0,(anonymous_9)
FNDA:0,(anonymous_10)
DA:12,0
DA:23,0
DA:24,0
DA:25,0
DA:26,0
DA:27,0
DA:28,0
DA:29,0
DA:30,0
DA:32,0
DA:33,0
DA:34,0
DA:35,0
DA:38,0
DA:39,0
DA:40,0
DA:41,0
DA:42,0
DA:43,0
DA:44,0
DA:45,0
DA:46,0
DA:50,0
DA:52,0
DA:53,0
DA:54,0
DA:55,0
DA:56,0
DA:57,0
DA:59,0
DA:61,0
DA:64,0
DA:65,0
DA:66,0
DA:67,0
DA:72,0
DA:73,0
DA:74,0
DA:76,0
DA:80,0
DA:90,0
DA:92,0
DA:116,0
DA:118,0
DA:186,0
DA:187,0
LF:46
LH:0
BRDA:26,0,0,0
BRDA:26,0,1,0
BRDA:35,1,0,0
BRDA:35,1,1,0
BRDA:44,2,0,0
BRDA:44,2,1,0
BRDA:45,3,0,0
BRDA:45,3,1,0
BRDA:73,4,0,0
BRDA:73,4,1,0
BRDA:102,5,0,0
BRDA:102,5,1,0
BRDA:105,6,0,0
BRDA:105,6,1,0
BRDA:124,7,0,0
BRDA:124,7,1,0
BRDA:127,8,0,0
BRDA:127,8,1,0
BRDA:145,9,0,0
BRDA:145,9,1,0
BRDA:179,10,0,0
BRDA:179,10,1,0
BRDA:182,11,0,0
BRDA:182,11,1,0
BRDA:196,12,0,0
BRDA:196,12,1,0
BRDA:197,13,0,0
BRDA:197,13,1,0
BRDA:204,14,0,0
BRDA:204,14,1,0
BRDA:207,15,0,0
BRDA:207,15,1,0
BRF:32
BRH:0
end_of_record
TN:
SF:components\admin\settings\EditableRow.styles.ts
FNF:0
FNH:0
DA:4,0
LF:1
LH:0
BRF:0
BRH:0
end_of_record
TN:
SF:components\admin\settings\EditableRow.tsx
FN:8,EditableRow
FN:38,(anonymous_1)
FN:48,(anonymous_2)
FN:73,(anonymous_3)
FN:85,(anonymous_4)
FNF:5
FNH:0
FNDA:0,EditableRow
FNDA:0,(anonymous_1)
FNDA:0,(anonymous_2)
FNDA:0,(anonymous_3)
FNDA:0,(anonymous_4)
DA:25,0
DA:26,0
DA:27,0
DA:28,0
DA:29,0
DA:31,0
DA:32,0
DA:39,0
DA:40,0
DA:49,0
DA:50,0
DA:61,0
DA:74,0
DA:75,0
DA:76,0
DA:77,0
DA:78,0
DA:85,0
LF:18
LH:0
BRDA:13,0,0,0
BRDA:31,1,0,0
BRDA:31,1,1,0
BRDA:45,2,0,0
BRDA:45,2,1,0
BRDA:50,3,0,0
BRDA:50,3,1,0
BRDA:74,4,0,0
BRDA:74,4,1,0
BRDA:82,5,0,0
BRDA:82,5,1,0
BRF:11
BRH:0
end_of_record
TN:
SF:components\admin\settings\EmailSettingsCard.tsx
FN:16,EmailSettingsCard
FN:39,(anonymous_1)
FN:40,(anonymous_2)
FN:52,(anonymous_3)
FN:73,(anonymous_4)
FN:93,(anonymous_5)
FN:93,(anonymous_6)
FN:109,(anonymous_7)
FN:113,(anonymous_8)
FN:140,(anonymous_9)
FN:140,(anonymous_10)
FN:176,(anonymous_11)
FN:176,(anonymous_12)
FN:221,(anonymous_13)
FNF:14
FNH:0
FNDA:0,EmailSettingsCard
FNDA:0,(anonymous_1)
FNDA:0,(anonymous_2)
FNDA:0,(anonymous_3)
FNDA:0,(anonymous_4)
FNDA:0,(anonymous_5)
FNDA:0,(anonymous_6)
FNDA:0,(anonymous_7)
FNDA:0,(anonymous_8)
FNDA:0,(anonymous_9)
FNDA:0,(anonymous_10)
FNDA:0,(anonymous_11)
FNDA:0,(anonymous_12)
FNDA:0,(anonymous_13)
DA:11,0
DA:25,0
DA:26,0
DA:27,0
DA:28,0
DA:29,0
DA:30,0
DA:31,0
DA:32,0
DA:33,0
DA:34,0
DA:35,0
DA:36,0
DA:37,0
DA:39,0
DA:40,0
DA:41,0
DA:42,0
DA:43,0
DA:44,0
DA:45,0
DA:46,0
DA:47,0
DA:48,0
DA:52,0
DA:53,0
DA:54,0
DA:55,0
DA:64,0
DA:65,0
DA:66,0
DA:67,0
DA:69,0
DA:73,0
DA:74,0
DA:75,0
DA:76,0
DA:85,0
DA:86,0
DA:87,0
DA:88,0
DA:91,0
DA:93,0
DA:110,0
DA:114,0
DA:115,0
DA:116,0
DA:140,0
DA:176,0
DA:222,0
DA:223,0
LF:51
LH:0
BRDA:46,0,0,0
BRDA:46,0,1,0
BRDA:47,1,0,0
BRDA:47,1,1,0
BRDA:57,2,0,0
BRDA:57,2,1,0
BRDA:61,3,0,0
BRDA:61,3,1,0
BRDA:62,4,0,0
BRDA:62,4,1,0
BRDA:65,5,0,0
BRDA:65,5,1,0
BRDA:78,6,0,0
BRDA:78,6,1,0
BRDA:82,7,0,0
BRDA:82,7,1,0
BRDA:83,8,0,0
BRDA:83,8,1,0
BRDA:100,9,0,0
BRDA:100,9,1,0
BRDA:103,10,0,0
BRDA:103,10,1,0
BRDA:106,11,0,0
BRDA:106,11,1,0
BRDA:143,12,0,0
BRDA:143,12,1,0
BRDA:145,13,0,0
BRDA:145,13,1,0
BRDA:148,14,0,0
BRDA:148,14,1,0
BRDA:150,15,0,0
BRDA:150,15,1,0
BRDA:178,16,0,0
BRDA:178,16,1,0
BRDA:201,17,0,0
BRDA:201,17,1,0
BRDA:202,18,0,0
BRDA:202,18,1,0
BRDA:210,19,0,0
BRDA:210,19,1,0
BRDA:210,19,2,0
BRDA:213,20,0,0
BRDA:213,20,1,0
BRDA:219,21,0,0
BRDA:219,21,1,0
BRDA:219,21,2,0
BRDA:222,22,0,0
BRDA:222,22,1,0
BRDA:222,23,0,0
BRDA:222,23,1,0
BRDA:222,23,2,0
BRDA:226,24,0,0
BRDA:226,24,1,0
BRF:53
BRH:0
end_of_record
TN:
SF:components\admin\settings\GlobalSettingRow.tsx
FN:7,GlobalSettingRow
FN:26,(anonymous_1)
FNF:2
FNH:0
FNDA:0,GlobalSettingRow
FNDA:0,(anonymous_1)
DA:24,0
DA:26,0
LF:2
LH:0
BRDA:29,0,0,0
BRDA:29,0,1,0
BRDA:29,0,2,0
BRDA:39,1,0,0
BRDA:39,1,1,0
BRF:5
BRH:0
end_of_record
TN:
SF:components\admin\settings\LocationCard.tsx
FN:11,LocationCard
FN:32,(anonymous_1)
FN:106,(anonymous_2)
FN:115,(anonymous_3)
FN:117,(anonymous_4)
FN:122,(anonymous_5)
FN:124,(anonymous_6)
FN:127,(anonymous_7)
FN:129,(anonymous_8)
FN:134,(anonymous_9)
FN:136,(anonymous_10)
FN:140,(anonymous_11)
FN:146,(anonymous_12)
FN:148,(anonymous_13)
FN:149,(anonymous_14)
FN:159,(anonymous_15)
FNF:16
FNH:0
FNDA:0,LocationCard
FNDA:0,(anonymous_1)
FNDA:0,(anonymous_2)
FNDA:0,(anonymous_3)
FNDA:0,(anonymous_4)
FNDA:0,(anonymous_5)
FNDA:0,(anonymous_6)
FNDA:0,(anonymous_7)
FNDA:0,(anonymous_8)
FNDA:0,(anonymous_9)
FNDA:0,(anonymous_10)
FNDA:0,(anonymous_11)
FNDA:0,(anonymous_12)
FNDA:0,(anonymous_13)
FNDA:0,(anonymous_14)
FNDA:0,(anonymous_15)
DA:32,0
DA:34,0
DA:107,0
DA:116,0
DA:118,0
DA:123,0
DA:124,0
DA:128,0
DA:130,0
DA:135,0
DA:137,0
DA:140,0
DA:147,0
DA:149,0
DA:160,0
DA:161,0
DA:162,0
LF:17
LH:0
BRDA:39,0,0,0
BRDA:39,0,1,0
BRDA:49,1,0,0
BRDA:49,1,1,0
BRDA:77,2,0,0
BRDA:77,2,1,0
BRDA:82,3,0,0
BRDA:82,3,1,0
BRDA:84,4,0,0
BRDA:84,4,1,0
BRDA:86,5,0,0
BRDA:86,5,1,0
BRDA:87,6,0,0
BRDA:87,6,1,0
BRDA:94,7,0,0
BRDA:94,7,1,0
BRDA:118,8,0,0
BRDA:118,8,1,0
BRDA:130,9,0,0
BRDA:130,9,1,0
BRDA:137,10,0,0
BRDA:137,10,1,0
BRDA:140,11,0,0
BRDA:140,11,1,0
BRDA:149,12,0,0
BRDA:149,12,1,0
BRDA:161,13,0,0
BRDA:161,13,1,0
BRF:28
BRH:0
end_of_record
TN:
SF:components\admin\settings\RestaurantInfoForm.tsx
FN:11,RestaurantInfoForm
FN:33,(anonymous_1)
FN:34,(anonymous_2)
FN:35,(anonymous_3)
FN:64,(anonymous_4)
FN:74,(anonymous_5)
FN:82,(anonymous_6)
FN:88,(anonymous_7)
FN:108,(anonymous_8)
FN:177,(anonymous_9)
FN:185,(anonymous_10)
FN:207,(anonymous_11)
FNF:12
FNH:0
FNDA:0,RestaurantInfoForm
FNDA:0,(anonymous_1)
FNDA:0,(anonymous_2)
FNDA:0,(anonymous_3)
FNDA:0,(anonymous_4)
FNDA:0,(anonymous_5)
FNDA:0,(anonymous_6)
FNDA:0,(anonymous_7)
FNDA:0,(anonymous_8)
FNDA:0,(anonymous_9)
FNDA:0,(anonymous_10)
FNDA:0,(anonymous_11)
DA:18,0
DA:19,0
DA:20,0
DA:21,0
DA:22,0
DA:23,0
DA:24,0
DA:27,0
DA:28,0
DA:29,0
DA:31,0
DA:33,0
DA:34,0
DA:35,0
DA:40,0
DA:47,0
DA:64,0
DA:74,0
DA:83,0
DA:84,0
DA:85,0
DA:88,0
DA:108,0
DA:178,0
DA:186,0
DA:187,0
DA:188,0
DA:196,0
DA:197,0
DA:198,0
DA:206,0
DA:207,0
DA:219,0
LF:33
LH:0
BRDA:21,0,0,0
BRDA:21,0,1,0
BRDA:22,1,0,0
BRDA:22,1,1,0
BRDA:23,2,0,0
BRDA:23,2,1,0
BRDA:25,3,0,0
BRDA:25,3,1,0
BRDA:27,4,0,0
BRDA:27,4,1,0
BRDA:35,5,0,0
BRDA:35,5,1,0
BRDA:40,6,0,0
BRDA:40,6,1,0
BRDA:40,6,2,0
BRDA:40,6,3,0
BRDA:40,6,4,0
BRDA:40,6,5,0
BRDA:41,7,0,0
BRDA:41,7,1,0
BRDA:42,8,0,0
BRDA:42,8,1,0
BRDA:43,9,0,0
BRDA:43,9,1,0
BRDA:44,10,0,0
BRDA:44,10,1,0
BRDA:45,11,0,0
BRDA:45,11,1,0
BRDA:64,12,0,0
BRDA:64,12,1,0
BRDA:74,13,0,0
BRDA:74,13,1,0
BRDA:91,14,0,0
BRDA:91,14,1,0
BRDA:93,15,0,0
BRDA:93,15,1,0
BRDA:96,16,0,0
BRDA:96,16,1,0
BRDA:186,17,0,0
BRDA:186,17,1,0
BRDA:190,18,0,0
BRDA:190,18,1,0
BRDA:197,19,0,0
BRDA:197,19,1,0
BRDA:210,20,0,0
BRDA:210,20,1,0
BRDA:210,20,2,0
BRDA:213,21,0,0
BRDA:213,21,1,0
BRDA:213,22,0,0
BRDA:213,22,1,0
BRF:51
BRH:0
end_of_record
TN:
SF:components\admin\settings\SectionBlock.tsx
FN:9,SectionBlock
FN:44,(anonymous_1)
FN:48,(anonymous_2)
FN:59,(anonymous_3)
FN:68,(anonymous_4)
FN:76,(anonymous_5)
FNF:6
FNH:0
FNDA:0,SectionBlock
FNDA:0,(anonymous_1)
FNDA:0,(anonymous_2)
FNDA:0,(anonymous_3)
FNDA:0,(anonymous_4)
FNDA:0,(anonymous_5)
DA:34,0
DA:36,0
DA:45,0
DA:46,0
DA:49,0
DA:50,0
DA:51,0
DA:52,0
DA:60,0
DA:68,0
DA:77,0
DA:78,0
DA:82,0
LF:13
LH:0
BRDA:34,0,0,0
BRDA:34,0,1,0
BRDA:46,1,0,0
BRDA:46,1,1,0
BRDA:50,2,0,0
BRDA:50,2,1,0
BRDA:52,3,0,0
BRDA:52,3,1,0
BRDA:56,4,0,0
BRDA:56,4,1,0
BRDA:77,5,0,0
BRDA:77,5,1,0
BRDA:80,6,0,0
BRDA:80,6,1,0
BRDA:82,7,0,0
BRDA:82,7,1,0
BRF:16
BRH:0
end_of_record
TN:
SF:components\admin\settings\SecurityCard.tsx
FN:11,SecurityCard
FN:31,(anonymous_1)
FN:35,(anonymous_2)
FN:49,(anonymous_3)
FN:100,(anonymous_4)
FN:101,(anonymous_5)
FN:140,(anonymous_6)
FN:157,(anonymous_7)
FN:158,(anonymous_8)
FN:209,(anonymous_9)
FNF:10
FNH:0
FNDA:0,SecurityCard
FNDA:0,(anonymous_1)
FNDA:0,(anonymous_2)
FNDA:0,(anonymous_3)
FNDA:0,(anonymous_4)
FNDA:0,(anonymous_5)
FNDA:0,(anonymous_6)
FNDA:0,(anonymous_7)
FNDA:0,(anonymous_8)
FNDA:0,(anonymous_9)
DA:20,0
DA:21,0
DA:22,0
DA:23,0
DA:24,0
DA:25,0
DA:26,0
DA:27,0
DA:28,0
DA:29,0
DA:31,0
DA:32,0
DA:35,0
DA:36,0
DA:37,0
DA:38,0
DA:39,0
DA:40,0
DA:41,0
DA:42,0
DA:43,0
DA:44,0
DA:45,0
DA:49,0
DA:50,0
DA:51,0
DA:52,0
DA:54,0
DA:55,0
DA:56,0
DA:58,0
DA:59,0
DA:60,0
DA:61,0
DA:62,0
DA:63,0
DA:64,0
DA:65,0
DA:66,0
DA:70,0
DA:101,0
DA:102,0
DA:103,0
DA:140,0
DA:158,0
DA:159,0
DA:160,0
DA:209,0
LF:48
LH:0
BRDA:36,0,0,0
BRDA:36,0,1,0
BRDA:36,1,0,0
BRDA:36,1,1,0
BRDA:41,2,0,0
BRDA:41,2,1,0
BRDA:50,3,0,0
BRDA:50,3,1,0
BRDA:54,4,0,0
BRDA:54,4,1,0
BRDA:62,5,0,0
BRDA:62,5,1,0
BRDA:88,6,0,0
BRDA:88,6,1,0
BRDA:107,7,0,0
BRDA:107,7,1,0
BRDA:112,8,0,0
BRDA:112,8,1,0
BRDA:131,9,0,0
BRDA:131,9,1,0
BRDA:131,9,2,0
BRDA:135,10,0,0
BRDA:135,10,1,0
BRDA:135,10,2,0
BRDA:138,11,0,0
BRDA:138,11,1,0
BRDA:167,12,0,0
BRDA:167,12,1,0
BRDA:196,13,0,0
BRDA:196,13,1,0
BRDA:197,14,0,0
BRDA:197,14,1,0
BRDA:204,15,0,0
BRDA:204,15,1,0
BRDA:204,15,2,0
BRDA:207,16,0,0
BRDA:207,16,1,0
BRDA:216,17,0,0
BRDA:216,17,1,0
BRF:39
BRH:0
end_of_record
TN:
SF:components\admin\settings\TableRow.tsx
FN:9,TableRow
FN:47,(anonymous_1)
FN:57,(anonymous_2)
FN:94,(anonymous_3)
FN:115,(anonymous_4)
FNF:5
FNH:0
FNDA:0,TableRow
FNDA:0,(anonymous_1)
FNDA:0,(anonymous_2)
FNDA:0,(anonymous_3)
FNDA:0,(anonymous_4)
DA:28,0
DA:29,0
DA:30,0
DA:31,0
DA:32,0
DA:33,0
DA:35,0
DA:36,0
DA:48,0
DA:49,0
DA:50,0
DA:58,0
DA:61,0
DA:62,0
DA:63,0
DA:73,0
DA:95,0
DA:96,0
DA:97,0
DA:98,0
DA:102,0
DA:103,0
DA:104,0
DA:105,0
DA:115,0
LF:25
LH:0
BRDA:29,0,0,0
BRDA:29,0,1,0
BRDA:35,1,0,0
BRDA:35,1,1,0
BRDA:39,2,0,0
BRDA:39,2,1,0
BRDA:48,3,0,0
BRDA:48,3,1,0
BRDA:59,4,0,0
BRDA:59,4,1,0
BRDA:61,5,0,0
BRDA:61,5,1,0
BRDA:63,6,0,0
BRDA:63,6,1,0
BRDA:96,7,0,0
BRDA:96,7,1,0
BRDA:96,8,0,0
BRDA:96,8,1,0
BRDA:99,9,0,0
BRDA:99,9,1,0
BRDA:103,10,0,0
BRDA:103,10,1,0
BRDA:110,11,0,0
BRDA:110,11,1,0
BRF:24
BRH:0
end_of_record
TN:
SF:components\admin\settings\settings.styles.ts
FNF:0
FNH:0
DA:4,0
LF:1
LH:0
BRF:0
BRH:0
end_of_record
TN:
SF:components\booking\BookingForm.tsx
FN:27,suggestDate
FN:39,suggestTime
FN:61,BookingForm
FN:74,(anonymous_3)
FN:76,bestTableFor
FN:77,(anonymous_5)
FN:78,(anonymous_6)
FN:86,(anonymous_7)
FN:87,(anonymous_8)
FN:88,(anonymous_9)
FN:100,(anonymous_10)
FN:108,(anonymous_11)
FN:114,(anonymous_12)
FN:115,(anonymous_13)
FN:117,(anonymous_14)
FN:137,(anonymous_15)
FN:140,(anonymous_16)
FN:170,(anonymous_17)
FN:202,(anonymous_18)
FNF:19
FNH:0
FNDA:0,suggestDate
FNDA:0,suggestTime
FNDA:0,BookingForm
FNDA:0,(anonymous_3)
FNDA:0,bestTableFor
FNDA:0,(anonymous_5)
FNDA:0,(anonymous_6)
FNDA:0,(anonymous_7)
FNDA:0,(anonymous_8)
FNDA:0,(anonymous_9)
FNDA:0,(anonymous_10)
FNDA:0,(anonymous_11)
FNDA:0,(anonymous_12)
FNDA:0,(anonymous_13)
FNDA:0,(anonymous_14)
FNDA:0,(anonymous_15)
FNDA:0,(anonymous_16)
FNDA:0,(anonymous_17)
FNDA:0,(anonymous_18)
DA:13,0
DA:28,0
DA:29,0
DA:30,0
DA:31,0
DA:32,0
DA:34,0
DA:35,0
DA:36,0
DA:40,0
DA:41,0
DA:42,0
DA:43,0
DA:44,0
DA:45,0
DA:48,0
DA:49,0
DA:50,0
DA:51,0
DA:53,0
DA:54,0
DA:56,0
DA:70,0
DA:71,0
DA:72,0
DA:74,0
DA:77,0
DA:78,0
DA:79,0
DA:82,0
DA:83,0
DA:84,0
DA:86,0
DA:87,0
DA:88,0
DA:90,0
DA:100,0
DA:101,0
DA:102,0
DA:108,0
DA:113,0
DA:114,0
DA:115,0
DA:117,0
DA:124,0
DA:125,0
DA:126,0
DA:127,0
DA:130,0
DA:137,0
DA:138,0
DA:140,0
DA:141,0
DA:142,0
DA:145,0
DA:148,0
DA:162,0
DA:170,0
DA:203,0
DA:204,0
DA:206,0
DA:277,0
LF:62
LH:0
BRDA:31,0,0,0
BRDA:31,0,1,0
BRDA:43,1,0,0
BRDA:43,1,1,0
BRDA:43,2,0,0
BRDA:43,2,1,0
BRDA:43,3,0,0
BRDA:43,3,1,0
BRDA:44,4,0,0
BRDA:44,4,1,0
BRDA:53,5,0,0
BRDA:53,5,1,0
BRDA:53,6,0,0
BRDA:53,6,1,0
BRDA:79,7,0,0
BRDA:79,7,1,0
BRDA:82,8,0,0
BRDA:82,8,1,0
BRDA:83,9,0,0
BRDA:83,9,1,0
BRDA:109,10,0,0
BRDA:109,10,1,0
BRDA:118,11,0,0
BRDA:118,11,1,0
BRDA:124,12,0,0
BRDA:124,12,1,0
BRDA:125,13,0,0
BRDA:125,13,1,0
BRDA:126,14,0,0
BRDA:126,14,1,0
BRDA:127,15,0,0
BRDA:127,15,1,0
BRDA:130,16,0,0
BRDA:130,16,1,0
BRDA:130,16,2,0
BRDA:130,16,3,0
BRDA:130,16,4,0
BRDA:130,16,5,0
BRDA:138,17,0,0
BRDA:138,17,1,0
BRDA:141,18,0,0
BRDA:141,18,1,0
BRDA:141,19,0,0
BRDA:141,19,1,0
BRDA:145,20,0,0
BRDA:145,20,1,0
BRDA:165,21,0,0
BRDA:165,21,1,0
BRDA:166,22,0,0
BRDA:166,22,1,0
BRDA:174,23,0,0
BRDA:174,23,1,0
BRDA:185,24,0,0
BRDA:185,24,1,0
BRDA:186,25,0,0
BRDA:186,25,1,0
BRDA:195,26,0,0
BRDA:195,26,1,0
BRDA:197,27,0,0
BRDA:197,27,1,0
BRDA:203,28,0,0
BRDA:203,28,1,0
BRDA:203,29,0,0
BRDA:203,29,1,0
BRDA:215,30,0,0
BRDA:215,30,1,0
BRDA:215,30,2,0
BRDA:220,31,0,0
BRDA:220,31,1,0
BRDA:225,32,0,0
BRDA:225,32,1,0
BRDA:226,33,0,0
BRDA:226,33,1,0
BRDA:237,34,0,0
BRDA:237,34,1,0
BRDA:241,35,0,0
BRDA:241,35,1,0
BRDA:241,35,2,0
BRDA:246,36,0,0
BRDA:246,36,1,0
BRDA:270,37,0,0
BRDA:270,37,1,0
BRDA:270,37,2,0
BRDA:270,37,3,0
BRDA:270,37,4,0
BRF:85
BRH:0
end_of_record
TN:
SF:components\booking\HoldStatusBanner.tsx
FN:13,HoldStatusBanner
FNF:1
FNH:0
FNDA:0,HoldStatusBanner
DA:19,0
DA:20,0
DA:23,0
DA:25,0
DA:32,0
DA:33,0
DA:34,0
DA:43,0
DA:51,0
DA:64,0
DA:68,0
LF:11
LH:0
BRDA:19,0,0,0
BRDA:19,0,1,0
BRDA:23,1,0,0
BRDA:23,1,1,0
BRDA:23,1,2,0
BRDA:23,1,3,0
BRDA:23,1,4,0
BRDA:56,2,0,0
BRDA:56,2,1,0
BRF:9
BRH:0
end_of_record
TN:
SF:components\booking\useTableHold.ts
FN:26,useTableHold
FN:42,clearCountdown
FN:49,startCountdown
FN:51,(anonymous_3)
FN:65,releaseCurrentHold
FN:76,(anonymous_5)
FN:93,(anonymous_6)
FN:96,(anonymous_7)
FN:96,(anonymous_8)
FN:116,(anonymous_9)
FN:125,(anonymous_10)
FN:126,(anonymous_11)
FNF:12
FNH:12
FNDA:19,useTableHold
FNDA:18,clearCountdown
FNDA:4,startCountdown
FNDA:5,(anonymous_3)
FNDA:6,releaseCurrentHold
FNDA:7,(anonymous_5)
FNDA:5,(anonymous_6)
FNDA:5,(anonymous_7)
FNDA:5,(anonymous_8)
FNDA:5,(anonymous_9)
FNDA:7,(anonymous_10)
FNDA:7,(anonymous_11)
DA:6,1
DA:34,19
DA:35,19
DA:36,19
DA:38,19
DA:39,19
DA:40,19
DA:43,18
DA:44,4
DA:45,4
DA:50,4
DA:51,4
DA:52,5
DA:53,5
DA:54,5
DA:55,1
DA:56,1
DA:57,1
DA:58,1
DA:61,4
DA:62,4
DA:66,6
DA:67,1
DA:68,1
DA:70,6
DA:71,6
DA:72,6
DA:76,19
DA:77,7
DA:78,2
DA:79,2
DA:91,5
DA:93,5
DA:94,5
DA:96,5
DA:97,5
DA:99,5
DA:106,5
DA:107,4
DA:108,4
DA:109,4
DA:110,4
DA:112,1
DA:116,5
DA:117,5
DA:118,5
DA:125,19
DA:126,7
DA:127,7
DA:128,5
DA:130,7
DA:131,7
DA:132,2
DA:137,19
LF:54
LH:54
BRDA:43,0,0,4
BRDA:43,0,1,14
BRDA:54,1,0,1
BRDA:54,1,1,4
BRDA:66,2,0,1
BRDA:66,2,1,5
BRDA:77,3,0,2
BRDA:77,3,1,5
BRDA:77,4,0,7
BRDA:77,4,1,5
BRDA:77,4,2,5
BRDA:77,4,3,5
BRDA:96,5,0,5
BRDA:96,5,1,0
BRDA:106,6,0,4
BRDA:106,6,1,1
BRDA:117,7,0,5
BRDA:117,7,1,0
BRDA:127,8,0,5
BRDA:127,8,1,2
BRDA:131,9,0,2
BRDA:131,9,1,5
BRF:22
BRH:20
end_of_record
TN:
SF:components\common\AlertModal.tsx
FN:14,AlertModal
FN:29,(anonymous_1)
FNF:2
FNH:0
FNDA:0,AlertModal
FNDA:0,(anonymous_1)
DA:21,0
DA:22,0
DA:24,0
DA:42,0
LF:4
LH:0
BRDA:16,0,0,0
BRDA:18,1,0,0
BRF:2
BRH:0
end_of_record
TN:
SF:components\common\Button.tsx
FN:13,Button
FN:22,(anonymous_1)
FNF:2
FNH:0
FNDA:0,Button
FNDA:0,(anonymous_1)
DA:14,0
DA:15,0
DA:16,0
DA:17,0
DA:18,0
DA:20,0
DA:22,0
DA:39,0
LF:8
LH:0
BRDA:13,0,0,0
BRDA:16,1,0,0
BRDA:16,1,1,0
BRDA:25,2,0,0
BRDA:25,2,1,0
BRDA:25,2,2,0
BRDA:26,3,0,0
BRDA:26,3,1,0
BRDA:32,4,0,0
BRDA:32,4,1,0
BRF:10
BRH:0
end_of_record
TN:
SF:components\common\ConfirmModal.tsx
FN:17,ConfirmModal
FN:35,(anonymous_1)
FNF:2
FNH:1
FNDA:6,ConfirmModal
FNDA:0,(anonymous_1)
DA:27,6
DA:28,6
DA:30,6
DA:60,1
LF:4
LH:4
BRDA:19,0,0,4
BRDA:21,1,0,4
BRDA:22,2,0,4
BRDA:23,3,0,6
BRDA:47,4,0,0
BRDA:47,4,1,6
BRF:6
BRH:5
end_of_record
TN:
SF:components\common\DatePicker.tsx
FN:8,generateDateOptions
FN:25,DatePicker
FN:40,(anonymous_2)
FN:46,(anonymous_3)
FN:54,(anonymous_4)
FN:56,(anonymous_5)
FN:63,(anonymous_6)
FN:65,(anonymous_7)
FN:68,(anonymous_8)
FN:87,(anonymous_9)
FN:92,(anonymous_10)
FNF:11
FNH:0
FNDA:0,generateDateOptions
FNDA:0,DatePicker
FNDA:0,(anonymous_2)
FNDA:0,(anonymous_3)
FNDA:0,(anonymous_4)
FNDA:0,(anonymous_5)
FNDA:0,(anonymous_6)
FNDA:0,(anonymous_7)
FNDA:0,(anonymous_8)
FNDA:0,(anonymous_9)
FNDA:0,(anonymous_10)
DA:9,0
DA:10,0
DA:11,0
DA:12,0
DA:13,0
DA:14,0
DA:19,0
DA:20,0
DA:22,0
DA:34,0
DA:35,0
DA:36,0
DA:37,0
DA:38,0
DA:39,0
DA:41,0
DA:42,0
DA:43,0
DA:46,0
DA:48,0
DA:54,0
DA:56,0
DA:63,0
DA:66,0
DA:69,0
DA:70,0
DA:87,0
DA:92,0
DA:103,0
LF:29
LH:0
BRDA:39,0,0,0
BRDA:39,0,1,0
BRDA:42,1,0,0
BRDA:42,1,1,0
BRDA:67,2,0,0
BRDA:67,2,1,0
BRDA:73,3,0,0
BRDA:73,3,1,0
BRDA:76,4,0,0
BRDA:76,4,1,0
BRDA:90,5,0,0
BRDA:90,5,1,0
BRDA:94,6,0,0
BRDA:94,6,1,0
BRDA:95,7,0,0
BRDA:95,7,1,0
BRF:16
BRH:0
end_of_record
TN:
SF:components\common\DatePicker.web.tsx
FN:6,getIsoDay
FN:11,DatePicker
FN:28,(anonymous_2)
FN:54,(anonymous_3)
FN:75,(anonymous_4)
FN:78,(anonymous_5)
FNF:6
FNH:0
FNDA:0,getIsoDay
FNDA:0,DatePicker
FNDA:0,(anonymous_2)
FNDA:0,(anonymous_3)
FNDA:0,(anonymous_4)
FNDA:0,(anonymous_5)
DA:7,0
DA:8,0
DA:21,0
DA:22,0
DA:23,0
DA:24,0
DA:25,0
DA:27,0
DA:28,0
DA:29,0
DA:30,0
DA:31,0
DA:35,0
DA:37,0
DA:47,0
DA:55,0
DA:76,0
DA:79,0
DA:91,0
LF:19
LH:0
BRDA:8,0,0,0
BRDA:8,0,1,0
BRDA:22,1,0,0
BRDA:22,1,1,0
BRDA:23,2,0,0
BRDA:23,2,1,0
BRDA:24,3,0,0
BRDA:24,3,1,0
BRDA:35,4,0,0
BRDA:35,4,1,0
BRDA:35,5,0,0
BRDA:35,5,1,0
BRDA:51,6,0,0
BRDA:51,6,1,0
BRDA:55,7,0,0
BRDA:55,7,1,0
BRDA:63,8,0,0
BRDA:63,8,1,0
BRDA:69,9,0,0
BRDA:69,9,1,0
BRDA:76,10,0,0
BRDA:76,10,1,0
BRDA:79,11,0,0
BRDA:79,11,1,0
BRDA:82,12,0,0
BRDA:82,12,1,0
BRDA:82,12,2,0
BRDA:84,13,0,0
BRDA:84,13,1,0
BRF:29
BRH:0
end_of_record
TN:
SF:components\common\Input.tsx
FN:6,Input
FNF:1
FNH:0
FNDA:0,Input
DA:6,0
DA:7,0
DA:8,0
DA:9,0
DA:10,0
DA:12,0
DA:30,0
LF:7
LH:0
BRDA:9,0,0,0
BRDA:9,0,1,0
BRDA:10,1,0,0
BRDA:10,1,1,0
BRF:4
BRH:0
end_of_record
TN:
SF:components\common\Select.tsx
FN:13,Select
FN:31,(anonymous_1)
FN:39,(anonymous_2)
FN:41,(anonymous_3)
FN:45,(anonymous_4)
FN:47,(anonymous_5)
FN:50,(anonymous_6)
FN:53,(anonymous_7)
FN:77,(anonymous_8)
FN:82,(anonymous_9)
FNF:10
FNH:0
FNDA:0,Select
FNDA:0,(anonymous_1)
FNDA:0,(anonymous_2)
FNDA:0,(anonymous_3)
FNDA:0,(anonymous_4)
FNDA:0,(anonymous_5)
FNDA:0,(anonymous_6)
FNDA:0,(anonymous_7)
FNDA:0,(anonymous_8)
FNDA:0,(anonymous_9)
DA:24,0
DA:25,0
DA:26,0
DA:27,0
DA:28,0
DA:29,0
DA:31,0
DA:33,0
DA:39,0
DA:41,0
DA:45,0
DA:48,0
DA:51,0
DA:54,0
DA:55,0
DA:77,0
DA:82,0
DA:93,0
LF:18
LH:0
BRDA:17,0,0,0
BRDA:25,1,0,0
BRDA:25,1,1,0
BRDA:29,2,0,0
BRDA:29,2,1,0
BRDA:52,3,0,0
BRDA:52,3,1,0
BRDA:61,4,0,0
BRDA:61,4,1,0
BRDA:66,5,0,0
BRDA:66,5,1,0
BRDA:80,6,0,0
BRDA:80,6,1,0
BRDA:84,7,0,0
BRDA:84,7,1,0
BRDA:85,8,0,0
BRDA:85,8,1,0
BRF:17
BRH:0
end_of_record
TN:
SF:components\common\TimePicker.tsx
FN:8,generateTimeOptions
FN:29,TimePicker
FN:45,(anonymous_2)
FN:53,(anonymous_3)
FN:55,(anonymous_4)
FN:62,(anonymous_5)
FN:64,(anonymous_6)
FN:67,(anonymous_7)
FN:86,(anonymous_8)
FN:91,(anonymous_9)
FNF:10
FNH:0
FNDA:0,generateTimeOptions
FNDA:0,TimePicker
FNDA:0,(anonymous_2)
FNDA:0,(anonymous_3)
FNDA:0,(anonymous_4)
FNDA:0,(anonymous_5)
FNDA:0,(anonymous_6)
FNDA:0,(anonymous_7)
FNDA:0,(anonymous_8)
FNDA:0,(anonymous_9)
DA:9,0
DA:10,0
DA:11,0
DA:12,0
DA:14,0
DA:15,0
DA:16,0
DA:17,0
DA:18,0
DA:19,0
DA:20,0
DA:21,0
DA:22,0
DA:23,0
DA:24,0
DA:26,0
DA:40,0
DA:41,0
DA:42,0
DA:43,0
DA:44,0
DA:45,0
DA:47,0
DA:53,0
DA:55,0
DA:62,0
DA:65,0
DA:68,0
DA:69,0
DA:86,0
DA:91,0
DA:102,0
LF:32
LH:0
BRDA:21,0,0,0
BRDA:21,0,1,0
BRDA:22,1,0,0
BRDA:22,1,1,0
BRDA:22,2,0,0
BRDA:22,2,1,0
BRDA:32,3,0,0
BRDA:33,4,0,0
BRDA:66,5,0,0
BRDA:66,5,1,0
BRDA:72,6,0,0
BRDA:72,6,1,0
BRDA:75,7,0,0
BRDA:75,7,1,0
BRDA:89,8,0,0
BRDA:89,8,1,0
BRDA:93,9,0,0
BRDA:93,9,1,0
BRDA:94,10,0,0
BRDA:94,10,1,0
BRF:20
BRH:0
end_of_record
TN:
SF:components\common\TimePicker.web.tsx
FN:4,roundTo15
FN:12,clampTime
FN:18,TimePicker
FN:35,(anonymous_3)
FN:49,(anonymous_4)
FN:50,(anonymous_5)
FN:72,(anonymous_6)
FNF:7
FNH:0
FNDA:0,roundTo15
FNDA:0,clampTime
FNDA:0,TimePicker
FNDA:0,(anonymous_3)
FNDA:0,(anonymous_4)
FNDA:0,(anonymous_5)
FNDA:0,(anonymous_6)
DA:5,0
DA:6,0
DA:7,0
DA:8,0
DA:9,0
DA:13,0
DA:14,0
DA:15,0
DA:29,0
DA:30,0
DA:31,0
DA:32,0
DA:33,0
DA:35,0
DA:36,0
DA:37,0
DA:38,0
DA:41,0
DA:49,0
DA:51,0
DA:52,0
DA:73,0
DA:80,0
LF:23
LH:0
BRDA:13,0,0,0
BRDA:13,0,1,0
BRDA:14,1,0,0
BRDA:14,1,1,0
BRDA:21,2,0,0
BRDA:22,3,0,0
BRDA:30,4,0,0
BRDA:30,4,1,0
BRDA:31,5,0,0
BRDA:31,5,1,0
BRDA:32,6,0,0
BRDA:32,6,1,0
BRDA:36,7,0,0
BRDA:36,7,1,0
BRDA:45,8,0,0
BRDA:45,8,1,0
BRDA:51,9,0,0
BRDA:51,9,1,0
BRDA:66,10,0,0
BRDA:66,10,1,0
BRF:20
BRH:0
end_of_record
TN:
SF:components\layout\AdminSidebar.tsx
FN:19,(anonymous_0)
FN:25,(anonymous_1)
FN:31,(anonymous_2)
FN:35,AdminSidebar
FN:48,(anonymous_4)
FN:49,(anonymous_5)
FN:52,(anonymous_6)
FN:87,(anonymous_7)
FN:92,(anonymous_8)
FN:93,(anonymous_9)
FN:132,(anonymous_10)
FN:144,(anonymous_11)
FN:145,(anonymous_12)
FN:154,(anonymous_13)
FN:167,(anonymous_14)
FNF:15
FNH:0
FNDA:0,(anonymous_0)
FNDA:0,(anonymous_1)
FNDA:0,(anonymous_2)
FNDA:0,AdminSidebar
FNDA:0,(anonymous_4)
FNDA:0,(anonymous_5)
FNDA:0,(anonymous_6)
FNDA:0,(anonymous_7)
FNDA:0,(anonymous_8)
FNDA:0,(anonymous_9)
FNDA:0,(anonymous_10)
FNDA:0,(anonymous_11)
FNDA:0,(anonymous_12)
FNDA:0,(anonymous_13)
FNDA:0,(anonymous_14)
DA:14,0
DA:19,0
DA:25,0
DA:31,0
DA:36,0
DA:37,0
DA:38,0
DA:39,0
DA:40,0
DA:41,0
DA:42,0
DA:43,0
DA:45,0
DA:46,0
DA:48,0
DA:49,0
DA:52,0
DA:53,0
DA:54,0
DA:57,0
DA:88,0
DA:89,0
DA:92,0
DA:93,0
DA:132,0
DA:144,0
DA:145,0
DA:154,0
DA:167,0
DA:181,0
LF:30
LH:0
BRDA:25,0,0,0
BRDA:25,0,1,0
BRDA:43,1,0,0
BRDA:43,1,1,0
BRDA:45,2,0,0
BRDA:45,2,1,0
BRDA:46,3,0,0
BRDA:46,3,1,0
BRDA:63,4,0,0
BRDA:63,4,1,0
BRDA:76,5,0,0
BRDA:76,5,1,0
BRDA:77,6,0,0
BRDA:77,6,1,0
BRDA:95,7,0,0
BRDA:95,7,1,0
BRDA:97,8,0,0
BRDA:97,8,1,0
BRDA:104,9,0,0
BRDA:104,9,1,0
BRDA:110,10,0,0
BRDA:110,10,1,0
BRDA:115,11,0,0
BRDA:115,11,1,0
BRDA:147,12,0,0
BRDA:147,12,1,0
BRDA:156,13,0,0
BRDA:156,13,1,0
BRDA:159,14,0,0
BRDA:159,14,1,0
BRDA:161,15,0,0
BRDA:161,15,1,0
BRDA:163,16,0,0
BRDA:163,16,1,0
BRDA:169,17,0,0
BRDA:169,17,1,0
BRF:36
BRH:0
end_of_record
TN:
SF:components\layout\Navbar.tsx
FN:12,(anonymous_0)
FN:16,(anonymous_1)
FN:22,(anonymous_2)
FN:28,Navbar
FN:37,(anonymous_4)
FN:65,(anonymous_5)
FN:81,(anonymous_6)
FNF:7
FNH:0
FNDA:0,(anonymous_0)
FNDA:0,(anonymous_1)
FNDA:0,(anonymous_2)
FNDA:0,Navbar
FNDA:0,(anonymous_4)
FNDA:0,(anonymous_5)
FNDA:0,(anonymous_6)
DA:11,0
DA:12,0
DA:16,0
DA:23,0
DA:29,0
DA:30,0
DA:31,0
DA:32,0
DA:33,0
DA:34,0
DA:35,0
DA:36,0
DA:37,0
DA:39,0
DA:66,0
DA:67,0
DA:81,0
DA:96,0
LF:18
LH:0
BRDA:16,0,0,0
BRDA:16,0,1,0
BRDA:23,1,0,0
BRDA:23,1,1,0
BRDA:23,1,2,0
BRDA:23,1,3,0
BRDA:34,2,0,0
BRDA:34,2,1,0
BRDA:37,3,0,0
BRDA:37,3,1,0
BRDA:44,4,0,0
BRDA:44,4,1,0
BRDA:51,5,0,0
BRDA:51,5,1,0
BRDA:70,6,0,0
BRDA:70,6,1,0
BRDA:73,7,0,0
BRDA:73,7,1,0
BRDA:81,8,0,0
BRDA:81,8,1,0
BRDA:82,9,0,0
BRDA:82,9,1,0
BRDA:85,10,0,0
BRDA:85,10,1,0
BRF:24
BRH:0
end_of_record
TN:
SF:components\layout\PageContainer.tsx
FN:7,PageContainer
FNF:1
FNH:0
FNDA:0,PageContainer
DA:8,0
DA:15,0
LF:2
LH:0
BRF:0
BRH:0
end_of_record
TN:
SF:components\restaurant\RestaurantCard.tsx
FN:10,RestaurantCard
FN:15,(anonymous_1)
FN:17,(anonymous_2)
FN:17,(anonymous_3)
FN:43,(anonymous_4)
FNF:5
FNH:5
FNDA:7,RestaurantCard
FNDA:13,(anonymous_1)
FNDA:13,(anonymous_2)
FNDA:19,(anonymous_3)
FNDA:7,(anonymous_4)
DA:11,7
DA:12,7
DA:13,7
DA:15,13
DA:16,7
DA:17,19
DA:22,7
DA:23,7
DA:24,7
DA:25,7
DA:26,7
DA:27,7
DA:29,7
DA:30,7
DA:34,7
DA:40,7
DA:43,7
DA:113,1
LF:18
LH:18
BRDA:24,0,0,0
BRDA:24,0,1,7
BRDA:25,1,0,0
BRDA:25,1,1,7
BRDA:26,2,0,0
BRDA:26,2,1,7
BRDA:34,3,0,0
BRDA:34,3,1,7
BRDA:35,4,0,0
BRDA:35,4,1,0
BRDA:47,5,0,7
BRDA:47,5,1,0
BRDA:66,6,0,7
BRDA:66,6,1,0
BRDA:80,7,0,0
BRDA:80,7,1,7
BRDA:85,8,0,1
BRDA:85,8,1,6
BRDA:91,9,0,0
BRDA:91,9,1,7
BRF:20
BRH:10
end_of_record
TN:
SF:components\restaurant\RestaurantDetails.tsx
FN:8,RestaurantDetails
FN:33,(anonymous_1)
FN:38,(anonymous_2)
FNF:3
FNH:0
FNDA:0,RestaurantDetails
FNDA:0,(anonymous_1)
FNDA:0,(anonymous_2)
DA:9,0
DA:10,0
DA:11,0
DA:12,0
DA:13,0
DA:15,0
DA:34,0
DA:39,0
DA:58,0
LF:9
LH:0
BRDA:13,0,0,0
BRDA:13,0,1,0
BRDA:21,1,0,0
BRDA:21,1,1,0
BRDA:44,2,0,0
BRDA:44,2,1,0
BRF:6
BRH:0
end_of_record
TN:
SF:components\ui\collapsible.tsx
FN:10,Collapsible
FN:19,(anonymous_1)
FN:19,(anonymous_2)
FNF:3
FNH:0
FNDA:0,Collapsible
FNDA:0,(anonymous_1)
FNDA:0,(anonymous_2)
DA:11,0
DA:12,0
DA:13,0
DA:15,0
DA:19,0
DA:37,0
LF:6
LH:0
BRDA:27,0,0,0
BRDA:27,0,1,0
BRDA:32,1,0,0
BRDA:32,1,1,0
BRF:4
BRH:0
end_of_record
TN:
SF:components\ui\icon-symbol.ios.tsx
FN:4,IconSymbol
FNF:1
FNH:0
FNDA:0,IconSymbol
DA:17,0
LF:1
LH:0
BRDA:6,0,0,0
BRDA:9,1,0,0
BRF:2
BRH:0
end_of_record
TN:
SF:components\ui\icon-symbol.tsx
FN:28,IconSymbol
FNF:1
FNH:0
FNDA:0,IconSymbol
DA:16,0
DA:40,0
LF:2
LH:0
BRDA:30,0,0,0
BRF:1
BRH:0
end_of_record
