TN:
SF:api\admin.ts
FN:54,getAdminOverview
FN:69,getAdminBookings
FN:89,getAdminBooking
FN:100,adminCreateBooking
FN:106,(anonymous_4)
FN:114,adminUpdateBooking
FN:128,adminExtendBooking
FN:142,adminDeleteBooking
FN:152,adminPurgeBooking
FN:164,adminCreateRestaurant
FN:177,adminDeleteRestaurant
FN:195,adminGetTables
FN:219,getEmailSettings
FN:236,saveEmailSettings
FN:247,testEmailConnection
FN:266,saveBrandSettings
FN:272,(anonymous_16)
FNF:17
FNH:17
FNDA:3,getAdminOverview
FNDA:5,getAdminBookings
FNDA:3,getAdminBooking
FNDA:4,adminCreateBooking
FNDA:1,(anonymous_4)
FNDA:2,adminUpdateBooking
FNDA:2,adminExtendBooking
FNDA:3,adminDeleteBooking
FNDA:3,adminPurgeBooking
FNDA:2,adminCreateRestaurant
FNDA:2,adminDeleteRestaurant
FNDA:3,adminGetTables
FNDA:2,getEmailSettings
FNDA:2,saveEmailSettings
FNDA:3,testEmailConnection
FNDA:4,saveBrandSettings
FNDA:1,(anonymous_16)
DA:55,3
DA:56,3
DA:57,2
DA:58,1
DA:60,2
DA:61,2
DA:74,5
DA:75,5
DA:76,5
DA:77,5
DA:78,5
DA:79,5
DA:80,5
DA:81,4
DA:82,3
DA:84,2
DA:85,2
DA:90,3
DA:91,3
DA:92,2
DA:93,1
DA:95,1
DA:96,1
DA:103,4
DA:105,4
DA:106,2
DA:107,2
DA:110,2
DA:111,1
DA:118,2
DA:119,2
DA:120,2
DA:121,1
DA:123,1
DA:124,1
DA:132,2
DA:133,2
DA:134,2
DA:135,1
DA:137,1
DA:138,1
DA:143,3
DA:144,3
DA:145,2
DA:147,1
DA:148,1
DA:153,3
DA:154,3
DA:155,2
DA:157,1
DA:158,1
DA:167,2
DA:168,2
DA:169,2
DA:170,1
DA:172,1
DA:173,1
DA:178,2
DA:179,2
DA:180,2
DA:182,0
DA:183,0
DA:196,3
DA:197,3
DA:198,2
DA:199,1
DA:201,1
DA:202,1
DA:220,2
DA:221,2
DA:222,2
DA:223,1
DA:225,1
DA:239,2
DA:240,2
DA:241,1
DA:243,1
DA:248,3
DA:249,3
DA:250,2
DA:251,2
DA:253,1
DA:269,4
DA:270,4
DA:271,3
DA:272,2
DA:273,2
DA:275,1
DA:277,1
LF:89
LH:87
BRDA:57,0,0,1
BRDA:57,0,1,1
BRDA:72,1,0,4
BRDA:76,2,0,2
BRDA:76,2,1,3
BRDA:77,3,0,1
BRDA:77,3,1,4
BRDA:78,4,0,1
BRDA:78,4,1,4
BRDA:79,5,0,2
BRDA:79,5,1,3
BRDA:81,6,0,1
BRDA:81,6,1,3
BRDA:92,7,0,1
BRDA:92,7,1,1
BRDA:105,8,0,2
BRDA:105,8,1,2
BRDA:107,9,0,2
BRDA:107,9,1,1
BRDA:110,10,0,1
BRDA:110,10,1,1
BRDA:120,11,0,1
BRDA:120,11,1,1
BRDA:134,12,0,1
BRDA:134,12,1,1
BRDA:169,13,0,1
BRDA:169,13,1,1
BRDA:198,14,0,1
BRDA:198,14,1,1
BRDA:222,15,0,1
BRDA:222,15,1,1
BRDA:271,16,0,2
BRDA:271,16,1,1
BRDA:273,17,0,2
BRDA:273,17,1,1
BRF:35
BRH:35
end_of_record
TN:
SF:api\auth.ts
FN:5,login
FN:16,logout
FN:26,checkSession
FN:38,changePassword
FN:44,(anonymous_4)
FN:58,getPvqStatus
FN:68,setupPvq
FN:74,(anonymous_7)
FN:82,verifyPvq
FN:96,resetPassword
FN:102,(anonymous_10)
FNF:11
FNH:8
FNDA:3,login
FNDA:2,logout
FNDA:3,checkSession
FNDA:3,changePassword
FNDA:0,(anonymous_4)
FNDA:2,getPvqStatus
FNDA:2,setupPvq
FNDA:0,(anonymous_7)
FNDA:2,verifyPvq
FNDA:3,resetPassword
FNDA:0,(anonymous_10)
DA:6,3
DA:7,3
DA:8,2
DA:9,1
DA:11,1
DA:12,1
DA:17,2
DA:18,2
DA:27,3
DA:28,3
DA:29,2
DA:30,1
DA:32,1
DA:42,3
DA:43,3
DA:44,2
DA:45,2
DA:47,1
DA:59,2
DA:60,2
DA:61,2
DA:62,1
DA:64,0
DA:72,2
DA:73,2
DA:74,1
DA:75,1
DA:77,1
DA:86,2
DA:87,2
DA:88,2
DA:89,1
DA:91,0
DA:100,3
DA:101,3
DA:102,2
DA:103,2
DA:105,1
LF:38
LH:36
BRDA:8,0,0,1
BRDA:8,0,1,1
BRDA:29,1,0,1
BRDA:29,1,1,1
BRDA:45,2,0,2
BRDA:45,2,1,0
BRDA:45,3,0,0
BRDA:45,3,1,0
BRDA:61,4,0,1
BRDA:61,4,1,1
BRDA:75,5,0,1
BRDA:75,5,1,0
BRDA:75,6,0,0
BRDA:75,6,1,0
BRDA:88,7,0,1
BRDA:88,7,1,1
BRDA:103,8,0,2
BRDA:103,8,1,0
BRDA:103,9,0,0
BRDA:103,9,1,0
BRF:20
BRH:11
end_of_record
TN:
SF:api\bookings.ts
FN:27,createBooking
FN:31,(anonymous_1)
FN:39,getBookingById
FN:50,getBookingByRef
FN:64,getBookingsByRestaurant
FN:75,deleteBooking
FNF:6
FNH:6
FNDA:4,createBooking
FNDA:1,(anonymous_1)
FNDA:3,getBookingById
FNDA:3,getBookingByRef
FNDA:3,getBookingsByRestaurant
FNDA:3,deleteBooking
DA:28,4
DA:30,4
DA:31,2
DA:32,2
DA:35,2
DA:36,1
DA:40,3
DA:41,3
DA:42,2
DA:43,1
DA:45,2
DA:46,2
DA:54,3
DA:55,3
DA:56,2
DA:57,1
DA:59,2
DA:60,2
DA:65,3
DA:66,3
DA:67,2
DA:68,1
DA:70,2
DA:71,2
DA:76,3
DA:77,3
DA:78,2
DA:80,1
DA:81,1
LF:29
LH:29
BRDA:30,0,0,2
BRDA:30,0,1,2
BRDA:32,1,0,2
BRDA:32,1,1,1
BRDA:35,2,0,1
BRDA:35,2,1,1
BRDA:42,3,0,1
BRDA:42,3,1,1
BRDA:56,4,0,1
BRDA:56,4,1,1
BRDA:67,5,0,1
BRDA:67,5,1,1
BRF:12
BRH:12
end_of_record
TN:
SF:api\client.ts
FN:10,buildUrl
FN:31,api
FN:53,(anonymous_2)
FN:56,(anonymous_3)
FN:60,(anonymous_4)
FN:64,(anonymous_5)
FN:68,(anonymous_6)
FNF:7
FNH:7
FNDA:116,buildUrl
FNDA:115,api
FNDA:39,(anonymous_2)
FNDA:44,(anonymous_3)
FNDA:7,(anonymous_4)
FNDA:2,(anonymous_5)
FNDA:19,(anonymous_6)
DA:8,7
DA:11,116
DA:12,116
DA:13,0
DA:36,115
DA:39,115
DA:40,49
DA:41,49
DA:44,115
DA:53,39
DA:56,7
DA:57,44
DA:60,7
DA:61,7
DA:64,7
DA:65,2
DA:68,19
LF:17
LH:16
BRDA:11,0,0,116
BRDA:11,0,1,116
BRDA:12,1,0,116
BRDA:12,1,1,0
BRDA:13,2,0,0
BRDA:13,2,1,0
BRDA:34,3,0,58
BRDA:39,4,0,49
BRDA:39,4,1,66
BRDA:48,5,0,115
BRDA:48,5,1,112
BRF:11
BRH:8
end_of_record
TN:
SF:api\holds.ts
FN:20,createHold
FN:36,releaseHold
FNF:2
FNH:2
FNDA:4,createHold
FNDA:2,releaseHold
DA:21,4
DA:22,4
DA:23,3
DA:24,2
DA:25,1
DA:27,2
DA:28,2
DA:37,2
DA:38,2
LF:9
LH:9
BRDA:23,0,0,1
BRDA:23,0,1,2
BRDA:24,1,0,1
BRDA:24,1,1,1
BRF:4
BRH:4
end_of_record
TN:
SF:api\restaurants.ts
FN:25,fetchRestaurants
FN:36,fetchRestaurantById
FN:47,updateRestaurant
FN:63,addSection
FN:74,updateSection
FN:89,deleteSection
FN:101,addTable
FN:116,updateTable
FN:135,deleteTable
FNF:9
FNH:9
FNDA:3,fetchRestaurants
FNDA:3,fetchRestaurantById
FNDA:2,updateRestaurant
FNDA:2,addSection
FNDA:2,updateSection
FNDA:3,deleteSection
FNDA:2,addTable
FNDA:3,updateTable
FNDA:3,deleteTable
DA:26,3
DA:27,3
DA:28,2
DA:29,1
DA:31,2
DA:32,2
DA:37,3
DA:38,3
DA:39,2
DA:40,1
DA:42,2
DA:43,2
DA:51,2
DA:52,2
DA:53,2
DA:54,1
DA:56,1
DA:57,1
DA:64,2
DA:65,2
DA:66,2
DA:67,1
DA:69,1
DA:70,1
DA:79,2
DA:80,2
DA:81,2
DA:82,1
DA:84,1
DA:85,1
DA:90,3
DA:91,3
DA:92,2
DA:94,1
DA:95,1
DA:106,2
DA:107,2
DA:108,2
DA:109,1
DA:111,1
DA:112,1
DA:122,3
DA:123,3
DA:127,2
DA:128,1
DA:130,2
DA:131,2
DA:140,3
DA:141,3
DA:142,2
DA:144,1
DA:145,1
LF:52
LH:52
BRDA:28,0,0,1
BRDA:28,0,1,1
BRDA:39,1,0,1
BRDA:39,1,1,1
BRDA:53,2,0,1
BRDA:53,2,1,1
BRDA:66,3,0,1
BRDA:66,3,1,1
BRDA:81,4,0,1
BRDA:81,4,1,1
BRDA:108,5,0,1
BRDA:108,5,1,1
BRDA:127,6,0,1
BRDA:127,6,1,1
BRF:14
BRH:14
end_of_record
TN:
SF:components\themed-text.tsx
FN:11,ThemedText
FNF:1
FNH:1
FNDA:66,ThemedText
DA:18,66
DA:20,66
DA:36,2
LF:3
LH:3
BRDA:15,0,0,66
BRDA:24,1,0,66
BRDA:24,1,1,0
BRDA:25,2,0,0
BRDA:25,2,1,66
BRDA:26,3,0,0
BRDA:26,3,1,66
BRDA:27,4,0,0
BRDA:27,4,1,66
BRDA:28,5,0,0
BRDA:28,5,1,66
BRF:11
BRH:6
end_of_record
TN:
SF:components\booking\useTableHold.ts
FN:25,useTableHold
FN:40,clearCountdown
FN:47,startCountdown
FN:49,(anonymous_3)
FN:63,releaseCurrentHold
FN:74,(anonymous_5)
FN:89,(anonymous_6)
FN:92,(anonymous_7)
FN:92,(anonymous_8)
FN:112,(anonymous_9)
FN:121,(anonymous_10)
FN:122,(anonymous_11)
FNF:12
FNH:12
FNDA:19,useTableHold
FNDA:18,clearCountdown
FNDA:4,startCountdown
FNDA:5,(anonymous_3)
FNDA:6,releaseCurrentHold
FNDA:7,(anonymous_5)
FNDA:5,(anonymous_6)
FNDA:5,(anonymous_7)
FNDA:5,(anonymous_8)
FNDA:5,(anonymous_9)
FNDA:7,(anonymous_10)
FNDA:7,(anonymous_11)
DA:6,1
DA:32,19
DA:33,19
DA:34,19
DA:36,19
DA:37,19
DA:38,19
DA:41,18
DA:42,4
DA:43,4
DA:48,4
DA:49,4
DA:50,5
DA:51,5
DA:52,5
DA:53,1
DA:54,1
DA:55,1
DA:56,1
DA:59,4
DA:60,4
DA:64,6
DA:65,1
DA:66,1
DA:68,6
DA:69,6
DA:70,6
DA:74,19
DA:75,7
DA:76,2
DA:77,2
DA:80,5
DA:81,0
DA:84,5
DA:85,0
DA:87,5
DA:89,5
DA:90,5
DA:92,5
DA:93,5
DA:95,5
DA:102,5
DA:103,4
DA:104,4
DA:105,4
DA:106,4
DA:108,1
DA:112,5
DA:113,5
DA:114,5
DA:121,19
DA:122,7
DA:123,7
DA:124,5
DA:126,7
DA:127,7
DA:128,2
DA:133,19
LF:58
LH:56
BRDA:41,0,0,4
BRDA:41,0,1,14
BRDA:52,1,0,1
BRDA:52,1,1,4
BRDA:64,2,0,1
BRDA:64,2,1,5
BRDA:75,3,0,2
BRDA:75,3,1,5
BRDA:75,4,0,7
BRDA:75,4,1,5
BRDA:75,4,2,5
BRDA:80,5,0,0
BRDA:80,5,1,5
BRDA:80,6,0,5
BRDA:80,6,1,0
BRDA:84,7,0,0
BRDA:84,7,1,5
BRDA:92,8,0,5
BRDA:92,8,1,0
BRDA:102,9,0,4
BRDA:102,9,1,1
BRDA:113,10,0,5
BRDA:113,10,1,0
BRDA:123,11,0,5
BRDA:123,11,1,2
BRDA:127,12,0,2
BRDA:127,12,1,5
BRF:27
BRH:22
end_of_record
TN:
SF:components\common\ConfirmModal.tsx
FN:17,ConfirmModal
FN:37,(anonymous_1)
FNF:2
FNH:1
FNDA:6,ConfirmModal
FNDA:0,(anonymous_1)
DA:27,6
DA:28,6
DA:29,6
DA:30,6
DA:32,6
DA:62,1
LF:6
LH:6
BRDA:19,0,0,4
BRDA:21,1,0,4
BRDA:22,2,0,4
BRDA:23,3,0,6
BRDA:28,4,0,0
BRDA:28,4,1,6
BRDA:29,5,0,0
BRDA:29,5,1,6
BRDA:30,6,0,0
BRDA:30,6,1,6
BRDA:49,7,0,0
BRDA:49,7,1,6
BRF:12
BRH:8
end_of_record
TN:
SF:components\restaurant\RestaurantCard.tsx
FN:9,RestaurantCard
FN:13,(anonymous_1)
FN:15,(anonymous_2)
FN:15,(anonymous_3)
FN:41,(anonymous_4)
FNF:5
FNH:5
FNDA:7,RestaurantCard
FNDA:13,(anonymous_1)
FNDA:13,(anonymous_2)
FNDA:19,(anonymous_3)
FNDA:7,(anonymous_4)
DA:10,7
DA:11,7
DA:13,13
DA:14,7
DA:15,19
DA:20,7
DA:21,7
DA:22,7
DA:23,7
DA:24,7
DA:25,7
DA:27,7
DA:28,7
DA:32,7
DA:38,7
DA:41,7
DA:117,1
LF:17
LH:17
BRDA:11,0,0,0
BRDA:11,0,1,7
BRDA:22,1,0,0
BRDA:22,1,1,7
BRDA:23,2,0,0
BRDA:23,2,1,7
BRDA:24,3,0,0
BRDA:24,3,1,7
BRDA:27,4,0,0
BRDA:27,4,1,7
BRDA:28,5,0,0
BRDA:28,5,1,7
BRDA:32,6,0,0
BRDA:32,6,1,7
BRDA:33,7,0,0
BRDA:33,7,1,0
BRDA:45,8,0,7
BRDA:45,8,1,0
BRDA:65,9,0,7
BRDA:65,9,1,0
BRDA:84,10,0,0
BRDA:84,10,1,7
BRDA:89,11,0,1
BRDA:89,11,1,6
BRDA:95,12,0,0
BRDA:95,12,1,7
BRF:26
BRH:13
end_of_record
TN:
SF:constants\colors.ts
FNF:0
FNH:0
DA:2,2
DA:4,2
DA:6,2
DA:8,2
LF:4
LH:4
BRF:0
BRH:0
end_of_record
TN:
SF:constants\theme.ts
FNF:0
FNH:0
DA:8,2
DA:9,2
DA:11,2
DA:30,2
LF:4
LH:4
BRF:0
BRH:0
end_of_record
TN:
SF:context\BrandContext.tsx
FN:5,buildEndpoint
FN:25,BrandProvider
FN:28,(anonymous_2)
FN:30,(anonymous_3)
FN:31,(anonymous_4)
FN:41,(anonymous_5)
FN:47,useBrand
FNF:7
FNH:7
FNDA:5,buildEndpoint
FNDA:7,BrandProvider
FNDA:5,(anonymous_2)
FNDA:3,(anonymous_3)
FNDA:3,(anonymous_4)
FNDA:1,(anonymous_5)
FNDA:7,useBrand
DA:3,1
DA:6,5
DA:7,5
DA:8,0
DA:18,1
DA:23,1
DA:26,7
DA:28,7
DA:29,5
DA:30,3
DA:32,3
DA:33,2
DA:44,7
DA:48,7
LF:14
LH:13
BRDA:6,0,0,5
BRDA:6,0,1,5
BRDA:7,1,0,5
BRDA:7,1,1,0
BRDA:8,2,0,0
BRDA:8,2,1,0
BRDA:30,3,0,2
BRDA:30,3,1,1
BRDA:32,4,0,2
BRDA:32,4,1,1
BRDA:34,5,0,2
BRDA:34,5,1,1
BRDA:35,6,0,2
BRDA:35,6,1,1
BRDA:36,7,0,2
BRDA:36,7,1,1
BRDA:37,8,0,2
BRDA:37,8,1,1
BRF:18
BRH:15
end_of_record
TN:
SF:hooks\use-theme-color.ts
FN:9,useThemeColor
FNF:1
FNH:1
FNDA:66,useThemeColor
DA:13,66
DA:14,66
DA:16,66
DA:17,0
DA:19,66
LF:5
LH:4
BRDA:13,0,0,66
BRDA:13,0,1,0
BRDA:16,1,0,0
BRDA:16,1,1,66
BRF:4
BRH:2
end_of_record
TN:
SF:utils\bookingCache.ts
FN:16,fetchCachedBookings
FNF:1
FNH:1
FNDA:3,fetchCachedBookings
DA:17,3
DA:18,3
DA:19,2
DA:20,1
DA:22,1
LF:5
LH:5
BRDA:19,0,0,1
BRDA:19,0,1,1
BRF:2
BRH:2
end_of_record
